Change Component Designator: OldDesignator=K? NewDesignator=K1
Added Component: Designator=DD6(SOIC127P1030X265-16N)
Add component (AddParameter): Name = "Availability"; Value = "Warning"; VariantName = "[No Variations]"
Add component (AddParameter): Name = "DigiKey-Purchase-URL"; Value = "https://snapeda.com/shop?store=DigiKey&id=554599"; VariantName = "[No Variations]"
Add component (AddParameter): Name = "MF"; Value = "Texas Instruments"; VariantName = "[No Variations]"
Add component (AddParameter): Name = "Mouser-Purchase-URL"; Value = "https://snapeda.com/shop?store=Mouser&id=554599"; VariantName = "[No Variations]"
Add component (AddParameter): Name = "MP"; Value = "PCF8574ADW"; VariantName = "[No Variations]"
Add component (AddParameter): Name = "Package"; Value = "SOIC-16 Texas Instruments"; VariantName = "[No Variations]"
Add component (AddParameter): Name = "Price"; Value = "None"; VariantName = "[No Variations]"
Add component (AddParameter): Name = "SnapEDA_Link"; Value = "https://www.snapeda.com/parts/PCF8574ADW/Texas%20Instruments/view-part/554599/?ref=snap"; VariantName = "[No Variations]"
Add component (AddParameter): Name = "Texas_Instruments-Purchase-URL"; Value = "https://snapeda.com/shop?store=Texas+Instruments&id=554599"; VariantName = "[No Variations]"
Add component (AddParameter): Name = "Value"; Value = ""; VariantName = "[No Variations]"
Added Component: Designator=J1(BK-912-TR)
Added Component: Designator=R18(C0805R)
Add component (AddParameter): Name = "Published"; Value = "24.03.2010"; VariantName = "[No Variations]"
Add component (AddParameter): Name = "Publisher"; Value = "Andrew Danich"; VariantName = "[No Variations]"
Add component (AddParameter): Name = "Type"; Value = "Резистор"; VariantName = "[No Variations]"
Added Component: Designator=R19(C0805R)
Add component (AddParameter): Name = "Published"; Value = "24.03.2010"; VariantName = "[No Variations]"
Add component (AddParameter): Name = "Publisher"; Value = "Andrew Danich"; VariantName = "[No Variations]"
Add component (AddParameter): Name = "Type"; Value = "Резистор"; VariantName = "[No Variations]"
Added Component: Designator=R20(C0805R)
Add component (AddParameter): Name = "Published"; Value = "24.03.2010"; VariantName = "[No Variations]"
Add component (AddParameter): Name = "Publisher"; Value = "Andrew Danich"; VariantName = "[No Variations]"
Add component (AddParameter): Name = "Type"; Value = "Резистор"; VariantName = "[No Variations]"
Added Component: Designator=R21(C0805R)
Add component (AddParameter): Name = "Published"; Value = "24.03.2010"; VariantName = "[No Variations]"
Add component (AddParameter): Name = "Publisher"; Value = "Andrew Danich"; VariantName = "[No Variations]"
Add component (AddParameter): Name = "Type"; Value = "Резистор"; VariantName = "[No Variations]"
Added Component: Designator=VD4(DO-41)
Add component (AddParameter): Name = "Published"; Value = "20.05.2013"; VariantName = "[No Variations]"
Add component (AddParameter): Name = "Publisher"; Value = "Andrew Danich"; VariantName = "[No Variations]"
Add component (AddParameter): Name = "Type"; Value = "Стабилитрон"; VariantName = "[No Variations]"
Added Component: Designator=VD5(DO-41)
Add component (AddParameter): Name = "Published"; Value = "20.05.2013"; VariantName = "[No Variations]"
Add component (AddParameter): Name = "Publisher"; Value = "Andrew Danich"; VariantName = "[No Variations]"
Add component (AddParameter): Name = "Type"; Value = "Стабилитрон"; VariantName = "[No Variations]"
Added Component: Designator=XS1(DG25C-B-02P-13)
Add component (AddParameter): Name = "Published"; Value = "07.03.2013"; VariantName = "[No Variations]"
Add component (AddParameter): Name = "Publisher"; Value = "Andrew Danich"; VariantName = "[No Variations]"
Add component (AddParameter): Name = "Specification"; Value = ""; VariantName = "[No Variations]"
Add component (AddParameter): Name = "Type"; Value = "Розетка"; VariantName = "[No Variations]"
Add component (AddParameter): Name = "Value"; Value = "Connector"; VariantName = "[No Variations]"
Add Component: Footprint Not Found PLD1X4
Add Component: Footprint Not Found PLD1X4
Added Component: Designator=XS13(WF-2)
Add component (AddParameter): Name = "Published"; Value = "07.03.2013"; VariantName = "[No Variations]"
Add component (AddParameter): Name = "Publisher"; Value = "Andrew Danich"; VariantName = "[No Variations]"
Add component (AddParameter): Name = "Specification"; Value = ""; VariantName = "[No Variations]"
Add component (AddParameter): Name = "Type"; Value = "Розетка"; VariantName = "[No Variations]"
Add component (AddParameter): Name = "Value"; Value = "Connector"; VariantName = "[No Variations]"
Add Pin To Net: Unknown Pin: Pin C1-1
Add Pin To Net: Unknown Pin: Pin C1-2
Add Pin To Net: Unknown Pin: Pin C4-1
Add Pin To Net: Unknown Pin: Pin C4-2
Add Pin To Net: Unknown Pin: Pin C30-1
Add Pin To Net: Unknown Pin: Pin C30-2
Add Pin To Net: Unknown Pin: Pin C48-1
Add Pin To Net: Unknown Pin: Pin C48-2
Add Pin To Net: Unknown Pin: Pin C51-1
Add Pin To Net: Unknown Pin: Pin C51-2
Added Pin To Net: NetName=NetC36_2 Pin=DD5-8
Added Pin To Net: NetName=NetC37_2 Pin=DD5-9
Added Pin To Net: NetName=50MHz Pin=DD5-24
Added Pin To Net: NetName=NetJ1_1 Pin=J1-1
Added Pin To Net: NetName=GND Pin=J1-2
Add Pin To Net: Unknown Pin: Pin R9-1
Add Pin To Net: Unknown Pin: Pin R9-2
Add Pin To Net: Unknown Pin: Pin R9-3
Add Pin To Net: Unknown Pin: Pin R14-1
Add Pin To Net: Unknown Pin: Pin R14-2
Add Pin To Net: Unknown Pin: Pin R14-3
Added Pin To Net: NetName=NetR18_1 Pin=R18-1
Added Pin To Net: NetName=+12V Pin=R18-2
Added Pin To Net: NetName=NetR19_1 Pin=R19-1
Added Pin To Net: NetName=+12V Pin=R19-2
Added Pin To Net: NetName=NetR20_1 Pin=R20-1
Added Pin To Net: NetName=NetR20_2 Pin=R20-2
Added Pin To Net: NetName=NetR21_1 Pin=R21-1
Added Pin To Net: NetName=NetR21_2 Pin=R21-2
Add Pin To Net: Unknown Pin: Pin VD1-A
Add Pin To Net: Unknown Pin: Pin VD1-C
Add Pin To Net: Unknown Pin: Pin VD3-A
Add Pin To Net: Unknown Pin: Pin VD3-C
Added Pin To Net: NetName=GND Pin=VD4-1
Added Pin To Net: NetName=NetR20_2 Pin=VD4-2
Added Pin To Net: NetName=GND Pin=VD5-1
Added Pin To Net: NetName=NetR21_2 Pin=VD5-2
Added Pin To Net: NetName=GND Pin=XS1-1
Added Pin To Net: NetName=+12V Pin=XS1-2
Add Pin To Net: Unknown Pin: Pin XS10-1
Add Pin To Net: Unknown Pin: Pin XS10-2
Add Pin To Net: Unknown Pin: Pin XS10-3
Add Pin To Net: Unknown Pin: Pin XS11-1
Add Pin To Net: Unknown Pin: Pin XS11-2
Add Pin To Net: Unknown Pin: Pin XS11-3
Add Pin To Net: Unknown Pin: Pin XS11-4
Add Pin To Net: Unknown Pin: Pin XS12-1
Add Pin To Net: Unknown Pin: Pin XS12-2
Add Pin To Net: Unknown Pin: Pin XS12-3
Add Pin To Net: Unknown Pin: Pin XS12-4
Added Pin To Net: NetName=NetR31_1 Pin=XS13-1
Added Pin To Net: NetName=GND Pin=XS13-2
Add Pin To Net: Unknown Pin: Pin ZQ1-3
Add Pin To Net: Unknown Pin: Pin ZQ2-3
Change Net Name : Old Net Name=NetK?_6 New Net Name=NetK1_6
Change Net Name : Old Net Name=NetK?_8 New Net Name=NetK1_8
Add Class Member: Failed to add class member : Component C1 10uFx10V
Add Class Member: Failed to add class member : Component C4 10uFx10V
Add Class Member: Failed to add class member : Component C30 10uFx10V
Add Class Member: Failed to add class member : Component C48 1uF
Add Class Member: Failed to add class member : Component C51 1uF
Added Member To Class: ClassName=LCD2004 Member=Component DD6 PCF8574ADW
Added Member To Class: ClassName=MCU_CORE Member=Component J1 BK-912-TR
Add Class Member: Failed to add class member : Component R9 20k
Add Class Member: Failed to add class member : Component R14 20k
Added Member To Class: ClassName=FAN_CTRL Member=Component R18 4k7
Added Member To Class: ClassName=FAN_CTRL Member=Component R19 4k7
Added Member To Class: ClassName=FAN_CTRL Member=Component R20 120
Added Member To Class: ClassName=FAN_CTRL Member=Component R21 120
Add Class Member: Failed to add class member : Component VD1
Add Class Member: Failed to add class member : Component VD3
Added Member To Class: ClassName=FAN_CTRL Member=Component VD4 1N4728A
Added Member To Class: ClassName=FAN_CTRL Member=Component VD5 1N4728A
Added Member To Class: ClassName=POWER_SUPPLY Member=Component XS1 POWER
Add Class Member: Failed to add class member : Component XS10 SWR
Add Class Member: Failed to add class member : Component XS11 FAN
Add Class Member: Failed to add class member : Component XS12 FAN
Added Member To Class: ClassName=SEQUENCER Member=Component XS13 KSD
Added Room: Name=CAN
Added Room: Name=DS18B20
Added Room: Name=ETH_PHY
Added Room: Name=FAN_CTRL
Added Room: Name=JTAG_MCU
Added Room: Name=LCD2004
Added Room: Name=POWER_SUPPLY
Added Room: Name=SEQUENCER
