Removed Pin From Net: NetName=NetBQ1_1 Pin=BQ1-1
Removed Pin From Net: NetName=NetBQ1_1 Pin=BQ2-1
Removed Pin From Net: NetName=NetBQ1_1 Pin=BQ2-2
Removed Pin From Net: NetName=GND Pin=C1-2
Removed Pin From Net: NetName=GND Pin=C4-1
Removed Pin From Net: NetName=GND Pin=C26-2
Removed Pin From Net: NetName=NetBQ1_1 Pin=C36-1
Removed Pin From Net: NetName=NetBQ1_1 Pin=C40-1
Removed Pin From Net: NetName=NetBQ1_1 Pin=R38-2
Removed Pin From Net: NetName=NetC25_2 Pin=U2-6
Removed Pin From Net: NetName=NetBQ1_1 Pin=U5-4
Removed Member From Class: ClassName=MCU Member=C1
Removed Member From Class: ClassName=MCU Member=C4
Change Component Footprint: Designator=C26 Old Footprint=TECAP_A New Footprint=CAP_0805
Change Component Comment : Designator=C26 Old Comment=TECAP_A 16V 1uF New Comment=0.1 uF
Change Component Designator: OldDesignator=C2 NewDesignator=C1
Change Component Designator: OldDesignator=C3 NewDesignator=C2
Change Component Designator: OldDesignator=C5 NewDesignator=C3
Change Component Designator: OldDesignator=C6 NewDesignator=C4
Change Component Designator: OldDesignator=C7 NewDesignator=C11
Change Component Designator: OldDesignator=C8 NewDesignator=C12
Change Component Designator: OldDesignator=C9 NewDesignator=C13
Change Component Designator: OldDesignator=C10 NewDesignator=C14
Change Component Designator: OldDesignator=C11 NewDesignator=C15
Change Component Designator: OldDesignator=C12 NewDesignator=C16
Change Component Designator: OldDesignator=C15 NewDesignator=C17
Change Component Designator: OldDesignator=C16 NewDesignator=C18
Change Component Designator: OldDesignator=C17 NewDesignator=C19
Change Component Designator: OldDesignator=C18 NewDesignator=C20
Change Component Designator: OldDesignator=C19 NewDesignator=C21
Change Component Designator: OldDesignator=C20 NewDesignator=C7
Change Component Designator: OldDesignator=C21 NewDesignator=C8
Change Component Designator: OldDesignator=C22 NewDesignator=C9
Change Component Designator: OldDesignator=C24 NewDesignator=C22
Change Component Designator: OldDesignator=R10 NewDesignator=R15
Change Component Designator: OldDesignator=R11 NewDesignator=R14
Change Component Designator: OldDesignator=R12 NewDesignator=R16
Change Component Designator: OldDesignator=R13 NewDesignator=R17
Change Component Designator: OldDesignator=R14 NewDesignator=R18
Change Component Designator: OldDesignator=R15 NewDesignator=R19
Change Component Designator: OldDesignator=R16 NewDesignator=R20
Change Component Designator: OldDesignator=R17 NewDesignator=R21
Change Component Designator: OldDesignator=R18 NewDesignator=R22
Change Component Designator: OldDesignator=R19 NewDesignator=R23
Change Component Designator: OldDesignator=R20 NewDesignator=R24
Change Component Designator: OldDesignator=R21 NewDesignator=R25
Change Component Designator: OldDesignator=R22 NewDesignator=R26
Change Component Designator: OldDesignator=R23 NewDesignator=R27
Change Component Designator: OldDesignator=R24 NewDesignator=R28
Change Component Designator: OldDesignator=R25 NewDesignator=R29
Change Component Designator: OldDesignator=R26 NewDesignator=R30
Change Component Designator: OldDesignator=R27 NewDesignator=R31
Change Component Designator: OldDesignator=R28 NewDesignator=R32
Change Component Designator: OldDesignator=R29 NewDesignator=R33
Change Component Designator: OldDesignator=R30 NewDesignator=R34
Change Component Designator: OldDesignator=R31 NewDesignator=R35
Change Component Designator: OldDesignator=R32 NewDesignator=R10
Change Component Designator: OldDesignator=R33 NewDesignator=R11
Change Component Designator: OldDesignator=R34 NewDesignator=R12
Change Component Designator: OldDesignator=R35 NewDesignator=R13
Change Component Designator: OldDesignator=U2 NewDesignator=U7
Change Component Designator: OldDesignator=U3 NewDesignator=U6
Change Component Designator: OldDesignator=U4 NewDesignator=U2
Change Component Designator: OldDesignator=U5 NewDesignator=U3
Change Component Designator: OldDesignator=U6 NewDesignator=U4
Change Component Designator: OldDesignator=U7 NewDesignator=U5
Change component parameters: Designator = "C26" ("C26"); Footprint = "TECAP_A"; UniqueID = "\AWUYEUDK" ("\AWUYEUDK")
Change component parameters (AddParameter): Name = "Value"; Value = ""; VariantName = "[No Variations]"
Added Component: Designator=C23(TECAP_A)
Added Component: Designator=C24(CAP_0805)
Add component (AddParameter): Name = "Value"; Value = ""; VariantName = "[No Variations]"
Added Component: Designator=C25(TECAP_A)
Added Component: Designator=C27(CAP_0805)
Add component (AddParameter): Name = "Value"; Value = ""; VariantName = "[No Variations]"
Added Component: Designator=R37(RES_0805)
Add component (AddParameter): Name = "Value"; Value = ""; VariantName = "[No Variations]"
Added Component: Designator=VD3(BAT54C_SOT23-3)
Added Pin To Net: NetName=GND Pin=C23-2
Added Pin To Net: NetName=GND Pin=C24-2
Added Pin To Net: NetName=GND Pin=C25-1
Added Pin To Net: NetName=NetC25_2 Pin=C25-2
Added Pin To Net: NetName=GND Pin=C26-1
Added Pin To Net: NetName=NetC25_2 Pin=C26-2
Added Pin To Net: NetName=GND Pin=C27-2
Added Pin To Net: NetName=NetC25_2 Pin=R37-2
Added Pin To Net: NetName=NetBQ1_1 Pin=U7-12
Added Pin To Net: NetName=NetC25_2 Pin=U7-22
Added Pin To Net: NetName=NetJ1_1 Pin=VD3-1
Added Pin To Net: NetName=3V3 Pin=VD3-2
Change Net Name : Old Net Name=NetBQ1_1 New Net Name=NetBQ1_2
Change Net Name : Old Net Name=NetC2_1 New Net Name=NetC1_1
Change Net Name : Old Net Name=NetC7_2 New Net Name=NetC11_2
Change Net Name : Old Net Name=NetC18_1 New Net Name=NetC20_1
Change Net Name : Old Net Name=NetC20_1 New Net Name=NetC7_1
Change Net Name : Old Net Name=NetC21_1 New Net Name=NetC8_1
Change Net Name : Old Net Name=NetC22_1 New Net Name=NetC9_1
Change Net Name : Old Net Name=NetR11_2 New Net Name=NetR14_2
Change Net Name : Old Net Name=NetR16_2 New Net Name=NetR20_2
Change Net Name : Old Net Name=NetR17_2 New Net Name=NetR21_2
Change Net Name : Old Net Name=NetR27_2 New Net Name=NetR31_2
Change Net Name : Old Net Name=NetR28_2 New Net Name=NetR32_2
Change Net Name : Old Net Name=NetR29_2 New Net Name=NetR33_2
Change Net Name : Old Net Name=NetR30_2 New Net Name=NetR34_2
Change Net Name : Old Net Name=NetR31_1 New Net Name=NetR35_1
Change Net Name : Old Net Name=NetR32_1 New Net Name=NetR10_1
Change Net Name : Old Net Name=NetR33_2 New Net Name=NetR11_2
Change Net Name : Old Net Name=NetR34_2 New Net Name=NetR12_2
Change Net Name : Old Net Name=NetU2_38 New Net Name=NetU7_38
Change Net Name : Old Net Name=NetU2_39 New Net Name=NetU7_39
Change Net Name : Old Net Name=NetU2_40 New Net Name=NetU7_40
Change Net Name : Old Net Name=NetU2_41 New Net Name=NetU7_41
Change Net Name : Old Net Name=NetU2_42 New Net Name=NetU7_42
Change Net Name : Old Net Name=NetU2_43 New Net Name=NetU7_43
Change Net Name : Old Net Name=NetU2_44 New Net Name=NetU7_44
Change Net Name : Old Net Name=NetU2_45 New Net Name=NetU7_45
Change Net Name : Old Net Name=NetU2_46 New Net Name=NetU7_46
Change Net Name : Old Net Name=NetU2_55 New Net Name=NetU7_55
Change Net Name : Old Net Name=NetU2_56 New Net Name=NetU7_56
Change Net Name : Old Net Name=NetU2_57 New Net Name=NetU7_57
Change Net Name : Old Net Name=NetU2_60 New Net Name=NetU7_60
Change Net Name : Old Net Name=NetU2_61 New Net Name=NetU7_61
Change Net Name : Old Net Name=NetU2_62 New Net Name=NetU7_62
Change Net Name : Old Net Name=NetU2_81 New Net Name=NetU7_81
Change Net Name : Old Net Name=NetU2_82 New Net Name=NetU7_82
Change Net Name : Old Net Name=NetU2_85 New Net Name=NetU7_85
Change Net Name : Old Net Name=NetU2_86 New Net Name=NetU7_86
Change Net Name : Old Net Name=NetU2_88 New Net Name=NetU7_88
Change Net Name : Old Net Name=NetU3_2 New Net Name=NetU6_2
Change Net Name : Old Net Name=NetU3_5 New Net Name=NetU6_5
Change Net Name : Old Net Name=NetU3_6 New Net Name=NetU6_6
Added Pin To Net: NetName=NetBQ1_1 Pin=BQ1-1
Added Pin To Net: NetName=NetBQ1_1 Pin=R38-2
Added Pin To Net: NetName=NetBQ1_1 Pin=U7-13
Added Net: Name=NetBQ1_1
Added Pin To Net: NetName=NetBQ2_1 Pin=BQ2-1
Added Pin To Net: NetName=NetBQ2_1 Pin=C40-1
Added Pin To Net: NetName=NetBQ2_1 Pin=U7-9
Added Net: Name=NetBQ2_1
Added Pin To Net: NetName=NetBQ2_2 Pin=BQ2-2
Added Pin To Net: NetName=NetBQ2_2 Pin=C36-1
Added Pin To Net: NetName=NetBQ2_2 Pin=U7-8
Added Net: Name=NetBQ2_2
Added Net: Name=NetC6_1
Added Pin To Net: NetName=NetC23_1 Pin=C23-1
Added Pin To Net: NetName=NetC23_1 Pin=C24-1
Added Pin To Net: NetName=NetC23_1 Pin=R37-1
Added Pin To Net: NetName=NetC23_1 Pin=U7-21
Added Net: Name=NetC23_1
Added Pin To Net: NetName=NetC27_1 Pin=C27-1
Added Pin To Net: NetName=NetC27_1 Pin=U7-6
Added Pin To Net: NetName=NetC27_1 Pin=VD3-3
Added Net: Name=NetC27_1
Added Pin To Net: NetName=NetR2_1 Pin=U3-4
Added Net: Name=NetR2_1
Added Member To Class: ClassName=MCU Member=Component C23 1 uF
Added Member To Class: ClassName=MCU Member=Component C24 0.1 uF
Added Member To Class: ClassName=MCU Member=Component C25 1 uF
Added Member To Class: ClassName=MCU Member=Component C27 0.1 uF
Added Member To Class: ClassName=MCU Member=Component R37 1M
Added Member To Class: ClassName=MCU Member=Component VD3 BAT54C
Added Room: Name=CAN
Added Room: Name=ETH
Added Room: Name=FLASH
Added Room: Name=JTAG
Added Room: Name=LCD_ILI9341
Added Room: Name=MCU
Added Room: Name=POWER_SUPPLY
Added Room: Name=Seq
Added Room: Name=USB
