Removed Pin From Net: NetName=GND Pin=D?-15
Removed Pin From Net: NetName=GND Pin=D?-19
Removed Pin From Net: NetName=3V3 Pin=D?-22
Removed Pin From Net: NetName=3V3 Pin=D?-32
Removed Pin From Net: NetName=GND Pin=D?-35
Removed Pin From Net: NetName=GND Pin=D?-36
Removed Pin From Net: NetName=GND Pin=D?-47
Removed Pin From Net: NetName=3V3 Pin=D?-48
Removed Pin From Net: NetName=GND Pin=D?-49
Removed Pin From Net: NetName=3V3 Pin=X?-4
Removed Pin From Net: NetName=3V3 Pin=X?-5
Removed Pin From Net: NetName=GND Pin=X?-8
Change Component Designator: OldDesignator=C? NewDesignator=C2
Change Component Designator: OldDesignator=C? NewDesignator=C3
Change Component Designator: OldDesignator=C? NewDesignator=C5
Change Component Designator: OldDesignator=C? NewDesignator=C6
Added Component: Designator=C7(CAP_0805)
Add component (AddParameter): Name = "Value"; Value = ""; VariantName = "[No Variations]"
Added Component: Designator=C8(CAP_0805)
Add component (AddParameter): Name = "Value"; Value = ""; VariantName = "[No Variations]"
Added Component: Designator=C9(CAP_0805)
Add component (AddParameter): Name = "Value"; Value = ""; VariantName = "[No Variations]"
Added Component: Designator=C10(CAP_0805)
Add component (AddParameter): Name = "Value"; Value = ""; VariantName = "[No Variations]"
Added Component: Designator=C11(CAP_0805)
Add component (AddParameter): Name = "Value"; Value = ""; VariantName = "[No Variations]"
Added Component: Designator=C12(CAP_0805)
Add component (AddParameter): Name = "Value"; Value = ""; VariantName = "[No Variations]"
Added Component: Designator=C15(CAP_0805)
Add component (AddParameter): Name = "Value"; Value = ""; VariantName = "[No Variations]"
Added Component: Designator=C16(CAP_0805)
Add component (AddParameter): Name = "Value"; Value = ""; VariantName = "[No Variations]"
Added Component: Designator=C17(CAP_0805)
Add component (AddParameter): Name = "Value"; Value = ""; VariantName = "[No Variations]"
Added Component: Designator=C18(CAP_0805)
Add component (AddParameter): Name = "Value"; Value = ""; VariantName = "[No Variations]"
Added Component: Designator=C19(CAP_0805)
Add component (AddParameter): Name = "Value"; Value = ""; VariantName = "[No Variations]"
Added Component: Designator=D1(QFP48)
Added Component: Designator=DD1(SOIC8 (SO-8))
Added Component: Designator=R10(RES_0805)
Add component (AddParameter): Name = "Value"; Value = ""; VariantName = "[No Variations]"
Added Component: Designator=R11(RES_0805)
Add component (AddParameter): Name = "Value"; Value = ""; VariantName = "[No Variations]"
Added Component: Designator=R12(RES_0805)
Add component (AddParameter): Name = "Value"; Value = ""; VariantName = "[No Variations]"
Added Component: Designator=R13(RES_0805)
Add component (AddParameter): Name = "Value"; Value = ""; VariantName = "[No Variations]"
Added Component: Designator=R14(RES_0805)
Add component (AddParameter): Name = "Value"; Value = ""; VariantName = "[No Variations]"
Added Component: Designator=R15(RES_0805)
Add component (AddParameter): Name = "Value"; Value = ""; VariantName = "[No Variations]"
Added Component: Designator=R16(RES_0805)
Add component (AddParameter): Name = "Value"; Value = ""; VariantName = "[No Variations]"
Added Component: Designator=R17(RES_0805)
Add component (AddParameter): Name = "Value"; Value = ""; VariantName = "[No Variations]"
Added Component: Designator=R18(RES_0805)
Add component (AddParameter): Name = "Value"; Value = ""; VariantName = "[No Variations]"
Added Component: Designator=R19(RES_0805)
Add component (AddParameter): Name = "Value"; Value = ""; VariantName = "[No Variations]"
Added Component: Designator=R20(RES_0805)
Add component (AddParameter): Name = "Value"; Value = ""; VariantName = "[No Variations]"
Added Component: Designator=R21(RES_0805)
Add component (AddParameter): Name = "Value"; Value = ""; VariantName = "[No Variations]"
Added Component: Designator=R22(RES_0805)
Add component (AddParameter): Name = "Value"; Value = ""; VariantName = "[No Variations]"
Added Component: Designator=R23(RES_0805)
Add component (AddParameter): Name = "Value"; Value = ""; VariantName = "[No Variations]"
Added Component: Designator=R24(RES_0805)
Add component (AddParameter): Name = "Value"; Value = ""; VariantName = "[No Variations]"
Added Component: Designator=R25(RES_0805)
Add component (AddParameter): Name = "Value"; Value = ""; VariantName = "[No Variations]"
Added Component: Designator=R26(RES_0805)
Add component (AddParameter): Name = "Value"; Value = ""; VariantName = "[No Variations]"
Added Component: Designator=X1(USB_TypeB_Tyco)
Added Component: Designator=X2(J0011D018)
Added Pin To Net: NetName=+3V3 Pin=C2-1
Added Pin To Net: NetName=GND Pin=C2-2
Added Pin To Net: NetName=3V3 Pin=C8-1
Added Pin To Net: NetName=GND Pin=C8-2
Added Pin To Net: NetName=3V3 Pin=C9-1
Added Pin To Net: NetName=GND Pin=C9-2
Added Pin To Net: NetName=3V3 Pin=C10-1
Added Pin To Net: NetName=GND Pin=C10-2
Added Pin To Net: NetName=3V3 Pin=C11-1
Added Pin To Net: NetName=GND Pin=C11-2
Added Pin To Net: NetName=3V3 Pin=C12-1
Added Pin To Net: NetName=GND Pin=C12-2
Added Pin To Net: NetName=3V3 Pin=C15-1
Added Pin To Net: NetName=GND Pin=C15-2
Added Pin To Net: NetName=3V3 Pin=C16-1
Added Pin To Net: NetName=GND Pin=C16-2
Added Pin To Net: NetName=3V3 Pin=C17-1
Added Pin To Net: NetName=GND Pin=C17-2
Added Pin To Net: NetName=GND Pin=C18-2
Added Pin To Net: NetName=GND Pin=C19-2
Added Pin To Net: NetName=GND Pin=D1-15
Added Pin To Net: NetName=GND Pin=D1-19
Added Pin To Net: NetName=GND Pin=D1-35
Added Pin To Net: NetName=GND Pin=D1-36
Added Pin To Net: NetName=GND Pin=D1-47
Added Pin To Net: NetName=GND Pin=D1-49
Added Pin To Net: NetName=GND Pin=DD1-2
Added Pin To Net: NetName=3V3 Pin=R12-1
Added Pin To Net: NetName=3V3 Pin=R13-1
Added Pin To Net: NetName=3V3 Pin=R14-1
Added Pin To Net: NetName=3V3 Pin=R15-1
Added Pin To Net: NetName=3V3 Pin=R16-1
Added Pin To Net: NetName=3V3 Pin=R17-1
Added Pin To Net: NetName=+3.3 Pin=D1-22
Added Pin To Net: NetName=+3.3 Pin=D1-32
Added Pin To Net: NetName=+3.3 Pin=D1-48
Added Pin To Net: NetName=+3.3 Pin=R18-1
Added Pin To Net: NetName=+3.3 Pin=R19-1
Added Pin To Net: NetName=+3.3 Pin=R20-2
Added Pin To Net: NetName=+3.3 Pin=R21-1
Added Pin To Net: NetName=+3.3 Pin=R22-1
Added Pin To Net: NetName=+3.3 Pin=R23-1
Added Pin To Net: NetName=+3.3 Pin=R24-1
Added Pin To Net: NetName=+3.3 Pin=R25-1
Added Pin To Net: NetName=+3.3 Pin=R26-1
Added Net: Name=+3.3
Added Pin To Net: NetName=NetC7_2 Pin=C7-2
Added Pin To Net: NetName=NetC7_2 Pin=DD1-3
Added Net: Name=NetC7_2
Added Pin To Net: NetName=NetC18_1 Pin=C18-1
Added Pin To Net: NetName=NetC18_1 Pin=C19-1
Added Pin To Net: NetName=NetC18_1 Pin=D1-18
Added Pin To Net: NetName=NetC18_1 Pin=D1-23
Added Pin To Net: NetName=NetC18_1 Pin=D1-37
Added Net: Name=NetC18_1
Added Pin To Net: NetName=NetD1_2 Pin=D1-2
Added Net: Name=NetD1_2
Added Pin To Net: NetName=NetD1_3 Pin=D1-3
Added Net: Name=NetD1_3
Added Pin To Net: NetName=NetD1_4 Pin=D1-4
Added Net: Name=NetD1_4
Added Pin To Net: NetName=NetD1_7 Pin=D1-7
Added Pin To Net: NetName=NetD1_7 Pin=R20-1
Added Net: Name=NetD1_7
Added Pin To Net: NetName=NetD1_13 Pin=D1-13
Added Pin To Net: NetName=NetD1_13 Pin=R15-2
Added Pin To Net: NetName=NetD1_13 Pin=X2-6
Added Net: Name=NetD1_13
Added Pin To Net: NetName=NetD1_14 Pin=D1-14
Added Pin To Net: NetName=NetD1_14 Pin=R14-2
Added Pin To Net: NetName=NetD1_14 Pin=X2-3
Added Net: Name=NetD1_14
Added Pin To Net: NetName=NetD1_16 Pin=D1-16
Added Pin To Net: NetName=NetD1_16 Pin=R13-2
Added Pin To Net: NetName=NetD1_16 Pin=X2-2
Added Net: Name=NetD1_16
Added Pin To Net: NetName=NetD1_17 Pin=D1-17
Added Pin To Net: NetName=NetD1_17 Pin=R12-2
Added Pin To Net: NetName=NetD1_17 Pin=X2-1
Added Net: Name=NetD1_17
Added Pin To Net: NetName=NetD1_20 Pin=D1-20
Added Pin To Net: NetName=NetD1_20 Pin=R19-2
Added Net: Name=NetD1_20
Added Pin To Net: NetName=NetD1_21 Pin=D1-21
Added Pin To Net: NetName=NetD1_21 Pin=R18-2
Added Net: Name=NetD1_21
Added Pin To Net: NetName=NetD1_26 Pin=D1-26
Added Pin To Net: NetName=NetD1_26 Pin=R22-2
Added Pin To Net: NetName=NetD1_26 Pin=X2-10
Added Net: Name=NetD1_26
Added Pin To Net: NetName=NetD1_27 Pin=D1-27
Added Pin To Net: NetName=NetD1_27 Pin=R25-2
Added Net: Name=NetD1_27
Added Pin To Net: NetName=NetD1_28 Pin=D1-28
Added Pin To Net: NetName=NetD1_28 Pin=R24-2
Added Pin To Net: NetName=NetD1_28 Pin=X2-11
Added Net: Name=NetD1_28
Added Pin To Net: NetName=NetD1_29 Pin=D1-29
Added Net: Name=NetD1_29
Added Pin To Net: NetName=NetD1_31 Pin=D1-31
Added Net: Name=NetD1_31
Added Pin To Net: NetName=NetD1_34 Pin=D1-34
Added Net: Name=NetD1_34
Added Pin To Net: NetName=NetD1_39 Pin=D1-39
Added Pin To Net: NetName=NetD1_39 Pin=R26-2
Added Net: Name=NetD1_39
Added Pin To Net: NetName=NetD1_40 Pin=D1-40
Added Pin To Net: NetName=NetD1_40 Pin=R23-2
Added Net: Name=NetD1_40
Added Pin To Net: NetName=NetD1_42 Pin=D1-42
Added Pin To Net: NetName=NetD1_42 Pin=R21-2
Added Net: Name=NetD1_42
Added Pin To Net: NetName=NetD1_43 Pin=D1-43
Added Net: Name=NetD1_43
Added Pin To Net: NetName=NetD1_44 Pin=D1-44
Added Net: Name=NetD1_44
Added Pin To Net: NetName=NetDD1_1 Pin=DD1-1
Added Net: Name=NetDD1_1
Added Pin To Net: NetName=NetDD1_4 Pin=DD1-4
Added Net: Name=NetDD1_4
Added Pin To Net: NetName=NetDD1_6 Pin=DD1-6
Added Pin To Net: NetName=NetDD1_6 Pin=R10-2
Added Net: Name=NetDD1_6
Added Pin To Net: NetName=NetDD1_7 Pin=DD1-7
Added Pin To Net: NetName=NetDD1_7 Pin=R10-1
Added Net: Name=NetDD1_7
Added Pin To Net: NetName=NetDD1_8 Pin=DD1-8
Added Pin To Net: NetName=NetDD1_8 Pin=R11-1
Added Net: Name=NetDD1_8
Added Pin To Net: NetName=NetR11_2 Pin=R11-2
Added Net: Name=NetR11_2
Added Pin To Net: NetName=NetR16_2 Pin=R16-2
Added Pin To Net: NetName=NetR16_2 Pin=X2-9
Added Net: Name=NetR16_2
Added Pin To Net: NetName=NetR17_2 Pin=R17-2
Added Pin To Net: NetName=NetR17_2 Pin=X2-12
Added Net: Name=NetR17_2
Added Class: Name=CAN
Added Class: Name=ETH
Added Class: Name=USB
Added Member To Class: ClassName=POWER_SUPPLY Member=Component C2 CAP_0805
Added Member To Class: ClassName=POWER_SUPPLY Member=Component C3 CAP_0805
Added Member To Class: ClassName=POWER_SUPPLY Member=Component C5 CAP_0805
Added Room: Name=CAN
Added Room: Name=ETH
Added Room: Name=MCU
Added Room: Name=POWER_SUPPLY
Added Room: Name=Seq
Added Room: Name=USB
