Removed Pin From Net: NetName=EGND Pin=C?-1
Change Component Designator: OldDesignator=C? NewDesignator=C20
Change Component Designator: OldDesignator=C? NewDesignator=C21
Change Component Designator: OldDesignator=C? NewDesignator=C22
Change Component Designator: OldDesignator=R? NewDesignator=R32
Change Component Designator: OldDesignator=R? NewDesignator=R33
Change Component Designator: OldDesignator=R? NewDesignator=R34
Change Component Designator: OldDesignator=R? NewDesignator=R35
Added Component: Designator=C24(CAP_0805)
Add component (AddParameter): Name = "Value"; Value = ""; VariantName = "[No Variations]"
Added Component: Designator=R36(RES_0805)
Add component (AddParameter): Name = "Value"; Value = ""; VariantName = "[No Variations]"
Added Component: Designator=U3(W25Q16)
Add component (AddParameter): Name = "Value"; Value = ""; VariantName = "[No Variations]"
Added Pin To Net: NetName=+3.3 Pin=C24-1
Added Pin To Net: NetName=GND Pin=C24-2
Added Pin To Net: NetName=+3.3 Pin=R36-1
Added Pin To Net: NetName=+3.3 Pin=U3-3
Added Pin To Net: NetName=GND Pin=U3-4
Added Pin To Net: NetName=+3.3 Pin=U3-7
Added Pin To Net: NetName=+3.3 Pin=U3-8
Change Net Name : Old Net Name=NetC?_1 New Net Name=NetC22_1
Change Net Name : Old Net Name=NetR?_1 New Net Name=NetR32_1
Change Net Name : Old Net Name=NetR?_2 New Net Name=NetR33_2
Added Pin To Net: NetName=NetC20_1 Pin=C20-1
Added Pin To Net: NetName=NetC20_1 Pin=R32-2
Added Pin To Net: NetName=NetC20_1 Pin=R35-1
Added Pin To Net: NetName=NetC20_1 Pin=X1-1
Added Net: Name=NetC20_1
Added Pin To Net: NetName=NetC21_1 Pin=C21-1
Added Pin To Net: NetName=NetC21_1 Pin=R33-1
Added Pin To Net: NetName=NetC21_1 Pin=X1-2
Added Net: Name=NetC21_1
Added Pin To Net: NetName=NetR34_2 Pin=R34-2
Added Net: Name=NetR34_2
Added Pin To Net: NetName=NetR36_2 Pin=R36-2
Added Pin To Net: NetName=NetR36_2 Pin=U3-1
Added Net: Name=NetR36_2
Added Pin To Net: NetName=NetU3_2 Pin=U3-2
Added Net: Name=NetU3_2
Added Pin To Net: NetName=NetU3_5 Pin=U3-5
Added Net: Name=NetU3_5
Added Pin To Net: NetName=NetU3_6 Pin=U3-6
Added Net: Name=NetU3_6
Added Class: Name=FLASH
Added Member To Class: ClassName=USB Member=Component C20 CAP_0805
Added Member To Class: ClassName=USB Member=Component C21 CAP_0805
Added Member To Class: ClassName=USB Member=Component R32 RES_0805
Added Member To Class: ClassName=USB Member=Component R33 RES_0805
Added Member To Class: ClassName=USB Member=Component R34 RES_0805
Added Room: Name=CAN
Added Room: Name=ETH
Added Room: Name=FLASH
Added Room: Name=JTAG
Added Room: Name=LCD_ILI9341
Added Room: Name=MCU
Added Room: Name=POWER_SUPPLY
Added Room: Name=Seq
Added Room: Name=USB
