Removed Pin From Net: NetName=NetC?_1 Pin=C?-1
Removed Pin From Net: NetName=SHLD Pin=C?-2
Removed Pin From Net: NetName=NetD?_7 Pin=D?-7
Removed Pin From Net: NetName=NetD?_20 Pin=D?-20
Removed Pin From Net: NetName=NetD?_21 Pin=D?-21
Removed Pin From Net: NetName=NetD?_27 Pin=D?-27
Removed Pin From Net: NetName=NetD?_39 Pin=D?-39
Removed Pin From Net: NetName=NetD?_42 Pin=D?-42
Removed Pin From Net: NetName=NetD?_28 Pin=X?-10
Removed Pin From Net: NetName=NetD?_26 Pin=X?-11
Added Component: Designator=C?(CAP_0805)
Add component (AddParameter): Name = "Value"; Value = ""; VariantName = "[No Variations]"
Added Component: Designator=C?(CAP_0805)
Add component (AddParameter): Name = "Value"; Value = ""; VariantName = "[No Variations]"
Added Component: Designator=C?(CAP_0805)
Add component (AddParameter): Name = "Value"; Value = ""; VariantName = "[No Variations]"
Added Component: Designator=C?(CAP_0805)
Add component (AddParameter): Name = "Value"; Value = ""; VariantName = "[No Variations]"
Added Component: Designator=C?(CAP_0805)
Add component (AddParameter): Name = "Value"; Value = ""; VariantName = "[No Variations]"
Added Component: Designator=C?(CAP_0805)
Add component (AddParameter): Name = "Value"; Value = ""; VariantName = "[No Variations]"
Added Component: Designator=C?(CAP_0805)
Add component (AddParameter): Name = "Value"; Value = ""; VariantName = "[No Variations]"
Added Component: Designator=C?(CAP_0805)
Add component (AddParameter): Name = "Value"; Value = ""; VariantName = "[No Variations]"
Added Component: Designator=C?(CAP_0805)
Add component (AddParameter): Name = "Value"; Value = ""; VariantName = "[No Variations]"
Added Component: Designator=C?(CAP_0805)
Add component (AddParameter): Name = "Value"; Value = ""; VariantName = "[No Variations]"
Added Component: Designator=C?(CAP_0805)
Add component (AddParameter): Name = "Value"; Value = ""; VariantName = "[No Variations]"
Added Component: Designator=D?(QFP48)
Added Component: Designator=DD?(SOIC8 (SO-8))
Added Component: Designator=R?(RES_0805)
Add component (AddParameter): Name = "Value"; Value = ""; VariantName = "[No Variations]"
Added Component: Designator=R?(RES_0805)
Add component (AddParameter): Name = "Value"; Value = ""; VariantName = "[No Variations]"
Added Component: Designator=R?(RES_0805)
Add component (AddParameter): Name = "Value"; Value = ""; VariantName = "[No Variations]"
Added Component: Designator=R?(RES_0805)
Add component (AddParameter): Name = "Value"; Value = ""; VariantName = "[No Variations]"
Added Component: Designator=R?(RES_0805)
Add component (AddParameter): Name = "Value"; Value = ""; VariantName = "[No Variations]"
Added Component: Designator=R?(RES_0805)
Add component (AddParameter): Name = "Value"; Value = ""; VariantName = "[No Variations]"
Added Component: Designator=R?(RES_0805)
Add component (AddParameter): Name = "Value"; Value = ""; VariantName = "[No Variations]"
Added Component: Designator=R?(RES_0805)
Add component (AddParameter): Name = "Value"; Value = ""; VariantName = "[No Variations]"
Added Component: Designator=R?(RES_0805)
Add component (AddParameter): Name = "Value"; Value = ""; VariantName = "[No Variations]"
Added Component: Designator=R?(RES_0805)
Add component (AddParameter): Name = "Value"; Value = ""; VariantName = "[No Variations]"
Added Component: Designator=R?(RES_0805)
Add component (AddParameter): Name = "Value"; Value = ""; VariantName = "[No Variations]"
Added Component: Designator=R?(RES_0805)
Add component (AddParameter): Name = "Value"; Value = ""; VariantName = "[No Variations]"
Added Component: Designator=R?(RES_0805)
Add component (AddParameter): Name = "Value"; Value = ""; VariantName = "[No Variations]"
Added Component: Designator=R?(RES_0805)
Add component (AddParameter): Name = "Value"; Value = ""; VariantName = "[No Variations]"
Added Component: Designator=R?(RES_0805)
Add component (AddParameter): Name = "Value"; Value = ""; VariantName = "[No Variations]"
Added Component: Designator=R?(RES_0805)
Add component (AddParameter): Name = "Value"; Value = ""; VariantName = "[No Variations]"
Added Component: Designator=R?(RES_0805)
Add component (AddParameter): Name = "Value"; Value = ""; VariantName = "[No Variations]"
Added Component: Designator=X?(USB_TypeB_Tyco)
Added Component: Designator=X?(J0011D018)
Added Pin To Net: NetName=3V3 Pin=C?-1
Added Pin To Net: NetName=3V3 Pin=C?-1
Added Pin To Net: NetName=3V3 Pin=C?-1
Added Pin To Net: NetName=3V3 Pin=C?-1
Added Pin To Net: NetName=3V3 Pin=C?-1
Added Pin To Net: NetName=3V3 Pin=C?-1
Added Pin To Net: NetName=3V3 Pin=C?-1
Added Pin To Net: NetName=3V3 Pin=C?-1
Added Pin To Net: NetName=3V3 Pin=C?-1
Added Pin To Net: NetName=3V3 Pin=C?-1
Added Pin To Net: NetName=3V3 Pin=C?-1
Added Pin To Net: NetName=3V3 Pin=C?-1
Added Pin To Net: NetName=3V3 Pin=C?-1
Added Pin To Net: NetName=3V3 Pin=C?-1
Added Pin To Net: NetName=+3V3 Pin=C?-1
Added Pin To Net: NetName=GND Pin=C?-1
Added Pin To Net: NetName=GND Pin=C?-1
Added Pin To Net: NetName=GND Pin=C?-1
Added Pin To Net: NetName=GND Pin=C?-1
Added Pin To Net: NetName=NetC?_1 Pin=C?-1
Added Pin To Net: NetName=NetC?_1 Pin=C?-1
Added Pin To Net: NetName=NetC?_1 Pin=C?-1
Added Pin To Net: NetName=NetC?_1 Pin=C?-1
Added Pin To Net: NetName=NetC?_1 Pin=C?-1
Added Pin To Net: NetName=NetC?_1 Pin=C?-1
Added Pin To Net: NetName=3V3 Pin=C?-2
Added Pin To Net: NetName=3V3 Pin=C?-2
Added Pin To Net: NetName=3V3 Pin=C?-2
Added Pin To Net: NetName=GND Pin=C?-2
Added Pin To Net: NetName=GND Pin=C?-2
Added Pin To Net: NetName=GND Pin=C?-2
Added Pin To Net: NetName=GND Pin=C?-2
Added Pin To Net: NetName=GND Pin=C?-2
Added Pin To Net: NetName=GND Pin=C?-2
Added Pin To Net: NetName=GND Pin=C?-2
Added Pin To Net: NetName=GND Pin=C?-2
Added Pin To Net: NetName=GND Pin=C?-2
Added Pin To Net: NetName=GND Pin=C?-2
Added Pin To Net: NetName=GND Pin=C?-2
Added Pin To Net: NetName=GND Pin=C?-2
Added Pin To Net: NetName=GND Pin=C?-2
Added Pin To Net: NetName=GND Pin=C?-2
Added Pin To Net: NetName=GND Pin=C?-2
Added Pin To Net: NetName=GND Pin=C?-2
Added Pin To Net: NetName=GND Pin=C?-2
Added Pin To Net: NetName=GND Pin=C?-2
Added Pin To Net: NetName=GND Pin=C?-2
Added Pin To Net: NetName=GND Pin=C?-2
Added Pin To Net: NetName=GND Pin=C?-2
Added Pin To Net: NetName=SHLD Pin=C?-2
Added Pin To Net: NetName=NetD?_2 Pin=D?-2
Added Pin To Net: NetName=NetD?_3 Pin=D?-3
Added Pin To Net: NetName=NetD?_4 Pin=D?-4
Added Pin To Net: NetName=NetD?_7 Pin=D?-7
Added Pin To Net: NetName=GND Pin=D?-15
Added Pin To Net: NetName=NetC?_1 Pin=D?-18
Added Pin To Net: NetName=GND Pin=D?-19
Added Pin To Net: NetName=NetD?_20 Pin=D?-20
Added Pin To Net: NetName=NetD?_21 Pin=D?-21
Added Pin To Net: NetName=NetC?_1 Pin=D?-23
Added Pin To Net: NetName=NetD?_26 Pin=D?-26
Added Pin To Net: NetName=NetD?_27 Pin=D?-27
Added Pin To Net: NetName=NetD?_28 Pin=D?-28
Added Pin To Net: NetName=NetD?_29 Pin=D?-29
Added Pin To Net: NetName=NetD?_31 Pin=D?-31
Added Pin To Net: NetName=50MHz Pin=D?-34
Added Pin To Net: NetName=GND Pin=D?-35
Added Pin To Net: NetName=GND Pin=D?-36
Added Pin To Net: NetName=NetC?_1 Pin=D?-37
Added Pin To Net: NetName=NetD?_39 Pin=D?-39
Added Pin To Net: NetName=NetD?_40 Pin=D?-40
Added Pin To Net: NetName=NetD?_42 Pin=D?-42
Added Pin To Net: NetName=NetD?_43 Pin=D?-43
Added Pin To Net: NetName=NetD?_44 Pin=D?-44
Added Pin To Net: NetName=GND Pin=D?-47
Added Pin To Net: NetName=GND Pin=D?-49
Added Pin To Net: NetName=GND Pin=DD?-2
Added Pin To Net: NetName=3V3 Pin=R?-1
Added Pin To Net: NetName=3V3 Pin=R?-1
Added Pin To Net: NetName=3V3 Pin=R?-1
Added Pin To Net: NetName=3V3 Pin=R?-1
Added Pin To Net: NetName=3V3 Pin=R?-1
Added Pin To Net: NetName=3V3 Pin=R?-1
Added Pin To Net: NetName=GND Pin=R?-1
Added Pin To Net: NetName=NetD?_7 Pin=R?-1
Added Pin To Net: NetName=NetD?_24 Pin=R?-1
Added Pin To Net: NetName=NetD?_26 Pin=R?-1
Added Pin To Net: NetName=NetD?_28 Pin=R?-1
Added Pin To Net: NetName=NetD?_30 Pin=R?-1
Added Pin To Net: NetName=NetD?_40 Pin=R?-1
Added Pin To Net: NetName=NetR?_1 Pin=R?-1
Added Pin To Net: NetName=RD_N Pin=R?-1
Added Pin To Net: NetName=RD_P Pin=R?-1
Added Pin To Net: NetName=TD_N Pin=R?-1
Added Pin To Net: NetName=TD_P Pin=R?-1
Added Pin To Net: NetName=3V3 Pin=R?-2
Added Pin To Net: NetName=3V3 Pin=R?-2
Added Pin To Net: NetName=3V3 Pin=R?-2
Added Pin To Net: NetName=3V3 Pin=R?-2
Added Pin To Net: NetName=3V3 Pin=R?-2
Added Pin To Net: NetName=3V3 Pin=R?-2
Added Pin To Net: NetName=3V3 Pin=R?-2
Added Pin To Net: NetName=3V3 Pin=R?-2
Added Pin To Net: NetName=3V3 Pin=R?-2
Added Pin To Net: NetName=3V3 Pin=R?-2
Added Pin To Net: NetName=3V3 Pin=R?-2
Added Pin To Net: NetName=3V3 Pin=R?-2
Added Pin To Net: NetName=3V3 Pin=R?-2
Added Pin To Net: NetName=3V3 Pin=R?-2
Added Pin To Net: NetName=3V3 Pin=R?-2
Added Pin To Net: NetName=3V3 Pin=R?-2
Added Pin To Net: NetName=GND Pin=R?-2
Added Pin To Net: NetName=NetD?_20 Pin=R?-2
Added Pin To Net: NetName=NetD?_21 Pin=R?-2
Added Pin To Net: NetName=NetD?_26 Pin=R?-2
Added Pin To Net: NetName=NetD?_27 Pin=R?-2
Added Pin To Net: NetName=NetD?_28 Pin=R?-2
Added Pin To Net: NetName=NetD?_39 Pin=R?-2
Added Pin To Net: NetName=NetD?_40 Pin=R?-2
Added Pin To Net: NetName=NetD?_42 Pin=R?-2
Added Pin To Net: NetName=NetR?_1 Pin=R?-2
Added Pin To Net: NetName=SHLD Pin=R?-2
Added Pin To Net: NetName=NetD?_26 Pin=X?-10
Added Pin To Net: NetName=NetD?_28 Pin=X?-11
Added Pin To Net: NetName=+3.3 Pin=D?-22
Added Pin To Net: NetName=+3.3 Pin=D?-32
Added Pin To Net: NetName=+3.3 Pin=D?-48
Added Pin To Net: NetName=+3.3 Pin=R?-1
Added Pin To Net: NetName=+3.3 Pin=R?-1
Added Pin To Net: NetName=+3.3 Pin=R?-1
Added Pin To Net: NetName=+3.3 Pin=R?-1
Added Pin To Net: NetName=+3.3 Pin=R?-1
Added Pin To Net: NetName=+3.3 Pin=R?-1
Added Pin To Net: NetName=+3.3 Pin=R?-1
Added Pin To Net: NetName=+3.3 Pin=R?-1
Added Pin To Net: NetName=+3.3 Pin=R?-2
Added Net: Name=+3.3
Added Pin To Net: NetName=NetC?_2 Pin=C?-2
Added Pin To Net: NetName=NetC?_2 Pin=DD?-3
Added Net: Name=NetC?_2
Added Pin To Net: NetName=NetD?_13 Pin=D?-13
Added Pin To Net: NetName=NetD?_13 Pin=R?-2
Added Pin To Net: NetName=NetD?_13 Pin=X?-6
Added Net: Name=NetD?_13
Added Pin To Net: NetName=NetD?_14 Pin=D?-14
Added Pin To Net: NetName=NetD?_14 Pin=R?-2
Added Pin To Net: NetName=NetD?_14 Pin=X?-3
Added Net: Name=NetD?_14
Added Pin To Net: NetName=NetD?_16 Pin=D?-16
Added Pin To Net: NetName=NetD?_16 Pin=R?-2
Added Pin To Net: NetName=NetD?_16 Pin=X?-2
Added Net: Name=NetD?_16
Added Pin To Net: NetName=NetD?_17 Pin=D?-17
Added Pin To Net: NetName=NetD?_17 Pin=R?-2
Added Pin To Net: NetName=NetD?_17 Pin=X?-1
Added Net: Name=NetD?_17
Added Pin To Net: NetName=NetDD?_1 Pin=DD?-1
Added Net: Name=NetDD?_1
Added Pin To Net: NetName=NetDD?_4 Pin=DD?-4
Added Net: Name=NetDD?_4
Added Pin To Net: NetName=NetDD?_6 Pin=DD?-6
Added Pin To Net: NetName=NetDD?_6 Pin=R?-2
Added Net: Name=NetDD?_6
Added Pin To Net: NetName=NetDD?_7 Pin=DD?-7
Added Pin To Net: NetName=NetDD?_7 Pin=R?-1
Added Net: Name=NetDD?_7
Added Pin To Net: NetName=NetDD?_8 Pin=DD?-8
Added Pin To Net: NetName=NetDD?_8 Pin=R?-1
Added Net: Name=NetDD?_8
Added Pin To Net: NetName=NetR?_2 Pin=R?-2
Added Net: Name=NetR?_2
Added Class: Name=CAN
Added Class: Name=ETH
Added Class: Name=USB
Added Member To Class: ClassName=ETHERNET Member=Component C? 0805 0.1uF
Added Member To Class: ClassName=ETHERNET Member=Component C? 0805 0.1uF
Added Member To Class: ClassName=ETHERNET Member=Component C? TECAP_A 10V 10uF
Added Member To Class: ClassName=ETHERNET Member=Component C? 0805 100nF
Added Member To Class: ClassName=ETHERNET Member=Component C? 0805 15pF
Added Member To Class: ClassName=ETHERNET Member=Component C? 0805 100nF
Added Member To Class: ClassName=ETHERNET Member=Component C? 0805 0.1uF
Added Member To Class: ClassName=ETHERNET Member=Component C? 0805 100nF
Added Member To Class: ClassName=ETHERNET Member=Component C? 0805 0.1uF
Added Member To Class: ClassName=ETHERNET Member=Component C? 0805 0.1uF
Added Member To Class: ClassName=ETHERNET Member=Component C? 0805 100nF
Added Member To Class: ClassName=ETHERNET Member=Component C? 0805 100nF
Added Member To Class: ClassName=ETHERNET Member=Component C? 0805 100nF
Added Member To Class: ClassName=POWER_SUPPLY Member=Component C? CAP_0805
Added Member To Class: ClassName=POWER_SUPPLY Member=Component C? CAP_0805
Added Member To Class: ClassName=POWER_SUPPLY Member=Component C? CAP_0805
Added Member To Class: ClassName=ETHERNET Member=Component R? 0603 150 1%
Added Member To Class: ClassName=ETHERNET Member=Component R? 0603 4.7k 1%
Added Member To Class: ClassName=ETHERNET Member=Component R? 0805 240
Added Member To Class: ClassName=ETHERNET Member=Component R? 0805 2k 1%
Added Member To Class: ClassName=ETHERNET Member=Component R? 0603 18 1%
Added Member To Class: ClassName=ETHERNET Member=Component R? 0805 2k 1%
Added Member To Class: ClassName=ETHERNET Member=Component R? 1206 1M
Added Member To Class: ClassName=ETHERNET Member=Component R? 0805 2k 1%
Added Member To Class: ClassName=ETHERNET Member=Component R? 0805 2k 1%
Added Member To Class: ClassName=ETHERNET Member=Component R? 0805 51
Added Member To Class: ClassName=ETHERNET Member=Component R? 0805 2k 1%
Added Member To Class: ClassName=ETHERNET Member=Component R? 0805 1.5k
Added Member To Class: ClassName=ETHERNET Member=Component R? 0805 51
Added Member To Class: ClassName=ETHERNET Member=Component R? 0805 2k 1%
Added Member To Class: ClassName=ETHERNET Member=Component R? 0805 51
Added Member To Class: ClassName=ETHERNET Member=Component R? 0805 2k 1%
Added Member To Class: ClassName=ETHERNET Member=Component R? 0805 2k 1%
Added Member To Class: ClassName=ETHERNET Member=Component R? 0805 51
Added Member To Class: ClassName=ETHERNET Member=Component R? 0805 2k 1%
Added Member To Class: ClassName=ETHERNET Member=Component R? 0805 240
Added Room: Name=CAN
Added Room: Name=ETH
Added Room: Name=ETHERNET
Added Room: Name=MCU
Added Room: Name=POWER_SUPPLY
Added Room: Name=Seq
Added Room: Name=USB
