Removed Pin From Net: NetName=+12V Pin=C2-1
Removed Pin From Net: NetName=GND Pin=C2-2
Removed Pin From Net: NetName=GND Pin=C3-2
Removed Pin From Net: NetName=GND Pin=C5-2
Removed Pin From Net: NetName=GND Pin=C6-2
Removed Pin From Net: NetName=3V3 Pin=C11-1
Removed Pin From Net: NetName=GND Pin=C11-2
Removed Pin From Net: NetName=NetDD1_1 Pin=DD2-1
Removed Pin From Net: NetName=NetDD1_4 Pin=DD2-4
Removed Pin From Net: NetName=VCC Pin=R1-2
Removed Pin From Net: NetName=VCC Pin=R4-2
Removed Pin From Net: NetName=VCC Pin=R5-2
Removed Pin From Net: NetName=NetDD2_8 Pin=R12-1
Removed Pin From Net: NetName=GND Pin=R12-2
Removed Pin From Net: NetName=NetDD2_6 Pin=R13-2
Removed Pin From Net: NetName=+3V3 Pin=R14-1
Removed Pin From Net: NetName=+3V3 Pin=R17-1
Removed Pin From Net: NetName=GND Pin=R18-2
Removed Pin From Net: NetName=3V3 Pin=R19-1
Removed Pin From Net: NetName=NetC12_1 Pin=R20-1
Removed Pin From Net: NetName=NetC14_2 Pin=R20-2
Removed Pin From Net: NetName=3V3 Pin=R24-1
Removed Pin From Net: NetName=NetC43_1 Pin=R33-1
Removed Pin From Net: NetName=GND Pin=R33-2
Removed Pin From Net: NetName=+3.3 Pin=R35-1
Removed Pin From Net: NetName=NetD1_42 Pin=R35-2
Removed Pin From Net: NetName=+3.3 Pin=R36-1
Removed Pin From Net: NetName=NetD1_26 Pin=R36-2
Removed Pin From Net: NetName=+3.3 Pin=R37-1
Removed Pin From Net: NetName=NetD1_40 Pin=R37-2
Removed Pin From Net: NetName=+3.3 Pin=R38-1
Removed Pin From Net: NetName=NetD1_28 Pin=R38-2
Removed Pin From Net: NetName=3V3 Pin=R39-1
Removed Pin From Net: NetName=NetD1_27 Pin=R39-2
Removed Pin From Net: NetName=+12 Pin=R41-1
Removed Pin From Net: NetName=+12 Pin=R42-1
Removed Pin From Net: NetName=+12 Pin=R43-1
Removed Pin From Net: NetName=+12 Pin=R44-1
Removed Pin From Net: NetName=+12 Pin=R45-1
Removed Pin From Net: NetName=+12 Pin=R46-1
Removed Pin From Net: NetName=GND Pin=U1-1
Removed Pin From Net: NetName=+12V Pin=U1-3
Removed Pin From Net: NetName=NetR2_2 Pin=U2-1
Removed Pin From Net: NetName=GND Pin=U2-2
Removed Pin From Net: NetName=GND Pin=U2-3
Removed Pin From Net: NetName=GND Pin=U3-3
Removed Pin From Net: NetName=GND Pin=U4-2
Removed Pin From Net: NetName=GND Pin=U4-3
Removed Pin From Net: NetName=GND Pin=U5-2
Removed Pin From Net: NetName=GND Pin=U5-3
Removed Pin From Net: NetName=3V3 Pin=U6-3
Removed Pin From Net: NetName=GND Pin=U6-4
Removed Pin From Net: NetName=3V3 Pin=U6-7
Removed Pin From Net: NetName=3V3 Pin=U6-8
Removed Pin From Net: NetName=NetDD1_7 Pin=X1-1
Removed Pin From Net: NetName=NetR11_1 Pin=X1-2
Removed Pin From Net: NetName=NetDD1_7 Pin=X2-1
Removed Pin From Net: NetName=NetDD1_6 Pin=X2-2
Removed Pin From Net: NetName=GND Pin=X2-3
Removed Pin From Net: NetName=NetDD2_7 Pin=X3-1
Removed Pin From Net: NetName=NetDD2_7 Pin=X4-1
Removed Pin From Net: NetName=NetDD2_6 Pin=X4-2
Removed Pin From Net: NetName=GND Pin=X4-3
Removed Pin From Net: NetName=+3V3 Pin=X5-1
Removed Pin From Net: NetName=+3V3 Pin=X5-2
Removed Pin From Net: NetName=GND Pin=X5-4
Removed Pin From Net: NetName=GND Pin=X5-6
Removed Pin From Net: NetName=GND Pin=X5-8
Removed Pin From Net: NetName=GND Pin=X5-10
Removed Pin From Net: NetName=GND Pin=X5-12
Removed Pin From Net: NetName=NetR17_2 Pin=X5-13
Removed Pin From Net: NetName=GND Pin=X5-14
Removed Pin From Net: NetName=GND Pin=X5-16
Removed Pin From Net: NetName=GND Pin=X5-18
Removed Pin From Net: NetName=GND Pin=X5-20
Removed Pin From Net: NetName=3V3 Pin=X6-1
Removed Pin From Net: NetName=GND Pin=X6-3
Removed Pin From Net: NetName=3V3 Pin=X7-1
Removed Pin From Net: NetName=GND Pin=X7-3
Removed Pin From Net: NetName=3V3 Pin=X8-1
Removed Pin From Net: NetName=GND Pin=X8-3
Removed Pin From Net: NetName=3V3 Pin=X9-1
Removed Pin From Net: NetName=GND Pin=X9-3
Removed Pin From Net: NetName=GND Pin=X11-1
Removed Pin From Net: NetName=+12 Pin=X11-2
Removed Pin From Net: NetName=NetR48_1 Pin=X11-4
Removed Pin From Net: NetName=GND Pin=X12-1
Removed Pin From Net: NetName=+12 Pin=X12-2
Removed Pin From Net: NetName=NetR49_1 Pin=X12-4
Removed Pin From Net: NetName=GND Pin=X13-1
Removed Pin From Net: NetName=+12 Pin=X13-2
Removed Pin From Net: NetName=NetR47_1 Pin=X13-4
Removed Pin From Net: NetName=GND Pin=X14-1
Removed Pin From Net: NetName=+12 Pin=X14-2
Removed Pin From Net: NetName=GND Pin=X15-1
Removed Pin From Net: NetName=+12 Pin=X15-2
Removed Pin From Net: NetName=GND Pin=X16-1
Removed Pin From Net: NetName=+12 Pin=X16-2
Removed Pin From Net: NetName=NetR45_2 Pin=X16-3
Removed Pin From Net: NetName=NetR50_1 Pin=X16-4
Removed Member From Class: ClassName=MCU Member=BQ1
Removed Member From Class: ClassName=Seq Member=R1
Removed Member From Class: ClassName=FLASH Member=R19
Removed Member From Class: ClassName=MCU Member=R20
Removed Member From Class: ClassName=MCU Member=R21
Removed Member From Class: ClassName=DS18B20 Member=R24
Removed Member From Class: ClassName=ETH_PHY Member=R33
Removed Member From Class: ClassName=ETH_PHY Member=R35
Removed Member From Class: ClassName=ETH_PHY Member=R36
Removed Member From Class: ClassName=ETH_PHY Member=R37
Removed Member From Class: ClassName=ETH_PHY Member=R38
Removed Member From Class: ClassName=ETH_PHY Member=R39
Removed Member From Class: ClassName=FAN_CTRL Member=R46
Removed Member From Class: ClassName=FAN_CTRL Member=R47
Removed Member From Class: ClassName=FAN_CTRL Member=R48
Removed Member From Class: ClassName=FAN_CTRL Member=R49
Removed Member From Class: ClassName=FAN_CTRL Member=R50
Removed Member From Class: ClassName=FAN_CTRL Member=R51
Removed Member From Class: ClassName=FAN_CTRL Member=R52
Removed Member From Class: ClassName=POWER_SUPPLY Member=U1
Removed Member From Class: ClassName=Seq Member=U2
Removed Member From Class: ClassName=Seq Member=U3
Removed Member From Class: ClassName=Seq Member=U4
Removed Member From Class: ClassName=Seq Member=U5
Removed Member From Class: ClassName=FLASH Member=U6
Removed Member From Class: ClassName=DIRECTIONAL_COUPLER Member=U8
Removed Member From Class: ClassName=CAN Member=X1
Removed Member From Class: ClassName=CAN Member=X2
Removed Member From Class: ClassName=CAN Member=X3
Removed Member From Class: ClassName=CAN Member=X4
Removed Member From Class: ClassName=DS18B20 Member=X6
Removed Member From Class: ClassName=DS18B20 Member=X7
Removed Member From Class: ClassName=DS18B20 Member=X8
Removed Member From Class: ClassName=DS18B20 Member=X9
Removed Member From Class: ClassName=FAN_CTRL Member=X11
Removed Member From Class: ClassName=FAN_CTRL Member=X12
Removed Member From Class: ClassName=FAN_CTRL Member=X13
Removed Member From Class: ClassName=FAN_CTRL Member=X14
Removed Member From Class: ClassName=FAN_CTRL Member=X15
Removed Member From Class: ClassName=FAN_CTRL Member=X16
Change Component Footprint: Designator=R1 Old Footprint=AXIAL-0.6 New Footprint=C0805R
Change Component Footprint: Designator=R39 Old Footprint=C0805R New Footprint=AXIAL-0.6
Change Component Footprint: Designator=C2 Old Footprint=CAP_0805 New Footprint=C0805C
Change Component Footprint: Designator=C3 Old Footprint=CAP_0805 New Footprint=C0805C
Change Component Footprint: Designator=C5 Old Footprint=CAP_0805 New Footprint=C0805C
Change Component Footprint: Designator=C6 Old Footprint=CAP_0805 New Footprint=C0805C
Change Component Footprint: Designator=R14 Old Footprint=RES_0805 New Footprint=C0805R
Change Component Footprint: Designator=R15 Old Footprint=RES_0805 New Footprint=C0805R
Change Component Footprint: Designator=R16 Old Footprint=RES_0805 New Footprint=C0805R
Change Component Footprint: Designator=R17 Old Footprint=RES_0805 New Footprint=C0805R
Change Component Footprint: Designator=R18 Old Footprint=RES_0805 New Footprint=C0805R
Change Component Footprint: Designator=VT1 Old Footprint=TO-92 New Footprint=TO-92-A
Change Component Footprint: Designator=VT2 Old Footprint=TO-92 New Footprint=TO-92-A
Change Component Comment : Designator=R3 Old Comment=2К New Comment=2k
Change Component Comment : Designator=R7 Old Comment=2К New Comment=2k
Change Component Comment : Designator=R8 Old Comment=2К New Comment=2k
Change Component Comment : Designator=R9 Old Comment=2К New Comment=2k
Change Component Comment : Designator=R2 Old Comment=2К New Comment=100k
Change Component Comment : Designator=R6 Old Comment=2К New Comment=470
Change Component Comment : Designator=R17 Old Comment=10K New Comment=4k7
Change Component Comment : Designator=R15 Old Comment=10K New Comment=R0805
Change Component Comment : Designator=R16 Old Comment=10K New Comment=R0805
Change Component Comment : Designator=R18 Old Comment=10K New Comment=R0805
Change Component Comment : Designator=R1 Old Comment=100К New Comment=2k
Change Component Comment : Designator=R5 Old Comment=100К New Comment=100k
Change Component Comment : Designator=R4 Old Comment=470 New Comment=2k
Change Component Comment : Designator=C39 Old Comment=CAP_0805 New Comment=0.1
Change Component Comment : Designator=C40 Old Comment=CAP_0805 New Comment=0.1
Change Component Comment : Designator=C41 Old Comment=CAP_0805 New Comment=0.1
Change Component Comment : Designator=C42 Old Comment=CAP_0805 New Comment=0.1
Change Component Comment : Designator=C2 Old Comment=CAP_0805 New Comment=0.1 uF
Change Component Comment : Designator=C3 Old Comment=CAP_0805 New Comment=0.1 uF
Change Component Comment : Designator=C5 Old Comment=CAP_0805 New Comment=0.1 uF
Change Component Comment : Designator=C6 Old Comment=CAP_0805 New Comment=0.1 uF
Change Component Comment : Designator=C9 Old Comment=CAP_0805 New Comment=0.1uF
Change Component Comment : Designator=C10 Old Comment=CAP_0805 New Comment=0.1uF
Change Component Comment : Designator=C11 Old Comment=CAP_0805 New Comment=0.1uF
Change Component Comment : Designator=R19 Old Comment=RES_0805 New Comment=2k
Change Component Comment : Designator=R20 Old Comment=RES_0805 New Comment=2k
Change Component Comment : Designator=R21 Old Comment=RES_0805 New Comment=2k
Change Component Comment : Designator=R24 Old Comment=RES_0805 New Comment=2k
Change Component Comment : Designator=R39 Old Comment=RES_0805 New Comment=2k
Change Component Comment : Designator=R41 Old Comment=RES_0805 New Comment=10k
Change Component Comment : Designator=R42 Old Comment=RES_0805 New Comment=10k
Change Component Comment : Designator=R43 Old Comment=RES_0805 New Comment=10k
Change Component Comment : Designator=R44 Old Comment=RES_0805 New Comment=10k
Change Component Comment : Designator=R45 Old Comment=RES_0805 New Comment=10k
Change Component Comment : Designator=R11 Old Comment=RES_0805 New Comment=120
Change Component Comment : Designator=R12 Old Comment=RES_0805 New Comment=120
Change Component Comment : Designator=R10 Old Comment=RES_0805 New Comment=R0805
Change Component Comment : Designator=R13 Old Comment=RES_0805 New Comment=R0805
Change Component Comment : Designator=R38 Old Comment=RES_0805 New Comment=R0805
Change Component Comment : Designator=R46 Old Comment=RES_0805 New Comment=R0805
Change Component Comment : Designator=R47 Old Comment=RES_0805 New Comment=R0805
Change Component Comment : Designator=R48 Old Comment=RES_0805 New Comment=R0805
Change Component Comment : Designator=R49 Old Comment=RES_0805 New Comment=R0805
Change Component Comment : Designator=R50 Old Comment=RES_0805 New Comment=R0805
Change component parameters: Designator = "DD1" ("DD1"); Footprint = "SOIC8 (SO-8)"; UniqueID = "\AXIQGTXL" ("\AXIQGTXL")
Change component parameters (AddParameter): Name = "Published"; Value = "26.02.2013"; VariantName = "[No Variations]"
Change component parameters (AddParameter): Name = "Publisher"; Value = "Andrew Danich"; VariantName = "[No Variations]"
Change component parameters (AddParameter): Name = "Type"; Value = "Микросхема"; VariantName = "[No Variations]"
Change component parameters: Designator = "DD2" ("DD2"); Footprint = "SOIC8 (SO-8)"; UniqueID = "\YZBYBVUN" ("\YZBYBVUN")
Change component parameters (AddParameter): Name = "Published"; Value = "26.02.2013"; VariantName = "[No Variations]"
Change component parameters (AddParameter): Name = "Publisher"; Value = "Andrew Danich"; VariantName = "[No Variations]"
Change component parameters (AddParameter): Name = "Type"; Value = "Микросхема"; VariantName = "[No Variations]"
Change component parameters: Designator = "R1" ("R1"); Footprint = "AXIAL-0.6"; UniqueID = "\GYDLMGYU" ("\GYDLMGYU")
Change component parameters (AddParameter): Name = "Published"; Value = "24.03.2010"; VariantName = "[No Variations]"
Change component parameters (AddParameter): Name = "Publisher"; Value = "Andrew Danich"; VariantName = "[No Variations]"
Change component parameters (AddParameter): Name = "Type"; Value = "Резистор"; VariantName = "[No Variations]"
Change component parameters: Designator = "R2" ("R2"); Footprint = "AXIAL-0.6"; UniqueID = "\SJCPKMSV" ("\SJCPKMSV")
Change component parameters (AddParameter): Name = "Published"; Value = "24.03.2010"; VariantName = "[No Variations]"
Change component parameters (AddParameter): Name = "Publisher"; Value = "Andrew Danich"; VariantName = "[No Variations]"
Change component parameters (AddParameter): Name = "Type"; Value = "Резистор"; VariantName = "[No Variations]"
Change component parameters: Designator = "R3" ("R3"); Footprint = "AXIAL-0.6"; UniqueID = "\XFXKAWGX" ("\XFXKAWGX")
Change component parameters (AddParameter): Name = "Published"; Value = "24.03.2010"; VariantName = "[No Variations]"
Change component parameters (AddParameter): Name = "Publisher"; Value = "Andrew Danich"; VariantName = "[No Variations]"
Change component parameters (AddParameter): Name = "Type"; Value = "Резистор"; VariantName = "[No Variations]"
Change component parameters: Designator = "R4" ("R4"); Footprint = "AXIAL-0.6"; UniqueID = "\NIDARDVQ" ("\NIDARDVQ")
Change component parameters (AddParameter): Name = "Published"; Value = "24.03.2010"; VariantName = "[No Variations]"
Change component parameters (AddParameter): Name = "Publisher"; Value = "Andrew Danich"; VariantName = "[No Variations]"
Change component parameters (AddParameter): Name = "Type"; Value = "Резистор"; VariantName = "[No Variations]"
Change component parameters: Designator = "R5" ("R5"); Footprint = "AXIAL-0.6"; UniqueID = "\AHAIWVFO" ("\AHAIWVFO")
Change component parameters (AddParameter): Name = "Published"; Value = "24.03.2010"; VariantName = "[No Variations]"
Change component parameters (AddParameter): Name = "Publisher"; Value = "Andrew Danich"; VariantName = "[No Variations]"
Change component parameters (AddParameter): Name = "Type"; Value = "Резистор"; VariantName = "[No Variations]"
Change component parameters: Designator = "R6" ("R6"); Footprint = "AXIAL-0.6"; UniqueID = "\IUKRRFUF" ("\IUKRRFUF")
Change component parameters (AddParameter): Name = "Published"; Value = "24.03.2010"; VariantName = "[No Variations]"
Change component parameters (AddParameter): Name = "Publisher"; Value = "Andrew Danich"; VariantName = "[No Variations]"
Change component parameters (AddParameter): Name = "Type"; Value = "Резистор"; VariantName = "[No Variations]"
Change component parameters: Designator = "R7" ("R7"); Footprint = "AXIAL-0.6"; UniqueID = "\VTFNTTVZ" ("\VTFNTTVZ")
Change component parameters (AddParameter): Name = "Published"; Value = "24.03.2010"; VariantName = "[No Variations]"
Change component parameters (AddParameter): Name = "Publisher"; Value = "Andrew Danich"; VariantName = "[No Variations]"
Change component parameters (AddParameter): Name = "Type"; Value = "Резистор"; VariantName = "[No Variations]"
Change component parameters: Designator = "R8" ("R8"); Footprint = "AXIAL-0.6"; UniqueID = "\ZWLBZPJV" ("\ZWLBZPJV")
Change component parameters (AddParameter): Name = "Published"; Value = "24.03.2010"; VariantName = "[No Variations]"
Change component parameters (AddParameter): Name = "Publisher"; Value = "Andrew Danich"; VariantName = "[No Variations]"
Change component parameters (AddParameter): Name = "Type"; Value = "Резистор"; VariantName = "[No Variations]"
Change component parameters: Designator = "R9" ("R9"); Footprint = "AXIAL-0.6"; UniqueID = "\HBURZUXW" ("\HBURZUXW")
Change component parameters (AddParameter): Name = "Published"; Value = "24.03.2010"; VariantName = "[No Variations]"
Change component parameters (AddParameter): Name = "Publisher"; Value = "Andrew Danich"; VariantName = "[No Variations]"
Change component parameters (AddParameter): Name = "Type"; Value = "Резистор"; VariantName = "[No Variations]"
Change component parameters: Designator = "VT1" ("VT1"); Footprint = "TO-92"; UniqueID = "\GIGBTWXC" ("\GIGBTWXC")
Change component parameters (AddParameter): Name = "Published"; Value = "07.05.2013"; VariantName = "[No Variations]"
Change component parameters (AddParameter): Name = "Publisher"; Value = "Andrew Danich"; VariantName = "[No Variations]"
Change component parameters (AddParameter): Name = "Type"; Value = "Транзистор"; VariantName = "[No Variations]"
Change component parameters: Designator = "VT2" ("VT2"); Footprint = "TO-92"; UniqueID = "\PPNNKVKE" ("\PPNNKVKE")
Change component parameters (AddParameter): Name = "Published"; Value = "07.05.2013"; VariantName = "[No Variations]"
Change component parameters (AddParameter): Name = "Publisher"; Value = "Andrew Danich"; VariantName = "[No Variations]"
Change component parameters (AddParameter): Name = "Type"; Value = "Транзистор"; VariantName = "[No Variations]"
Change component parameters: Designator = "C2" ("C2"); Footprint = "CAP_0805"; UniqueID = "\AORUPPZI" ("\AORUPPZI")
Change component parameters (AddParameter): Name = "Published"; Value = "18.05.2010"; VariantName = "[No Variations]"
Change component parameters (AddParameter): Name = "Publisher"; Value = "Andrew Danich"; VariantName = "[No Variations]"
Change component parameters (AddParameter): Name = "Type"; Value = "Конденсатор"; VariantName = "[No Variations]"
Change component parameters: Designator = "C3" ("C3"); Footprint = "CAP_0805"; UniqueID = "\FHKOWAFG" ("\FHKOWAFG")
Change component parameters (AddParameter): Name = "Published"; Value = "18.05.2010"; VariantName = "[No Variations]"
Change component parameters (AddParameter): Name = "Publisher"; Value = "Andrew Danich"; VariantName = "[No Variations]"
Change component parameters (AddParameter): Name = "Type"; Value = "Конденсатор"; VariantName = "[No Variations]"
Change component parameters: Designator = "C5" ("C5"); Footprint = "CAP_0805"; UniqueID = "\KNUPFHOR" ("\KNUPFHOR")
Change component parameters (AddParameter): Name = "Published"; Value = "18.05.2010"; VariantName = "[No Variations]"
Change component parameters (AddParameter): Name = "Publisher"; Value = "Andrew Danich"; VariantName = "[No Variations]"
Change component parameters (AddParameter): Name = "Type"; Value = "Конденсатор"; VariantName = "[No Variations]"
Change component parameters: Designator = "C6" ("C6"); Footprint = "CAP_0805"; UniqueID = "\MGWJKOHL" ("\MGWJKOHL")
Change component parameters (AddParameter): Name = "Published"; Value = "18.05.2010"; VariantName = "[No Variations]"
Change component parameters (AddParameter): Name = "Publisher"; Value = "Andrew Danich"; VariantName = "[No Variations]"
Change component parameters (AddParameter): Name = "Type"; Value = "Конденсатор"; VariantName = "[No Variations]"
Change component parameters: Designator = "C9" ("C9"); Footprint = "C0805C"; UniqueID = "\FCPNZQKK" ("\FCPNZQKK")
Change component parameters (AddParameter): Name = "Published"; Value = "18.05.2010"; VariantName = "[No Variations]"
Change component parameters (AddParameter): Name = "Publisher"; Value = "Andrew Danich"; VariantName = "[No Variations]"
Change component parameters (AddParameter): Name = "Type"; Value = "Конденсатор"; VariantName = "[No Variations]"
Change component parameters: Designator = "C10" ("C10"); Footprint = "C0805C"; UniqueID = "\GHGBYSHR" ("\GHGBYSHR")
Change component parameters (AddParameter): Name = "Published"; Value = "18.05.2010"; VariantName = "[No Variations]"
Change component parameters (AddParameter): Name = "Publisher"; Value = "Andrew Danich"; VariantName = "[No Variations]"
Change component parameters (AddParameter): Name = "Type"; Value = "Конденсатор"; VariantName = "[No Variations]"
Change component parameters: Designator = "C11" ("C11"); Footprint = "C0805C"; UniqueID = "\SHPKMIQI" ("\SHPKMIQI")
Change component parameters (AddParameter): Name = "Published"; Value = "18.05.2010"; VariantName = "[No Variations]"
Change component parameters (AddParameter): Name = "Publisher"; Value = "Andrew Danich"; VariantName = "[No Variations]"
Change component parameters (AddParameter): Name = "Type"; Value = "Конденсатор"; VariantName = "[No Variations]"
Change component parameters: Designator = "R10" ("R10"); Footprint = "C0805R"; UniqueID = "\NSEEKGAQ" ("\NSEEKGAQ")
Change component parameters (AddParameter): Name = "Published"; Value = "24.03.2010"; VariantName = "[No Variations]"
Change component parameters (AddParameter): Name = "Publisher"; Value = "Andrew Danich"; VariantName = "[No Variations]"
Change component parameters (AddParameter): Name = "Type"; Value = "Резистор"; VariantName = "[No Variations]"
Change component parameters: Designator = "R11" ("R11"); Footprint = "C0805R"; UniqueID = "\MHCTUNLG" ("\MHCTUNLG")
Change component parameters (AddParameter): Name = "Published"; Value = "24.03.2010"; VariantName = "[No Variations]"
Change component parameters (AddParameter): Name = "Publisher"; Value = "Andrew Danich"; VariantName = "[No Variations]"
Change component parameters (AddParameter): Name = "Type"; Value = "Резистор"; VariantName = "[No Variations]"
Change component parameters: Designator = "R12" ("R12"); Footprint = "C0805R"; UniqueID = "\TCMGOFRN" ("\TCMGOFRN")
Change component parameters (AddParameter): Name = "Published"; Value = "24.03.2010"; VariantName = "[No Variations]"
Change component parameters (AddParameter): Name = "Publisher"; Value = "Andrew Danich"; VariantName = "[No Variations]"
Change component parameters (AddParameter): Name = "Type"; Value = "Резистор"; VariantName = "[No Variations]"
Change component parameters: Designator = "R13" ("R13"); Footprint = "C0805R"; UniqueID = "\JOGTFPZO" ("\JOGTFPZO")
Change component parameters (AddParameter): Name = "Published"; Value = "24.03.2010"; VariantName = "[No Variations]"
Change component parameters (AddParameter): Name = "Publisher"; Value = "Andrew Danich"; VariantName = "[No Variations]"
Change component parameters (AddParameter): Name = "Type"; Value = "Резистор"; VariantName = "[No Variations]"
Change component parameters: Designator = "R14" ("R14"); Footprint = "RES_0805"; UniqueID = "\XFSIXWEI" ("\XFSIXWEI")
Change component parameters (AddParameter): Name = "Published"; Value = "24.03.2010"; VariantName = "[No Variations]"
Change component parameters (AddParameter): Name = "Publisher"; Value = "Andrew Danich"; VariantName = "[No Variations]"
Change component parameters (AddParameter): Name = "Type"; Value = "Резистор"; VariantName = "[No Variations]"
Change component parameters: Designator = "R15" ("R15"); Footprint = "RES_0805"; UniqueID = "\TTNMPGSR" ("\TTNMPGSR")
Change component parameters (AddParameter): Name = "Published"; Value = "24.03.2010"; VariantName = "[No Variations]"
Change component parameters (AddParameter): Name = "Publisher"; Value = "Andrew Danich"; VariantName = "[No Variations]"
Change component parameters (AddParameter): Name = "Type"; Value = "Резистор"; VariantName = "[No Variations]"
Change component parameters: Designator = "R16" ("R16"); Footprint = "RES_0805"; UniqueID = "\SRCPCOHE" ("\SRCPCOHE")
Change component parameters (AddParameter): Name = "Published"; Value = "24.03.2010"; VariantName = "[No Variations]"
Change component parameters (AddParameter): Name = "Publisher"; Value = "Andrew Danich"; VariantName = "[No Variations]"
Change component parameters (AddParameter): Name = "Type"; Value = "Резистор"; VariantName = "[No Variations]"
Change component parameters: Designator = "R17" ("R17"); Footprint = "RES_0805"; UniqueID = "\XJMVHSBE" ("\XJMVHSBE")
Change component parameters (AddParameter): Name = "Published"; Value = "24.03.2010"; VariantName = "[No Variations]"
Change component parameters (AddParameter): Name = "Publisher"; Value = "Andrew Danich"; VariantName = "[No Variations]"
Change component parameters (AddParameter): Name = "Type"; Value = "Резистор"; VariantName = "[No Variations]"
Change component parameters: Designator = "R18" ("R18"); Footprint = "RES_0805"; UniqueID = "\AMDMRFFG" ("\AMDMRFFG")
Change component parameters (AddParameter): Name = "Published"; Value = "24.03.2010"; VariantName = "[No Variations]"
Change component parameters (AddParameter): Name = "Publisher"; Value = "Andrew Danich"; VariantName = "[No Variations]"
Change component parameters (AddParameter): Name = "Type"; Value = "Резистор"; VariantName = "[No Variations]"
Change component parameters: Designator = "R19" ("R19"); Footprint = "C0805R"; UniqueID = "\QVFTWMBZ" ("\QVFTWMBZ")
Change component parameters (AddParameter): Name = "Published"; Value = "24.03.2010"; VariantName = "[No Variations]"
Change component parameters (AddParameter): Name = "Publisher"; Value = "Andrew Danich"; VariantName = "[No Variations]"
Change component parameters (AddParameter): Name = "Type"; Value = "Резистор"; VariantName = "[No Variations]"
Change component parameters: Designator = "R20" ("R20"); Footprint = "C0805R"; UniqueID = "\FCHYTNWD" ("\FCHYTNWD")
Change component parameters (AddParameter): Name = "Published"; Value = "24.03.2010"; VariantName = "[No Variations]"
Change component parameters (AddParameter): Name = "Publisher"; Value = "Andrew Danich"; VariantName = "[No Variations]"
Change component parameters (AddParameter): Name = "Type"; Value = "Резистор"; VariantName = "[No Variations]"
Change component parameters: Designator = "R21" ("R21"); Footprint = "C0805R"; UniqueID = "\QKBDFIGP" ("\QKBDFIGP")
Change component parameters (AddParameter): Name = "Published"; Value = "24.03.2010"; VariantName = "[No Variations]"
Change component parameters (AddParameter): Name = "Publisher"; Value = "Andrew Danich"; VariantName = "[No Variations]"
Change component parameters (AddParameter): Name = "Type"; Value = "Резистор"; VariantName = "[No Variations]"
Change component parameters: Designator = "R24" ("R24"); Footprint = "C0805R"; UniqueID = "\HELXYJFA" ("\HELXYJFA")
Change component parameters (AddParameter): Name = "Published"; Value = "24.03.2010"; VariantName = "[No Variations]"
Change component parameters (AddParameter): Name = "Publisher"; Value = "Andrew Danich"; VariantName = "[No Variations]"
Change component parameters (AddParameter): Name = "Type"; Value = "Резистор"; VariantName = "[No Variations]"
Change component parameters: Designator = "R38" ("R38"); Footprint = "C0805R"; UniqueID = "\MMFFOIPW" ("\MMFFOIPW")
Change component parameters (AddParameter): Name = "Published"; Value = "24.03.2010"; VariantName = "[No Variations]"
Change component parameters (AddParameter): Name = "Publisher"; Value = "Andrew Danich"; VariantName = "[No Variations]"
Change component parameters (AddParameter): Name = "Type"; Value = "Резистор"; VariantName = "[No Variations]"
Change component parameters: Designator = "R39" ("R39"); Footprint = "C0805R"; UniqueID = "\AUGCOADS" ("\AUGCOADS")
Change component parameters (AddParameter): Name = "Published"; Value = "24.03.2010"; VariantName = "[No Variations]"
Change component parameters (AddParameter): Name = "Publisher"; Value = "Andrew Danich"; VariantName = "[No Variations]"
Change component parameters (AddParameter): Name = "Type"; Value = "Резистор"; VariantName = "[No Variations]"
Change component parameters: Designator = "R41" ("R41"); Footprint = "C0805R"; UniqueID = "\WTEHOKNM" ("\WTEHOKNM")
Change component parameters (AddParameter): Name = "Published"; Value = "24.03.2010"; VariantName = "[No Variations]"
Change component parameters (AddParameter): Name = "Publisher"; Value = "Andrew Danich"; VariantName = "[No Variations]"
Change component parameters (AddParameter): Name = "Type"; Value = "Резистор"; VariantName = "[No Variations]"
Change component parameters: Designator = "R42" ("R42"); Footprint = "C0805R"; UniqueID = "\APFJYHZC" ("\APFJYHZC")
Change component parameters (AddParameter): Name = "Published"; Value = "24.03.2010"; VariantName = "[No Variations]"
Change component parameters (AddParameter): Name = "Publisher"; Value = "Andrew Danich"; VariantName = "[No Variations]"
Change component parameters (AddParameter): Name = "Type"; Value = "Резистор"; VariantName = "[No Variations]"
Change component parameters: Designator = "R43" ("R43"); Footprint = "C0805R"; UniqueID = "\JZTPDKOH" ("\JZTPDKOH")
Change component parameters (AddParameter): Name = "Published"; Value = "24.03.2010"; VariantName = "[No Variations]"
Change component parameters (AddParameter): Name = "Publisher"; Value = "Andrew Danich"; VariantName = "[No Variations]"
Change component parameters (AddParameter): Name = "Type"; Value = "Резистор"; VariantName = "[No Variations]"
Change component parameters: Designator = "R44" ("R44"); Footprint = "C0805R"; UniqueID = "\KWKKQSOJ" ("\KWKKQSOJ")
Change component parameters (AddParameter): Name = "Published"; Value = "24.03.2010"; VariantName = "[No Variations]"
Change component parameters (AddParameter): Name = "Publisher"; Value = "Andrew Danich"; VariantName = "[No Variations]"
Change component parameters (AddParameter): Name = "Type"; Value = "Резистор"; VariantName = "[No Variations]"
Change component parameters: Designator = "R45" ("R45"); Footprint = "C0805R"; UniqueID = "\NFOZLYWT" ("\NFOZLYWT")
Change component parameters (AddParameter): Name = "Published"; Value = "24.03.2010"; VariantName = "[No Variations]"
Change component parameters (AddParameter): Name = "Publisher"; Value = "Andrew Danich"; VariantName = "[No Variations]"
Change component parameters (AddParameter): Name = "Type"; Value = "Резистор"; VariantName = "[No Variations]"
Change component parameters: Designator = "R46" ("R46"); Footprint = "C0805R"; UniqueID = "\TPNLVKCG" ("\TPNLVKCG")
Change component parameters (AddParameter): Name = "Published"; Value = "24.03.2010"; VariantName = "[No Variations]"
Change component parameters (AddParameter): Name = "Publisher"; Value = "Andrew Danich"; VariantName = "[No Variations]"
Change component parameters (AddParameter): Name = "Type"; Value = "Резистор"; VariantName = "[No Variations]"
Change component parameters: Designator = "R47" ("R47"); Footprint = "C0805R"; UniqueID = "\VVKDJIGM" ("\VVKDJIGM")
Change component parameters (AddParameter): Name = "Published"; Value = "24.03.2010"; VariantName = "[No Variations]"
Change component parameters (AddParameter): Name = "Publisher"; Value = "Andrew Danich"; VariantName = "[No Variations]"
Change component parameters (AddParameter): Name = "Type"; Value = "Резистор"; VariantName = "[No Variations]"
Change component parameters: Designator = "R48" ("R48"); Footprint = "C0805R"; UniqueID = "\ATILURDJ" ("\ATILURDJ")
Change component parameters (AddParameter): Name = "Published"; Value = "24.03.2010"; VariantName = "[No Variations]"
Change component parameters (AddParameter): Name = "Publisher"; Value = "Andrew Danich"; VariantName = "[No Variations]"
Change component parameters (AddParameter): Name = "Type"; Value = "Резистор"; VariantName = "[No Variations]"
Change component parameters: Designator = "R49" ("R49"); Footprint = "C0805R"; UniqueID = "\KCAKEUBQ" ("\KCAKEUBQ")
Change component parameters (AddParameter): Name = "Published"; Value = "24.03.2010"; VariantName = "[No Variations]"
Change component parameters (AddParameter): Name = "Publisher"; Value = "Andrew Danich"; VariantName = "[No Variations]"
Change component parameters (AddParameter): Name = "Type"; Value = "Резистор"; VariantName = "[No Variations]"
Change component parameters: Designator = "R50" ("R50"); Footprint = "C0805R"; UniqueID = "\ABMVOIPS" ("\ABMVOIPS")
Change component parameters (AddParameter): Name = "Published"; Value = "24.03.2010"; VariantName = "[No Variations]"
Change component parameters (AddParameter): Name = "Publisher"; Value = "Andrew Danich"; VariantName = "[No Variations]"
Change component parameters (AddParameter): Name = "Type"; Value = "Резистор"; VariantName = "[No Variations]"
Added Component: Designator=C8(C0805C)
Add component (AddParameter): Name = "Published"; Value = "18.05.2010"; VariantName = "[No Variations]"
Add component (AddParameter): Name = "Publisher"; Value = "Andrew Danich"; VariantName = "[No Variations]"
Add component (AddParameter): Name = "Type"; Value = "Конденсатор"; VariantName = "[No Variations]"
Added Component: Designator=C45(C0805C)
Add component (AddParameter): Name = "Published"; Value = "18.05.2010"; VariantName = "[No Variations]"
Add component (AddParameter): Name = "Publisher"; Value = "Andrew Danich"; VariantName = "[No Variations]"
Add component (AddParameter): Name = "Type"; Value = "Конденсатор"; VariantName = "[No Variations]"
Added Component: Designator=C50(C0805C)
Add component (AddParameter): Name = "Published"; Value = "18.05.2010"; VariantName = "[No Variations]"
Add component (AddParameter): Name = "Publisher"; Value = "Andrew Danich"; VariantName = "[No Variations]"
Add component (AddParameter): Name = "Type"; Value = "Конденсатор"; VariantName = "[No Variations]"
Added Component: Designator=C?(C0805C)
Add component (AddParameter): Name = "Published"; Value = "18.05.2010"; VariantName = "[No Variations]"
Add component (AddParameter): Name = "Publisher"; Value = "Andrew Danich"; VariantName = "[No Variations]"
Add component (AddParameter): Name = "Type"; Value = "Конденсатор"; VariantName = "[No Variations]"
Added Component: Designator=C?(C0805C)
Add component (AddParameter): Name = "Published"; Value = "18.05.2010"; VariantName = "[No Variations]"
Add component (AddParameter): Name = "Publisher"; Value = "Andrew Danich"; VariantName = "[No Variations]"
Add component (AddParameter): Name = "Type"; Value = "Конденсатор"; VariantName = "[No Variations]"
Added Component: Designator=C?(C0805C)
Add component (AddParameter): Name = "Published"; Value = "18.05.2010"; VariantName = "[No Variations]"
Add component (AddParameter): Name = "Publisher"; Value = "Andrew Danich"; VariantName = "[No Variations]"
Add component (AddParameter): Name = "Type"; Value = "Конденсатор"; VariantName = "[No Variations]"
Added Component: Designator=C?(C0805C)
Add component (AddParameter): Name = "Published"; Value = "18.05.2010"; VariantName = "[No Variations]"
Add component (AddParameter): Name = "Publisher"; Value = "Andrew Danich"; VariantName = "[No Variations]"
Add component (AddParameter): Name = "Type"; Value = "Конденсатор"; VariantName = "[No Variations]"
Added Component: Designator=C?(C0805C)
Add component (AddParameter): Name = "Published"; Value = "18.05.2010"; VariantName = "[No Variations]"
Add component (AddParameter): Name = "Publisher"; Value = "Andrew Danich"; VariantName = "[No Variations]"
Add component (AddParameter): Name = "Type"; Value = "Конденсатор"; VariantName = "[No Variations]"
Added Component: Designator=C?(C0805C)
Add component (AddParameter): Name = "Published"; Value = "18.05.2010"; VariantName = "[No Variations]"
Add component (AddParameter): Name = "Publisher"; Value = "Andrew Danich"; VariantName = "[No Variations]"
Add component (AddParameter): Name = "Type"; Value = "Конденсатор"; VariantName = "[No Variations]"
Added Component: Designator=DA2(Texas_Instruments_D0014A_IPC_A)
Add component (AddParameter): Name = "OPAType"; Value = ""; VariantName = "[No Variations]"
Add component (AddParameter): Name = "Published"; Value = "29.07.2015"; VariantName = "[No Variations]"
Add component (AddParameter): Name = "Publisher"; Value = "Andrew Danich"; VariantName = "[No Variations]"
Add component (AddParameter): Name = "Type"; Value = "Микросхема"; VariantName = "[No Variations]"
Added Component: Designator=DA3(LM1085ISX-3.3)
Add component (AddParameter): Name = "Published"; Value = "31.07.2015"; VariantName = "[No Variations]"
Add component (AddParameter): Name = "Publisher"; Value = "Andrew Danich"; VariantName = "[No Variations]"
Add component (AddParameter): Name = "RegType"; Value = ""; VariantName = "[No Variations]"
Add component (AddParameter): Name = "Type"; Value = "Микросхема"; VariantName = "[No Variations]"
Added Component: Designator=DA4(SC_TO-252AA)
Add component (AddParameter): Name = "Published"; Value = "13.08.2015"; VariantName = "[No Variations]"
Add component (AddParameter): Name = "Publisher"; Value = "Andrew Danich"; VariantName = "[No Variations]"
Add component (AddParameter): Name = "RegType"; Value = ""; VariantName = "[No Variations]"
Add component (AddParameter): Name = "Type"; Value = "Микросхема"; VariantName = "[No Variations]"
Added Component: Designator=DA5(DIP-4)
Add component (AddParameter): Name = "Published"; Value = "09.01.2017"; VariantName = "[No Variations]"
Add component (AddParameter): Name = "Publisher"; Value = "Andrew Danich"; VariantName = "[No Variations]"
Add component (AddParameter): Name = "Type"; Value = "Микросхема"; VariantName = "[No Variations]"
Added Component: Designator=DA6(DIP-4)
Add component (AddParameter): Name = "Published"; Value = "09.01.2017"; VariantName = "[No Variations]"
Add component (AddParameter): Name = "Publisher"; Value = "Andrew Danich"; VariantName = "[No Variations]"
Add component (AddParameter): Name = "Type"; Value = "Микросхема"; VariantName = "[No Variations]"
Added Component: Designator=DA7(DIP-4)
Add component (AddParameter): Name = "Published"; Value = "09.01.2017"; VariantName = "[No Variations]"
Add component (AddParameter): Name = "Publisher"; Value = "Andrew Danich"; VariantName = "[No Variations]"
Add component (AddParameter): Name = "Type"; Value = "Микросхема"; VariantName = "[No Variations]"
Added Component: Designator=DA8(DIP-4)
Add component (AddParameter): Name = "Published"; Value = "09.01.2017"; VariantName = "[No Variations]"
Add component (AddParameter): Name = "Publisher"; Value = "Andrew Danich"; VariantName = "[No Variations]"
Add component (AddParameter): Name = "Type"; Value = "Микросхема"; VariantName = "[No Variations]"
Added Component: Designator=L1(AXIAL-0.6)
Add component (AddParameter): Name = "Published"; Value = "20.05.2010"; VariantName = "[No Variations]"
Add component (AddParameter): Name = "Publisher"; Value = "Andrew Danich"; VariantName = "[No Variations]"
Add component (AddParameter): Name = "Type"; Value = "Дроссель"; VariantName = "[No Variations]"
Added Component: Designator=R?(C0805R)
Add component (AddParameter): Name = "Published"; Value = "24.03.2010"; VariantName = "[No Variations]"
Add component (AddParameter): Name = "Publisher"; Value = "Andrew Danich"; VariantName = "[No Variations]"
Add component (AddParameter): Name = "Type"; Value = "Резистор"; VariantName = "[No Variations]"
Added Component: Designator=R?(C0805R)
Add component (AddParameter): Name = "Published"; Value = "24.03.2010"; VariantName = "[No Variations]"
Add component (AddParameter): Name = "Publisher"; Value = "Andrew Danich"; VariantName = "[No Variations]"
Add component (AddParameter): Name = "Type"; Value = "Резистор"; VariantName = "[No Variations]"
Added Component: Designator=R?(C0805R)
Add component (AddParameter): Name = "Published"; Value = "24.03.2010"; VariantName = "[No Variations]"
Add component (AddParameter): Name = "Publisher"; Value = "Andrew Danich"; VariantName = "[No Variations]"
Add component (AddParameter): Name = "Type"; Value = "Резистор"; VariantName = "[No Variations]"
Added Component: Designator=R?(C0805R)
Add component (AddParameter): Name = "Published"; Value = "24.03.2010"; VariantName = "[No Variations]"
Add component (AddParameter): Name = "Publisher"; Value = "Andrew Danich"; VariantName = "[No Variations]"
Add component (AddParameter): Name = "Type"; Value = "Резистор"; VariantName = "[No Variations]"
Added Component: Designator=R?(C0805R)
Add component (AddParameter): Name = "Published"; Value = "24.03.2010"; VariantName = "[No Variations]"
Add component (AddParameter): Name = "Publisher"; Value = "Andrew Danich"; VariantName = "[No Variations]"
Add component (AddParameter): Name = "Type"; Value = "Резистор"; VariantName = "[No Variations]"
Added Component: Designator=R?(C0805R)
Add component (AddParameter): Name = "Published"; Value = "24.03.2010"; VariantName = "[No Variations]"
Add component (AddParameter): Name = "Publisher"; Value = "Andrew Danich"; VariantName = "[No Variations]"
Add component (AddParameter): Name = "Type"; Value = "Резистор"; VariantName = "[No Variations]"
Added Component: Designator=R?(C0805R)
Add component (AddParameter): Name = "Published"; Value = "24.03.2010"; VariantName = "[No Variations]"
Add component (AddParameter): Name = "Publisher"; Value = "Andrew Danich"; VariantName = "[No Variations]"
Add component (AddParameter): Name = "Type"; Value = "Резистор"; VariantName = "[No Variations]"
Added Component: Designator=R?(C0805R)
Add component (AddParameter): Name = "Published"; Value = "24.03.2010"; VariantName = "[No Variations]"
Add component (AddParameter): Name = "Publisher"; Value = "Andrew Danich"; VariantName = "[No Variations]"
Add component (AddParameter): Name = "Type"; Value = "Резистор"; VariantName = "[No Variations]"
Added Component: Designator=VD1(DO-41)
Add component (AddParameter): Name = "Published"; Value = "18.05.2010"; VariantName = "[No Variations]"
Add component (AddParameter): Name = "Publisher"; Value = "Andrew Danich"; VariantName = "[No Variations]"
Add component (AddParameter): Name = "Type"; Value = "Диод"; VariantName = "[No Variations]"
Added Component: Designator=VD2(DO-41)
Add component (AddParameter): Name = "Published"; Value = "20.05.2013"; VariantName = "[No Variations]"
Add component (AddParameter): Name = "Publisher"; Value = "Andrew Danich"; VariantName = "[No Variations]"
Add component (AddParameter): Name = "Type"; Value = "Стабилитрон"; VariantName = "[No Variations]"
Added Component: Designator=VD4(DO-41)
Add component (AddParameter): Name = "Published"; Value = "20.05.2013"; VariantName = "[No Variations]"
Add component (AddParameter): Name = "Publisher"; Value = "Andrew Danich"; VariantName = "[No Variations]"
Add component (AddParameter): Name = "Type"; Value = "Стабилитрон"; VariantName = "[No Variations]"
Added Component: Designator=VD5(DO-41)
Add component (AddParameter): Name = "Published"; Value = "20.05.2013"; VariantName = "[No Variations]"
Add component (AddParameter): Name = "Publisher"; Value = "Andrew Danich"; VariantName = "[No Variations]"
Add component (AddParameter): Name = "Type"; Value = "Стабилитрон"; VariantName = "[No Variations]"
Added Component: Designator=VD6(DO-41)
Add component (AddParameter): Name = "Published"; Value = "20.05.2013"; VariantName = "[No Variations]"
Add component (AddParameter): Name = "Publisher"; Value = "Andrew Danich"; VariantName = "[No Variations]"
Add component (AddParameter): Name = "Type"; Value = "Стабилитрон"; VariantName = "[No Variations]"
Added Component: Designator=VD11(BAT54C_SOT23-3)
Added Component: Designator=XS1(YX-XH-3)
Add component (AddParameter): Name = "Published"; Value = "07.03.2013"; VariantName = "[No Variations]"
Add component (AddParameter): Name = "Publisher"; Value = "Andrew Danich"; VariantName = "[No Variations]"
Add component (AddParameter): Name = "Type"; Value = "Розетка"; VariantName = "[No Variations]"
Added Component: Designator=XS2(YX-XH-3)
Add component (AddParameter): Name = "Published"; Value = "07.03.2013"; VariantName = "[No Variations]"
Add component (AddParameter): Name = "Publisher"; Value = "Andrew Danich"; VariantName = "[No Variations]"
Add component (AddParameter): Name = "Type"; Value = "Розетка"; VariantName = "[No Variations]"
Added Component: Designator=XS3(YX-XH-3)
Add component (AddParameter): Name = "Published"; Value = "07.03.2013"; VariantName = "[No Variations]"
Add component (AddParameter): Name = "Publisher"; Value = "Andrew Danich"; VariantName = "[No Variations]"
Add component (AddParameter): Name = "Type"; Value = "Розетка"; VariantName = "[No Variations]"
Added Component: Designator=XS4(YX-XH-3)
Add component (AddParameter): Name = "Published"; Value = "07.03.2013"; VariantName = "[No Variations]"
Add component (AddParameter): Name = "Publisher"; Value = "Andrew Danich"; VariantName = "[No Variations]"
Add component (AddParameter): Name = "Type"; Value = "Розетка"; VariantName = "[No Variations]"
Added Component: Designator=XS6(PLD1X4)
Add component (AddParameter): Name = "Published"; Value = "07.03.2013"; VariantName = "[No Variations]"
Add component (AddParameter): Name = "Publisher"; Value = "Andrew Danich"; VariantName = "[No Variations]"
Add component (AddParameter): Name = "Specification"; Value = ""; VariantName = "[No Variations]"
Add component (AddParameter): Name = "Type"; Value = "Розетка"; VariantName = "[No Variations]"
Add component (AddParameter): Name = "Value"; Value = "Connector"; VariantName = "[No Variations]"
Added Component: Designator=XS7(PLD1X4)
Add component (AddParameter): Name = "Published"; Value = "07.03.2013"; VariantName = "[No Variations]"
Add component (AddParameter): Name = "Publisher"; Value = "Andrew Danich"; VariantName = "[No Variations]"
Add component (AddParameter): Name = "Specification"; Value = ""; VariantName = "[No Variations]"
Add component (AddParameter): Name = "Type"; Value = "Розетка"; VariantName = "[No Variations]"
Add component (AddParameter): Name = "Value"; Value = "Connector"; VariantName = "[No Variations]"
Added Component: Designator=XS8(PLD1X4)
Add component (AddParameter): Name = "Published"; Value = "07.03.2013"; VariantName = "[No Variations]"
Add component (AddParameter): Name = "Publisher"; Value = "Andrew Danich"; VariantName = "[No Variations]"
Add component (AddParameter): Name = "Specification"; Value = ""; VariantName = "[No Variations]"
Add component (AddParameter): Name = "Type"; Value = "Розетка"; VariantName = "[No Variations]"
Add component (AddParameter): Name = "Value"; Value = "Connector"; VariantName = "[No Variations]"
Added Component: Designator=XS9(YX-XH-3)
Add component (AddParameter): Name = "Published"; Value = "07.03.2013"; VariantName = "[No Variations]"
Add component (AddParameter): Name = "Publisher"; Value = "Andrew Danich"; VariantName = "[No Variations]"
Add component (AddParameter): Name = "Type"; Value = "Розетка"; VariantName = "[No Variations]"
Added Component: Designator=XS10(PLD2)
Add component (AddParameter): Name = "Published"; Value = "07.03.2013"; VariantName = "[No Variations]"
Add component (AddParameter): Name = "Publisher"; Value = "Andrew Danich"; VariantName = "[No Variations]"
Add component (AddParameter): Name = "Specification"; Value = ""; VariantName = "[No Variations]"
Add component (AddParameter): Name = "Type"; Value = "Розетка"; VariantName = "[No Variations]"
Add component (AddParameter): Name = "Value"; Value = "Connector"; VariantName = "[No Variations]"
Added Component: Designator=XS11(YX-XH-3)
Add component (AddParameter): Name = "Published"; Value = "07.03.2013"; VariantName = "[No Variations]"
Add component (AddParameter): Name = "Publisher"; Value = "Andrew Danich"; VariantName = "[No Variations]"
Add component (AddParameter): Name = "Type"; Value = "Розетка"; VariantName = "[No Variations]"
Added Component: Designator=XS12(PLD1X4)
Add component (AddParameter): Name = "Published"; Value = "07.03.2013"; VariantName = "[No Variations]"
Add component (AddParameter): Name = "Publisher"; Value = "Andrew Danich"; VariantName = "[No Variations]"
Add component (AddParameter): Name = "Specification"; Value = ""; VariantName = "[No Variations]"
Add component (AddParameter): Name = "Type"; Value = "Розетка"; VariantName = "[No Variations]"
Add component (AddParameter): Name = "Value"; Value = "Connector"; VariantName = "[No Variations]"
Added Component: Designator=XS13(IDC-20)
Add component (AddParameter): Name = "Published"; Value = "07.03.2013"; VariantName = "[No Variations]"
Add component (AddParameter): Name = "Publisher"; Value = "Andrew Danich"; VariantName = "[No Variations]"
Add component (AddParameter): Name = "Specification"; Value = ""; VariantName = "[No Variations]"
Add component (AddParameter): Name = "Type"; Value = "Розетка"; VariantName = "[No Variations]"
Add component (AddParameter): Name = "Value"; Value = "Connector"; VariantName = "[No Variations]"
Added Component: Designator=XS14(PLD2)
Add component (AddParameter): Name = "Published"; Value = "07.03.2013"; VariantName = "[No Variations]"
Add component (AddParameter): Name = "Publisher"; Value = "Andrew Danich"; VariantName = "[No Variations]"
Add component (AddParameter): Name = "Specification"; Value = ""; VariantName = "[No Variations]"
Add component (AddParameter): Name = "Type"; Value = "Розетка"; VariantName = "[No Variations]"
Add component (AddParameter): Name = "Value"; Value = "Connector"; VariantName = "[No Variations]"
Added Component: Designator=Z1(HCM1206X)
Added Component: Designator=ZQ1(HC49SM)
Add component (AddParameter): Name = "Published"; Value = "08.03.2013"; VariantName = "[No Variations]"
Add component (AddParameter): Name = "Publisher"; Value = "Andrew Danich"; VariantName = "[No Variations]"
Add component (AddParameter): Name = "Type"; Value = "Резонатор"; VariantName = "[No Variations]"
Added Pin To Net: NetName=GND Pin=C2-1
Added Pin To Net: NetName=+12V Pin=C2-2
Added Pin To Net: NetName=GND Pin=C3-1
Added Pin To Net: NetName=3V3 Pin=C3-2
Added Pin To Net: NetName=GND Pin=C5-1
Added Pin To Net: NetName=3V3 Pin=C5-2
Added Pin To Net: NetName=GND Pin=C6-1
Added Pin To Net: NetName=3V3 Pin=C6-2
Added Pin To Net: NetName=NetC8_1 Pin=C8-1
Added Pin To Net: NetName=GND Pin=C8-2
Added Pin To Net: NetName=GND Pin=C9-1
Added Pin To Net: NetName=GND Pin=C10-1
Added Pin To Net: NetName=GND Pin=C11-1
Added Pin To Net: NetName=3V3 Pin=C11-2
Added Pin To Net: NetName=GND Pin=C45-1
Added Pin To Net: NetName=GND Pin=C50-1
Added Pin To Net: NetName=GND Pin=C?-1
Added Pin To Net: NetName=GND Pin=C?-1
Added Pin To Net: NetName=GND Pin=C?-1
Added Pin To Net: NetName=GND Pin=C?-1
Added Pin To Net: NetName=GND Pin=DA3-1
Added Pin To Net: NetName=3V3 Pin=DA3-2
Added Pin To Net: NetName=+12V Pin=DA3-3
Added Pin To Net: NetName=3V3 Pin=DA3-4
Added Pin To Net: NetName=+12V Pin=DA4-1
Added Pin To Net: NetName=GND Pin=DA4-2
Added Pin To Net: NetName=GND Pin=DA5-2
Added Pin To Net: NetName=GND Pin=DA5-3
Added Pin To Net: NetName=GND Pin=DA6-3
Added Pin To Net: NetName=GND Pin=DA7-2
Added Pin To Net: NetName=GND Pin=DA7-3
Added Pin To Net: NetName=GND Pin=DA8-2
Added Pin To Net: NetName=GND Pin=DA8-3
Added Pin To Net: NetName=NetC8_1 Pin=L1-1
Added Pin To Net: NetName=3V3 Pin=R1-1
Added Pin To Net: NetName=NetD1_27 Pin=R1-2
Added Pin To Net: NetName=NetR2_2 Pin=R4-1
Added Pin To Net: NetName=+12V Pin=R5-2
Added Pin To Net: NetName=+12V Pin=R6-2
Added Pin To Net: NetName=NetDD2_6 Pin=R12-2
Added Pin To Net: NetName=NetDD2_8 Pin=R13-1
Added Pin To Net: NetName=GND Pin=R13-2
Added Pin To Net: NetName=3V3 Pin=R14-2
Added Pin To Net: NetName=NetC14_2 Pin=R15-1
Added Pin To Net: NetName=NetC12_1 Pin=R15-2
Added Pin To Net: NetName=3V3 Pin=R17-1
Added Pin To Net: NetName=GND Pin=R18-1
Added Pin To Net: NetName=NetC43_1 Pin=R18-2
Added Pin To Net: NetName=NetD1_42 Pin=R19-1
Added Pin To Net: NetName=+3.3 Pin=R19-2
Added Pin To Net: NetName=NetD1_26 Pin=R20-1
Added Pin To Net: NetName=+3.3 Pin=R20-2
Added Pin To Net: NetName=NetD1_40 Pin=R21-1
Added Pin To Net: NetName=+3.3 Pin=R21-2
Added Pin To Net: NetName=NetD1_28 Pin=R24-1
Added Pin To Net: NetName=+3.3 Pin=R24-2
Added Pin To Net: NetName=+12 Pin=R38-2
Added Pin To Net: NetName=+3V3 Pin=R41-2
Added Pin To Net: NetName=+3V3 Pin=R42-2
Added Pin To Net: NetName=+3V3 Pin=R43-2
Added Pin To Net: NetName=+3V3 Pin=R44-2
Added Pin To Net: NetName=GND Pin=R45-1
Added Pin To Net: NetName=+12 Pin=R46-2
Added Pin To Net: NetName=+12 Pin=R47-2
Added Pin To Net: NetName=GND Pin=R?-1
Added Pin To Net: NetName=GND Pin=R?-1
Added Pin To Net: NetName=GND Pin=R?-1
Added Pin To Net: NetName=GND Pin=R?-2
Added Pin To Net: NetName=NetR45_2 Pin=U7-76
Added Pin To Net: NetName=GND Pin=VD2-1
Added Pin To Net: NetName=NetR48_1 Pin=VD2-2
Added Pin To Net: NetName=GND Pin=VD4-1
Added Pin To Net: NetName=NetR49_1 Pin=VD4-2
Added Pin To Net: NetName=GND Pin=VD5-1
Added Pin To Net: NetName=NetR50_1 Pin=VD5-2
Added Pin To Net: NetName=GND Pin=VD6-1
Added Pin To Net: NetName=NetC8_1 Pin=VD6-2
Added Pin To Net: NetName=NetR2_2 Pin=VT1-1
Added Pin To Net: NetName=NetC8_1 Pin=VT1-2
Added Pin To Net: NetName=NetR5_1 Pin=VT2-1
Added Pin To Net: NetName=GND Pin=VT2-3
Added Pin To Net: NetName=3V3 Pin=XS1-1
Added Pin To Net: NetName=NetR17_2 Pin=XS1-2
Added Pin To Net: NetName=GND Pin=XS1-3
Added Pin To Net: NetName=3V3 Pin=XS2-1
Added Pin To Net: NetName=NetR17_2 Pin=XS2-2
Added Pin To Net: NetName=GND Pin=XS2-3
Added Pin To Net: NetName=3V3 Pin=XS3-1
Added Pin To Net: NetName=NetR17_2 Pin=XS3-2
Added Pin To Net: NetName=GND Pin=XS3-3
Added Pin To Net: NetName=3V3 Pin=XS4-1
Added Pin To Net: NetName=NetR17_2 Pin=XS4-2
Added Pin To Net: NetName=GND Pin=XS4-3
Added Pin To Net: NetName=GND Pin=XS6-1
Added Pin To Net: NetName=+12 Pin=XS6-2
Added Pin To Net: NetName=NetR48_1 Pin=XS6-4
Added Pin To Net: NetName=GND Pin=XS7-1
Added Pin To Net: NetName=+12 Pin=XS7-2
Added Pin To Net: NetName=NetR49_1 Pin=XS7-4
Added Pin To Net: NetName=GND Pin=XS8-1
Added Pin To Net: NetName=+12 Pin=XS8-2
Added Pin To Net: NetName=NetR47_1 Pin=XS8-3
Added Pin To Net: NetName=NetR50_1 Pin=XS8-4
Added Pin To Net: NetName=NetDD1_7 Pin=XS9-1
Added Pin To Net: NetName=NetDD1_6 Pin=XS9-2
Added Pin To Net: NetName=GND Pin=XS9-3
Added Pin To Net: NetName=NetDD1_7 Pin=XS10-1
Added Pin To Net: NetName=NetR11_1 Pin=XS10-2
Added Pin To Net: NetName=NetDD2_7 Pin=XS11-1
Added Pin To Net: NetName=NetDD2_6 Pin=XS11-2
Added Pin To Net: NetName=GND Pin=XS11-3
Added Pin To Net: NetName=+3V3 Pin=XS13-1
Added Pin To Net: NetName=+3V3 Pin=XS13-2
Added Pin To Net: NetName=GND Pin=XS13-4
Added Pin To Net: NetName=GND Pin=XS13-6
Added Pin To Net: NetName=GND Pin=XS13-8
Added Pin To Net: NetName=NetR45_2 Pin=XS13-9
Added Pin To Net: NetName=GND Pin=XS13-10
Added Pin To Net: NetName=GND Pin=XS13-12
Added Pin To Net: NetName=GND Pin=XS13-14
Added Pin To Net: NetName=GND Pin=XS13-16
Added Pin To Net: NetName=GND Pin=XS13-18
Added Pin To Net: NetName=GND Pin=XS13-20
Added Pin To Net: NetName=NetDD2_7 Pin=XS14-1
Added Pin To Net: NetName=+12V Pin=Z1-2
Added Pin To Net: NetName=+8V Pin=C50-2
Added Pin To Net: NetName=+8V Pin=DA4-3
Added Net: Name=+8V
Added Pin To Net: NetName=NetC7_1 Pin=R2-1
Added Pin To Net: NetName=NetC7_1 Pin=VT1-3
Added Net: Name=NetC7_1
Added Pin To Net: NetName=NetC23_1 Pin=C23-1
Added Pin To Net: NetName=NetC23_1 Pin=R16-2
Added Pin To Net: NetName=NetC23_1 Pin=U7-12
Added Net: Name=NetC23_1
Added Pin To Net: NetName=NetC?_1 Pin=C?-1
Added Pin To Net: NetName=NetC?_1 Pin=C?-2
Added Pin To Net: NetName=NetC?_1 Pin=DA2-2
Added Pin To Net: NetName=NetC?_1 Pin=DA2-5
Added Pin To Net: NetName=NetC?_1 Pin=R?-1
Added Net: Name=NetC?_1
Added Pin To Net: NetName=NetC?_2 Pin=C?-2
Added Pin To Net: NetName=NetC?_2 Pin=R?-2
Added Net: Name=NetC?_2
Added Pin To Net: NetName=NetDA2_3 Pin=DA2-3
Added Net: Name=NetDA2_3
Added Pin To Net: NetName=NetDA2_6 Pin=DA2-6
Added Pin To Net: NetName=NetDA2_6 Pin=DA2-7
Added Pin To Net: NetName=NetDA2_6 Pin=R?-2
Added Net: Name=NetDA2_6
Added Pin To Net: NetName=NetDA2_8 Pin=DA2-8
Added Pin To Net: NetName=NetDA2_8 Pin=DA2-9
Added Pin To Net: NetName=NetDA2_8 Pin=R?-2
Added Net: Name=NetDA2_8
Added Pin To Net: NetName=NetDA2_12 Pin=DA2-12
Added Net: Name=NetDA2_12
Added Pin To Net: NetName=NetDA5_1 Pin=DA5-1
Added Pin To Net: NetName=NetDA5_1 Pin=R3-1
Added Net: Name=NetDA5_1
Added Pin To Net: NetName=NetDA5_4 Pin=DA5-4
Added Pin To Net: NetName=NetDA5_4 Pin=R4-2
Added Net: Name=NetDA5_4
Added Pin To Net: NetName=NetDA6_1 Pin=DA6-1
Added Pin To Net: NetName=NetDA6_1 Pin=R6-1
Added Pin To Net: NetName=NetDA6_1 Pin=VD1-1
Added Net: Name=NetDA6_1
Added Pin To Net: NetName=NetDA6_2 Pin=DA6-2
Added Pin To Net: NetName=NetDA6_2 Pin=R7-2
Added Net: Name=NetDA6_2
Added Pin To Net: NetName=NetDA6_4 Pin=DA6-4
Added Pin To Net: NetName=NetDA6_4 Pin=R3-2
Added Pin To Net: NetName=NetDA6_4 Pin=R8-2
Added Pin To Net: NetName=NetDA6_4 Pin=R9-2
Added Net: Name=NetDA6_4
Added Pin To Net: NetName=NetDA7_1 Pin=DA7-1
Added Pin To Net: NetName=NetDA7_1 Pin=R8-1
Added Net: Name=NetDA7_1
Added Pin To Net: NetName=NetDA7_4 Pin=DA7-4
Added Net: Name=NetDA7_4
Added Pin To Net: NetName=NetDA8_1 Pin=DA8-1
Added Pin To Net: NetName=NetDA8_1 Pin=R9-1
Added Net: Name=NetDA8_1
Added Pin To Net: NetName=NetDA8_4 Pin=DA8-4
Added Pin To Net: NetName=NetDA8_4 Pin=R39-2
Added Net: Name=NetDA8_4
Added Pin To Net: NetName=NetDD2_1 Pin=DD2-1
Added Net: Name=NetDD2_1
Added Pin To Net: NetName=NetDD2_4 Pin=DD2-4
Added Net: Name=NetDD2_4
Added Pin To Net: NetName=NetDD?_1 Pin=R14-1
Added Pin To Net: NetName=NetDD?_1 Pin=U7-35
Added Net: Name=NetDD?_1
Added Pin To Net: NetName=NetDD?_2 Pin=U7-31
Added Net: Name=NetDD?_2
Added Pin To Net: NetName=NetDD?_5 Pin=U7-91
Added Net: Name=NetDD?_5
Added Pin To Net: NetName=NetDD?_6 Pin=U7-30
Added Net: Name=NetDD?_6
Added Net: Name=NetK1_12
Added Net: Name=NetK1_13
Added Pin To Net: NetName=NetL1_2 Pin=L1-2
Added Net: Name=NetL1_2
Added Pin To Net: NetName=NetR7_1 Pin=R7-1
Added Net: Name=NetR7_1
Added Pin To Net: NetName=NetR12_1 Pin=R12-1
Added Pin To Net: NetName=NetR12_1 Pin=XS14-2
Added Net: Name=NetR12_1
Added Pin To Net: NetName=NetR16_1 Pin=R16-1
Added Pin To Net: NetName=NetR16_1 Pin=U7-13
Added Pin To Net: NetName=NetR16_1 Pin=ZQ1-1
Added Net: Name=NetR16_1
Added Pin To Net: NetName=NetR38_1 Pin=R38-1
Added Pin To Net: NetName=NetR38_1 Pin=XS7-3
Added Net: Name=NetR38_1
Added Pin To Net: NetName=NetR39_1 Pin=R39-1
Added Net: Name=NetR39_1
Added Pin To Net: NetName=NetR41_1 Pin=R41-1
Added Pin To Net: NetName=NetR41_1 Pin=XS13-3
Added Net: Name=NetR41_1
Added Pin To Net: NetName=NetR42_1 Pin=R42-1
Added Pin To Net: NetName=NetR42_1 Pin=U7-77
Added Pin To Net: NetName=NetR42_1 Pin=XS13-5
Added Net: Name=NetR42_1
Added Pin To Net: NetName=NetR43_1 Pin=R43-1
Added Pin To Net: NetName=NetR43_1 Pin=U7-72
Added Pin To Net: NetName=NetR43_1 Pin=XS13-7
Added Net: Name=NetR43_1
Added Pin To Net: NetName=NetR44_1 Pin=R44-1
Added Pin To Net: NetName=NetR44_1 Pin=XS13-13
Added Net: Name=NetR44_1
Added Pin To Net: NetName=NetR46_1 Pin=R46-1
Added Pin To Net: NetName=NetR46_1 Pin=XS6-3
Added Net: Name=NetR46_1
Added Pin To Net: NetName=NetR55_1 Pin=R?-1
Added Net: Name=NetR55_1
Added Pin To Net: NetName=NetR55_3 Pin=R?-2
Added Net: Name=NetR55_3
Added Pin To Net: NetName=NetR61_1 Pin=R?-1
Added Net: Name=NetR61_1
Added Pin To Net: NetName=NetR61_3 Pin=R?-2
Added Net: Name=NetR61_3
Added Pin To Net: NetName=NetR?_1 Pin=R?-1
Added Pin To Net: NetName=NetR?_1 Pin=VD11-1
Added Net: Name=NetR?_1
Added Pin To Net: NetName=NetVD1_2 Pin=VD1-2
Added Pin To Net: NetName=NetVD1_2 Pin=VT2-2
Added Net: Name=NetVD1_2
Added Pin To Net: NetName=NetVD11_2 Pin=VD11-2
Added Net: Name=NetVD11_2
Added Pin To Net: NetName=NetXS13_15 Pin=XS13-15
Added Net: Name=NetXS13_15
Change Class Name : Old Net Name=FAN_CTRL New Net Name=JTAG_MCU
Change Class Name : Old Net Name=Seq New Net Name=SEQUENCER
Added Class: Name=FAN_CTRL
Added Class: Name=LCD2004
Added Member To Class: ClassName=SEQUENCER Member=Component C8 0.1uF
Added Member To Class: ClassName=POWER_SUPPLY Member=Component C45 0.33 uF
Added Member To Class: ClassName=POWER_SUPPLY Member=Component C50 0.1 uF
Added Member To Class: ClassName=DIRECTIONAL_COUPLER Member=Component C? 10n
Added Member To Class: ClassName=DIRECTIONAL_COUPLER Member=Component C? 1uF
Added Member To Class: ClassName=DIRECTIONAL_COUPLER Member=Component C? 10n
Added Member To Class: ClassName=DIRECTIONAL_COUPLER Member=Component C? 1uF
Added Member To Class: ClassName=DIRECTIONAL_COUPLER Member=Component C? 10n
Added Member To Class: ClassName=DIRECTIONAL_COUPLER Member=Component C? 10n
Added Member To Class: ClassName=DIRECTIONAL_COUPLER Member=Component DA2 LM224
Added Member To Class: ClassName=POWER_SUPPLY Member=Component DA3 LM1085ISX-3.3
Added Member To Class: ClassName=POWER_SUPPLY Member=Component DA4 78M08CDT
Added Member To Class: ClassName=SEQUENCER Member=Component DA5 TLP627
Added Member To Class: ClassName=SEQUENCER Member=Component DA6 TLP781
Added Member To Class: ClassName=SEQUENCER Member=Component DA7 TLP627
Added Member To Class: ClassName=SEQUENCER Member=Component DA8 TLP627
Added Member To Class: ClassName=SEQUENCER Member=Component L1 EC24-151K
Added Member To Class: ClassName=ETH_PHY Member=Component R1 2k
Added Member To Class: ClassName=FLASH Member=Component R14 10k
Added Member To Class: ClassName=MCU Member=Component R15 R0805
Added Member To Class: ClassName=MCU Member=Component R16 R0805
Added Member To Class: ClassName=DS18B20 Member=Component R17 4k7
Added Member To Class: ClassName=ETH_PHY Member=Component R18 R0805
Added Member To Class: ClassName=ETH_PHY Member=Component R19 2k
Added Member To Class: ClassName=ETH_PHY Member=Component R20 2k
Added Member To Class: ClassName=ETH_PHY Member=Component R21 2k
Added Member To Class: ClassName=ETH_PHY Member=Component R24 2k
Added Member To Class: ClassName=SEQUENCER Member=Component R39 2k
Added Member To Class: ClassName=DIRECTIONAL_COUPLER Member=Component R? 120k
Added Member To Class: ClassName=DIRECTIONAL_COUPLER Member=Component R? 1k
Added Member To Class: ClassName=DIRECTIONAL_COUPLER Member=Component R? 4k7
Added Member To Class: ClassName=DIRECTIONAL_COUPLER Member=Component R? 120k
Added Member To Class: ClassName=DIRECTIONAL_COUPLER Member=Component R? 1k
Added Member To Class: ClassName=DIRECTIONAL_COUPLER Member=Component R? 4k7
Added Member To Class: ClassName=DIRECTIONAL_COUPLER Member=Component R? 10k
Added Member To Class: ClassName=DIRECTIONAL_COUPLER Member=Component R? 10k
Added Member To Class: ClassName=SEQUENCER Member=Component VD1 1N4007
Added Member To Class: ClassName=SEQUENCER Member=Component VD6 1N4744A
Added Member To Class: ClassName=DIRECTIONAL_COUPLER Member=Component VD11 BAT54C
Added Member To Class: ClassName=DS18B20 Member=Component XS1 Text
Added Member To Class: ClassName=DS18B20 Member=Component XS2 Text
Added Member To Class: ClassName=DS18B20 Member=Component XS3 Text
Added Member To Class: ClassName=DS18B20 Member=Component XS4 Text
Added Member To Class: ClassName=CAN Member=Component XS9 CAN
Added Member To Class: ClassName=CAN Member=Component XS10 Text
Added Member To Class: ClassName=CAN Member=Component XS11 CAN
Added Member To Class: ClassName=JTAG_MCU Member=Component XS13 Text
Added Member To Class: ClassName=CAN Member=Component XS14 Text
Added Member To Class: ClassName=SEQUENCER Member=Component Z1 HCM1212X
Added Member To Class: ClassName=MCU Member=Component ZQ1 HC49SM
Change Room Name: Old Name=JTAG New Name=LCD2004
Change Room Scope: Old Scope=InComponentClass('JTAG') New Scope=InComponentClass('LCD2004')
Change Room Name: Old Name=Seq New Name=JTAG_MCU
Change Room Scope: Old Scope=InComponentClass('Seq') New Scope=InComponentClass('JTAG_MCU')
Added Room: Name=SEQUENCER
