Added Component: Designator=C?(CAP_0805)
Add component (AddParameter): Name = "Value"; Value = ""; VariantName = "[No Variations]"
Added Component: Designator=C?(CAP_0805)
Add component (AddParameter): Name = "Value"; Value = ""; VariantName = "[No Variations]"
Added Component: Designator=C?(CAP_0805)
Add component (AddParameter): Name = "Value"; Value = ""; VariantName = "[No Variations]"
Added Component: Designator=R?(RES_0805)
Add component (AddParameter): Name = "Value"; Value = ""; VariantName = "[No Variations]"
Added Component: Designator=R?(RES_0805)
Add component (AddParameter): Name = "Value"; Value = ""; VariantName = "[No Variations]"
Added Component: Designator=R?(RES_0805)
Add component (AddParameter): Name = "Value"; Value = ""; VariantName = "[No Variations]"
Added Component: Designator=R?(RES_0805)
Add component (AddParameter): Name = "Value"; Value = ""; VariantName = "[No Variations]"
Added Pin To Net: NetName=GND Pin=C?-2
Added Pin To Net: NetName=GND Pin=C?-2
Added Pin To Net: NetName=GND Pin=C?-2
Added Pin To Net: NetName=GND Pin=C?-2
Added Pin To Net: NetName=GND Pin=R?-2
Added Pin To Net: NetName=GND Pin=X1-4
Added Pin To Net: NetName=GND Pin=X4-1
Added Pin To Net: NetName=GND Pin=X4-30
Added Pin To Net: NetName=+3.3 Pin=X4-31
Added Pin To Net: NetName=GND Pin=X4-32
Change Net Name : Old Net Name=PB3-JTDO New Net Name=NetR30_2
Change Net Name : Old Net Name=PB4-JNTRST New Net Name=NetR27_2
Change Net Name : Old Net Name=RESET New Net Name=NetX3_15
Added Pin To Net: NetName=EGND Pin=C?-1
Added Net: Name=EGND
Added Pin To Net: NetName=NetC?_1 Pin=C?-1
Added Pin To Net: NetName=NetC?_1 Pin=R?-1
Added Pin To Net: NetName=NetC?_1 Pin=X1-3
Added Net: Name=NetC?_1
Added Pin To Net: NetName=NetR2_1 Pin=U5-4
Added Net: Name=NetR2_1
Added Pin To Net: NetName=NetR?_1 Pin=R?-1
Added Net: Name=NetR?_1
Added Pin To Net: NetName=NetR?_2 Pin=R?-2
Added Net: Name=NetR?_2
Added Pin To Net: NetName=NetU2_38 Pin=U2-38
Added Pin To Net: NetName=NetU2_38 Pin=X4-14
Added Net: Name=NetU2_38
Added Pin To Net: NetName=NetU2_39 Pin=U2-39
Added Net: Name=NetU2_39
Added Pin To Net: NetName=NetU2_40 Pin=U2-40
Added Net: Name=NetU2_40
Added Pin To Net: NetName=NetU2_41 Pin=U2-41
Added Pin To Net: NetName=NetU2_41 Pin=X4-11
Added Net: Name=NetU2_41
Added Pin To Net: NetName=NetU2_42 Pin=U2-42
Added Net: Name=NetU2_42
Added Pin To Net: NetName=NetU2_43 Pin=U2-43
Added Pin To Net: NetName=NetU2_43 Pin=X4-9
Added Net: Name=NetU2_43
Added Pin To Net: NetName=NetU2_44 Pin=U2-44
Added Pin To Net: NetName=NetU2_44 Pin=X4-8
Added Net: Name=NetU2_44
Added Pin To Net: NetName=NetU2_45 Pin=U2-45
Added Pin To Net: NetName=NetU2_45 Pin=X4-7
Added Net: Name=NetU2_45
Added Pin To Net: NetName=NetU2_46 Pin=U2-46
Added Pin To Net: NetName=NetU2_46 Pin=X4-6
Added Net: Name=NetU2_46
Added Pin To Net: NetName=NetU2_55 Pin=U2-55
Added Pin To Net: NetName=NetU2_55 Pin=X4-5
Added Net: Name=NetU2_55
Added Pin To Net: NetName=NetU2_56 Pin=U2-56
Added Pin To Net: NetName=NetU2_56 Pin=X4-4
Added Net: Name=NetU2_56
Added Pin To Net: NetName=NetU2_57 Pin=U2-57
Added Pin To Net: NetName=NetU2_57 Pin=X4-3
Added Net: Name=NetU2_57
Added Pin To Net: NetName=NetU2_60 Pin=U2-60
Added Pin To Net: NetName=NetU2_60 Pin=X4-2
Added Pin To Net: NetName=NetU2_60 Pin=X4-21
Added Net: Name=NetU2_60
Added Pin To Net: NetName=NetU2_61 Pin=U2-61
Added Pin To Net: NetName=NetU2_61 Pin=X4-18
Added Net: Name=NetU2_61
Added Pin To Net: NetName=NetU2_62 Pin=U2-62
Added Pin To Net: NetName=NetU2_62 Pin=X4-17
Added Net: Name=NetU2_62
Added Pin To Net: NetName=NetU2_81 Pin=U2-81
Added Pin To Net: NetName=NetU2_81 Pin=X4-16
Added Net: Name=NetU2_81
Added Pin To Net: NetName=NetU2_82 Pin=U2-82
Added Pin To Net: NetName=NetU2_82 Pin=X4-15
Added Net: Name=NetU2_82
Added Pin To Net: NetName=NetU2_85 Pin=U2-85
Added Pin To Net: NetName=NetU2_85 Pin=X4-19
Added Net: Name=NetU2_85
Added Pin To Net: NetName=NetU2_86 Pin=U2-86
Added Pin To Net: NetName=NetU2_86 Pin=X4-20
Added Net: Name=NetU2_86
Added Pin To Net: NetName=NetU2_88 Pin=U2-88
Added Pin To Net: NetName=NetU2_88 Pin=X4-22
Added Net: Name=NetU2_88
Added Pin To Net: NetName=NetX4_23 Pin=X4-23
Added Net: Name=NetX4_23
Added Pin To Net: NetName=NetX4_24 Pin=X4-24
Added Net: Name=NetX4_24
Added Pin To Net: NetName=NetX4_25 Pin=X4-25
Added Net: Name=NetX4_25
Added Pin To Net: NetName=NetX4_26 Pin=X4-26
Added Net: Name=NetX4_26
Added Member To Class: ClassName=USB Member=Component C? =Value+''
Added Member To Class: ClassName=USB Member=Component C? CAP_0805
Added Member To Class: ClassName=USB Member=Component C? CAP_0805
Added Member To Class: ClassName=USB Member=Component C? CAP_0805
Added Member To Class: ClassName=USB Member=Component R? RES_0805
Added Member To Class: ClassName=USB Member=Component R? RES_0805
Added Member To Class: ClassName=USB Member=Component R? RES_0805
Added Member To Class: ClassName=USB Member=Component R? RES_0805
