Removed Pin From Net: NetName=+12V Pin=C1-1
Removed Pin From Net: NetName=+12V Pin=C2-1
Removed Pin From Net: NetName=+3V3 Pin=C3-1
Removed Pin From Net: NetName=+3V3 Pin=C4-1
Removed Pin From Net: NetName=+3V3 Pin=C5-1
Removed Pin From Net: NetName=+3V3 Pin=C6-1
Removed Pin From Net: NetName=+12V Pin=C7-1
Removed Pin From Net: NetName=+12V Pin=C8-1
Removed Pin From Net: NetName=+3V3 Pin=C9-1
Removed Pin From Net: NetName=+3V3 Pin=C10-1
Removed Pin From Net: NetName=+3V3 Pin=C11-1
Removed Pin From Net: NetName=+3V3 Pin=C12-1
Removed Pin From Net: NetName=+3V3 Pin=U1-2
Removed Pin From Net: NetName=+12V Pin=U1-3
Removed Pin From Net: NetName=+3V3 Pin=U1-4
Removed Pin From Net: NetName=+3V3 Pin=U2-2
Removed Pin From Net: NetName=+12V Pin=U2-3
Removed Pin From Net: NetName=+3V3 Pin=U2-4
Add Net: Net with name "NetC?_2" already exists
Added Member To Class: ClassName=PA_CONTROL_BOARD Member=Component C? CAP_0805
Added Member To Class: ClassName=PA_CONTROL_BOARD Member=Component C? CAP_0805
Added Member To Class: ClassName=PA_CONTROL_BOARD Member=Component C? CAP_TANT_A
Added Member To Class: ClassName=PA_CONTROL_BOARD Member=Component C? CAP_0805
Added Member To Class: ClassName=PA_CONTROL_BOARD Member=Component C? CAP_0805
Added Member To Class: ClassName=PA_CONTROL_BOARD Member=Component C? CAP_TANT_A
Added Member To Class: ClassName=PA_CONTROL_BOARD Member=Component C? CAP_0805
Added Member To Class: ClassName=PA_CONTROL_BOARD Member=Component C? CAP_TANT_A
Added Member To Class: ClassName=PA_CONTROL_BOARD Member=Component C? CAP_TANT_A
Added Member To Class: ClassName=PA_CONTROL_BOARD Member=Component C? CAP_0805
Added Member To Class: ClassName=PA_CONTROL_BOARD Member=Component C? CAP_0805
