Change Component Designator: OldDesignator=DA? NewDesignator=DA3
Change Component Designator: OldDesignator=VD? NewDesignator=VD2
Added Pin To Net: NetName=NetC14_2 Pin=DA3-1
Added Pin To Net: NetName=NetC13_2 Pin=DA3-2
Added Pin To Net: NetName=NetC13_2 Pin=DA3-5
Added Pin To Net: NetName=NetC16_2 Pin=DA3-10
Change Net Name : Old Net Name=NetDD4_2 New Net Name=E_TXEN
Change Net Name : Old Net Name=NetDD4_3 New Net Name=E_TXD0
Change Net Name : Old Net Name=NetDD4_4 New Net Name=E_TXD1
Change Net Name : Old Net Name=NetDD4_26 New Net Name=LED_ACT
Change Net Name : Old Net Name=NetDD4_27 New Net Name=LED_SPEED
Change Net Name : Old Net Name=NetDD4_28 New Net Name=LED_LINK
Change Net Name : Old Net Name=NetDD4_29 New Net Name=E_NRST
Change Net Name : Old Net Name=NetDD4_30 New Net Name=E_MDIO
Change Net Name : Old Net Name=NetDD4_31 New Net Name=E_MDC
Change Net Name : Old Net Name=NetDD4_39 New Net Name=RX_DV
Change Net Name : Old Net Name=NetDD4_40 New Net Name=E_RMII_CRSDV
Change Net Name : Old Net Name=NetDD4_42 New Net Name=PHYAD0
Change Net Name : Old Net Name=NetVD?_2 New Net Name=NetVD2_2
Change Net Color : Old Net Color=RGB(158, 161, 117) New Net Color=Default
Change Net Color : Old Net Color=RGB(158, 161, 117) New Net Color=Default
Change Net Color : Old Net Color=RGB(158, 161, 117) New Net Color=Default
Change Net Color : Old Net Color=RGB(158, 161, 117) New Net Color=Default
Added Pin To Net: NetName=NetDA3_3 Pin=DA3-3
Added Net: Name=NetDA3_3
Added Pin To Net: NetName=NetDA3_6 Pin=DA3-6
Added Pin To Net: NetName=NetDA3_6 Pin=DA3-7
Added Pin To Net: NetName=NetDA3_6 Pin=R8-2
Added Net: Name=NetDA3_6
Added Pin To Net: NetName=NetDA3_8 Pin=DA3-8
Added Pin To Net: NetName=NetDA3_8 Pin=DA3-9
Added Pin To Net: NetName=NetDA3_8 Pin=R13-2
Added Net: Name=NetDA3_8
Added Pin To Net: NetName=NetDA3_12 Pin=DA3-12
Added Net: Name=NetDA3_12
Added Member To Class: ClassName=ETH_PHY Member=Component DD4 DP83848CVVNOPB
Added Room: Name=ETH_PHY
Added Rule: Name=Schematic Differential Pairs Routing
