Removed Member From Class: ClassName=MCU_CORE Member=VD?
Change Component Designator: OldDesignator=C? NewDesignator=C10
Change Component Designator: OldDesignator=C? NewDesignator=C36
Change Component Designator: OldDesignator=J? NewDesignator=J1
Change Component Designator: OldDesignator=VD? NewDesignator=VD9
Change Component Designator: OldDesignator=VD? NewDesignator=VD11
Change Component Designator: OldDesignator=ZQ? NewDesignator=ZQ2
Added Component: Designator=C25(C0805C)
Add component (AddParameter): Name = "Published"; Value = "18.05.2010"; VariantName = "[No Variations]"
Add component (AddParameter): Name = "Publisher"; Value = "Andrew Danich"; VariantName = "[No Variations]"
Add component (AddParameter): Name = "Type"; Value = "Конденсатор"; VariantName = "[No Variations]"
Added Pin To Net: NetName=GND Pin=C25-1
Added Pin To Net: NetName=3V3 Pin=C25-2
Change Net Name : Old Net Name=NetC?_2 New Net Name=NetC36_2
Change Net Name : Old Net Name=NetJ?_1 New Net Name=NetJ1_1
Added Pin To Net: NetName=NetC10_2 Pin=C10-2
Added Pin To Net: NetName=NetC10_2 Pin=DD5-8
Added Net: Name=NetC10_2
Added Member To Class: ClassName=MCU_CORE Member=Component C10 15pF
Added Member To Class: ClassName=ETH_PHY Member=Component C25 0.1uF
Added Member To Class: ClassName=MCU_CORE Member=Component VD11 BAT54C
Added Room: Name=CAN
Added Room: Name=DIRECTIONAL_COUPLER
Added Room: Name=DS18B20
Added Room: Name=ETH_PHY
Added Room: Name=FAN_CTRL
Added Room: Name=FLASH
Added Room: Name=IIC_LCD
Added Room: Name=JTAG_MCU
Added Room: Name=MCU_CORE
Added Room: Name=POWER_SUPPLY
