Add Component: Footprint Not Found BK-912-TR
Added Component: Designator=K?(HJR1-2C L-12VDC)
Add Pin To Net: Unknown Pin: Pin C1-1
Add Pin To Net: Unknown Pin: Pin C1-2
Add Pin To Net: Unknown Pin: Pin C4-1
Add Pin To Net: Unknown Pin: Pin C4-2
Add Pin To Net: Unknown Pin: Pin C30-1
Add Pin To Net: Unknown Pin: Pin C30-2
Add Pin To Net: Unknown Pin: Pin C48-1
Add Pin To Net: Unknown Pin: Pin C48-2
Add Pin To Net: Unknown Pin: Pin C51-1
Add Pin To Net: Unknown Pin: Pin C51-2
Add Pin To Net: Unknown Pin: Pin J1-1
Add Pin To Net: Unknown Pin: Pin J1-2
Added Pin To Net: NetName=+12V Pin=K?-1
Added Pin To Net: NetName=GND Pin=K?-4
Added Pin To Net: NetName=GND Pin=K?-13
Added Pin To Net: NetName=NetDA6_4 Pin=K?-16
Add Pin To Net: Unknown Pin: Pin R9-1
Add Pin To Net: Unknown Pin: Pin R9-2
Add Pin To Net: Unknown Pin: Pin R9-3
Add Pin To Net: Unknown Pin: Pin R14-1
Add Pin To Net: Unknown Pin: Pin R14-2
Add Pin To Net: Unknown Pin: Pin R14-3
Add Pin To Net: Unknown Pin: Pin VD1-A
Add Pin To Net: Unknown Pin: Pin VD1-C
Add Pin To Net: Unknown Pin: Pin VD3-A
Add Pin To Net: Unknown Pin: Pin VD3-C
Add Pin To Net: Unknown Pin: Pin XS10-1
Add Pin To Net: Unknown Pin: Pin XS10-2
Add Pin To Net: Unknown Pin: Pin XS10-3
Add Pin To Net: Unknown Pin: Pin ZQ1-3
Add Pin To Net: Unknown Pin: Pin ZQ2-3
Added Pin To Net: NetName=NetK?_6 Pin=K?-6
Added Pin To Net: NetName=NetK?_6 Pin=XS16-2
Added Net: Name=NetK?_6
Added Pin To Net: NetName=NetK?_8 Pin=K?-8
Added Pin To Net: NetName=NetK?_8 Pin=XS16-3
Added Net: Name=NetK?_8
Add Class Member: Failed to add class member : Component C1 10uFx10V
Add Class Member: Failed to add class member : Component C4 10uFx10V
Add Class Member: Failed to add class member : Component C30 10uFx10V
Add Class Member: Failed to add class member : Component C48 1uF
Add Class Member: Failed to add class member : Component C51 1uF
Add Class Member: Failed to add class member : Component J1 BK-912-TR
Added Member To Class: ClassName=SEQUENCER Member=Component K? HJR1-2CL-12VDC
Add Class Member: Failed to add class member : Component R9 20k
Add Class Member: Failed to add class member : Component R14 20k
Add Class Member: Failed to add class member : Component VD1
Add Class Member: Failed to add class member : Component VD3
Add Class Member: Failed to add class member : Component XS10 SWR
Added Room: Name=CAN
Added Room: Name=DS18B20
Added Room: Name=ETH_PHY
Added Room: Name=FAN_CTRL
Added Room: Name=JTAG_MCU
Added Room: Name=LCD2004
Added Room: Name=POWER_SUPPLY
Added Room: Name=SEQUENCER
