Added Component: Designator=BQ2(FC-135)
Added Component: Designator=C2(C0805C)
Add component (AddParameter): Name = "Published"; Value = "18.05.2010"; VariantName = "[No Variations]"
Add component (AddParameter): Name = "Publisher"; Value = "Andrew Danich"; VariantName = "[No Variations]"
Add component (AddParameter): Name = "Type"; Value = "Конденсатор"; VariantName = "[No Variations]"
Added Component: Designator=C3(C0805C)
Add component (AddParameter): Name = "Published"; Value = "18.05.2010"; VariantName = "[No Variations]"
Add component (AddParameter): Name = "Publisher"; Value = "Andrew Danich"; VariantName = "[No Variations]"
Add component (AddParameter): Name = "Type"; Value = "Конденсатор"; VariantName = "[No Variations]"
Added Component: Designator=C5(C0805C)
Add component (AddParameter): Name = "Published"; Value = "18.05.2010"; VariantName = "[No Variations]"
Add component (AddParameter): Name = "Publisher"; Value = "Andrew Danich"; VariantName = "[No Variations]"
Add component (AddParameter): Name = "Type"; Value = "Конденсатор"; VariantName = "[No Variations]"
Added Component: Designator=C6(C0805C)
Add component (AddParameter): Name = "Published"; Value = "18.05.2010"; VariantName = "[No Variations]"
Add component (AddParameter): Name = "Publisher"; Value = "Andrew Danich"; VariantName = "[No Variations]"
Add component (AddParameter): Name = "Type"; Value = "Конденсатор"; VariantName = "[No Variations]"
Added Component: Designator=C8(C0805C)
Add component (AddParameter): Name = "Published"; Value = "18.05.2010"; VariantName = "[No Variations]"
Add component (AddParameter): Name = "Publisher"; Value = "Andrew Danich"; VariantName = "[No Variations]"
Add component (AddParameter): Name = "Type"; Value = "Конденсатор"; VariantName = "[No Variations]"
Added Component: Designator=C9(C0805C)
Add component (AddParameter): Name = "Published"; Value = "18.05.2010"; VariantName = "[No Variations]"
Add component (AddParameter): Name = "Publisher"; Value = "Andrew Danich"; VariantName = "[No Variations]"
Add component (AddParameter): Name = "Type"; Value = "Конденсатор"; VariantName = "[No Variations]"
Added Component: Designator=C10(C0805C)
Add component (AddParameter): Name = "Published"; Value = "18.05.2010"; VariantName = "[No Variations]"
Add component (AddParameter): Name = "Publisher"; Value = "Andrew Danich"; VariantName = "[No Variations]"
Add component (AddParameter): Name = "Type"; Value = "Конденсатор"; VariantName = "[No Variations]"
Added Component: Designator=C11(C0805C)
Add component (AddParameter): Name = "Published"; Value = "18.05.2010"; VariantName = "[No Variations]"
Add component (AddParameter): Name = "Publisher"; Value = "Andrew Danich"; VariantName = "[No Variations]"
Add component (AddParameter): Name = "Type"; Value = "Конденсатор"; VariantName = "[No Variations]"
Added Component: Designator=C12(TECAP_A)
Added Component: Designator=C13(C0805C)
Add component (AddParameter): Name = "Value"; Value = ""; VariantName = "[No Variations]"
Added Component: Designator=C14(TECAP_A)
Added Component: Designator=C15(C0805C)
Add component (AddParameter): Name = "Value"; Value = ""; VariantName = "[No Variations]"
Added Component: Designator=C16(C0805C)
Add component (AddParameter): Name = "Value"; Value = ""; VariantName = "[No Variations]"
Added Component: Designator=C17(C0805C)
Add component (AddParameter): Name = "Value"; Value = ""; VariantName = "[No Variations]"
Added Component: Designator=C18(C0805C)
Add component (AddParameter): Name = "Value"; Value = ""; VariantName = "[No Variations]"
Added Component: Designator=C19(C0805C)
Add component (AddParameter): Name = "Value"; Value = ""; VariantName = "[No Variations]"
Added Component: Designator=C20(C0805C)
Add component (AddParameter): Name = "Value"; Value = ""; VariantName = "[No Variations]"
Added Component: Designator=C21(C0805C)
Add component (AddParameter): Name = "Value"; Value = ""; VariantName = "[No Variations]"
Added Component: Designator=C22(C0805C)
Add component (AddParameter): Name = "Value"; Value = ""; VariantName = "[No Variations]"
Added Component: Designator=C23(C0805C)
Add component (AddParameter): Name = "Value"; Value = ""; VariantName = "[No Variations]"
Added Component: Designator=C24(C0805C)
Add component (AddParameter): Name = "Value"; Value = ""; VariantName = "[No Variations]"
Added Component: Designator=C25(C0805C)
Add component (AddParameter): Name = "Value"; Value = ""; VariantName = "[No Variations]"
Added Component: Designator=C26(C0805C)
Add component (AddParameter): Name = "Value"; Value = ""; VariantName = "[No Variations]"
Added Component: Designator=C27(C0805C)
Add component (AddParameter): Name = "Value"; Value = ""; VariantName = "[No Variations]"
Added Component: Designator=C28(C0805C)
Add component (AddParameter): Name = "Value"; Value = ""; VariantName = "[No Variations]"
Added Component: Designator=C29(C0805C)
Add component (AddParameter): Name = "Value"; Value = ""; VariantName = "[No Variations]"
Added Component: Designator=C30(C0805C)
Add component (AddParameter): Name = "Value"; Value = ""; VariantName = "[No Variations]"
Added Component: Designator=C31(C0805C)
Add component (AddParameter): Name = "Value"; Value = ""; VariantName = "[No Variations]"
Added Component: Designator=C32(TECAP_A)
Added Component: Designator=C33(C0805C)
Add component (AddParameter): Name = "Value"; Value = ""; VariantName = "[No Variations]"
Added Component: Designator=C34(C0805C)
Add component (AddParameter): Name = "Value"; Value = ""; VariantName = "[No Variations]"
Added Component: Designator=C35(C0805C)
Add component (AddParameter): Name = "Value"; Value = ""; VariantName = "[No Variations]"
Added Component: Designator=C36(C0805C)
Add component (AddParameter): Name = "Value"; Value = ""; VariantName = "[No Variations]"
Added Component: Designator=C37(C0805C)
Add component (AddParameter): Name = "Value"; Value = ""; VariantName = "[No Variations]"
Added Component: Designator=C38(C0805C)
Add component (AddParameter): Name = "Value"; Value = ""; VariantName = "[No Variations]"
Added Component: Designator=C39(C0805C)
Add component (AddParameter): Name = "Value"; Value = ""; VariantName = "[No Variations]"
Added Component: Designator=C40(C0805C)
Add component (AddParameter): Name = "Value"; Value = ""; VariantName = "[No Variations]"
Added Component: Designator=C41(C0805C)
Add component (AddParameter): Name = "Value"; Value = ""; VariantName = "[No Variations]"
Added Component: Designator=C42(C0805C)
Add component (AddParameter): Name = "Value"; Value = ""; VariantName = "[No Variations]"
Added Component: Designator=C43(C_SMD1206)
Added Component: Designator=C45(C0805C)
Add component (AddParameter): Name = "Published"; Value = "18.05.2010"; VariantName = "[No Variations]"
Add component (AddParameter): Name = "Publisher"; Value = "Andrew Danich"; VariantName = "[No Variations]"
Add component (AddParameter): Name = "Type"; Value = "Конденсатор"; VariantName = "[No Variations]"
Added Component: Designator=C50(C0805C)
Add component (AddParameter): Name = "Published"; Value = "18.05.2010"; VariantName = "[No Variations]"
Add component (AddParameter): Name = "Publisher"; Value = "Andrew Danich"; VariantName = "[No Variations]"
Add component (AddParameter): Name = "Type"; Value = "Конденсатор"; VariantName = "[No Variations]"
Added Component: Designator=C?(C0805C)
Add component (AddParameter): Name = "Published"; Value = "18.05.2010"; VariantName = "[No Variations]"
Add component (AddParameter): Name = "Publisher"; Value = "Andrew Danich"; VariantName = "[No Variations]"
Add component (AddParameter): Name = "Type"; Value = "Конденсатор"; VariantName = "[No Variations]"
Added Component: Designator=C?(C0805C)
Add component (AddParameter): Name = "Published"; Value = "18.05.2010"; VariantName = "[No Variations]"
Add component (AddParameter): Name = "Publisher"; Value = "Andrew Danich"; VariantName = "[No Variations]"
Add component (AddParameter): Name = "Type"; Value = "Конденсатор"; VariantName = "[No Variations]"
Added Component: Designator=C?(C0805C)
Add component (AddParameter): Name = "Published"; Value = "18.05.2010"; VariantName = "[No Variations]"
Add component (AddParameter): Name = "Publisher"; Value = "Andrew Danich"; VariantName = "[No Variations]"
Add component (AddParameter): Name = "Type"; Value = "Конденсатор"; VariantName = "[No Variations]"
Added Component: Designator=C?(C0805C)
Add component (AddParameter): Name = "Published"; Value = "18.05.2010"; VariantName = "[No Variations]"
Add component (AddParameter): Name = "Publisher"; Value = "Andrew Danich"; VariantName = "[No Variations]"
Add component (AddParameter): Name = "Type"; Value = "Конденсатор"; VariantName = "[No Variations]"
Added Component: Designator=C?(C0805C)
Add component (AddParameter): Name = "Published"; Value = "18.05.2010"; VariantName = "[No Variations]"
Add component (AddParameter): Name = "Publisher"; Value = "Andrew Danich"; VariantName = "[No Variations]"
Add component (AddParameter): Name = "Type"; Value = "Конденсатор"; VariantName = "[No Variations]"
Added Component: Designator=C?(C0805C)
Add component (AddParameter): Name = "Published"; Value = "18.05.2010"; VariantName = "[No Variations]"
Add component (AddParameter): Name = "Publisher"; Value = "Andrew Danich"; VariantName = "[No Variations]"
Add component (AddParameter): Name = "Type"; Value = "Конденсатор"; VariantName = "[No Variations]"
Added Component: Designator=D1(QFP48)
Added Component: Designator=DA1(CFPS-73)
Added Component: Designator=DA2(Texas_Instruments_D0014A_IPC_A)
Add component (AddParameter): Name = "OPAType"; Value = ""; VariantName = "[No Variations]"
Add component (AddParameter): Name = "Published"; Value = "29.07.2015"; VariantName = "[No Variations]"
Add component (AddParameter): Name = "Publisher"; Value = "Andrew Danich"; VariantName = "[No Variations]"
Add component (AddParameter): Name = "Type"; Value = "Микросхема"; VariantName = "[No Variations]"
Added Component: Designator=DA3(LM1085ISX-3.3)
Add component (AddParameter): Name = "Published"; Value = "31.07.2015"; VariantName = "[No Variations]"
Add component (AddParameter): Name = "Publisher"; Value = "Andrew Danich"; VariantName = "[No Variations]"
Add component (AddParameter): Name = "RegType"; Value = ""; VariantName = "[No Variations]"
Add component (AddParameter): Name = "Type"; Value = "Микросхема"; VariantName = "[No Variations]"
Added Component: Designator=DA4(SC_TO-252AA)
Add component (AddParameter): Name = "Published"; Value = "13.08.2015"; VariantName = "[No Variations]"
Add component (AddParameter): Name = "Publisher"; Value = "Andrew Danich"; VariantName = "[No Variations]"
Add component (AddParameter): Name = "RegType"; Value = ""; VariantName = "[No Variations]"
Add component (AddParameter): Name = "Type"; Value = "Микросхема"; VariantName = "[No Variations]"
Added Component: Designator=DA5(DIP-4)
Add component (AddParameter): Name = "Published"; Value = "09.01.2017"; VariantName = "[No Variations]"
Add component (AddParameter): Name = "Publisher"; Value = "Andrew Danich"; VariantName = "[No Variations]"
Add component (AddParameter): Name = "Type"; Value = "Микросхема"; VariantName = "[No Variations]"
Added Component: Designator=DA6(DIP-4)
Add component (AddParameter): Name = "Published"; Value = "09.01.2017"; VariantName = "[No Variations]"
Add component (AddParameter): Name = "Publisher"; Value = "Andrew Danich"; VariantName = "[No Variations]"
Add component (AddParameter): Name = "Type"; Value = "Микросхема"; VariantName = "[No Variations]"
Added Component: Designator=DA7(DIP-4)
Add component (AddParameter): Name = "Published"; Value = "09.01.2017"; VariantName = "[No Variations]"
Add component (AddParameter): Name = "Publisher"; Value = "Andrew Danich"; VariantName = "[No Variations]"
Add component (AddParameter): Name = "Type"; Value = "Микросхема"; VariantName = "[No Variations]"
Added Component: Designator=DA8(DIP-4)
Add component (AddParameter): Name = "Published"; Value = "09.01.2017"; VariantName = "[No Variations]"
Add component (AddParameter): Name = "Publisher"; Value = "Andrew Danich"; VariantName = "[No Variations]"
Add component (AddParameter): Name = "Type"; Value = "Микросхема"; VariantName = "[No Variations]"
Added Component: Designator=DD1(SOIC8 (SO-8))
Add component (AddParameter): Name = "Published"; Value = "26.02.2013"; VariantName = "[No Variations]"
Add component (AddParameter): Name = "Publisher"; Value = "Andrew Danich"; VariantName = "[No Variations]"
Add component (AddParameter): Name = "Type"; Value = "Микросхема"; VariantName = "[No Variations]"
Added Component: Designator=DD2(SOIC8 (SO-8))
Add component (AddParameter): Name = "Published"; Value = "26.02.2013"; VariantName = "[No Variations]"
Add component (AddParameter): Name = "Publisher"; Value = "Andrew Danich"; VariantName = "[No Variations]"
Add component (AddParameter): Name = "Type"; Value = "Микросхема"; VariantName = "[No Variations]"
Added Component: Designator=L1(AXIAL-0.6)
Add component (AddParameter): Name = "Published"; Value = "20.05.2010"; VariantName = "[No Variations]"
Add component (AddParameter): Name = "Publisher"; Value = "Andrew Danich"; VariantName = "[No Variations]"
Add component (AddParameter): Name = "Type"; Value = "Дроссель"; VariantName = "[No Variations]"
Added Component: Designator=R1(C0805R)
Add component (AddParameter): Name = "Published"; Value = "24.03.2010"; VariantName = "[No Variations]"
Add component (AddParameter): Name = "Publisher"; Value = "Andrew Danich"; VariantName = "[No Variations]"
Add component (AddParameter): Name = "Type"; Value = "Резистор"; VariantName = "[No Variations]"
Added Component: Designator=R2(AXIAL-0.6)
Add component (AddParameter): Name = "Published"; Value = "24.03.2010"; VariantName = "[No Variations]"
Add component (AddParameter): Name = "Publisher"; Value = "Andrew Danich"; VariantName = "[No Variations]"
Add component (AddParameter): Name = "Type"; Value = "Резистор"; VariantName = "[No Variations]"
Added Component: Designator=R3(AXIAL-0.6)
Add component (AddParameter): Name = "Published"; Value = "24.03.2010"; VariantName = "[No Variations]"
Add component (AddParameter): Name = "Publisher"; Value = "Andrew Danich"; VariantName = "[No Variations]"
Add component (AddParameter): Name = "Type"; Value = "Резистор"; VariantName = "[No Variations]"
Added Component: Designator=R4(AXIAL-0.6)
Add component (AddParameter): Name = "Published"; Value = "24.03.2010"; VariantName = "[No Variations]"
Add component (AddParameter): Name = "Publisher"; Value = "Andrew Danich"; VariantName = "[No Variations]"
Add component (AddParameter): Name = "Type"; Value = "Резистор"; VariantName = "[No Variations]"
Added Component: Designator=R5(AXIAL-0.6)
Add component (AddParameter): Name = "Published"; Value = "24.03.2010"; VariantName = "[No Variations]"
Add component (AddParameter): Name = "Publisher"; Value = "Andrew Danich"; VariantName = "[No Variations]"
Add component (AddParameter): Name = "Type"; Value = "Резистор"; VariantName = "[No Variations]"
Added Component: Designator=R6(AXIAL-0.6)
Add component (AddParameter): Name = "Published"; Value = "24.03.2010"; VariantName = "[No Variations]"
Add component (AddParameter): Name = "Publisher"; Value = "Andrew Danich"; VariantName = "[No Variations]"
Add component (AddParameter): Name = "Type"; Value = "Резистор"; VariantName = "[No Variations]"
Added Component: Designator=R7(AXIAL-0.6)
Add component (AddParameter): Name = "Published"; Value = "24.03.2010"; VariantName = "[No Variations]"
Add component (AddParameter): Name = "Publisher"; Value = "Andrew Danich"; VariantName = "[No Variations]"
Add component (AddParameter): Name = "Type"; Value = "Резистор"; VariantName = "[No Variations]"
Added Component: Designator=R8(AXIAL-0.6)
Add component (AddParameter): Name = "Published"; Value = "24.03.2010"; VariantName = "[No Variations]"
Add component (AddParameter): Name = "Publisher"; Value = "Andrew Danich"; VariantName = "[No Variations]"
Add component (AddParameter): Name = "Type"; Value = "Резистор"; VariantName = "[No Variations]"
Added Component: Designator=R9(AXIAL-0.6)
Add component (AddParameter): Name = "Published"; Value = "24.03.2010"; VariantName = "[No Variations]"
Add component (AddParameter): Name = "Publisher"; Value = "Andrew Danich"; VariantName = "[No Variations]"
Add component (AddParameter): Name = "Type"; Value = "Резистор"; VariantName = "[No Variations]"
Added Component: Designator=R10(C0805R)
Add component (AddParameter): Name = "Published"; Value = "24.03.2010"; VariantName = "[No Variations]"
Add component (AddParameter): Name = "Publisher"; Value = "Andrew Danich"; VariantName = "[No Variations]"
Add component (AddParameter): Name = "Type"; Value = "Резистор"; VariantName = "[No Variations]"
Added Component: Designator=R11(C0805R)
Add component (AddParameter): Name = "Published"; Value = "24.03.2010"; VariantName = "[No Variations]"
Add component (AddParameter): Name = "Publisher"; Value = "Andrew Danich"; VariantName = "[No Variations]"
Add component (AddParameter): Name = "Type"; Value = "Резистор"; VariantName = "[No Variations]"
Added Component: Designator=R12(C0805R)
Add component (AddParameter): Name = "Published"; Value = "24.03.2010"; VariantName = "[No Variations]"
Add component (AddParameter): Name = "Publisher"; Value = "Andrew Danich"; VariantName = "[No Variations]"
Add component (AddParameter): Name = "Type"; Value = "Резистор"; VariantName = "[No Variations]"
Added Component: Designator=R13(C0805R)
Add component (AddParameter): Name = "Published"; Value = "24.03.2010"; VariantName = "[No Variations]"
Add component (AddParameter): Name = "Publisher"; Value = "Andrew Danich"; VariantName = "[No Variations]"
Add component (AddParameter): Name = "Type"; Value = "Резистор"; VariantName = "[No Variations]"
Added Component: Designator=R14(C0805R)
Add component (AddParameter): Name = "Published"; Value = "24.03.2010"; VariantName = "[No Variations]"
Add component (AddParameter): Name = "Publisher"; Value = "Andrew Danich"; VariantName = "[No Variations]"
Add component (AddParameter): Name = "Type"; Value = "Резистор"; VariantName = "[No Variations]"
Added Component: Designator=R15(C0805R)
Add component (AddParameter): Name = "Published"; Value = "24.03.2010"; VariantName = "[No Variations]"
Add component (AddParameter): Name = "Publisher"; Value = "Andrew Danich"; VariantName = "[No Variations]"
Add component (AddParameter): Name = "Type"; Value = "Резистор"; VariantName = "[No Variations]"
Added Component: Designator=R16(C0805R)
Add component (AddParameter): Name = "Published"; Value = "24.03.2010"; VariantName = "[No Variations]"
Add component (AddParameter): Name = "Publisher"; Value = "Andrew Danich"; VariantName = "[No Variations]"
Add component (AddParameter): Name = "Type"; Value = "Резистор"; VariantName = "[No Variations]"
Added Component: Designator=R17(C0805R)
Add component (AddParameter): Name = "Published"; Value = "24.03.2010"; VariantName = "[No Variations]"
Add component (AddParameter): Name = "Publisher"; Value = "Andrew Danich"; VariantName = "[No Variations]"
Add component (AddParameter): Name = "Type"; Value = "Резистор"; VariantName = "[No Variations]"
Added Component: Designator=R18(C0805R)
Add component (AddParameter): Name = "Published"; Value = "24.03.2010"; VariantName = "[No Variations]"
Add component (AddParameter): Name = "Publisher"; Value = "Andrew Danich"; VariantName = "[No Variations]"
Add component (AddParameter): Name = "Type"; Value = "Резистор"; VariantName = "[No Variations]"
Added Component: Designator=R19(C0805R)
Add component (AddParameter): Name = "Published"; Value = "24.03.2010"; VariantName = "[No Variations]"
Add component (AddParameter): Name = "Publisher"; Value = "Andrew Danich"; VariantName = "[No Variations]"
Add component (AddParameter): Name = "Type"; Value = "Резистор"; VariantName = "[No Variations]"
Added Component: Designator=R20(C0805R)
Add component (AddParameter): Name = "Published"; Value = "24.03.2010"; VariantName = "[No Variations]"
Add component (AddParameter): Name = "Publisher"; Value = "Andrew Danich"; VariantName = "[No Variations]"
Add component (AddParameter): Name = "Type"; Value = "Резистор"; VariantName = "[No Variations]"
Added Component: Designator=R21(C0805R)
Add component (AddParameter): Name = "Published"; Value = "24.03.2010"; VariantName = "[No Variations]"
Add component (AddParameter): Name = "Publisher"; Value = "Andrew Danich"; VariantName = "[No Variations]"
Add component (AddParameter): Name = "Type"; Value = "Резистор"; VariantName = "[No Variations]"
Added Component: Designator=R22(C0805R)
Add component (AddParameter): Name = "Value"; Value = ""; VariantName = "[No Variations]"
Added Component: Designator=R23(C0805R)
Add component (AddParameter): Name = "Value"; Value = ""; VariantName = "[No Variations]"
Added Component: Designator=R24(C0805R)
Add component (AddParameter): Name = "Published"; Value = "24.03.2010"; VariantName = "[No Variations]"
Add component (AddParameter): Name = "Publisher"; Value = "Andrew Danich"; VariantName = "[No Variations]"
Add component (AddParameter): Name = "Type"; Value = "Резистор"; VariantName = "[No Variations]"
Added Component: Designator=R25(C0805R)
Add component (AddParameter): Name = "Value"; Value = ""; VariantName = "[No Variations]"
Added Component: Designator=R26(C0805R)
Add component (AddParameter): Name = "Value"; Value = ""; VariantName = "[No Variations]"
Added Component: Designator=R27(C0805R)
Add component (AddParameter): Name = "Value"; Value = ""; VariantName = "[No Variations]"
Added Component: Designator=R28(C0805R)
Add component (AddParameter): Name = "Value"; Value = ""; VariantName = "[No Variations]"
Added Component: Designator=R29(C0805R)
Add component (AddParameter): Name = "Value"; Value = ""; VariantName = "[No Variations]"
Added Component: Designator=R30(C0805R)
Add component (AddParameter): Name = "Value"; Value = ""; VariantName = "[No Variations]"
Added Component: Designator=R31(C0805R)
Add component (AddParameter): Name = "Value"; Value = ""; VariantName = "[No Variations]"
Added Component: Designator=R32(C0805R)
Add component (AddParameter): Name = "Value"; Value = ""; VariantName = "[No Variations]"
Added Component: Designator=R34(C0805R)
Add component (AddParameter): Name = "Value"; Value = ""; VariantName = "[No Variations]"
Added Component: Designator=R38(C0805R)
Add component (AddParameter): Name = "Published"; Value = "24.03.2010"; VariantName = "[No Variations]"
Add component (AddParameter): Name = "Publisher"; Value = "Andrew Danich"; VariantName = "[No Variations]"
Add component (AddParameter): Name = "Type"; Value = "Резистор"; VariantName = "[No Variations]"
Added Component: Designator=R39(AXIAL-0.6)
Add component (AddParameter): Name = "Published"; Value = "24.03.2010"; VariantName = "[No Variations]"
Add component (AddParameter): Name = "Publisher"; Value = "Andrew Danich"; VariantName = "[No Variations]"
Add component (AddParameter): Name = "Type"; Value = "Резистор"; VariantName = "[No Variations]"
Added Component: Designator=R40(C0805R)
Add component (AddParameter): Name = "Value"; Value = ""; VariantName = "[No Variations]"
Added Component: Designator=R41(C0805R)
Add component (AddParameter): Name = "Published"; Value = "24.03.2010"; VariantName = "[No Variations]"
Add component (AddParameter): Name = "Publisher"; Value = "Andrew Danich"; VariantName = "[No Variations]"
Add component (AddParameter): Name = "Type"; Value = "Резистор"; VariantName = "[No Variations]"
Added Component: Designator=R42(C0805R)
Add component (AddParameter): Name = "Published"; Value = "24.03.2010"; VariantName = "[No Variations]"
Add component (AddParameter): Name = "Publisher"; Value = "Andrew Danich"; VariantName = "[No Variations]"
Add component (AddParameter): Name = "Type"; Value = "Резистор"; VariantName = "[No Variations]"
Added Component: Designator=R43(C0805R)
Add component (AddParameter): Name = "Published"; Value = "24.03.2010"; VariantName = "[No Variations]"
Add component (AddParameter): Name = "Publisher"; Value = "Andrew Danich"; VariantName = "[No Variations]"
Add component (AddParameter): Name = "Type"; Value = "Резистор"; VariantName = "[No Variations]"
Added Component: Designator=R44(C0805R)
Add component (AddParameter): Name = "Published"; Value = "24.03.2010"; VariantName = "[No Variations]"
Add component (AddParameter): Name = "Publisher"; Value = "Andrew Danich"; VariantName = "[No Variations]"
Add component (AddParameter): Name = "Type"; Value = "Резистор"; VariantName = "[No Variations]"
Added Component: Designator=R45(C0805R)
Add component (AddParameter): Name = "Published"; Value = "24.03.2010"; VariantName = "[No Variations]"
Add component (AddParameter): Name = "Publisher"; Value = "Andrew Danich"; VariantName = "[No Variations]"
Add component (AddParameter): Name = "Type"; Value = "Резистор"; VariantName = "[No Variations]"
Added Component: Designator=R46(C0805R)
Add component (AddParameter): Name = "Published"; Value = "24.03.2010"; VariantName = "[No Variations]"
Add component (AddParameter): Name = "Publisher"; Value = "Andrew Danich"; VariantName = "[No Variations]"
Add component (AddParameter): Name = "Type"; Value = "Резистор"; VariantName = "[No Variations]"
Added Component: Designator=R47(C0805R)
Add component (AddParameter): Name = "Published"; Value = "24.03.2010"; VariantName = "[No Variations]"
Add component (AddParameter): Name = "Publisher"; Value = "Andrew Danich"; VariantName = "[No Variations]"
Add component (AddParameter): Name = "Type"; Value = "Резистор"; VariantName = "[No Variations]"
Added Component: Designator=R48(C0805R)
Add component (AddParameter): Name = "Published"; Value = "24.03.2010"; VariantName = "[No Variations]"
Add component (AddParameter): Name = "Publisher"; Value = "Andrew Danich"; VariantName = "[No Variations]"
Add component (AddParameter): Name = "Type"; Value = "Резистор"; VariantName = "[No Variations]"
Added Component: Designator=R49(C0805R)
Add component (AddParameter): Name = "Published"; Value = "24.03.2010"; VariantName = "[No Variations]"
Add component (AddParameter): Name = "Publisher"; Value = "Andrew Danich"; VariantName = "[No Variations]"
Add component (AddParameter): Name = "Type"; Value = "Резистор"; VariantName = "[No Variations]"
Added Component: Designator=R50(C0805R)
Add component (AddParameter): Name = "Published"; Value = "24.03.2010"; VariantName = "[No Variations]"
Add component (AddParameter): Name = "Publisher"; Value = "Andrew Danich"; VariantName = "[No Variations]"
Add component (AddParameter): Name = "Type"; Value = "Резистор"; VariantName = "[No Variations]"
Added Component: Designator=R?(C0805R)
Add component (AddParameter): Name = "Published"; Value = "24.03.2010"; VariantName = "[No Variations]"
Add component (AddParameter): Name = "Publisher"; Value = "Andrew Danich"; VariantName = "[No Variations]"
Add component (AddParameter): Name = "Type"; Value = "Резистор"; VariantName = "[No Variations]"
Added Component: Designator=R?(C0805R)
Add component (AddParameter): Name = "Published"; Value = "24.03.2010"; VariantName = "[No Variations]"
Add component (AddParameter): Name = "Publisher"; Value = "Andrew Danich"; VariantName = "[No Variations]"
Add component (AddParameter): Name = "Type"; Value = "Резистор"; VariantName = "[No Variations]"
Added Component: Designator=R?(C0805R)
Add component (AddParameter): Name = "Published"; Value = "24.03.2010"; VariantName = "[No Variations]"
Add component (AddParameter): Name = "Publisher"; Value = "Andrew Danich"; VariantName = "[No Variations]"
Add component (AddParameter): Name = "Type"; Value = "Резистор"; VariantName = "[No Variations]"
Added Component: Designator=R?(C0805R)
Add component (AddParameter): Name = "Published"; Value = "24.03.2010"; VariantName = "[No Variations]"
Add component (AddParameter): Name = "Publisher"; Value = "Andrew Danich"; VariantName = "[No Variations]"
Add component (AddParameter): Name = "Type"; Value = "Резистор"; VariantName = "[No Variations]"
Added Component: Designator=R?(C0805R)
Add component (AddParameter): Name = "Published"; Value = "24.03.2010"; VariantName = "[No Variations]"
Add component (AddParameter): Name = "Publisher"; Value = "Andrew Danich"; VariantName = "[No Variations]"
Add component (AddParameter): Name = "Type"; Value = "Резистор"; VariantName = "[No Variations]"
Added Component: Designator=R?(C0805R)
Add component (AddParameter): Name = "Published"; Value = "24.03.2010"; VariantName = "[No Variations]"
Add component (AddParameter): Name = "Publisher"; Value = "Andrew Danich"; VariantName = "[No Variations]"
Add component (AddParameter): Name = "Type"; Value = "Резистор"; VariantName = "[No Variations]"
Added Component: Designator=R?(C0805R)
Add component (AddParameter): Name = "Published"; Value = "24.03.2010"; VariantName = "[No Variations]"
Add component (AddParameter): Name = "Publisher"; Value = "Andrew Danich"; VariantName = "[No Variations]"
Add component (AddParameter): Name = "Type"; Value = "Резистор"; VariantName = "[No Variations]"
Added Component: Designator=R?(C0805R)
Add component (AddParameter): Name = "Published"; Value = "24.03.2010"; VariantName = "[No Variations]"
Add component (AddParameter): Name = "Publisher"; Value = "Andrew Danich"; VariantName = "[No Variations]"
Add component (AddParameter): Name = "Type"; Value = "Резистор"; VariantName = "[No Variations]"
Added Component: Designator=S1(1437566-3)
Add component (AddParameter): Name = "Availability"; Value = "Unavailable"; VariantName = "[No Variations]"
Add component (AddParameter): Name = "Configuration_Pole-Throw"; Value = "Single Pole - Single Throw"; VariantName = "[No Variations]"
Add component (AddParameter): Name = "Contact_Current_Rating"; Value = "50 mA"; VariantName = "[No Variations]"
Add component (AddParameter): Name = "MF"; Value = "TE Connectivity"; VariantName = "[No Variations]"
Add component (AddParameter): Name = "MP"; Value = "1437566-3"; VariantName = "[No Variations]"
Add component (AddParameter): Name = "Package"; Value = "None"; VariantName = "[No Variations]"
Add component (AddParameter): Name = "Price"; Value = "None"; VariantName = "[No Variations]"
Add component (AddParameter): Name = "SnapEDA_Link"; Value = "https://www.snapeda.com/parts/1437566-3/TE%20Connectivity/view-part/?ref=snap"; VariantName = "[No Variations]"
Add component (AddParameter): Name = "Value"; Value = ""; VariantName = "[No Variations]"
Added Component: Designator=U7(STM-LQFP100_V)
Add component (AddParameter): Name = "ComponentLink1Description"; Value = "Manufacturer URL"; VariantName = "[No Variations]"
Add component (AddParameter): Name = "ComponentLink1URL"; Value = "http://www.st.com/web/en/home.html"; VariantName = "[No Variations]"
Add component (AddParameter): Name = "ComponentLink2Description"; Value = "Datasheet"; VariantName = "[No Variations]"
Add component (AddParameter): Name = "ComponentLink2URL"; Value = "http://www.st.com/st-web-ui/static/active/en/resource/technical/document/datasheet/DM00037051.pdf"; VariantName = "[No Variations]"
Add component (AddParameter): Name = "ComponentLink3Description"; Value = "Package Specification"; VariantName = "[No Variations]"
Add component (AddParameter): Name = "ComponentLink3URL"; Value = "http://www.st.com/st-web-ui/static/active/en/resource/technical/document/data_brief/DM00071938.pdf"; VariantName = "[No Variations]"
Add component (AddParameter): Name = "Core"; Value = "ARM Cortex-M4"; VariantName = "[No Variations]"
Add component (AddParameter): Name = "D/A Converter"; Value = "2x12-bit"; VariantName = "[No Variations]"
Add component (AddParameter): Name = "DatasheetVersion"; Value = "Rev. 4"; VariantName = "[No Variations]"
Add component (AddParameter): Name = "FLASH Size (Prog) (kB)"; Value = "512"; VariantName = "[No Variations]"
Add component (AddParameter): Name = "I/Os (High Current)"; Value = "82"; VariantName = "[No Variations]"
Add component (AddParameter): Name = "Internal RAM Size (kB)"; Value = "192"; VariantName = "[No Variations]"
Add component (AddParameter): Name = "Manufacturer"; Value = "STMicroelectronics"; VariantName = "[No Variations]"
Add component (AddParameter): Name = "Mounting Technology"; Value = "Surface Mount"; VariantName = "[No Variations]"
Add component (AddParameter): Name = "Operating Frequency(F) (Processor speed) (MHz)"; Value = "168"; VariantName = "[No Variations]"
Add component (AddParameter): Name = "PackageDescription"; Value = "100-Pin Low Profile Quad Flat Package, 14 x 14 mm Body, 0.5 mm Pitch"; VariantName = "[No Variations]"
Add component (AddParameter): Name = "PackageReference"; Value = "LQFP100"; VariantName = "[No Variations]"
Add component (AddParameter): Name = "PackageVersion"; Value = "Rev. 1, 06/2013"; VariantName = "[No Variations]"
Add component (AddParameter): Name = "Packing"; Value = "Tray"; VariantName = "[No Variations]"
Add component (AddParameter): Name = "PartNumber"; Value = "STM32F407VET6"; VariantName = "[No Variations]"
Add component (AddParameter): Name = "Supplier 1"; Value = "Digi-Key"; VariantName = "[No Variations]"
Add component (AddParameter): Name = "Supplier 2"; Value = "Farnell"; VariantName = "[No Variations]"
Add component (AddParameter): Name = "Supplier 3"; Value = "Newark"; VariantName = "[No Variations]"
Add component (AddParameter): Name = "Supplier 4"; Value = "Mouser"; VariantName = "[No Variations]"
Add component (AddParameter): Name = "Supplier Part Number 1"; Value = "497-12075-ND"; VariantName = "[No Variations]"
Add component (AddParameter): Name = "Supplier Part Number 2"; Value = "2064367"; VariantName = "[No Variations]"
Add component (AddParameter): Name = "Supplier Part Number 3"; Value = "73T2332"; VariantName = "[No Variations]"
Add component (AddParameter): Name = "Supplier Part Number 4"; Value = "511-STM32F407VET6"; VariantName = "[No Variations]"
Add component (AddParameter): Name = "Supply Voltage(Vcc) max (V)"; Value = "3.6"; VariantName = "[No Variations]"
Add component (AddParameter): Name = "Supply Voltage(Vcc) min (V)"; Value = "1.8"; VariantName = "[No Variations]"
Added Component: Designator=VD1(DO-41)
Add component (AddParameter): Name = "Published"; Value = "18.05.2010"; VariantName = "[No Variations]"
Add component (AddParameter): Name = "Publisher"; Value = "Andrew Danich"; VariantName = "[No Variations]"
Add component (AddParameter): Name = "Type"; Value = "Диод"; VariantName = "[No Variations]"
Added Component: Designator=VD2(DO-41)
Add component (AddParameter): Name = "Published"; Value = "20.05.2013"; VariantName = "[No Variations]"
Add component (AddParameter): Name = "Publisher"; Value = "Andrew Danich"; VariantName = "[No Variations]"
Add component (AddParameter): Name = "Type"; Value = "Стабилитрон"; VariantName = "[No Variations]"
Added Component: Designator=VD3(BAT54C_SOT23-3)
Added Component: Designator=VD4(DO-41)
Add component (AddParameter): Name = "Published"; Value = "20.05.2013"; VariantName = "[No Variations]"
Add component (AddParameter): Name = "Publisher"; Value = "Andrew Danich"; VariantName = "[No Variations]"
Add component (AddParameter): Name = "Type"; Value = "Стабилитрон"; VariantName = "[No Variations]"
Added Component: Designator=VD5(DO-41)
Add component (AddParameter): Name = "Published"; Value = "20.05.2013"; VariantName = "[No Variations]"
Add component (AddParameter): Name = "Publisher"; Value = "Andrew Danich"; VariantName = "[No Variations]"
Add component (AddParameter): Name = "Type"; Value = "Стабилитрон"; VariantName = "[No Variations]"
Added Component: Designator=VD6(DO-41)
Add component (AddParameter): Name = "Published"; Value = "20.05.2013"; VariantName = "[No Variations]"
Add component (AddParameter): Name = "Publisher"; Value = "Andrew Danich"; VariantName = "[No Variations]"
Add component (AddParameter): Name = "Type"; Value = "Стабилитрон"; VariantName = "[No Variations]"
Added Component: Designator=VD11(BAT54C_SOT23-3)
Added Component: Designator=VT1(TO-92-A)
Add component (AddParameter): Name = "Published"; Value = "07.05.2013"; VariantName = "[No Variations]"
Add component (AddParameter): Name = "Publisher"; Value = "Andrew Danich"; VariantName = "[No Variations]"
Add component (AddParameter): Name = "Type"; Value = "Транзистор"; VariantName = "[No Variations]"
Added Component: Designator=VT2(TO-92-A)
Add component (AddParameter): Name = "Published"; Value = "07.05.2013"; VariantName = "[No Variations]"
Add component (AddParameter): Name = "Publisher"; Value = "Andrew Danich"; VariantName = "[No Variations]"
Add component (AddParameter): Name = "Type"; Value = "Транзистор"; VariantName = "[No Variations]"
Added Component: Designator=X10(J0011D018)
Added Component: Designator=XS1(YX-XH-3)
Add component (AddParameter): Name = "Published"; Value = "07.03.2013"; VariantName = "[No Variations]"
Add component (AddParameter): Name = "Publisher"; Value = "Andrew Danich"; VariantName = "[No Variations]"
Add component (AddParameter): Name = "Type"; Value = "Розетка"; VariantName = "[No Variations]"
Added Component: Designator=XS2(YX-XH-3)
Add component (AddParameter): Name = "Published"; Value = "07.03.2013"; VariantName = "[No Variations]"
Add component (AddParameter): Name = "Publisher"; Value = "Andrew Danich"; VariantName = "[No Variations]"
Add component (AddParameter): Name = "Type"; Value = "Розетка"; VariantName = "[No Variations]"
Added Component: Designator=XS3(YX-XH-3)
Add component (AddParameter): Name = "Published"; Value = "07.03.2013"; VariantName = "[No Variations]"
Add component (AddParameter): Name = "Publisher"; Value = "Andrew Danich"; VariantName = "[No Variations]"
Add component (AddParameter): Name = "Type"; Value = "Розетка"; VariantName = "[No Variations]"
Added Component: Designator=XS4(YX-XH-3)
Add component (AddParameter): Name = "Published"; Value = "07.03.2013"; VariantName = "[No Variations]"
Add component (AddParameter): Name = "Publisher"; Value = "Andrew Danich"; VariantName = "[No Variations]"
Add component (AddParameter): Name = "Type"; Value = "Розетка"; VariantName = "[No Variations]"
Added Component: Designator=XS6(PLD1X4)
Add component (AddParameter): Name = "Published"; Value = "07.03.2013"; VariantName = "[No Variations]"
Add component (AddParameter): Name = "Publisher"; Value = "Andrew Danich"; VariantName = "[No Variations]"
Add component (AddParameter): Name = "Specification"; Value = ""; VariantName = "[No Variations]"
Add component (AddParameter): Name = "Type"; Value = "Розетка"; VariantName = "[No Variations]"
Add component (AddParameter): Name = "Value"; Value = "Connector"; VariantName = "[No Variations]"
Added Component: Designator=XS7(PLD1X4)
Add component (AddParameter): Name = "Published"; Value = "07.03.2013"; VariantName = "[No Variations]"
Add component (AddParameter): Name = "Publisher"; Value = "Andrew Danich"; VariantName = "[No Variations]"
Add component (AddParameter): Name = "Specification"; Value = ""; VariantName = "[No Variations]"
Add component (AddParameter): Name = "Type"; Value = "Розетка"; VariantName = "[No Variations]"
Add component (AddParameter): Name = "Value"; Value = "Connector"; VariantName = "[No Variations]"
Added Component: Designator=XS8(PLD1X4)
Add component (AddParameter): Name = "Published"; Value = "07.03.2013"; VariantName = "[No Variations]"
Add component (AddParameter): Name = "Publisher"; Value = "Andrew Danich"; VariantName = "[No Variations]"
Add component (AddParameter): Name = "Specification"; Value = ""; VariantName = "[No Variations]"
Add component (AddParameter): Name = "Type"; Value = "Розетка"; VariantName = "[No Variations]"
Add component (AddParameter): Name = "Value"; Value = "Connector"; VariantName = "[No Variations]"
Added Component: Designator=XS9(YX-XH-3)
Add component (AddParameter): Name = "Published"; Value = "07.03.2013"; VariantName = "[No Variations]"
Add component (AddParameter): Name = "Publisher"; Value = "Andrew Danich"; VariantName = "[No Variations]"
Add component (AddParameter): Name = "Type"; Value = "Розетка"; VariantName = "[No Variations]"
Added Component: Designator=XS10(PLD2)
Add component (AddParameter): Name = "Published"; Value = "07.03.2013"; VariantName = "[No Variations]"
Add component (AddParameter): Name = "Publisher"; Value = "Andrew Danich"; VariantName = "[No Variations]"
Add component (AddParameter): Name = "Specification"; Value = ""; VariantName = "[No Variations]"
Add component (AddParameter): Name = "Type"; Value = "Розетка"; VariantName = "[No Variations]"
Add component (AddParameter): Name = "Value"; Value = "Connector"; VariantName = "[No Variations]"
Added Component: Designator=XS11(YX-XH-3)
Add component (AddParameter): Name = "Published"; Value = "07.03.2013"; VariantName = "[No Variations]"
Add component (AddParameter): Name = "Publisher"; Value = "Andrew Danich"; VariantName = "[No Variations]"
Add component (AddParameter): Name = "Type"; Value = "Розетка"; VariantName = "[No Variations]"
Added Component: Designator=XS12(PLD1X4)
Add component (AddParameter): Name = "Published"; Value = "07.03.2013"; VariantName = "[No Variations]"
Add component (AddParameter): Name = "Publisher"; Value = "Andrew Danich"; VariantName = "[No Variations]"
Add component (AddParameter): Name = "Specification"; Value = ""; VariantName = "[No Variations]"
Add component (AddParameter): Name = "Type"; Value = "Розетка"; VariantName = "[No Variations]"
Add component (AddParameter): Name = "Value"; Value = "Connector"; VariantName = "[No Variations]"
Added Component: Designator=XS13(IDC-20)
Add component (AddParameter): Name = "Published"; Value = "07.03.2013"; VariantName = "[No Variations]"
Add component (AddParameter): Name = "Publisher"; Value = "Andrew Danich"; VariantName = "[No Variations]"
Add component (AddParameter): Name = "Specification"; Value = ""; VariantName = "[No Variations]"
Add component (AddParameter): Name = "Type"; Value = "Розетка"; VariantName = "[No Variations]"
Add component (AddParameter): Name = "Value"; Value = "Connector"; VariantName = "[No Variations]"
Added Component: Designator=XS14(PLD2)
Add component (AddParameter): Name = "Published"; Value = "07.03.2013"; VariantName = "[No Variations]"
Add component (AddParameter): Name = "Publisher"; Value = "Andrew Danich"; VariantName = "[No Variations]"
Add component (AddParameter): Name = "Specification"; Value = ""; VariantName = "[No Variations]"
Add component (AddParameter): Name = "Type"; Value = "Розетка"; VariantName = "[No Variations]"
Add component (AddParameter): Name = "Value"; Value = "Connector"; VariantName = "[No Variations]"
Added Component: Designator=Z1(HCM1206X)
Added Component: Designator=ZQ1(HC49SM)
Add component (AddParameter): Name = "Published"; Value = "08.03.2013"; VariantName = "[No Variations]"
Add component (AddParameter): Name = "Publisher"; Value = "Andrew Danich"; VariantName = "[No Variations]"
Add component (AddParameter): Name = "Type"; Value = "Резонатор"; VariantName = "[No Variations]"
Added Pin To Net: NetName=NetBQ2_1 Pin=BQ2-1
Added Pin To Net: NetName=NetBQ2_2 Pin=BQ2-2
Added Pin To Net: NetName=GND Pin=C2-1
Added Pin To Net: NetName=+12V Pin=C2-2
Added Pin To Net: NetName=GND Pin=C3-1
Added Pin To Net: NetName=3V3 Pin=C3-2
Added Pin To Net: NetName=GND Pin=C5-1
Added Pin To Net: NetName=3V3 Pin=C5-2
Added Pin To Net: NetName=GND Pin=C6-1
Added Pin To Net: NetName=3V3 Pin=C6-2
Added Pin To Net: NetName=NetC8_1 Pin=C8-1
Added Pin To Net: NetName=GND Pin=C8-2
Added Pin To Net: NetName=GND Pin=C9-1
Added Pin To Net: NetName=3V3 Pin=C9-2
Added Pin To Net: NetName=GND Pin=C10-1
Added Pin To Net: NetName=3V3 Pin=C10-2
Added Pin To Net: NetName=GND Pin=C11-1
Added Pin To Net: NetName=3V3 Pin=C11-2
Added Pin To Net: NetName=NetC12_1 Pin=C12-1
Added Pin To Net: NetName=GND Pin=C12-2
Added Pin To Net: NetName=NetC12_1 Pin=C13-1
Added Pin To Net: NetName=GND Pin=C13-2
Added Pin To Net: NetName=GND Pin=C14-1
Added Pin To Net: NetName=NetC14_2 Pin=C14-2
Added Pin To Net: NetName=GND Pin=C15-1
Added Pin To Net: NetName=NetC14_2 Pin=C15-2
Added Pin To Net: NetName=NetC16_1 Pin=C16-1
Added Pin To Net: NetName=GND Pin=C16-2
Added Pin To Net: NetName=3V3 Pin=C17-1
Added Pin To Net: NetName=GND Pin=C17-2
Added Pin To Net: NetName=3V3 Pin=C18-1
Added Pin To Net: NetName=GND Pin=C18-2
Added Pin To Net: NetName=3V3 Pin=C19-1
Added Pin To Net: NetName=GND Pin=C19-2
Added Pin To Net: NetName=3V3 Pin=C20-1
Added Pin To Net: NetName=GND Pin=C20-2
Added Pin To Net: NetName=3V3 Pin=C21-1
Added Pin To Net: NetName=GND Pin=C21-2
Added Pin To Net: NetName=3V3 Pin=C22-1
Added Pin To Net: NetName=GND Pin=C22-2
Added Pin To Net: NetName=NetC23_1 Pin=C23-1
Added Pin To Net: NetName=GND Pin=C23-2
Added Pin To Net: NetName=GND Pin=C24-2
Added Pin To Net: NetName=NetBQ2_2 Pin=C25-1
Added Pin To Net: NetName=GND Pin=C25-2
Added Pin To Net: NetName=NetC26_1 Pin=C26-1
Added Pin To Net: NetName=GND Pin=C26-2
Added Pin To Net: NetName=NetC27_1 Pin=C27-1
Added Pin To Net: NetName=GND Pin=C27-2
Added Pin To Net: NetName=NetC28_1 Pin=C28-1
Added Pin To Net: NetName=GND Pin=C28-2
Added Pin To Net: NetName=NetBQ2_1 Pin=C29-1
Added Pin To Net: NetName=GND Pin=C29-2
Added Pin To Net: NetName=NetC30_1 Pin=C30-1
Added Pin To Net: NetName=GND Pin=C30-2
Added Pin To Net: NetName=NetC30_1 Pin=C31-1
Added Pin To Net: NetName=GND Pin=C31-2
Added Pin To Net: NetName=NetC30_1 Pin=C32-1
Added Pin To Net: NetName=GND Pin=C32-2
Added Pin To Net: NetName=NetC30_1 Pin=C33-1
Added Pin To Net: NetName=GND Pin=C33-2
Added Pin To Net: NetName=GND Pin=C34-1
Added Pin To Net: NetName=3V3 Pin=C34-2
Added Pin To Net: NetName=3V3 Pin=C35-1
Added Pin To Net: NetName=GND Pin=C35-2
Added Pin To Net: NetName=3V3 Pin=C36-1
Added Pin To Net: NetName=GND Pin=C36-2
Added Pin To Net: NetName=3V3 Pin=C37-1
Added Pin To Net: NetName=GND Pin=C37-2
Added Pin To Net: NetName=3V3 Pin=C38-1
Added Pin To Net: NetName=GND Pin=C38-2
Added Pin To Net: NetName=3V3 Pin=C39-1
Added Pin To Net: NetName=GND Pin=C39-2
Added Pin To Net: NetName=3V3 Pin=C40-1
Added Pin To Net: NetName=GND Pin=C40-2
Added Pin To Net: NetName=3V3 Pin=C41-1
Added Pin To Net: NetName=GND Pin=C41-2
Added Pin To Net: NetName=3V3 Pin=C42-1
Added Pin To Net: NetName=GND Pin=C42-2
Added Pin To Net: NetName=NetC43_1 Pin=C43-1
Added Pin To Net: NetName=GND Pin=C43-2
Added Pin To Net: NetName=GND Pin=C45-1
Added Pin To Net: NetName=GND Pin=C50-1
Added Pin To Net: NetName=+8V Pin=C50-2
Added Pin To Net: NetName=GND Pin=C?-1
Added Pin To Net: NetName=GND Pin=C?-1
Added Pin To Net: NetName=GND Pin=C?-1
Added Pin To Net: NetName=GND Pin=C?-1
Added Pin To Net: NetName=NetC?_1 Pin=C?-1
Added Pin To Net: NetName=NetC?_1 Pin=C?-2
Added Pin To Net: NetName=NetC?_2 Pin=C?-2
Added Pin To Net: NetName=NetD1_2 Pin=D1-2
Added Pin To Net: NetName=NetD1_3 Pin=D1-3
Added Pin To Net: NetName=NetD1_4 Pin=D1-4
Added Pin To Net: NetName=NetD1_13 Pin=D1-13
Added Pin To Net: NetName=NetD1_14 Pin=D1-14
Added Pin To Net: NetName=GND Pin=D1-15
Added Pin To Net: NetName=NetD1_16 Pin=D1-16
Added Pin To Net: NetName=NetD1_17 Pin=D1-17
Added Pin To Net: NetName=NetC30_1 Pin=D1-18
Added Pin To Net: NetName=GND Pin=D1-19
Added Pin To Net: NetName=NetD1_20 Pin=D1-20
Added Pin To Net: NetName=NetD1_21 Pin=D1-21
Added Pin To Net: NetName=NetC30_1 Pin=D1-23
Added Pin To Net: NetName=50MHz Pin=D1-25
Added Pin To Net: NetName=NetD1_26 Pin=D1-26
Added Pin To Net: NetName=NetD1_27 Pin=D1-27
Added Pin To Net: NetName=NetD1_28 Pin=D1-28
Added Pin To Net: NetName=NetD1_29 Pin=D1-29
Added Pin To Net: NetName=NetD1_30 Pin=D1-30
Added Pin To Net: NetName=NetD1_31 Pin=D1-31
Added Pin To Net: NetName=3V3 Pin=D1-32
Added Pin To Net: NetName=50MHz Pin=D1-34
Added Pin To Net: NetName=GND Pin=D1-35
Added Pin To Net: NetName=GND Pin=D1-36
Added Pin To Net: NetName=NetC30_1 Pin=D1-37
Added Pin To Net: NetName=NetD1_39 Pin=D1-39
Added Pin To Net: NetName=NetD1_40 Pin=D1-40
Added Pin To Net: NetName=NetD1_42 Pin=D1-42
Added Pin To Net: NetName=NetD1_43 Pin=D1-43
Added Pin To Net: NetName=NetD1_44 Pin=D1-44
Added Pin To Net: NetName=GND Pin=D1-47
Added Pin To Net: NetName=3V3 Pin=D1-48
Added Pin To Net: NetName=GND Pin=D1-49
Added Pin To Net: NetName=GND Pin=DA1-2
Added Pin To Net: NetName=50MHz Pin=DA1-3
Added Pin To Net: NetName=3V3 Pin=DA1-4
Added Pin To Net: NetName=NetDA2_3 Pin=DA2-3
Added Pin To Net: NetName=NetDA2_6 Pin=DA2-6
Added Pin To Net: NetName=NetDA2_6 Pin=DA2-7
Added Pin To Net: NetName=NetDA2_8 Pin=DA2-8
Added Pin To Net: NetName=NetDA2_8 Pin=DA2-9
Added Pin To Net: NetName=NetC?_1 Pin=DA2-10
Added Pin To Net: NetName=NetDA2_12 Pin=DA2-12
Added Pin To Net: NetName=NetC?_1 Pin=DA2-13
Added Pin To Net: NetName=GND Pin=DA3-1
Added Pin To Net: NetName=3V3 Pin=DA3-2
Added Pin To Net: NetName=+12V Pin=DA3-3
Added Pin To Net: NetName=3V3 Pin=DA3-4
Added Pin To Net: NetName=+12V Pin=DA4-1
Added Pin To Net: NetName=GND Pin=DA4-2
Added Pin To Net: NetName=+8V Pin=DA4-3
Added Pin To Net: NetName=NetDA5_1 Pin=DA5-1
Added Pin To Net: NetName=GND Pin=DA5-2
Added Pin To Net: NetName=GND Pin=DA5-3
Added Pin To Net: NetName=NetDA5_4 Pin=DA5-4
Added Pin To Net: NetName=NetDA6_1 Pin=DA6-1
Added Pin To Net: NetName=NetDA6_2 Pin=DA6-2
Added Pin To Net: NetName=GND Pin=DA6-3
Added Pin To Net: NetName=NetDA6_4 Pin=DA6-4
Added Pin To Net: NetName=NetDA7_1 Pin=DA7-1
Added Pin To Net: NetName=GND Pin=DA7-2
Added Pin To Net: NetName=GND Pin=DA7-3
Added Pin To Net: NetName=NetDA7_4 Pin=DA7-4
Added Pin To Net: NetName=NetDA8_1 Pin=DA8-1
Added Pin To Net: NetName=GND Pin=DA8-2
Added Pin To Net: NetName=GND Pin=DA8-3
Added Pin To Net: NetName=NetDA8_4 Pin=DA8-4
Added Pin To Net: NetName=NetDD1_1 Pin=DD1-1
Added Pin To Net: NetName=GND Pin=DD1-2
Added Pin To Net: NetName=3V3 Pin=DD1-3
Added Pin To Net: NetName=NetDD1_4 Pin=DD1-4
Added Pin To Net: NetName=NetDD1_6 Pin=DD1-6
Added Pin To Net: NetName=NetDD1_7 Pin=DD1-7
Added Pin To Net: NetName=NetDD1_8 Pin=DD1-8
Added Pin To Net: NetName=NetDD2_1 Pin=DD2-1
Added Pin To Net: NetName=GND Pin=DD2-2
Added Pin To Net: NetName=3V3 Pin=DD2-3
Added Pin To Net: NetName=NetDD2_4 Pin=DD2-4
Added Pin To Net: NetName=NetDD2_6 Pin=DD2-6
Added Pin To Net: NetName=NetDD2_7 Pin=DD2-7
Added Pin To Net: NetName=NetDD2_8 Pin=DD2-8
Added Pin To Net: NetName=NetC8_1 Pin=L1-1
Added Pin To Net: NetName=NetL1_2 Pin=L1-2
Added Pin To Net: NetName=3V3 Pin=R1-1
Added Pin To Net: NetName=NetD1_27 Pin=R1-2
Added Pin To Net: NetName=NetC7_1 Pin=R2-1
Added Pin To Net: NetName=NetR2_2 Pin=R2-2
Added Pin To Net: NetName=NetDA5_1 Pin=R3-1
Added Pin To Net: NetName=NetDA6_4 Pin=R3-2
Added Pin To Net: NetName=NetR2_2 Pin=R4-1
Added Pin To Net: NetName=NetDA5_4 Pin=R4-2
Added Pin To Net: NetName=NetR5_1 Pin=R5-1
Added Pin To Net: NetName=+12V Pin=R5-2
Added Pin To Net: NetName=NetDA6_1 Pin=R6-1
Added Pin To Net: NetName=+12V Pin=R6-2
Added Pin To Net: NetName=NetR7_1 Pin=R7-1
Added Pin To Net: NetName=NetDA6_2 Pin=R7-2
Added Pin To Net: NetName=NetDA7_1 Pin=R8-1
Added Pin To Net: NetName=NetDA6_4 Pin=R8-2
Added Pin To Net: NetName=NetDA8_1 Pin=R9-1
Added Pin To Net: NetName=NetDA6_4 Pin=R9-2
Added Pin To Net: NetName=NetDD1_8 Pin=R10-1
Added Pin To Net: NetName=GND Pin=R10-2
Added Pin To Net: NetName=NetR11_1 Pin=R11-1
Added Pin To Net: NetName=NetDD1_6 Pin=R11-2
Added Pin To Net: NetName=NetR12_1 Pin=R12-1
Added Pin To Net: NetName=NetDD2_6 Pin=R12-2
Added Pin To Net: NetName=NetDD2_8 Pin=R13-1
Added Pin To Net: NetName=GND Pin=R13-2
Added Pin To Net: NetName=NetDD?_1 Pin=R14-1
Added Pin To Net: NetName=3V3 Pin=R14-2
Added Pin To Net: NetName=NetC14_2 Pin=R15-1
Added Pin To Net: NetName=NetC12_1 Pin=R15-2
Added Pin To Net: NetName=NetR16_1 Pin=R16-1
Added Pin To Net: NetName=NetC23_1 Pin=R16-2
Added Pin To Net: NetName=3V3 Pin=R17-1
Added Pin To Net: NetName=NetR17_2 Pin=R17-2
Added Pin To Net: NetName=GND Pin=R18-1
Added Pin To Net: NetName=NetC43_1 Pin=R18-2
Added Pin To Net: NetName=NetD1_42 Pin=R19-1
Added Pin To Net: NetName=+3.3 Pin=R19-2
Added Pin To Net: NetName=NetD1_26 Pin=R20-1
Added Pin To Net: NetName=+3.3 Pin=R20-2
Added Pin To Net: NetName=NetD1_40 Pin=R21-1
Added Pin To Net: NetName=+3.3 Pin=R21-2
Added Pin To Net: NetName=GND Pin=R22-1
Added Pin To Net: NetName=3V3 Pin=R23-1
Added Pin To Net: NetName=NetC28_1 Pin=R23-2
Added Pin To Net: NetName=NetD1_28 Pin=R24-1
Added Pin To Net: NetName=+3.3 Pin=R24-2
Added Pin To Net: NetName=3V3 Pin=R25-1
Added Pin To Net: NetName=NetD1_30 Pin=R25-2
Added Pin To Net: NetName=3V3 Pin=R26-1
Added Pin To Net: NetName=NetD1_17 Pin=R26-2
Added Pin To Net: NetName=3V3 Pin=R27-1
Added Pin To Net: NetName=NetD1_16 Pin=R27-2
Added Pin To Net: NetName=3V3 Pin=R28-1
Added Pin To Net: NetName=NetD1_14 Pin=R28-2
Added Pin To Net: NetName=3V3 Pin=R29-1
Added Pin To Net: NetName=NetD1_13 Pin=R29-2
Added Pin To Net: NetName=3V3 Pin=R30-1
Added Pin To Net: NetName=NetR30_2 Pin=R30-2
Added Pin To Net: NetName=3V3 Pin=R31-1
Added Pin To Net: NetName=NetR31_2 Pin=R31-2
Added Pin To Net: NetName=+3.3 Pin=R32-1
Added Pin To Net: NetName=NetD1_21 Pin=R32-2
Added Pin To Net: NetName=+3.3 Pin=R34-1
Added Pin To Net: NetName=NetD1_20 Pin=R34-2
Added Pin To Net: NetName=NetR38_1 Pin=R38-1
Added Pin To Net: NetName=+12 Pin=R38-2
Added Pin To Net: NetName=NetR39_1 Pin=R39-1
Added Pin To Net: NetName=NetDA8_4 Pin=R39-2
Added Pin To Net: NetName=3V3 Pin=R40-1
Added Pin To Net: NetName=NetD1_39 Pin=R40-2
Added Pin To Net: NetName=NetR41_1 Pin=R41-1
Added Pin To Net: NetName=+3V3 Pin=R41-2
Added Pin To Net: NetName=NetR42_1 Pin=R42-1
Added Pin To Net: NetName=+3V3 Pin=R42-2
Added Pin To Net: NetName=NetR43_1 Pin=R43-1
Added Pin To Net: NetName=+3V3 Pin=R43-2
Added Pin To Net: NetName=NetR44_1 Pin=R44-1
Added Pin To Net: NetName=+3V3 Pin=R44-2
Added Pin To Net: NetName=GND Pin=R45-1
Added Pin To Net: NetName=NetR45_2 Pin=R45-2
Added Pin To Net: NetName=NetR46_1 Pin=R46-1
Added Pin To Net: NetName=+12 Pin=R46-2
Added Pin To Net: NetName=NetR47_1 Pin=R47-1
Added Pin To Net: NetName=+12 Pin=R47-2
Added Pin To Net: NetName=NetR48_1 Pin=R48-1
Added Pin To Net: NetName=NetR48_2 Pin=R48-2
Added Pin To Net: NetName=NetR49_1 Pin=R49-1
Added Pin To Net: NetName=NetR49_2 Pin=R49-2
Added Pin To Net: NetName=NetR50_1 Pin=R50-1
Added Pin To Net: NetName=NetR50_2 Pin=R50-2
Added Pin To Net: NetName=GND Pin=R?-1
Added Pin To Net: NetName=GND Pin=R?-1
Added Pin To Net: NetName=GND Pin=R?-1
Added Pin To Net: NetName=NetR55_1 Pin=R?-1
Added Pin To Net: NetName=NetR61_1 Pin=R?-1
Added Pin To Net: NetName=NetR?_1 Pin=R?-1
Added Pin To Net: NetName=GND Pin=R?-2
Added Pin To Net: NetName=NetC?_1 Pin=R?-2
Added Pin To Net: NetName=NetC?_2 Pin=R?-2
Added Pin To Net: NetName=NetDA2_6 Pin=R?-2
Added Pin To Net: NetName=NetDA2_8 Pin=R?-2
Added Pin To Net: NetName=NetR55_3 Pin=R?-2
Added Pin To Net: NetName=NetR61_3 Pin=R?-2
Added Pin To Net: NetName=NetC28_1 Pin=S1-1
Added Pin To Net: NetName=GND Pin=S1-2
Added Pin To Net: NetName=NetC16_1 Pin=U7-6
Added Pin To Net: NetName=NetBQ2_2 Pin=U7-8
Added Pin To Net: NetName=NetBQ2_1 Pin=U7-9
Added Pin To Net: NetName=GND Pin=U7-10
Added Pin To Net: NetName=3V3 Pin=U7-11
Added Pin To Net: NetName=NetC23_1 Pin=U7-12
Added Pin To Net: NetName=NetR16_1 Pin=U7-13
Added Pin To Net: NetName=NetC28_1 Pin=U7-14
Added Pin To Net: NetName=3V3 Pin=U7-19
Added Pin To Net: NetName=GND Pin=U7-20
Added Pin To Net: NetName=NetC12_1 Pin=U7-21
Added Pin To Net: NetName=NetC14_2 Pin=U7-22
Added Pin To Net: NetName=GND Pin=U7-27
Added Pin To Net: NetName=3V3 Pin=U7-28
Added Pin To Net: NetName=NetDD?_6 Pin=U7-30
Added Pin To Net: NetName=NetDD?_2 Pin=U7-31
Added Pin To Net: NetName=NetDD?_1 Pin=U7-35
Added Pin To Net: NetName=NetU7_36 Pin=U7-36
Added Pin To Net: NetName=NetC27_1 Pin=U7-49
Added Pin To Net: NetName=3V3 Pin=U7-50
Added Pin To Net: NetName=NetR43_1 Pin=U7-72
Added Pin To Net: NetName=NetC26_1 Pin=U7-73
Added Pin To Net: NetName=GND Pin=U7-74
Added Pin To Net: NetName=3V3 Pin=U7-75
Added Pin To Net: NetName=NetR45_2 Pin=U7-76
Added Pin To Net: NetName=NetR42_1 Pin=U7-77
Added Pin To Net: NetName=NetDD?_5 Pin=U7-91
Added Pin To Net: NetName=GND Pin=U7-99
Added Pin To Net: NetName=3V3 Pin=U7-100
Added Pin To Net: NetName=NetDA6_1 Pin=VD1-1
Added Pin To Net: NetName=NetVD1_2 Pin=VD1-2
Added Pin To Net: NetName=GND Pin=VD2-1
Added Pin To Net: NetName=NetR48_1 Pin=VD2-2
Added Pin To Net: NetName=NetJ1_1 Pin=VD3-1
Added Pin To Net: NetName=3V3 Pin=VD3-2
Added Pin To Net: NetName=NetC16_1 Pin=VD3-3
Added Pin To Net: NetName=GND Pin=VD4-1
Added Pin To Net: NetName=NetR49_1 Pin=VD4-2
Added Pin To Net: NetName=GND Pin=VD5-1
Added Pin To Net: NetName=NetR50_1 Pin=VD5-2
Added Pin To Net: NetName=GND Pin=VD6-1
Added Pin To Net: NetName=NetC8_1 Pin=VD6-2
Added Pin To Net: NetName=NetR?_1 Pin=VD11-1
Added Pin To Net: NetName=NetVD11_2 Pin=VD11-2
Added Pin To Net: NetName=NetR2_2 Pin=VT1-1
Added Pin To Net: NetName=NetC8_1 Pin=VT1-2
Added Pin To Net: NetName=NetC7_1 Pin=VT1-3
Added Pin To Net: NetName=NetR5_1 Pin=VT2-1
Added Pin To Net: NetName=NetVD1_2 Pin=VT2-2
Added Pin To Net: NetName=GND Pin=VT2-3
Added Pin To Net: NetName=NetD1_17 Pin=X10-1
Added Pin To Net: NetName=NetD1_16 Pin=X10-2
Added Pin To Net: NetName=NetD1_14 Pin=X10-3
Added Pin To Net: NetName=NetD1_13 Pin=X10-6
Added Pin To Net: NetName=GND Pin=X10-8
Added Pin To Net: NetName=NetR30_2 Pin=X10-9
Added Pin To Net: NetName=NetD1_26 Pin=X10-10
Added Pin To Net: NetName=NetD1_28 Pin=X10-11
Added Pin To Net: NetName=NetR31_2 Pin=X10-12
Added Pin To Net: NetName=NetC43_1 Pin=X10-S1
Added Pin To Net: NetName=NetC43_1 Pin=X10-S2
Added Pin To Net: NetName=3V3 Pin=XS1-1
Added Pin To Net: NetName=NetR17_2 Pin=XS1-2
Added Pin To Net: NetName=GND Pin=XS1-3
Added Pin To Net: NetName=3V3 Pin=XS2-1
Added Pin To Net: NetName=NetR17_2 Pin=XS2-2
Added Pin To Net: NetName=GND Pin=XS2-3
Added Pin To Net: NetName=3V3 Pin=XS3-1
Added Pin To Net: NetName=NetR17_2 Pin=XS3-2
Added Pin To Net: NetName=GND Pin=XS3-3
Added Pin To Net: NetName=3V3 Pin=XS4-1
Added Pin To Net: NetName=NetR17_2 Pin=XS4-2
Added Pin To Net: NetName=GND Pin=XS4-3
Added Pin To Net: NetName=GND Pin=XS6-1
Added Pin To Net: NetName=+12 Pin=XS6-2
Added Pin To Net: NetName=NetR46_1 Pin=XS6-3
Added Pin To Net: NetName=NetR48_1 Pin=XS6-4
Added Pin To Net: NetName=GND Pin=XS7-1
Added Pin To Net: NetName=+12 Pin=XS7-2
Added Pin To Net: NetName=NetR38_1 Pin=XS7-3
Added Pin To Net: NetName=NetR49_1 Pin=XS7-4
Added Pin To Net: NetName=GND Pin=XS8-1
Added Pin To Net: NetName=+12 Pin=XS8-2
Added Pin To Net: NetName=NetR47_1 Pin=XS8-3
Added Pin To Net: NetName=NetR50_1 Pin=XS8-4
Added Pin To Net: NetName=NetDD1_7 Pin=XS9-1
Added Pin To Net: NetName=NetDD1_6 Pin=XS9-2
Added Pin To Net: NetName=GND Pin=XS9-3
Added Pin To Net: NetName=NetDD1_7 Pin=XS10-1
Added Pin To Net: NetName=NetR11_1 Pin=XS10-2
Added Pin To Net: NetName=NetDD2_7 Pin=XS11-1
Added Pin To Net: NetName=NetDD2_6 Pin=XS11-2
Added Pin To Net: NetName=GND Pin=XS11-3
Added Pin To Net: NetName=+3V3 Pin=XS13-1
Added Pin To Net: NetName=+3V3 Pin=XS13-2
Added Pin To Net: NetName=NetR41_1 Pin=XS13-3
Added Pin To Net: NetName=GND Pin=XS13-4
Added Pin To Net: NetName=NetR42_1 Pin=XS13-5
Added Pin To Net: NetName=GND Pin=XS13-6
Added Pin To Net: NetName=NetR43_1 Pin=XS13-7
Added Pin To Net: NetName=GND Pin=XS13-8
Added Pin To Net: NetName=NetR45_2 Pin=XS13-9
Added Pin To Net: NetName=GND Pin=XS13-10
Added Pin To Net: NetName=GND Pin=XS13-12
Added Pin To Net: NetName=NetR44_1 Pin=XS13-13
Added Pin To Net: NetName=GND Pin=XS13-14
Added Pin To Net: NetName=NetXS13_15 Pin=XS13-15
Added Pin To Net: NetName=GND Pin=XS13-16
Added Pin To Net: NetName=GND Pin=XS13-18
Added Pin To Net: NetName=GND Pin=XS13-20
Added Pin To Net: NetName=NetDD2_7 Pin=XS14-1
Added Pin To Net: NetName=NetR12_1 Pin=XS14-2
Added Pin To Net: NetName=+12V Pin=Z1-2
Added Pin To Net: NetName=NetR16_1 Pin=ZQ1-1
Added Member To Class: ClassName=MCU Member=Component BQ2 FC-135_32.768KHZ-12.5
Added Member To Class: ClassName=POWER_SUPPLY Member=Component C2 0.1 uF
Added Member To Class: ClassName=POWER_SUPPLY Member=Component C3 0.1 uF
Added Member To Class: ClassName=POWER_SUPPLY Member=Component C5 0.1 uF
Added Member To Class: ClassName=POWER_SUPPLY Member=Component C6 0.1 uF
Added Member To Class: ClassName=SEQUENCER Member=Component C8 0.1uF
Added Member To Class: ClassName=CAN Member=Component C9 0.1uF
Added Member To Class: ClassName=CAN Member=Component C10 0.1uF
Added Member To Class: ClassName=FLASH Member=Component C11 0.1uF
Added Member To Class: ClassName=MCU Member=Component C12 1 uF
Added Member To Class: ClassName=MCU Member=Component C13 CAP_0805
Added Member To Class: ClassName=MCU Member=Component C14 1 uF
Added Member To Class: ClassName=MCU Member=Component C15 CAP_0805
Added Member To Class: ClassName=MCU Member=Component C16 CAP_0805
Added Member To Class: ClassName=MCU Member=Component C17 CAP_0805
Added Member To Class: ClassName=MCU Member=Component C18 CAP_0805
Added Member To Class: ClassName=MCU Member=Component C19 CAP_0805
Added Member To Class: ClassName=MCU Member=Component C20 CAP_0805
Added Member To Class: ClassName=MCU Member=Component C21 CAP_0805
Added Member To Class: ClassName=MCU Member=Component C22 CAP_0805
Added Member To Class: ClassName=MCU Member=Component C23 CAP_0805
Added Member To Class: ClassName=MCU Member=Component C24 CAP_0805
Added Member To Class: ClassName=MCU Member=Component C25 CAP_0805
Added Member To Class: ClassName=MCU Member=Component C26 CAP_0805
Added Member To Class: ClassName=MCU Member=Component C27 CAP_0805
Added Member To Class: ClassName=MCU Member=Component C28 CAP_0805
Added Member To Class: ClassName=MCU Member=Component C29 CAP_0805
Added Member To Class: ClassName=ETH_PHY Member=Component C30 CAP_0805
Added Member To Class: ClassName=ETH_PHY Member=Component C31 CAP_0805
Added Member To Class: ClassName=ETH_PHY Member=Component C32 TECAP_A
Added Member To Class: ClassName=ETH_PHY Member=Component C33 CAP_0805
Added Member To Class: ClassName=ETH_PHY Member=Component C34 CAP_0805
Added Member To Class: ClassName=ETH_PHY Member=Component C35 CAP_0805
Added Member To Class: ClassName=ETH_PHY Member=Component C36 CAP_0805
Added Member To Class: ClassName=ETH_PHY Member=Component C37 CAP_0805
Added Member To Class: ClassName=ETH_PHY Member=Component C38 CAP_0805
Added Member To Class: ClassName=ETH_PHY Member=Component C39 0.1
Added Member To Class: ClassName=ETH_PHY Member=Component C40 0.1
Added Member To Class: ClassName=ETH_PHY Member=Component C41 0.1
Added Member To Class: ClassName=ETH_PHY Member=Component C42 0.1
Added Member To Class: ClassName=ETH_PHY Member=Component C43 100pF 1kV
Added Member To Class: ClassName=POWER_SUPPLY Member=Component C45 0.33 uF
Added Member To Class: ClassName=POWER_SUPPLY Member=Component C50 0.1 uF
Added Member To Class: ClassName=DIRECTIONAL_COUPLER Member=Component C? 10n
Added Member To Class: ClassName=DIRECTIONAL_COUPLER Member=Component C? 1uF
Added Member To Class: ClassName=DIRECTIONAL_COUPLER Member=Component C? 10n
Added Member To Class: ClassName=DIRECTIONAL_COUPLER Member=Component C? 1uF
Added Member To Class: ClassName=DIRECTIONAL_COUPLER Member=Component C? 10n
Added Member To Class: ClassName=DIRECTIONAL_COUPLER Member=Component C? 10n
Added Member To Class: ClassName=ETH_PHY Member=Component D1 DP83848CVVNOPB
Added Member To Class: ClassName=ETH_PHY Member=Component DA1 CFPS-73
Added Member To Class: ClassName=DIRECTIONAL_COUPLER Member=Component DA2 LM224
Added Member To Class: ClassName=POWER_SUPPLY Member=Component DA3 LM1085ISX-3.3
Added Member To Class: ClassName=POWER_SUPPLY Member=Component DA4 78M08CDT
Added Member To Class: ClassName=SEQUENCER Member=Component DA5 TLP627
Added Member To Class: ClassName=SEQUENCER Member=Component DA6 TLP781
Added Member To Class: ClassName=SEQUENCER Member=Component DA7 TLP627
Added Member To Class: ClassName=SEQUENCER Member=Component DA8 TLP627
Added Member To Class: ClassName=CAN Member=Component DD1 SN65HVD230
Added Member To Class: ClassName=CAN Member=Component DD2 SN65HVD230
Added Member To Class: ClassName=SEQUENCER Member=Component L1 EC24-151K
Added Member To Class: ClassName=ETH_PHY Member=Component R1 2k
Added Member To Class: ClassName=SEQUENCER Member=Component R2 100k
Added Member To Class: ClassName=SEQUENCER Member=Component R3 2k
Added Member To Class: ClassName=SEQUENCER Member=Component R4 2k
Added Member To Class: ClassName=SEQUENCER Member=Component R5 100k
Added Member To Class: ClassName=SEQUENCER Member=Component R6 470
Added Member To Class: ClassName=SEQUENCER Member=Component R7 2k
Added Member To Class: ClassName=SEQUENCER Member=Component R8 2k
Added Member To Class: ClassName=SEQUENCER Member=Component R9 2k
Added Member To Class: ClassName=CAN Member=Component R10 R0805
Added Member To Class: ClassName=CAN Member=Component R11 120
Added Member To Class: ClassName=CAN Member=Component R12 120
Added Member To Class: ClassName=CAN Member=Component R13 R0805
Added Member To Class: ClassName=FLASH Member=Component R14 10k
Added Member To Class: ClassName=MCU Member=Component R15 R0805
Added Member To Class: ClassName=MCU Member=Component R16 R0805
Added Member To Class: ClassName=DS18B20 Member=Component R17 4k7
Added Member To Class: ClassName=ETH_PHY Member=Component R18 R0805
Added Member To Class: ClassName=ETH_PHY Member=Component R19 2k
Added Member To Class: ClassName=ETH_PHY Member=Component R20 2k
Added Member To Class: ClassName=ETH_PHY Member=Component R21 2k
Added Member To Class: ClassName=MCU Member=Component R22 RES_0805
Added Member To Class: ClassName=MCU Member=Component R23 RES_0805
Added Member To Class: ClassName=ETH_PHY Member=Component R24 2k
Added Member To Class: ClassName=ETH_PHY Member=Component R25 RES_0805
Added Member To Class: ClassName=ETH_PHY Member=Component R26 RES_0805
Added Member To Class: ClassName=ETH_PHY Member=Component R27 RES_0805
Added Member To Class: ClassName=ETH_PHY Member=Component R28 RES_0805
Added Member To Class: ClassName=ETH_PHY Member=Component R29 RES_0805
Added Member To Class: ClassName=ETH_PHY Member=Component R30 RES_0805
Added Member To Class: ClassName=ETH_PHY Member=Component R31 RES_0805
Added Member To Class: ClassName=ETH_PHY Member=Component R32 RES_0805
Added Member To Class: ClassName=ETH_PHY Member=Component R34 RES_0805
Added Member To Class: ClassName=FAN_CTRL Member=Component R38 R0805
Added Member To Class: ClassName=SEQUENCER Member=Component R39 2k
Added Member To Class: ClassName=ETH_PHY Member=Component R40 RES_0805
Added Member To Class: ClassName=JTAG_MCU Member=Component R41 10k
Added Member To Class: ClassName=JTAG_MCU Member=Component R42 10k
Added Member To Class: ClassName=JTAG_MCU Member=Component R43 10k
Added Member To Class: ClassName=JTAG_MCU Member=Component R44 10k
Added Member To Class: ClassName=JTAG_MCU Member=Component R45 10k
Added Member To Class: ClassName=FAN_CTRL Member=Component R46 R0805
Added Member To Class: ClassName=FAN_CTRL Member=Component R47 R0805
Added Member To Class: ClassName=FAN_CTRL Member=Component R48 R0805
Added Member To Class: ClassName=FAN_CTRL Member=Component R49 R0805
Added Member To Class: ClassName=FAN_CTRL Member=Component R50 R0805
Added Member To Class: ClassName=DIRECTIONAL_COUPLER Member=Component R? 120k
Added Member To Class: ClassName=DIRECTIONAL_COUPLER Member=Component R? 1k
Added Member To Class: ClassName=DIRECTIONAL_COUPLER Member=Component R? 4k7
Added Member To Class: ClassName=DIRECTIONAL_COUPLER Member=Component R? 120k
Added Member To Class: ClassName=DIRECTIONAL_COUPLER Member=Component R? 1k
Added Member To Class: ClassName=DIRECTIONAL_COUPLER Member=Component R? 4k7
Added Member To Class: ClassName=DIRECTIONAL_COUPLER Member=Component R? 10k
Added Member To Class: ClassName=DIRECTIONAL_COUPLER Member=Component R? 10k
Added Member To Class: ClassName=MCU Member=Component S1 1437566-3 (FSMSM)
Added Member To Class: ClassName=MCU Member=Component U7 STM32F407VET6
Added Member To Class: ClassName=SEQUENCER Member=Component VD1 1N4007
Added Member To Class: ClassName=FAN_CTRL Member=Component VD2 1N4728A
Added Member To Class: ClassName=MCU Member=Component VD3 BAT54C
Added Member To Class: ClassName=FAN_CTRL Member=Component VD4 1N4728A
Added Member To Class: ClassName=FAN_CTRL Member=Component VD5 1N4728A
Added Member To Class: ClassName=SEQUENCER Member=Component VD6 1N4744A
Added Member To Class: ClassName=DIRECTIONAL_COUPLER Member=Component VD11 BAT54C
Added Member To Class: ClassName=SEQUENCER Member=Component VT1 2N3906
Added Member To Class: ClassName=SEQUENCER Member=Component VT2 2SC1815
Added Member To Class: ClassName=ETH_PHY Member=Component X10 TRJ0011TBNL (J0011D018)
Added Member To Class: ClassName=DS18B20 Member=Component XS1 Text
Added Member To Class: ClassName=DS18B20 Member=Component XS2 Text
Added Member To Class: ClassName=DS18B20 Member=Component XS3 Text
Added Member To Class: ClassName=DS18B20 Member=Component XS4 Text
Added Member To Class: ClassName=FAN_CTRL Member=Component XS6 FAN
Added Member To Class: ClassName=FAN_CTRL Member=Component XS7 FAN
Added Member To Class: ClassName=FAN_CTRL Member=Component XS8 FAN
Added Member To Class: ClassName=CAN Member=Component XS9 CAN
Added Member To Class: ClassName=CAN Member=Component XS10 Text
Added Member To Class: ClassName=CAN Member=Component XS11 CAN
Added Member To Class: ClassName=LCD2004 Member=Component XS12 IIC
Added Member To Class: ClassName=JTAG_MCU Member=Component XS13 Text
Added Member To Class: ClassName=CAN Member=Component XS14 Text
Added Member To Class: ClassName=SEQUENCER Member=Component Z1 HCM1212X
Added Member To Class: ClassName=MCU Member=Component ZQ1 HC49SM
Added Room: Name=CAN
Added Room: Name=DIRECTIONAL_COUPLER
Added Room: Name=DS18B20
Added Room: Name=ETH_PHY
Added Room: Name=FAN_CTRL
Added Room: Name=FLASH
Added Room: Name=JTAG_MCU
Added Room: Name=LCD2004
Added Room: Name=MCU
Added Room: Name=POWER_SUPPLY
Added Room: Name=SEQUENCER
