Removed Member From Class: ClassName=Seq Member=U?
Change Component Footprint: Designator=U? Old Footprint=DIP-4 New Footprint=LCD-MODULE-3.2-480-320
Change Component Comment : Designator=U? Old Comment=Optoisolator1 New Comment=LCD-MODULE_3'2_480õ320
Change component parameters: Designator = "U?" ("U?"); Footprint = "DIP-4"; UniqueID = "\XUFWYZEC" ("\XUFWYZEC")
Change component parameters (AddParameter): Name = "Value"; Value = ""; VariantName = "[No Variations]"
Added Component: Designator=U4(DIP-4)
Added Component: Designator=U5(DIP-4)
Added Component: Designator=U6(DIP-4)
Added Component: Designator=U7(DIP-4)
Added Component: Designator=VD2(DO-41)
Added Component: Designator=VT1(TO-92)
Added Component: Designator=VT2(TO-92)
Added Pin To Net: NetName=GND Pin=U4-2
Added Pin To Net: NetName=GND Pin=U4-3
Added Pin To Net: NetName=GND Pin=U5-3
Added Pin To Net: NetName=GND Pin=U6-2
Added Pin To Net: NetName=GND Pin=U6-3
Added Pin To Net: NetName=GND Pin=U7-2
Added Pin To Net: NetName=GND Pin=U7-3
Added Net: Name=NetC14_1
Added Pin To Net: NetName=NetK1_A2 Pin=U6-4
Added Net: Name=NetK1_A2
Added Net: Name=NetR1_1
Added Pin To Net: NetName=NetR2_2 Pin=U4-1
Added Net: Name=NetR2_2
Added Pin To Net: NetName=NetR3_1 Pin=U4-4
Added Net: Name=NetR3_1
Added Pin To Net: NetName=NetR4_1 Pin=U5-1
Added Net: Name=NetR4_1
Added Net: Name=NetR5_1
Added Pin To Net: NetName=NetR6_2 Pin=U6-1
Added Net: Name=NetR6_2
Added Pin To Net: NetName=NetR7_2 Pin=U5-2
Added Net: Name=NetR7_2
Added Pin To Net: NetName=NetR8_2 Pin=U7-1
Added Net: Name=NetR8_2
Added Pin To Net: NetName=NetR9_1 Pin=U7-4
Added Net: Name=NetR9_1
Added Net: Name=NetVD2_C
Added Net: Name=VCC
Added Member To Class: ClassName=Seq Member=Component U4 TLP627
Added Member To Class: ClassName=Seq Member=Component U5 TLP781
Added Member To Class: ClassName=Seq Member=Component U6 TLP627
Added Member To Class: ClassName=Seq Member=Component U7 TLP627
Added Member To Class: ClassName=LCD_ETHERNET Member=Component U? LCD-MODULE_3'2_480õ320
Added Member To Class: ClassName=Seq Member=Component VD2 1N4007
Added Member To Class: ClassName=Seq Member=Component VT1 2N3906
Added Member To Class: ClassName=Seq Member=Component VT2 2SC1815
