Added Component: Designator=C18(TECAP_A)
Add component (AddParameter): Name = "Published"; Value = "20.08.2010"; VariantName = "[No Variations]"
Add component (AddParameter): Name = "Publisher"; Value = "Andrew Danich"; VariantName = "[No Variations]"
Add component (AddParameter): Name = "Type"; Value = "Конденсатор"; VariantName = "[No Variations]"
Added Pin To Net: NetName=+12V Pin=C18-1
Added Pin To Net: NetName=GND Pin=C18-2
Added Pin To Net: NetName=+12V Pin=R17-2
Added Pin To Net: NetName=+12V Pin=R18-2
Added Pin To Net: NetName=+12V Pin=R19-2
Added Pin To Net: NetName=+12V Pin=XS11-2
Added Pin To Net: NetName=+12V Pin=XS12-2
Added Pin To Net: NetName=+12V Pin=XS13-2
Added Member To Class: ClassName=SEQUENCER Member=Component C18 10uFx25V
Added Member To Class: ClassName=FAN_CTRL Member=Component R19 4k7
Added Room: Name=DS18B20
Added Room: Name=ETH_PHY
Added Room: Name=FAN_CTRL
Added Room: Name=JTAG_MCU
Added Room: Name=LCD2004
Added Room: Name=SEQUENCER
