Removed Pin From Net: NetName=+12V Pin=C1-1
Removed Pin From Net: NetName=+3V3 Pin=C4-1
Removed Pin From Net: NetName=GND Pin=C4-2
Removed Member From Class: ClassName=POWER_SUPPLY Member=C1
Removed Member From Class: ClassName=POWER_SUPPLY Member=C4
Change Component Footprint: Designator=C1 Old Footprint=CAP_SMD_TANT_A New Footprint=TECAP_A
Change Component Comment : Designator=C4 Old Comment=CAP_TANT_A New Comment=0805 100nF
Change Component Comment : Designator=C1 Old Comment=CAP_TANT_A New Comment=TECAP_A 16V 1uF
Change component parameters: Designator = "C4" ("C4"); Footprint = "CAP_SMD_TANT_A"; UniqueID = "\PPYPLYMT" ("\PPYPLYMT")
Change component parameters (AddParameter): Name = "Code_IPC"; Value = "2012[0805]"; VariantName = "[No Variations]"
Change component parameters (AddParameter): Name = "Code_JEITA"; Value = "0805"; VariantName = "[No Variations]"
Change component parameters (AddParameter): Name = "ComponentLink1Description"; Value = "Manufacturer Link"; VariantName = "[No Variations]"
Change component parameters (AddParameter): Name = "ComponentLink1URL"; Value = "http://www.kemet.com/"; VariantName = "[No Variations]"
Change component parameters (AddParameter): Name = "ComponentLink2Description"; Value = "Datasheet"; VariantName = "[No Variations]"
Change component parameters (AddParameter): Name = "ComponentLink2URL"; Value = "http://www.kemet.com/kemet/web/homepage/kechome.nsf/vapubfilesname/F3102TA.pdf/$file/F3102TA.pdf"; VariantName = "[No Variations]"
Change component parameters (AddParameter): Name = "DatasheetDocument"; Value = "Mar-2001"; VariantName = "[No Variations]"
Change component parameters (AddParameter): Name = "LatestRevisionDate"; Value = "19-Mar-2004"; VariantName = "[No Variations]"
Change component parameters (AddParameter): Name = "LatestRevisionNote"; Value = "Silkscreen size reduced."; VariantName = "[No Variations]"
Change component parameters (AddParameter): Name = "Note"; Value = "Footprint corresponds to dimensions for bulk cassette packaging. This case size has tightened tolerances."; VariantName = "[No Variations]"
Change component parameters (AddParameter): Name = "PackageDocument"; Value = "Mar-2001"; VariantName = "[No Variations]"
Change component parameters (AddParameter): Name = "PackageReference"; Value = "0805"; VariantName = "[No Variations]"
Change component parameters (AddParameter): Name = "Published"; Value = "17-Jul-2002"; VariantName = "[No Variations]"
Change component parameters (AddParameter): Name = "Publisher"; Value = "Altium Limited"; VariantName = "[No Variations]"
Added Component: Designator=BQ1(HC49SM)
Added Component: Designator=BQ2(FC-135)
Added Component: Designator=C26(TECAP_A)
Added Component: Designator=C28(CAP_0805)
Add component (AddParameter): Name = "Value"; Value = ""; VariantName = "[No Variations]"
Added Component: Designator=C29(CAP_0805)
Add component (AddParameter): Name = "Value"; Value = ""; VariantName = "[No Variations]"
Added Component: Designator=C30(CAP_0805)
Add component (AddParameter): Name = "Value"; Value = ""; VariantName = "[No Variations]"
Added Component: Designator=C31(CAP_0805)
Add component (AddParameter): Name = "Value"; Value = ""; VariantName = "[No Variations]"
Added Component: Designator=C32(CAP_0805)
Add component (AddParameter): Name = "Value"; Value = ""; VariantName = "[No Variations]"
Added Component: Designator=C33(CAP_0805)
Add component (AddParameter): Name = "Value"; Value = ""; VariantName = "[No Variations]"
Added Component: Designator=C34(CAP_0805)
Add component (AddParameter): Name = "Value"; Value = ""; VariantName = "[No Variations]"
Added Component: Designator=C35(CAP_0805)
Add component (AddParameter): Name = "Value"; Value = ""; VariantName = "[No Variations]"
Added Component: Designator=C36(CAP_0805)
Add component (AddParameter): Name = "Value"; Value = ""; VariantName = "[No Variations]"
Added Component: Designator=C37(CAP_0805)
Add component (AddParameter): Name = "Value"; Value = ""; VariantName = "[No Variations]"
Added Component: Designator=C38(CAP_0805)
Add component (AddParameter): Name = "Value"; Value = ""; VariantName = "[No Variations]"
Added Component: Designator=C39(CAP_0805)
Add component (AddParameter): Name = "Value"; Value = ""; VariantName = "[No Variations]"
Added Component: Designator=C40(CAP_0805)
Add component (AddParameter): Name = "Value"; Value = ""; VariantName = "[No Variations]"
Added Component: Designator=R38(RES_0805)
Add component (AddParameter): Name = "Value"; Value = ""; VariantName = "[No Variations]"
Added Component: Designator=R39(RES_0805)
Add component (AddParameter): Name = "Value"; Value = ""; VariantName = "[No Variations]"
Added Component: Designator=S1(1437566-3)
Add component (AddParameter): Name = "Availability"; Value = "Unavailable"; VariantName = "[No Variations]"
Add component (AddParameter): Name = "Configuration_Pole-Throw"; Value = "Single Pole - Single Throw"; VariantName = "[No Variations]"
Add component (AddParameter): Name = "Contact_Current_Rating"; Value = "50 mA"; VariantName = "[No Variations]"
Add component (AddParameter): Name = "MF"; Value = "TE Connectivity"; VariantName = "[No Variations]"
Add component (AddParameter): Name = "MP"; Value = "1437566-3"; VariantName = "[No Variations]"
Add component (AddParameter): Name = "Package"; Value = "None"; VariantName = "[No Variations]"
Add component (AddParameter): Name = "Price"; Value = "None"; VariantName = "[No Variations]"
Add component (AddParameter): Name = "SnapEDA_Link"; Value = "https://www.snapeda.com/parts/1437566-3/TE%20Connectivity/view-part/?ref=snap"; VariantName = "[No Variations]"
Add component (AddParameter): Name = "Value"; Value = ""; VariantName = "[No Variations]"
Added Pin To Net: NetName=GND Pin=C4-1
Added Pin To Net: NetName=GND Pin=C26-2
Added Pin To Net: NetName=3V3 Pin=C28-1
Added Pin To Net: NetName=GND Pin=C28-2
Added Pin To Net: NetName=3V3 Pin=C29-1
Added Pin To Net: NetName=GND Pin=C29-2
Added Pin To Net: NetName=3V3 Pin=C30-1
Added Pin To Net: NetName=GND Pin=C30-2
Added Pin To Net: NetName=3V3 Pin=C31-1
Added Pin To Net: NetName=GND Pin=C31-2
Added Pin To Net: NetName=3V3 Pin=C32-1
Added Pin To Net: NetName=GND Pin=C32-2
Added Pin To Net: NetName=3V3 Pin=C33-1
Added Pin To Net: NetName=GND Pin=C33-2
Added Pin To Net: NetName=GND Pin=C34-2
Added Pin To Net: NetName=GND Pin=C35-2
Added Pin To Net: NetName=GND Pin=C36-2
Added Pin To Net: NetName=GND Pin=C37-2
Added Pin To Net: NetName=GND Pin=C38-2
Added Pin To Net: NetName=GND Pin=C39-2
Added Pin To Net: NetName=GND Pin=C40-2
Added Pin To Net: NetName=3V3 Pin=R39-1
Added Pin To Net: NetName=GND Pin=S1-2
Added Pin To Net: NetName=3V3 Pin=U2-11
Added Pin To Net: NetName=3V3 Pin=U2-19
Added Pin To Net: NetName=GND Pin=U2-20
Added Pin To Net: NetName=3V3 Pin=U2-28
Added Pin To Net: NetName=3V3 Pin=U2-50
Added Pin To Net: NetName=3V3 Pin=U2-75
Added Pin To Net: NetName=3V3 Pin=U2-100
Change Net Name : Old Net Name=+3V3 New Net Name=NetC2_1
Added Pin To Net: NetName=NetBQ1_1 Pin=BQ1-1
Added Pin To Net: NetName=NetBQ1_1 Pin=BQ1-2
Added Pin To Net: NetName=NetBQ1_1 Pin=BQ2-1
Added Pin To Net: NetName=NetBQ1_1 Pin=BQ2-2
Added Pin To Net: NetName=NetBQ1_1 Pin=C34-1
Added Pin To Net: NetName=NetBQ1_1 Pin=C36-1
Added Pin To Net: NetName=NetBQ1_1 Pin=C40-1
Added Pin To Net: NetName=NetBQ1_1 Pin=R38-1
Added Pin To Net: NetName=NetBQ1_1 Pin=R38-2
Added Pin To Net: NetName=NetBQ1_1 Pin=U5-4
Added Net: Name=NetBQ1_1
Added Pin To Net: NetName=NetC1_1 Pin=C1-1
Added Pin To Net: NetName=NetC1_1 Pin=C4-2
Added Pin To Net: NetName=NetC1_1 Pin=U2-21
Added Net: Name=NetC1_1
Added Pin To Net: NetName=NetC25_2 Pin=U2-6
Added Net: Name=NetC25_2
Added Pin To Net: NetName=NetC26_1 Pin=C26-1
Added Pin To Net: NetName=NetC26_1 Pin=U2-22
Added Net: Name=NetC26_1
Added Pin To Net: NetName=NetC37_1 Pin=C37-1
Added Pin To Net: NetName=NetC37_1 Pin=U2-73
Added Net: Name=NetC37_1
Added Pin To Net: NetName=NetC38_1 Pin=C38-1
Added Pin To Net: NetName=NetC38_1 Pin=U2-49
Added Net: Name=NetC38_1
Added Pin To Net: NetName=NetC39_1 Pin=C39-1
Added Pin To Net: NetName=NetC39_1 Pin=R39-2
Added Pin To Net: NetName=NetC39_1 Pin=S1-1
Added Pin To Net: NetName=NetC39_1 Pin=U2-14
Added Net: Name=NetC39_1
Added Net: Name=NetJ1_1
Added Member To Class: ClassName=MCU Member=Component BQ1 HC-49SM 8MHz
Added Member To Class: ClassName=MCU Member=Component BQ2 FC-135_32.768KHZ-12.5
Added Member To Class: ClassName=MCU Member=Component C1 TECAP_A 16V 1uF
Added Member To Class: ClassName=MCU Member=Component C4 0805 100nF
Added Member To Class: ClassName=USB Member=Component C22 CAP_0805
Added Member To Class: ClassName=MCU Member=Component C26 TECAP_A 16V 1uF
Added Member To Class: ClassName=MCU Member=Component C28 0.1 uF
Added Member To Class: ClassName=MCU Member=Component C29 0.1 uF
Added Member To Class: ClassName=MCU Member=Component C30 0.1 uF
Added Member To Class: ClassName=MCU Member=Component C31 0.1 uF
Added Member To Class: ClassName=MCU Member=Component C32 0.1 uF
Added Member To Class: ClassName=MCU Member=Component C33 0.1 uF
Added Member To Class: ClassName=MCU Member=Component C34 22 pF
Added Member To Class: ClassName=MCU Member=Component C35 22 pF
Added Member To Class: ClassName=MCU Member=Component C36 15 pF
Added Member To Class: ClassName=MCU Member=Component C37 2.2uF
Added Member To Class: ClassName=MCU Member=Component C38 2.2uF
Added Member To Class: ClassName=MCU Member=Component C39 0.1 uF
Added Member To Class: ClassName=MCU Member=Component C40 15 pF
Added Member To Class: ClassName=USB Member=Component R35 RES_0805
Added Member To Class: ClassName=MCU Member=Component R38 1M
Added Member To Class: ClassName=MCU Member=Component R39 100K
Added Member To Class: ClassName=MCU Member=Component S1 1437566-3 (FSMSM)
Added Room: Name=CAN
Added Room: Name=ETH
Added Room: Name=FLASH
Added Room: Name=JTAG
Added Room: Name=LCD_ILI9341
Added Room: Name=MCU
Added Room: Name=POWER_SUPPLY
Added Room: Name=Seq
Added Room: Name=USB
