Added Component: Designator=BQ1(HC49SM)
Added Component: Designator=BQ2(FC-135)
Added Component: Designator=C1(CAP_0805)
Add component (AddParameter): Name = "Value"; Value = ""; VariantName = "[No Variations]"
Added Component: Designator=C2(CAP_0805)
Add component (AddParameter): Name = "Value"; Value = ""; VariantName = "[No Variations]"
Added Component: Designator=C3(CAP_0805)
Add component (AddParameter): Name = "Value"; Value = ""; VariantName = "[No Variations]"
Added Component: Designator=C4(CAP_0805)
Add component (AddParameter): Name = "Value"; Value = ""; VariantName = "[No Variations]"
Added Component: Designator=C7(CAP_0805)
Add component (AddParameter): Name = "Value"; Value = ""; VariantName = "[No Variations]"
Added Component: Designator=C8(CAP_0805)
Add component (AddParameter): Name = "Value"; Value = ""; VariantName = "[No Variations]"
Added Component: Designator=C9(CAP_0805)
Add component (AddParameter): Name = "Value"; Value = ""; VariantName = "[No Variations]"
Added Component: Designator=C11(CAP_0805)
Add component (AddParameter): Name = "Value"; Value = ""; VariantName = "[No Variations]"
Added Component: Designator=C12(CAP_0805)
Add component (AddParameter): Name = "Value"; Value = ""; VariantName = "[No Variations]"
Added Component: Designator=C13(CAP_0805)
Add component (AddParameter): Name = "Value"; Value = ""; VariantName = "[No Variations]"
Added Component: Designator=C14(CAP_0805)
Add component (AddParameter): Name = "Value"; Value = ""; VariantName = "[No Variations]"
Added Component: Designator=C15(CAP_0805)
Add component (AddParameter): Name = "Value"; Value = ""; VariantName = "[No Variations]"
Added Component: Designator=C16(CAP_0805)
Add component (AddParameter): Name = "Value"; Value = ""; VariantName = "[No Variations]"
Added Component: Designator=C17(CAP_0805)
Add component (AddParameter): Name = "Value"; Value = ""; VariantName = "[No Variations]"
Added Component: Designator=C18(CAP_0805)
Add component (AddParameter): Name = "Value"; Value = ""; VariantName = "[No Variations]"
Added Component: Designator=C19(CAP_0805)
Add component (AddParameter): Name = "Value"; Value = ""; VariantName = "[No Variations]"
Added Component: Designator=C20(CAP_0805)
Add component (AddParameter): Name = "Value"; Value = ""; VariantName = "[No Variations]"
Added Component: Designator=C21(CAP_0805)
Add component (AddParameter): Name = "Value"; Value = ""; VariantName = "[No Variations]"
Added Component: Designator=C22(CAP_0805)
Add component (AddParameter): Name = "Value"; Value = ""; VariantName = "[No Variations]"
Added Component: Designator=C23(TECAP_A)
Added Component: Designator=C24(CAP_0805)
Add component (AddParameter): Name = "Value"; Value = ""; VariantName = "[No Variations]"
Added Component: Designator=C25(TECAP_A)
Added Component: Designator=C26(CAP_0805)
Add component (AddParameter): Name = "Value"; Value = ""; VariantName = "[No Variations]"
Added Component: Designator=C27(CAP_0805)
Add component (AddParameter): Name = "Value"; Value = ""; VariantName = "[No Variations]"
Added Component: Designator=C28(CAP_0805)
Add component (AddParameter): Name = "Value"; Value = ""; VariantName = "[No Variations]"
Added Component: Designator=C29(CAP_0805)
Add component (AddParameter): Name = "Value"; Value = ""; VariantName = "[No Variations]"
Added Component: Designator=C30(CAP_0805)
Add component (AddParameter): Name = "Value"; Value = ""; VariantName = "[No Variations]"
Added Component: Designator=C31(CAP_0805)
Add component (AddParameter): Name = "Value"; Value = ""; VariantName = "[No Variations]"
Added Component: Designator=C32(CAP_0805)
Add component (AddParameter): Name = "Value"; Value = ""; VariantName = "[No Variations]"
Added Component: Designator=C33(CAP_0805)
Add component (AddParameter): Name = "Value"; Value = ""; VariantName = "[No Variations]"
Added Component: Designator=C34(CAP_0805)
Add component (AddParameter): Name = "Value"; Value = ""; VariantName = "[No Variations]"
Added Component: Designator=C35(CAP_0805)
Add component (AddParameter): Name = "Value"; Value = ""; VariantName = "[No Variations]"
Added Component: Designator=C36(CAP_0805)
Add component (AddParameter): Name = "Value"; Value = ""; VariantName = "[No Variations]"
Added Component: Designator=C37(CAP_0805)
Add component (AddParameter): Name = "Value"; Value = ""; VariantName = "[No Variations]"
Added Component: Designator=C38(CAP_0805)
Add component (AddParameter): Name = "Value"; Value = ""; VariantName = "[No Variations]"
Added Component: Designator=C39(CAP_0805)
Add component (AddParameter): Name = "Value"; Value = ""; VariantName = "[No Variations]"
Added Component: Designator=C40(CAP_0805)
Add component (AddParameter): Name = "Value"; Value = ""; VariantName = "[No Variations]"
Added Component: Designator=D1(QFP48)
Added Component: Designator=DD1(SOIC8 (SO-8))
Added Component: Designator=R10(RES_0805)
Add component (AddParameter): Name = "Value"; Value = ""; VariantName = "[No Variations]"
Added Component: Designator=R11(RES_0805)
Add component (AddParameter): Name = "Value"; Value = ""; VariantName = "[No Variations]"
Added Component: Designator=R12(RES_0805)
Add component (AddParameter): Name = "Value"; Value = ""; VariantName = "[No Variations]"
Added Component: Designator=R13(RES_0805)
Add component (AddParameter): Name = "Value"; Value = ""; VariantName = "[No Variations]"
Added Component: Designator=R14(RES_0805)
Add component (AddParameter): Name = "Value"; Value = ""; VariantName = "[No Variations]"
Added Component: Designator=R15(RES_0805)
Add component (AddParameter): Name = "Value"; Value = ""; VariantName = "[No Variations]"
Added Component: Designator=R16(RES_0805)
Add component (AddParameter): Name = "Value"; Value = ""; VariantName = "[No Variations]"
Added Component: Designator=R17(RES_0805)
Add component (AddParameter): Name = "Value"; Value = ""; VariantName = "[No Variations]"
Added Component: Designator=R18(RES_0805)
Add component (AddParameter): Name = "Value"; Value = ""; VariantName = "[No Variations]"
Added Component: Designator=R19(RES_0805)
Add component (AddParameter): Name = "Value"; Value = ""; VariantName = "[No Variations]"
Added Component: Designator=R20(RES_0805)
Add component (AddParameter): Name = "Value"; Value = ""; VariantName = "[No Variations]"
Added Component: Designator=R21(RES_0805)
Add component (AddParameter): Name = "Value"; Value = ""; VariantName = "[No Variations]"
Added Component: Designator=R22(RES_0805)
Add component (AddParameter): Name = "Value"; Value = ""; VariantName = "[No Variations]"
Added Component: Designator=R23(RES_0805)
Add component (AddParameter): Name = "Value"; Value = ""; VariantName = "[No Variations]"
Added Component: Designator=R24(RES_0805)
Add component (AddParameter): Name = "Value"; Value = ""; VariantName = "[No Variations]"
Added Component: Designator=R25(RES_0805)
Add component (AddParameter): Name = "Value"; Value = ""; VariantName = "[No Variations]"
Added Component: Designator=R26(RES_0805)
Add component (AddParameter): Name = "Value"; Value = ""; VariantName = "[No Variations]"
Added Component: Designator=R27(RES_0805)
Add component (AddParameter): Name = "Value"; Value = ""; VariantName = "[No Variations]"
Added Component: Designator=R28(RES_0805)
Add component (AddParameter): Name = "Value"; Value = ""; VariantName = "[No Variations]"
Added Component: Designator=R29(RES_0805)
Add component (AddParameter): Name = "Value"; Value = ""; VariantName = "[No Variations]"
Added Component: Designator=R30(RES_0805)
Add component (AddParameter): Name = "Value"; Value = ""; VariantName = "[No Variations]"
Added Component: Designator=R31(RES_0805)
Add component (AddParameter): Name = "Value"; Value = ""; VariantName = "[No Variations]"
Added Component: Designator=R32(RES_0805)
Add component (AddParameter): Name = "Value"; Value = ""; VariantName = "[No Variations]"
Added Component: Designator=R33(RES_0805)
Add component (AddParameter): Name = "Value"; Value = ""; VariantName = "[No Variations]"
Added Component: Designator=R34(RES_0805)
Add component (AddParameter): Name = "Value"; Value = ""; VariantName = "[No Variations]"
Added Component: Designator=R35(RES_0805)
Add component (AddParameter): Name = "Value"; Value = ""; VariantName = "[No Variations]"
Added Component: Designator=R36(RES_0805)
Add component (AddParameter): Name = "Value"; Value = ""; VariantName = "[No Variations]"
Added Component: Designator=R37(RES_0805)
Add component (AddParameter): Name = "Value"; Value = ""; VariantName = "[No Variations]"
Added Component: Designator=R38(RES_0805)
Add component (AddParameter): Name = "Value"; Value = ""; VariantName = "[No Variations]"
Added Component: Designator=R39(RES_0805)
Add component (AddParameter): Name = "Value"; Value = ""; VariantName = "[No Variations]"
Added Component: Designator=R?(RES_0805)
Add component (AddParameter): Name = "Value"; Value = ""; VariantName = "[No Variations]"
Added Component: Designator=S1(1437566-3)
Add component (AddParameter): Name = "Availability"; Value = "Unavailable"; VariantName = "[No Variations]"
Add component (AddParameter): Name = "Configuration_Pole-Throw"; Value = "Single Pole - Single Throw"; VariantName = "[No Variations]"
Add component (AddParameter): Name = "Contact_Current_Rating"; Value = "50 mA"; VariantName = "[No Variations]"
Add component (AddParameter): Name = "MF"; Value = "TE Connectivity"; VariantName = "[No Variations]"
Add component (AddParameter): Name = "MP"; Value = "1437566-3"; VariantName = "[No Variations]"
Add component (AddParameter): Name = "Package"; Value = "None"; VariantName = "[No Variations]"
Add component (AddParameter): Name = "Price"; Value = "None"; VariantName = "[No Variations]"
Add component (AddParameter): Name = "SnapEDA_Link"; Value = "https://www.snapeda.com/parts/1437566-3/TE%20Connectivity/view-part/?ref=snap"; VariantName = "[No Variations]"
Add component (AddParameter): Name = "Value"; Value = ""; VariantName = "[No Variations]"
Added Component: Designator=U1(LM1085ISX-3.3)
Added Component: Designator=U2(DIP-4)
Added Component: Designator=U3(DIP-4)
Added Component: Designator=U4(DIP-4)
Added Component: Designator=U5(DIP-4)
Added Component: Designator=U6(W25Q16)
Add component (AddParameter): Name = "Value"; Value = ""; VariantName = "[No Variations]"
Added Component: Designator=U7(STM-LQFP100_V)
Add component (AddParameter): Name = "ComponentLink1Description"; Value = "Manufacturer URL"; VariantName = "[No Variations]"
Add component (AddParameter): Name = "ComponentLink1URL"; Value = "http://www.st.com/web/en/home.html"; VariantName = "[No Variations]"
Add component (AddParameter): Name = "ComponentLink2Description"; Value = "Datasheet"; VariantName = "[No Variations]"
Add component (AddParameter): Name = "ComponentLink2URL"; Value = "http://www.st.com/st-web-ui/static/active/en/resource/technical/document/datasheet/DM00037051.pdf"; VariantName = "[No Variations]"
Add component (AddParameter): Name = "ComponentLink3Description"; Value = "Package Specification"; VariantName = "[No Variations]"
Add component (AddParameter): Name = "ComponentLink3URL"; Value = "http://www.st.com/st-web-ui/static/active/en/resource/technical/document/data_brief/DM00071938.pdf"; VariantName = "[No Variations]"
Add component (AddParameter): Name = "Core"; Value = "ARM Cortex-M4"; VariantName = "[No Variations]"
Add component (AddParameter): Name = "D/A Converter"; Value = "2x12-bit"; VariantName = "[No Variations]"
Add component (AddParameter): Name = "DatasheetVersion"; Value = "Rev. 4"; VariantName = "[No Variations]"
Add component (AddParameter): Name = "FLASH Size (Prog) (kB)"; Value = "512"; VariantName = "[No Variations]"
Add component (AddParameter): Name = "I/Os (High Current)"; Value = "82"; VariantName = "[No Variations]"
Add component (AddParameter): Name = "Internal RAM Size (kB)"; Value = "192"; VariantName = "[No Variations]"
Add component (AddParameter): Name = "Manufacturer"; Value = "STMicroelectronics"; VariantName = "[No Variations]"
Add component (AddParameter): Name = "Mounting Technology"; Value = "Surface Mount"; VariantName = "[No Variations]"
Add component (AddParameter): Name = "Operating Frequency(F) (Processor speed) (MHz)"; Value = "168"; VariantName = "[No Variations]"
Add component (AddParameter): Name = "PackageDescription"; Value = "100-Pin Low Profile Quad Flat Package, 14 x 14 mm Body, 0.5 mm Pitch"; VariantName = "[No Variations]"
Add component (AddParameter): Name = "PackageReference"; Value = "LQFP100"; VariantName = "[No Variations]"
Add component (AddParameter): Name = "PackageVersion"; Value = "Rev. 1, 06/2013"; VariantName = "[No Variations]"
Add component (AddParameter): Name = "Packing"; Value = "Tray"; VariantName = "[No Variations]"
Add component (AddParameter): Name = "PartNumber"; Value = "STM32F407VET6"; VariantName = "[No Variations]"
Add component (AddParameter): Name = "Supplier 1"; Value = "Digi-Key"; VariantName = "[No Variations]"
Add component (AddParameter): Name = "Supplier 2"; Value = "Farnell"; VariantName = "[No Variations]"
Add component (AddParameter): Name = "Supplier 3"; Value = "Newark"; VariantName = "[No Variations]"
Add component (AddParameter): Name = "Supplier 4"; Value = "Mouser"; VariantName = "[No Variations]"
Add component (AddParameter): Name = "Supplier Part Number 1"; Value = "497-12075-ND"; VariantName = "[No Variations]"
Add component (AddParameter): Name = "Supplier Part Number 2"; Value = "2064367"; VariantName = "[No Variations]"
Add component (AddParameter): Name = "Supplier Part Number 3"; Value = "73T2332"; VariantName = "[No Variations]"
Add component (AddParameter): Name = "Supplier Part Number 4"; Value = "511-STM32F407VET6"; VariantName = "[No Variations]"
Add component (AddParameter): Name = "Supply Voltage(Vcc) max (V)"; Value = "3.6"; VariantName = "[No Variations]"
Add component (AddParameter): Name = "Supply Voltage(Vcc) min (V)"; Value = "1.8"; VariantName = "[No Variations]"
Added Component: Designator=VD2(DO-41)
Added Component: Designator=VD3(BAT54C_SOT23-3)
Added Component: Designator=VT1(TO-92)
Added Component: Designator=VT2(TO-92)
Added Component: Designator=X1(USB_TypeB_Tyco)
Added Component: Designator=X2(J0011D018)
Added Component: Designator=X3(HDR2X10)
Added Component: Designator=X4(LCD-MODULE-3.2-480-320)
Add component (AddParameter): Name = "Value"; Value = ""; VariantName = "[No Variations]"
Added Component: Designator=X?(HDR1X3)
Added Component: Designator=X?(HDR1X3)
Added Component: Designator=X?(HDR1X3)
Added Pin To Net: NetName=NetBQ1_1 Pin=BQ1-1
Added Pin To Net: NetName=NetBQ1_2 Pin=BQ1-2
Added Pin To Net: NetName=NetBQ2_1 Pin=BQ2-1
Added Pin To Net: NetName=NetBQ2_2 Pin=BQ2-2
Added Pin To Net: NetName=NetC1_1 Pin=C1-1
Added Pin To Net: NetName=GND Pin=C1-2
Added Pin To Net: NetName=+12V Pin=C2-1
Added Pin To Net: NetName=GND Pin=C2-2
Added Pin To Net: NetName=NetC1_1 Pin=C3-1
Added Pin To Net: NetName=GND Pin=C3-2
Added Pin To Net: NetName=NetC1_1 Pin=C4-1
Added Pin To Net: NetName=GND Pin=C4-2
Added Pin To Net: NetName=NetC7_1 Pin=C7-1
Added Pin To Net: NetName=GND Pin=C7-2
Added Pin To Net: NetName=NetC8_1 Pin=C8-1
Added Pin To Net: NetName=GND Pin=C8-2
Added Pin To Net: NetName=NetC9_1 Pin=C9-1
Added Pin To Net: NetName=GND Pin=C9-2
Added Pin To Net: NetName=NetC11_2 Pin=C11-2
Added Pin To Net: NetName=3V3 Pin=C12-1
Added Pin To Net: NetName=GND Pin=C12-2
Added Pin To Net: NetName=3V3 Pin=C13-1
Added Pin To Net: NetName=GND Pin=C13-2
Added Pin To Net: NetName=3V3 Pin=C14-1
Added Pin To Net: NetName=GND Pin=C14-2
Added Pin To Net: NetName=3V3 Pin=C15-1
Added Pin To Net: NetName=GND Pin=C15-2
Added Pin To Net: NetName=3V3 Pin=C16-1
Added Pin To Net: NetName=GND Pin=C16-2
Added Pin To Net: NetName=3V3 Pin=C17-1
Added Pin To Net: NetName=GND Pin=C17-2
Added Pin To Net: NetName=3V3 Pin=C18-1
Added Pin To Net: NetName=GND Pin=C18-2
Added Pin To Net: NetName=3V3 Pin=C19-1
Added Pin To Net: NetName=GND Pin=C19-2
Added Pin To Net: NetName=NetC20_1 Pin=C20-1
Added Pin To Net: NetName=GND Pin=C20-2
Added Pin To Net: NetName=NetC20_1 Pin=C21-1
Added Pin To Net: NetName=GND Pin=C21-2
Added Pin To Net: NetName=+3.3 Pin=C22-1
Added Pin To Net: NetName=GND Pin=C22-2
Added Pin To Net: NetName=NetC23_1 Pin=C23-1
Added Pin To Net: NetName=GND Pin=C23-2
Added Pin To Net: NetName=NetC23_1 Pin=C24-1
Added Pin To Net: NetName=GND Pin=C24-2
Added Pin To Net: NetName=GND Pin=C25-1
Added Pin To Net: NetName=NetC25_2 Pin=C25-2
Added Pin To Net: NetName=GND Pin=C26-1
Added Pin To Net: NetName=NetC25_2 Pin=C26-2
Added Pin To Net: NetName=NetC27_1 Pin=C27-1
Added Pin To Net: NetName=GND Pin=C27-2
Added Pin To Net: NetName=3V3 Pin=C28-1
Added Pin To Net: NetName=GND Pin=C28-2
Added Pin To Net: NetName=3V3 Pin=C29-1
Added Pin To Net: NetName=GND Pin=C29-2
Added Pin To Net: NetName=3V3 Pin=C30-1
Added Pin To Net: NetName=GND Pin=C30-2
Added Pin To Net: NetName=3V3 Pin=C31-1
Added Pin To Net: NetName=GND Pin=C31-2
Added Pin To Net: NetName=3V3 Pin=C32-1
Added Pin To Net: NetName=GND Pin=C32-2
Added Pin To Net: NetName=3V3 Pin=C33-1
Added Pin To Net: NetName=GND Pin=C33-2
Added Pin To Net: NetName=NetBQ1_2 Pin=C34-1
Added Pin To Net: NetName=GND Pin=C34-2
Added Pin To Net: NetName=GND Pin=C35-2
Added Pin To Net: NetName=NetBQ2_2 Pin=C36-1
Added Pin To Net: NetName=GND Pin=C36-2
Added Pin To Net: NetName=NetC37_1 Pin=C37-1
Added Pin To Net: NetName=GND Pin=C37-2
Added Pin To Net: NetName=NetC38_1 Pin=C38-1
Added Pin To Net: NetName=GND Pin=C38-2
Added Pin To Net: NetName=NetC39_1 Pin=C39-1
Added Pin To Net: NetName=GND Pin=C39-2
Added Pin To Net: NetName=NetBQ2_1 Pin=C40-1
Added Pin To Net: NetName=GND Pin=C40-2
Added Pin To Net: NetName=NetD1_2 Pin=D1-2
Added Pin To Net: NetName=NetD1_3 Pin=D1-3
Added Pin To Net: NetName=NetD1_4 Pin=D1-4
Added Pin To Net: NetName=NetD1_7 Pin=D1-7
Added Pin To Net: NetName=NetD1_13 Pin=D1-13
Added Pin To Net: NetName=NetD1_14 Pin=D1-14
Added Pin To Net: NetName=GND Pin=D1-15
Added Pin To Net: NetName=NetD1_16 Pin=D1-16
Added Pin To Net: NetName=NetD1_17 Pin=D1-17
Added Pin To Net: NetName=NetC20_1 Pin=D1-18
Added Pin To Net: NetName=GND Pin=D1-19
Added Pin To Net: NetName=NetD1_20 Pin=D1-20
Added Pin To Net: NetName=NetD1_21 Pin=D1-21
Added Pin To Net: NetName=+3.3 Pin=D1-22
Added Pin To Net: NetName=NetC20_1 Pin=D1-23
Added Pin To Net: NetName=NetD1_26 Pin=D1-26
Added Pin To Net: NetName=NetD1_27 Pin=D1-27
Added Pin To Net: NetName=NetD1_28 Pin=D1-28
Added Pin To Net: NetName=NetD1_29 Pin=D1-29
Added Pin To Net: NetName=NetD1_31 Pin=D1-31
Added Pin To Net: NetName=+3.3 Pin=D1-32
Added Pin To Net: NetName=NetD1_34 Pin=D1-34
Added Pin To Net: NetName=GND Pin=D1-35
Added Pin To Net: NetName=GND Pin=D1-36
Added Pin To Net: NetName=NetC20_1 Pin=D1-37
Added Pin To Net: NetName=NetD1_39 Pin=D1-39
Added Pin To Net: NetName=NetD1_40 Pin=D1-40
Added Pin To Net: NetName=NetD1_42 Pin=D1-42
Added Pin To Net: NetName=NetD1_43 Pin=D1-43
Added Pin To Net: NetName=NetD1_44 Pin=D1-44
Added Pin To Net: NetName=GND Pin=D1-47
Added Pin To Net: NetName=+3.3 Pin=D1-48
Added Pin To Net: NetName=GND Pin=D1-49
Added Pin To Net: NetName=NetDD1_1 Pin=DD1-1
Added Pin To Net: NetName=GND Pin=DD1-2
Added Pin To Net: NetName=NetC11_2 Pin=DD1-3
Added Pin To Net: NetName=NetDD1_4 Pin=DD1-4
Added Pin To Net: NetName=NetDD1_6 Pin=DD1-6
Added Pin To Net: NetName=NetDD1_7 Pin=DD1-7
Added Pin To Net: NetName=NetDD1_8 Pin=DD1-8
Added Pin To Net: NetName=NetR10_1 Pin=R10-1
Added Pin To Net: NetName=NetC7_1 Pin=R10-2
Added Pin To Net: NetName=NetC8_1 Pin=R11-1
Added Pin To Net: NetName=NetR11_2 Pin=R11-2
Added Pin To Net: NetName=NetC9_1 Pin=R12-1
Added Pin To Net: NetName=NetR12_2 Pin=R12-2
Added Pin To Net: NetName=NetC7_1 Pin=R13-1
Added Pin To Net: NetName=GND Pin=R13-2
Added Pin To Net: NetName=NetDD1_8 Pin=R14-1
Added Pin To Net: NetName=NetR14_2 Pin=R14-2
Added Pin To Net: NetName=NetDD1_7 Pin=R15-1
Added Pin To Net: NetName=NetDD1_6 Pin=R15-2
Added Pin To Net: NetName=3V3 Pin=R16-1
Added Pin To Net: NetName=NetD1_17 Pin=R16-2
Added Pin To Net: NetName=3V3 Pin=R17-1
Added Pin To Net: NetName=NetD1_16 Pin=R17-2
Added Pin To Net: NetName=3V3 Pin=R18-1
Added Pin To Net: NetName=NetD1_14 Pin=R18-2
Added Pin To Net: NetName=3V3 Pin=R19-1
Added Pin To Net: NetName=NetD1_13 Pin=R19-2
Added Pin To Net: NetName=3V3 Pin=R20-1
Added Pin To Net: NetName=NetR20_2 Pin=R20-2
Added Pin To Net: NetName=3V3 Pin=R21-1
Added Pin To Net: NetName=NetR21_2 Pin=R21-2
Added Pin To Net: NetName=+3.3 Pin=R22-1
Added Pin To Net: NetName=NetD1_21 Pin=R22-2
Added Pin To Net: NetName=+3.3 Pin=R23-1
Added Pin To Net: NetName=NetD1_20 Pin=R23-2
Added Pin To Net: NetName=NetD1_7 Pin=R24-1
Added Pin To Net: NetName=+3.3 Pin=R24-2
Added Pin To Net: NetName=+3.3 Pin=R25-1
Added Pin To Net: NetName=NetD1_42 Pin=R25-2
Added Pin To Net: NetName=+3.3 Pin=R26-1
Added Pin To Net: NetName=NetD1_26 Pin=R26-2
Added Pin To Net: NetName=+3.3 Pin=R27-1
Added Pin To Net: NetName=NetD1_40 Pin=R27-2
Added Pin To Net: NetName=+3.3 Pin=R28-1
Added Pin To Net: NetName=NetD1_28 Pin=R28-2
Added Pin To Net: NetName=+3.3 Pin=R29-1
Added Pin To Net: NetName=NetD1_27 Pin=R29-2
Added Pin To Net: NetName=+3.3 Pin=R30-1
Added Pin To Net: NetName=NetD1_39 Pin=R30-2
Added Pin To Net: NetName=3.3V Pin=R31-1
Added Pin To Net: NetName=NetR31_2 Pin=R31-2
Added Pin To Net: NetName=NetR32_2 Pin=R32-2
Added Pin To Net: NetName=NetR33_2 Pin=R33-2
Added Pin To Net: NetName=3.3V Pin=R34-1
Added Pin To Net: NetName=NetR34_2 Pin=R34-2
Added Pin To Net: NetName=NetR35_1 Pin=R35-1
Added Pin To Net: NetName=GND Pin=R35-2
Added Pin To Net: NetName=+3.3 Pin=R36-1
Added Pin To Net: NetName=NetR36_2 Pin=R36-2
Added Pin To Net: NetName=NetC23_1 Pin=R37-1
Added Pin To Net: NetName=NetC25_2 Pin=R37-2
Added Pin To Net: NetName=NetBQ1_2 Pin=R38-1
Added Pin To Net: NetName=NetBQ1_1 Pin=R38-2
Added Pin To Net: NetName=3V3 Pin=R39-1
Added Pin To Net: NetName=NetC39_1 Pin=R39-2
Added Pin To Net: NetName=+3.3 Pin=R?-1
Added Pin To Net: NetName=NetR?_2 Pin=R?-2
Added Pin To Net: NetName=NetC39_1 Pin=S1-1
Added Pin To Net: NetName=GND Pin=S1-2
Added Pin To Net: NetName=GND Pin=U1-1
Added Pin To Net: NetName=NetC1_1 Pin=U1-2
Added Pin To Net: NetName=+12V Pin=U1-3
Added Pin To Net: NetName=NetC1_1 Pin=U1-4
Added Pin To Net: NetName=NetR2_2 Pin=U2-1
Added Pin To Net: NetName=GND Pin=U2-2
Added Pin To Net: NetName=GND Pin=U2-3
Added Pin To Net: NetName=NetR3_1 Pin=U2-4
Added Pin To Net: NetName=NetR4_1 Pin=U3-1
Added Pin To Net: NetName=NetR7_2 Pin=U3-2
Added Pin To Net: NetName=GND Pin=U3-3
Added Pin To Net: NetName=NetR2_1 Pin=U3-4
Added Pin To Net: NetName=NetR6_2 Pin=U4-1
Added Pin To Net: NetName=GND Pin=U4-2
Added Pin To Net: NetName=GND Pin=U4-3
Added Pin To Net: NetName=NetK1_A2 Pin=U4-4
Added Pin To Net: NetName=NetR8_2 Pin=U5-1
Added Pin To Net: NetName=GND Pin=U5-2
Added Pin To Net: NetName=GND Pin=U5-3
Added Pin To Net: NetName=NetR9_1 Pin=U5-4
Added Pin To Net: NetName=NetR36_2 Pin=U6-1
Added Pin To Net: NetName=NetU6_2 Pin=U6-2
Added Pin To Net: NetName=+3.3 Pin=U6-3
Added Pin To Net: NetName=GND Pin=U6-4
Added Pin To Net: NetName=NetU6_5 Pin=U6-5
Added Pin To Net: NetName=NetU6_6 Pin=U6-6
Added Pin To Net: NetName=+3.3 Pin=U6-7
Added Pin To Net: NetName=+3.3 Pin=U6-8
Added Pin To Net: NetName=PE3-FLASH-CS Pin=U7-2
Added Pin To Net: NetName=NetC27_1 Pin=U7-6
Added Pin To Net: NetName=NetBQ2_2 Pin=U7-8
Added Pin To Net: NetName=NetBQ2_1 Pin=U7-9
Added Pin To Net: NetName=GND Pin=U7-10
Added Pin To Net: NetName=3V3 Pin=U7-11
Added Pin To Net: NetName=NetBQ1_2 Pin=U7-12
Added Pin To Net: NetName=NetBQ1_1 Pin=U7-13
Added Pin To Net: NetName=NetC39_1 Pin=U7-14
Added Pin To Net: NetName=PC0 Pin=U7-15
Added Pin To Net: NetName=PC1-RMII-MDC Pin=U7-16
Added Pin To Net: NetName=PC2-SPI2-MISO Pin=U7-17
Added Pin To Net: NetName=PC3-SPI2-MOSI Pin=U7-18
Added Pin To Net: NetName=3V3 Pin=U7-19
Added Pin To Net: NetName=GND Pin=U7-20
Added Pin To Net: NetName=NetC23_1 Pin=U7-21
Added Pin To Net: NetName=NetC25_2 Pin=U7-22
Added Pin To Net: NetName=PA1-RMII-RX-CLK Pin=U7-24
Added Pin To Net: NetName=PA2-RMII-MDIO Pin=U7-25
Added Pin To Net: NetName=GND Pin=U7-27
Added Pin To Net: NetName=3V3 Pin=U7-28
Added Pin To Net: NetName=PA7-RMII-CRX-DV Pin=U7-32
Added Pin To Net: NetName=PC4-RMII-RXD0 Pin=U7-33
Added Pin To Net: NetName=PC5-RMII-RXD1 Pin=U7-34
Added Pin To Net: NetName=NetU7_38 Pin=U7-38
Added Pin To Net: NetName=NetU7_39 Pin=U7-39
Added Pin To Net: NetName=NetU7_40 Pin=U7-40
Added Pin To Net: NetName=NetU7_41 Pin=U7-41
Added Pin To Net: NetName=NetU7_42 Pin=U7-42
Added Pin To Net: NetName=NetU7_43 Pin=U7-43
Added Pin To Net: NetName=NetU7_44 Pin=U7-44
Added Pin To Net: NetName=NetU7_45 Pin=U7-45
Added Pin To Net: NetName=NetU7_46 Pin=U7-46
Added Pin To Net: NetName=PB10-SPI2-SCK Pin=U7-47
Added Pin To Net: NetName=PB11-RMII-TXEN Pin=U7-48
Added Pin To Net: NetName=NetC38_1 Pin=U7-49
Added Pin To Net: NetName=3V3 Pin=U7-50
Added Pin To Net: NetName=PB12-RMII-TXD0 Pin=U7-51
Added Pin To Net: NetName=PB13-RMII-TXD1 Pin=U7-52
Added Pin To Net: NetName=NetU7_55 Pin=U7-55
Added Pin To Net: NetName=NetU7_56 Pin=U7-56
Added Pin To Net: NetName=NetU7_57 Pin=U7-57
Added Pin To Net: NetName=NetU7_60 Pin=U7-60
Added Pin To Net: NetName=NetU7_61 Pin=U7-61
Added Pin To Net: NetName=NetU7_62 Pin=U7-62
Added Pin To Net: NetName=NetR33_2 Pin=U7-72
Added Pin To Net: NetName=NetC37_1 Pin=U7-73
Added Pin To Net: NetName=GND Pin=U7-74
Added Pin To Net: NetName=3V3 Pin=U7-75
Added Pin To Net: NetName=NetR35_1 Pin=U7-76
Added Pin To Net: NetName=NetR32_2 Pin=U7-77
Added Pin To Net: NetName=NetU7_81 Pin=U7-81
Added Pin To Net: NetName=NetU7_82 Pin=U7-82
Added Pin To Net: NetName=NetU7_85 Pin=U7-85
Added Pin To Net: NetName=NetU7_86 Pin=U7-86
Added Pin To Net: NetName=NetU7_88 Pin=U7-88
Added Pin To Net: NetName=GND Pin=U7-99
Added Pin To Net: NetName=3V3 Pin=U7-100
Added Pin To Net: NetName=NetJ1_1 Pin=VD3-1
Added Pin To Net: NetName=3V3 Pin=VD3-2
Added Pin To Net: NetName=NetC27_1 Pin=VD3-3
Added Pin To Net: NetName=NetC7_1 Pin=X1-1
Added Pin To Net: NetName=NetC8_1 Pin=X1-2
Added Pin To Net: NetName=NetC9_1 Pin=X1-3
Added Pin To Net: NetName=GND Pin=X1-4
Added Pin To Net: NetName=NetD1_17 Pin=X2-1
Added Pin To Net: NetName=NetD1_16 Pin=X2-2
Added Pin To Net: NetName=NetD1_14 Pin=X2-3
Added Pin To Net: NetName=NetD1_13 Pin=X2-6
Added Pin To Net: NetName=NetR20_2 Pin=X2-9
Added Pin To Net: NetName=NetD1_26 Pin=X2-10
Added Pin To Net: NetName=NetD1_28 Pin=X2-11
Added Pin To Net: NetName=NetR21_2 Pin=X2-12
Added Pin To Net: NetName=3.3V Pin=X3-1
Added Pin To Net: NetName=3.3V Pin=X3-2
Added Pin To Net: NetName=NetR31_2 Pin=X3-3
Added Pin To Net: NetName=GND Pin=X3-4
Added Pin To Net: NetName=NetR32_2 Pin=X3-5
Added Pin To Net: NetName=GND Pin=X3-6
Added Pin To Net: NetName=NetR33_2 Pin=X3-7
Added Pin To Net: NetName=GND Pin=X3-8
Added Pin To Net: NetName=NetR35_1 Pin=X3-9
Added Pin To Net: NetName=GND Pin=X3-10
Added Pin To Net: NetName=GND Pin=X3-12
Added Pin To Net: NetName=NetR34_2 Pin=X3-13
Added Pin To Net: NetName=GND Pin=X3-14
Added Pin To Net: NetName=NetX3_15 Pin=X3-15
Added Pin To Net: NetName=GND Pin=X3-16
Added Pin To Net: NetName=GND Pin=X3-18
Added Pin To Net: NetName=GND Pin=X3-20
Added Pin To Net: NetName=GND Pin=X4-1
Added Pin To Net: NetName=NetU7_60 Pin=X4-2
Added Pin To Net: NetName=NetU7_57 Pin=X4-3
Added Pin To Net: NetName=NetU7_56 Pin=X4-4
Added Pin To Net: NetName=NetU7_55 Pin=X4-5
Added Pin To Net: NetName=NetU7_46 Pin=X4-6
Added Pin To Net: NetName=NetU7_45 Pin=X4-7
Added Pin To Net: NetName=NetU7_44 Pin=X4-8
Added Pin To Net: NetName=NetU7_43 Pin=X4-9
Added Pin To Net: NetName=NetU7_41 Pin=X4-11
Added Pin To Net: NetName=NetU7_38 Pin=X4-14
Added Pin To Net: NetName=NetU7_82 Pin=X4-15
Added Pin To Net: NetName=NetU7_81 Pin=X4-16
Added Pin To Net: NetName=NetU7_62 Pin=X4-17
Added Pin To Net: NetName=NetU7_61 Pin=X4-18
Added Pin To Net: NetName=NetU7_85 Pin=X4-19
Added Pin To Net: NetName=NetU7_86 Pin=X4-20
Added Pin To Net: NetName=NetU7_60 Pin=X4-21
Added Pin To Net: NetName=NetU7_88 Pin=X4-22
Added Pin To Net: NetName=NetX4_23 Pin=X4-23
Added Pin To Net: NetName=NetX4_24 Pin=X4-24
Added Pin To Net: NetName=NetX4_25 Pin=X4-25
Added Pin To Net: NetName=NetX4_26 Pin=X4-26
Added Pin To Net: NetName=GND Pin=X4-30
Added Pin To Net: NetName=+3.3 Pin=X4-31
Added Pin To Net: NetName=GND Pin=X4-32
Added Pin To Net: NetName=+3.3 Pin=X?-1
Added Pin To Net: NetName=+3.3 Pin=X?-1
Added Pin To Net: NetName=+3.3 Pin=X?-1
Added Pin To Net: NetName=NetR?_2 Pin=X?-2
Added Pin To Net: NetName=NetR?_2 Pin=X?-2
Added Pin To Net: NetName=NetR?_2 Pin=X?-2
Added Pin To Net: NetName=GND Pin=X?-3
Added Pin To Net: NetName=GND Pin=X?-3
Added Pin To Net: NetName=GND Pin=X?-3
Added Member To Class: ClassName=MCU Member=Component BQ1 HC-49SM 8MHz
Added Member To Class: ClassName=MCU Member=Component BQ2 FC-135_32.768KHZ-12.5
Added Member To Class: ClassName=POWER_SUPPLY Member=Component C1 CAP_0805
Added Member To Class: ClassName=POWER_SUPPLY Member=Component C2 CAP_0805
Added Member To Class: ClassName=POWER_SUPPLY Member=Component C3 CAP_0805
Added Member To Class: ClassName=POWER_SUPPLY Member=Component C4 CAP_0805
Added Member To Class: ClassName=USB Member=Component C7 CAP_0805
Added Member To Class: ClassName=USB Member=Component C8 CAP_0805
Added Member To Class: ClassName=USB Member=Component C9 CAP_0805
Added Member To Class: ClassName=CAN Member=Component C11 0.1 uF
Added Member To Class: ClassName=ETH Member=Component C12 0.1 uF
Added Member To Class: ClassName=ETH Member=Component C13 0.1 uF
Added Member To Class: ClassName=ETH Member=Component C14 0.1 uF
Added Member To Class: ClassName=ETH Member=Component C15 0.1 uF
Added Member To Class: ClassName=ETH Member=Component C16 0.1 uF
Added Member To Class: ClassName=ETH Member=Component C17 0.1 uF
Added Member To Class: ClassName=ETH Member=Component C18 0.1 uF
Added Member To Class: ClassName=ETH Member=Component C19 0.1 uF
Added Member To Class: ClassName=ETH Member=Component C20 0.1 uF
Added Member To Class: ClassName=ETH Member=Component C21 0.1 uF
Added Member To Class: ClassName=FLASH Member=Component C22 0.1 uF
Added Member To Class: ClassName=MCU Member=Component C23 1 uF
Added Member To Class: ClassName=MCU Member=Component C24 0.1 uF
Added Member To Class: ClassName=MCU Member=Component C25 1 uF
Added Member To Class: ClassName=MCU Member=Component C26 0.1 uF
Added Member To Class: ClassName=MCU Member=Component C27 0.1 uF
Added Member To Class: ClassName=MCU Member=Component C28 0.1 uF
Added Member To Class: ClassName=MCU Member=Component C29 0.1 uF
Added Member To Class: ClassName=MCU Member=Component C30 0.1 uF
Added Member To Class: ClassName=MCU Member=Component C31 0.1 uF
Added Member To Class: ClassName=MCU Member=Component C32 0.1 uF
Added Member To Class: ClassName=MCU Member=Component C33 0.1 uF
Added Member To Class: ClassName=MCU Member=Component C34 22 pF
Added Member To Class: ClassName=MCU Member=Component C35 22 pF
Added Member To Class: ClassName=MCU Member=Component C36 15 pF
Added Member To Class: ClassName=MCU Member=Component C37 2.2uF
Added Member To Class: ClassName=MCU Member=Component C38 2.2uF
Added Member To Class: ClassName=MCU Member=Component C39 0.1 uF
Added Member To Class: ClassName=MCU Member=Component C40 15 pF
Added Member To Class: ClassName=ETH Member=Component D1 DP83848CVVNOPB
Added Member To Class: ClassName=CAN Member=Component DD1 SN65HVD230
Added Member To Class: ClassName=USB Member=Component R10 RES_0805
Added Member To Class: ClassName=USB Member=Component R11 RES_0805
Added Member To Class: ClassName=USB Member=Component R12 RES_0805
Added Member To Class: ClassName=USB Member=Component R13 RES_0805
Added Member To Class: ClassName=CAN Member=Component R14 RES_0805
Added Member To Class: ClassName=CAN Member=Component R15 120
Added Member To Class: ClassName=ETH Member=Component R16 RES_0805
Added Member To Class: ClassName=ETH Member=Component R17 RES_0805
Added Member To Class: ClassName=ETH Member=Component R18 RES_0805
Added Member To Class: ClassName=ETH Member=Component R19 RES_0805
Added Member To Class: ClassName=ETH Member=Component R20 240
Added Member To Class: ClassName=ETH Member=Component R21 240
Added Member To Class: ClassName=ETH Member=Component R22 2k
Added Member To Class: ClassName=ETH Member=Component R23 2k
Added Member To Class: ClassName=ETH Member=Component R24 2k
Added Member To Class: ClassName=ETH Member=Component R25 2k
Added Member To Class: ClassName=ETH Member=Component R26 2k
Added Member To Class: ClassName=ETH Member=Component R27 2k
Added Member To Class: ClassName=ETH Member=Component R28 2k
Added Member To Class: ClassName=ETH Member=Component R29 2k
Added Member To Class: ClassName=ETH Member=Component R30 2k
Added Member To Class: ClassName=JTAG Member=Component R31 10K
Added Member To Class: ClassName=JTAG Member=Component R32 10K
Added Member To Class: ClassName=JTAG Member=Component R33 10K
Added Member To Class: ClassName=JTAG Member=Component R34 10K
Added Member To Class: ClassName=JTAG Member=Component R35 10K
Added Member To Class: ClassName=FLASH Member=Component R36 10K
Added Member To Class: ClassName=MCU Member=Component R37 47
Added Member To Class: ClassName=MCU Member=Component R38 1M
Added Member To Class: ClassName=MCU Member=Component R39 100K
Added Member To Class: ClassName=DS18B20 Member=Component R? RES_0805
Added Member To Class: ClassName=MCU Member=Component S1 1437566-3 (FSMSM)
Added Member To Class: ClassName=POWER_SUPPLY Member=Component U1 LM1085ISX-3.3
Added Member To Class: ClassName=Seq Member=Component U2 TLP627
Added Member To Class: ClassName=Seq Member=Component U3 TLP781
Added Member To Class: ClassName=Seq Member=Component U4 TLP627
Added Member To Class: ClassName=Seq Member=Component U5 TLP627
Added Member To Class: ClassName=FLASH Member=Component U6 W25Q128
Added Member To Class: ClassName=MCU Member=Component U7 STM32F407VET6
Added Member To Class: ClassName=Seq Member=Component VD2 1N4007
Added Member To Class: ClassName=MCU Member=Component VD3 BAT54C
Added Member To Class: ClassName=Seq Member=Component VT1 2N3906
Added Member To Class: ClassName=Seq Member=Component VT2 2SC1815
Added Member To Class: ClassName=USB Member=Component X1 USB_TYPE_B
Added Member To Class: ClassName=ETH Member=Component X2 TRJ0011TBNL (J0011D018)
Added Member To Class: ClassName=JTAG Member=Component X3 JTAG
Added Member To Class: ClassName=LCD_ILI9341 Member=Component X4 LCD-MODULE
Added Member To Class: ClassName=DS18B20 Member=Component X? DS18B20
Added Member To Class: ClassName=DS18B20 Member=Component X? DS18B20
Added Member To Class: ClassName=DS18B20 Member=Component X? DS18B20
Added Room: Name=CAN
Added Room: Name=DS18B20
Added Room: Name=ETH
Added Room: Name=FLASH
Added Room: Name=JTAG
Added Room: Name=LCD_ILI9341
Added Room: Name=MCU
Added Room: Name=POWER_SUPPLY
Added Room: Name=Seq
Added Room: Name=USB
