Added Component: Designator=C2(C0805C)
Add component (AddParameter): Name = "Published"; Value = "18.05.2010"; VariantName = "[No Variations]"
Add component (AddParameter): Name = "Publisher"; Value = "Andrew Danich"; VariantName = "[No Variations]"
Add component (AddParameter): Name = "Type"; Value = "Конденсатор"; VariantName = "[No Variations]"
Added Component: Designator=C3(C0805C)
Add component (AddParameter): Name = "Published"; Value = "18.05.2010"; VariantName = "[No Variations]"
Add component (AddParameter): Name = "Publisher"; Value = "Andrew Danich"; VariantName = "[No Variations]"
Add component (AddParameter): Name = "Type"; Value = "Конденсатор"; VariantName = "[No Variations]"
Added Component: Designator=C5(C0805C)
Add component (AddParameter): Name = "Published"; Value = "18.05.2010"; VariantName = "[No Variations]"
Add component (AddParameter): Name = "Publisher"; Value = "Andrew Danich"; VariantName = "[No Variations]"
Add component (AddParameter): Name = "Type"; Value = "Конденсатор"; VariantName = "[No Variations]"
Added Component: Designator=C6(C0805C)
Add component (AddParameter): Name = "Published"; Value = "18.05.2010"; VariantName = "[No Variations]"
Add component (AddParameter): Name = "Publisher"; Value = "Andrew Danich"; VariantName = "[No Variations]"
Add component (AddParameter): Name = "Type"; Value = "Конденсатор"; VariantName = "[No Variations]"
Added Component: Designator=C7(C0805C)
Add component (AddParameter): Name = "Published"; Value = "18.05.2010"; VariantName = "[No Variations]"
Add component (AddParameter): Name = "Publisher"; Value = "Andrew Danich"; VariantName = "[No Variations]"
Add component (AddParameter): Name = "Type"; Value = "Конденсатор"; VariantName = "[No Variations]"
Added Component: Designator=C8(C0805C)
Add component (AddParameter): Name = "Published"; Value = "18.05.2010"; VariantName = "[No Variations]"
Add component (AddParameter): Name = "Publisher"; Value = "Andrew Danich"; VariantName = "[No Variations]"
Add component (AddParameter): Name = "Type"; Value = "Конденсатор"; VariantName = "[No Variations]"
Added Component: Designator=C9(C0805C)
Add component (AddParameter): Name = "Published"; Value = "18.05.2010"; VariantName = "[No Variations]"
Add component (AddParameter): Name = "Publisher"; Value = "Andrew Danich"; VariantName = "[No Variations]"
Add component (AddParameter): Name = "Type"; Value = "Конденсатор"; VariantName = "[No Variations]"
Added Component: Designator=C10(C0805C)
Add component (AddParameter): Name = "Published"; Value = "18.05.2010"; VariantName = "[No Variations]"
Add component (AddParameter): Name = "Publisher"; Value = "Andrew Danich"; VariantName = "[No Variations]"
Add component (AddParameter): Name = "Type"; Value = "Конденсатор"; VariantName = "[No Variations]"
Added Component: Designator=C11(C0805C)
Add component (AddParameter): Name = "Published"; Value = "18.05.2010"; VariantName = "[No Variations]"
Add component (AddParameter): Name = "Publisher"; Value = "Andrew Danich"; VariantName = "[No Variations]"
Add component (AddParameter): Name = "Type"; Value = "Конденсатор"; VariantName = "[No Variations]"
Added Component: Designator=C12(C0805C)
Add component (AddParameter): Name = "Published"; Value = "18.05.2010"; VariantName = "[No Variations]"
Add component (AddParameter): Name = "Publisher"; Value = "Andrew Danich"; VariantName = "[No Variations]"
Add component (AddParameter): Name = "Type"; Value = "Конденсатор"; VariantName = "[No Variations]"
Added Component: Designator=C13(C0805C)
Add component (AddParameter): Name = "Published"; Value = "18.05.2010"; VariantName = "[No Variations]"
Add component (AddParameter): Name = "Publisher"; Value = "Andrew Danich"; VariantName = "[No Variations]"
Add component (AddParameter): Name = "Type"; Value = "Конденсатор"; VariantName = "[No Variations]"
Added Component: Designator=C14(C0805C)
Add component (AddParameter): Name = "Published"; Value = "18.05.2010"; VariantName = "[No Variations]"
Add component (AddParameter): Name = "Publisher"; Value = "Andrew Danich"; VariantName = "[No Variations]"
Add component (AddParameter): Name = "Type"; Value = "Конденсатор"; VariantName = "[No Variations]"
Added Component: Designator=C15(C0805C)
Add component (AddParameter): Name = "Published"; Value = "18.05.2010"; VariantName = "[No Variations]"
Add component (AddParameter): Name = "Publisher"; Value = "Andrew Danich"; VariantName = "[No Variations]"
Add component (AddParameter): Name = "Type"; Value = "Конденсатор"; VariantName = "[No Variations]"
Added Component: Designator=C16(C0805C)
Add component (AddParameter): Name = "Published"; Value = "18.05.2010"; VariantName = "[No Variations]"
Add component (AddParameter): Name = "Publisher"; Value = "Andrew Danich"; VariantName = "[No Variations]"
Add component (AddParameter): Name = "Type"; Value = "Конденсатор"; VariantName = "[No Variations]"
Added Component: Designator=C17(C0805C)
Add component (AddParameter): Name = "Published"; Value = "18.05.2010"; VariantName = "[No Variations]"
Add component (AddParameter): Name = "Publisher"; Value = "Andrew Danich"; VariantName = "[No Variations]"
Add component (AddParameter): Name = "Type"; Value = "Конденсатор"; VariantName = "[No Variations]"
Added Component: Designator=C18(TECAP_A)
Add component (AddParameter): Name = "Published"; Value = "20.08.2010"; VariantName = "[No Variations]"
Add component (AddParameter): Name = "Publisher"; Value = "Andrew Danich"; VariantName = "[No Variations]"
Add component (AddParameter): Name = "Type"; Value = "Конденсатор"; VariantName = "[No Variations]"
Added Component: Designator=C19(C0805C)
Add component (AddParameter): Name = "Published"; Value = "18.05.2010"; VariantName = "[No Variations]"
Add component (AddParameter): Name = "Publisher"; Value = "Andrew Danich"; VariantName = "[No Variations]"
Add component (AddParameter): Name = "Type"; Value = "Конденсатор"; VariantName = "[No Variations]"
Added Component: Designator=C20(C0805C)
Add component (AddParameter): Name = "Published"; Value = "18.05.2010"; VariantName = "[No Variations]"
Add component (AddParameter): Name = "Publisher"; Value = "Andrew Danich"; VariantName = "[No Variations]"
Add component (AddParameter): Name = "Type"; Value = "Конденсатор"; VariantName = "[No Variations]"
Added Component: Designator=C21(C0805C)
Add component (AddParameter): Name = "Published"; Value = "18.05.2010"; VariantName = "[No Variations]"
Add component (AddParameter): Name = "Publisher"; Value = "Andrew Danich"; VariantName = "[No Variations]"
Add component (AddParameter): Name = "Type"; Value = "Конденсатор"; VariantName = "[No Variations]"
Added Component: Designator=C22(C0805C)
Add component (AddParameter): Name = "Published"; Value = "18.05.2010"; VariantName = "[No Variations]"
Add component (AddParameter): Name = "Publisher"; Value = "Andrew Danich"; VariantName = "[No Variations]"
Add component (AddParameter): Name = "Type"; Value = "Конденсатор"; VariantName = "[No Variations]"
Added Component: Designator=C23(C0805C)
Add component (AddParameter): Name = "Published"; Value = "18.05.2010"; VariantName = "[No Variations]"
Add component (AddParameter): Name = "Publisher"; Value = "Andrew Danich"; VariantName = "[No Variations]"
Add component (AddParameter): Name = "Type"; Value = "Конденсатор"; VariantName = "[No Variations]"
Added Component: Designator=C24(C0805C)
Add component (AddParameter): Name = "Published"; Value = "18.05.2010"; VariantName = "[No Variations]"
Add component (AddParameter): Name = "Publisher"; Value = "Andrew Danich"; VariantName = "[No Variations]"
Add component (AddParameter): Name = "Type"; Value = "Конденсатор"; VariantName = "[No Variations]"
Added Component: Designator=C25(C0805C)
Add component (AddParameter): Name = "Published"; Value = "18.05.2010"; VariantName = "[No Variations]"
Add component (AddParameter): Name = "Publisher"; Value = "Andrew Danich"; VariantName = "[No Variations]"
Add component (AddParameter): Name = "Type"; Value = "Конденсатор"; VariantName = "[No Variations]"
Added Component: Designator=C26(C0805C)
Add component (AddParameter): Name = "Published"; Value = "18.05.2010"; VariantName = "[No Variations]"
Add component (AddParameter): Name = "Publisher"; Value = "Andrew Danich"; VariantName = "[No Variations]"
Add component (AddParameter): Name = "Type"; Value = "Конденсатор"; VariantName = "[No Variations]"
Added Component: Designator=C27(C0805C)
Add component (AddParameter): Name = "Published"; Value = "18.05.2010"; VariantName = "[No Variations]"
Add component (AddParameter): Name = "Publisher"; Value = "Andrew Danich"; VariantName = "[No Variations]"
Add component (AddParameter): Name = "Type"; Value = "Конденсатор"; VariantName = "[No Variations]"
Added Component: Designator=C28(C0805C)
Add component (AddParameter): Name = "Published"; Value = "18.05.2010"; VariantName = "[No Variations]"
Add component (AddParameter): Name = "Publisher"; Value = "Andrew Danich"; VariantName = "[No Variations]"
Add component (AddParameter): Name = "Type"; Value = "Конденсатор"; VariantName = "[No Variations]"
Added Component: Designator=C29(C0805C)
Add component (AddParameter): Name = "Published"; Value = "18.05.2010"; VariantName = "[No Variations]"
Add component (AddParameter): Name = "Publisher"; Value = "Andrew Danich"; VariantName = "[No Variations]"
Add component (AddParameter): Name = "Type"; Value = "Конденсатор"; VariantName = "[No Variations]"
Added Component: Designator=C31(C0805C)
Add component (AddParameter): Name = "Published"; Value = "18.05.2010"; VariantName = "[No Variations]"
Add component (AddParameter): Name = "Publisher"; Value = "Andrew Danich"; VariantName = "[No Variations]"
Add component (AddParameter): Name = "Type"; Value = "Конденсатор"; VariantName = "[No Variations]"
Added Component: Designator=C32(C0805C)
Add component (AddParameter): Name = "Published"; Value = "18.05.2010"; VariantName = "[No Variations]"
Add component (AddParameter): Name = "Publisher"; Value = "Andrew Danich"; VariantName = "[No Variations]"
Add component (AddParameter): Name = "Type"; Value = "Конденсатор"; VariantName = "[No Variations]"
Added Component: Designator=C33(C0805C)
Add component (AddParameter): Name = "Published"; Value = "18.05.2010"; VariantName = "[No Variations]"
Add component (AddParameter): Name = "Publisher"; Value = "Andrew Danich"; VariantName = "[No Variations]"
Add component (AddParameter): Name = "Type"; Value = "Конденсатор"; VariantName = "[No Variations]"
Added Component: Designator=C34(C0805C)
Add component (AddParameter): Name = "Published"; Value = "18.05.2010"; VariantName = "[No Variations]"
Add component (AddParameter): Name = "Publisher"; Value = "Andrew Danich"; VariantName = "[No Variations]"
Add component (AddParameter): Name = "Type"; Value = "Конденсатор"; VariantName = "[No Variations]"
Added Component: Designator=C35(C0805C)
Add component (AddParameter): Name = "Published"; Value = "18.05.2010"; VariantName = "[No Variations]"
Add component (AddParameter): Name = "Publisher"; Value = "Andrew Danich"; VariantName = "[No Variations]"
Add component (AddParameter): Name = "Type"; Value = "Конденсатор"; VariantName = "[No Variations]"
Added Component: Designator=C36(C0805C)
Add component (AddParameter): Name = "Published"; Value = "18.05.2010"; VariantName = "[No Variations]"
Add component (AddParameter): Name = "Publisher"; Value = "Andrew Danich"; VariantName = "[No Variations]"
Add component (AddParameter): Name = "Type"; Value = "Конденсатор"; VariantName = "[No Variations]"
Added Component: Designator=C37(C0805C)
Add component (AddParameter): Name = "Published"; Value = "18.05.2010"; VariantName = "[No Variations]"
Add component (AddParameter): Name = "Publisher"; Value = "Andrew Danich"; VariantName = "[No Variations]"
Add component (AddParameter): Name = "Type"; Value = "Конденсатор"; VariantName = "[No Variations]"
Added Component: Designator=C38(C0805C)
Add component (AddParameter): Name = "Published"; Value = "18.05.2010"; VariantName = "[No Variations]"
Add component (AddParameter): Name = "Publisher"; Value = "Andrew Danich"; VariantName = "[No Variations]"
Add component (AddParameter): Name = "Type"; Value = "Конденсатор"; VariantName = "[No Variations]"
Added Component: Designator=C39(C0805C)
Add component (AddParameter): Name = "Published"; Value = "18.05.2010"; VariantName = "[No Variations]"
Add component (AddParameter): Name = "Publisher"; Value = "Andrew Danich"; VariantName = "[No Variations]"
Add component (AddParameter): Name = "Type"; Value = "Конденсатор"; VariantName = "[No Variations]"
Added Component: Designator=C40(C0805C)
Add component (AddParameter): Name = "Published"; Value = "18.05.2010"; VariantName = "[No Variations]"
Add component (AddParameter): Name = "Publisher"; Value = "Andrew Danich"; VariantName = "[No Variations]"
Add component (AddParameter): Name = "Type"; Value = "Конденсатор"; VariantName = "[No Variations]"
Added Component: Designator=C41(C0805C)
Add component (AddParameter): Name = "Published"; Value = "18.05.2010"; VariantName = "[No Variations]"
Add component (AddParameter): Name = "Publisher"; Value = "Andrew Danich"; VariantName = "[No Variations]"
Add component (AddParameter): Name = "Type"; Value = "Конденсатор"; VariantName = "[No Variations]"
Added Component: Designator=C42(C0805C)
Add component (AddParameter): Name = "Published"; Value = "18.05.2010"; VariantName = "[No Variations]"
Add component (AddParameter): Name = "Publisher"; Value = "Andrew Danich"; VariantName = "[No Variations]"
Add component (AddParameter): Name = "Type"; Value = "Конденсатор"; VariantName = "[No Variations]"
Added Component: Designator=C43(C0805C)
Add component (AddParameter): Name = "Published"; Value = "18.05.2010"; VariantName = "[No Variations]"
Add component (AddParameter): Name = "Publisher"; Value = "Andrew Danich"; VariantName = "[No Variations]"
Add component (AddParameter): Name = "Type"; Value = "Конденсатор"; VariantName = "[No Variations]"
Added Component: Designator=C44(C0805C)
Add component (AddParameter): Name = "Published"; Value = "18.05.2010"; VariantName = "[No Variations]"
Add component (AddParameter): Name = "Publisher"; Value = "Andrew Danich"; VariantName = "[No Variations]"
Add component (AddParameter): Name = "Type"; Value = "Конденсатор"; VariantName = "[No Variations]"
Added Component: Designator=C45(C0805C)
Add component (AddParameter): Name = "Published"; Value = "18.05.2010"; VariantName = "[No Variations]"
Add component (AddParameter): Name = "Publisher"; Value = "Andrew Danich"; VariantName = "[No Variations]"
Add component (AddParameter): Name = "Type"; Value = "Конденсатор"; VariantName = "[No Variations]"
Added Component: Designator=C46(C0805C)
Add component (AddParameter): Name = "Published"; Value = "18.05.2010"; VariantName = "[No Variations]"
Add component (AddParameter): Name = "Publisher"; Value = "Andrew Danich"; VariantName = "[No Variations]"
Add component (AddParameter): Name = "Type"; Value = "Конденсатор"; VariantName = "[No Variations]"
Added Component: Designator=C47(C0805C)
Add component (AddParameter): Name = "Published"; Value = "18.05.2010"; VariantName = "[No Variations]"
Add component (AddParameter): Name = "Publisher"; Value = "Andrew Danich"; VariantName = "[No Variations]"
Add component (AddParameter): Name = "Type"; Value = "Конденсатор"; VariantName = "[No Variations]"
Added Component: Designator=C49(C0805C)
Add component (AddParameter): Name = "Published"; Value = "18.05.2010"; VariantName = "[No Variations]"
Add component (AddParameter): Name = "Publisher"; Value = "Andrew Danich"; VariantName = "[No Variations]"
Add component (AddParameter): Name = "Type"; Value = "Конденсатор"; VariantName = "[No Variations]"
Added Component: Designator=C50(C0805C)
Add component (AddParameter): Name = "Published"; Value = "18.05.2010"; VariantName = "[No Variations]"
Add component (AddParameter): Name = "Publisher"; Value = "Andrew Danich"; VariantName = "[No Variations]"
Add component (AddParameter): Name = "Type"; Value = "Конденсатор"; VariantName = "[No Variations]"
Added Component: Designator=C52(C0805C)
Add component (AddParameter): Name = "Published"; Value = "18.05.2010"; VariantName = "[No Variations]"
Add component (AddParameter): Name = "Publisher"; Value = "Andrew Danich"; VariantName = "[No Variations]"
Add component (AddParameter): Name = "Type"; Value = "Конденсатор"; VariantName = "[No Variations]"
Added Component: Designator=DA1(LM1085ISX-3.3)
Add component (AddParameter): Name = "Published"; Value = "31.07.2015"; VariantName = "[No Variations]"
Add component (AddParameter): Name = "Publisher"; Value = "Andrew Danich"; VariantName = "[No Variations]"
Add component (AddParameter): Name = "RegType"; Value = ""; VariantName = "[No Variations]"
Add component (AddParameter): Name = "Type"; Value = "Микросхема"; VariantName = "[No Variations]"
Added Component: Designator=DA2(SC_TO-252AA)
Add component (AddParameter): Name = "Published"; Value = "13.08.2015"; VariantName = "[No Variations]"
Add component (AddParameter): Name = "Publisher"; Value = "Andrew Danich"; VariantName = "[No Variations]"
Add component (AddParameter): Name = "RegType"; Value = ""; VariantName = "[No Variations]"
Add component (AddParameter): Name = "Type"; Value = "Микросхема"; VariantName = "[No Variations]"
Added Component: Designator=DA3(Texas_Instruments_D0014A_IPC_A)
Add component (AddParameter): Name = "OPAType"; Value = ""; VariantName = "[No Variations]"
Add component (AddParameter): Name = "Published"; Value = "29.07.2015"; VariantName = "[No Variations]"
Add component (AddParameter): Name = "Publisher"; Value = "Andrew Danich"; VariantName = "[No Variations]"
Add component (AddParameter): Name = "Type"; Value = "Микросхема"; VariantName = "[No Variations]"
Added Component: Designator=DA4(DIP-4)
Add component (AddParameter): Name = "Published"; Value = "09.01.2017"; VariantName = "[No Variations]"
Add component (AddParameter): Name = "Publisher"; Value = "Andrew Danich"; VariantName = "[No Variations]"
Add component (AddParameter): Name = "Type"; Value = "Микросхема"; VariantName = "[No Variations]"
Added Component: Designator=DA5(DIP-4)
Add component (AddParameter): Name = "Published"; Value = "09.01.2017"; VariantName = "[No Variations]"
Add component (AddParameter): Name = "Publisher"; Value = "Andrew Danich"; VariantName = "[No Variations]"
Add component (AddParameter): Name = "Type"; Value = "Микросхема"; VariantName = "[No Variations]"
Added Component: Designator=DA6(DIP-4)
Add component (AddParameter): Name = "Published"; Value = "09.01.2017"; VariantName = "[No Variations]"
Add component (AddParameter): Name = "Publisher"; Value = "Andrew Danich"; VariantName = "[No Variations]"
Add component (AddParameter): Name = "Type"; Value = "Микросхема"; VariantName = "[No Variations]"
Added Component: Designator=DA7(DIP-4)
Add component (AddParameter): Name = "Published"; Value = "09.01.2017"; VariantName = "[No Variations]"
Add component (AddParameter): Name = "Publisher"; Value = "Andrew Danich"; VariantName = "[No Variations]"
Add component (AddParameter): Name = "Type"; Value = "Микросхема"; VariantName = "[No Variations]"
Added Component: Designator=DA8(CFPS-73)
Added Component: Designator=DD1(SOIC8 (SO-8))
Add component (AddParameter): Name = "Published"; Value = "26.02.2013"; VariantName = "[No Variations]"
Add component (AddParameter): Name = "Publisher"; Value = "Andrew Danich"; VariantName = "[No Variations]"
Add component (AddParameter): Name = "Type"; Value = "Микросхема"; VariantName = "[No Variations]"
Added Component: Designator=DD2(SOIC8 (SO-8))
Add component (AddParameter): Name = "Published"; Value = "26.02.2013"; VariantName = "[No Variations]"
Add component (AddParameter): Name = "Publisher"; Value = "Andrew Danich"; VariantName = "[No Variations]"
Add component (AddParameter): Name = "Type"; Value = "Микросхема"; VariantName = "[No Variations]"
Added Component: Designator=DD3(SOIC8 (SO-8))
Add component (AddParameter): Name = "Value"; Value = ""; VariantName = "[No Variations]"
Added Component: Designator=DD4(QFP48)
Added Component: Designator=DD5(STM-LQFP100_V)
Add component (AddParameter): Name = "ComponentLink1Description"; Value = "Manufacturer URL"; VariantName = "[No Variations]"
Add component (AddParameter): Name = "ComponentLink1URL"; Value = "http://www.st.com/web/en/home.html"; VariantName = "[No Variations]"
Add component (AddParameter): Name = "ComponentLink2Description"; Value = "Datasheet"; VariantName = "[No Variations]"
Add component (AddParameter): Name = "ComponentLink2URL"; Value = "http://www.st.com/st-web-ui/static/active/en/resource/technical/document/datasheet/DM00037051.pdf"; VariantName = "[No Variations]"
Add component (AddParameter): Name = "ComponentLink3Description"; Value = "Package Specification"; VariantName = "[No Variations]"
Add component (AddParameter): Name = "ComponentLink3URL"; Value = "http://www.st.com/st-web-ui/static/active/en/resource/technical/document/data_brief/DM00071938.pdf"; VariantName = "[No Variations]"
Add component (AddParameter): Name = "Core"; Value = "ARM Cortex-M4"; VariantName = "[No Variations]"
Add component (AddParameter): Name = "D/A Converter"; Value = "2x12-bit"; VariantName = "[No Variations]"
Add component (AddParameter): Name = "DatasheetVersion"; Value = "Rev. 4"; VariantName = "[No Variations]"
Add component (AddParameter): Name = "FLASH Size (Prog) (kB)"; Value = "512"; VariantName = "[No Variations]"
Add component (AddParameter): Name = "I/Os (High Current)"; Value = "82"; VariantName = "[No Variations]"
Add component (AddParameter): Name = "Internal RAM Size (kB)"; Value = "192"; VariantName = "[No Variations]"
Add component (AddParameter): Name = "Manufacturer"; Value = "STMicroelectronics"; VariantName = "[No Variations]"
Add component (AddParameter): Name = "Mounting Technology"; Value = "Surface Mount"; VariantName = "[No Variations]"
Add component (AddParameter): Name = "Operating Frequency(F) (Processor speed) (MHz)"; Value = "168"; VariantName = "[No Variations]"
Add component (AddParameter): Name = "PackageDescription"; Value = "100-Pin Low Profile Quad Flat Package, 14 x 14 mm Body, 0.5 mm Pitch"; VariantName = "[No Variations]"
Add component (AddParameter): Name = "PackageReference"; Value = "LQFP100"; VariantName = "[No Variations]"
Add component (AddParameter): Name = "PackageVersion"; Value = "Rev. 1, 06/2013"; VariantName = "[No Variations]"
Add component (AddParameter): Name = "Packing"; Value = "Tray"; VariantName = "[No Variations]"
Add component (AddParameter): Name = "PartNumber"; Value = "STM32F407VET6"; VariantName = "[No Variations]"
Add component (AddParameter): Name = "Supplier 1"; Value = "Digi-Key"; VariantName = "[No Variations]"
Add component (AddParameter): Name = "Supplier 2"; Value = "Farnell"; VariantName = "[No Variations]"
Add component (AddParameter): Name = "Supplier 3"; Value = "Newark"; VariantName = "[No Variations]"
Add component (AddParameter): Name = "Supplier 4"; Value = "Mouser"; VariantName = "[No Variations]"
Add component (AddParameter): Name = "Supplier Part Number 1"; Value = "497-12075-ND"; VariantName = "[No Variations]"
Add component (AddParameter): Name = "Supplier Part Number 2"; Value = "2064367"; VariantName = "[No Variations]"
Add component (AddParameter): Name = "Supplier Part Number 3"; Value = "73T2332"; VariantName = "[No Variations]"
Add component (AddParameter): Name = "Supplier Part Number 4"; Value = "511-STM32F407VET6"; VariantName = "[No Variations]"
Add component (AddParameter): Name = "Supply Voltage(Vcc) max (V)"; Value = "3.6"; VariantName = "[No Variations]"
Add component (AddParameter): Name = "Supply Voltage(Vcc) min (V)"; Value = "1.8"; VariantName = "[No Variations]"
Added Component: Designator=DD6(SOIC127P1030X265-16N)
Add component (AddParameter): Name = "Availability"; Value = "Warning"; VariantName = "[No Variations]"
Add component (AddParameter): Name = "DigiKey-Purchase-URL"; Value = "https://snapeda.com/shop?store=DigiKey&id=554599"; VariantName = "[No Variations]"
Add component (AddParameter): Name = "MF"; Value = "Texas Instruments"; VariantName = "[No Variations]"
Add component (AddParameter): Name = "Mouser-Purchase-URL"; Value = "https://snapeda.com/shop?store=Mouser&id=554599"; VariantName = "[No Variations]"
Add component (AddParameter): Name = "MP"; Value = "PCF8574ADW"; VariantName = "[No Variations]"
Add component (AddParameter): Name = "Package"; Value = "SOIC-16 Texas Instruments"; VariantName = "[No Variations]"
Add component (AddParameter): Name = "Price"; Value = "None"; VariantName = "[No Variations]"
Add component (AddParameter): Name = "SnapEDA_Link"; Value = "https://www.snapeda.com/parts/PCF8574ADW/Texas%20Instruments/view-part/554599/?ref=snap"; VariantName = "[No Variations]"
Add component (AddParameter): Name = "Texas_Instruments-Purchase-URL"; Value = "https://snapeda.com/shop?store=Texas+Instruments&id=554599"; VariantName = "[No Variations]"
Add component (AddParameter): Name = "Value"; Value = ""; VariantName = "[No Variations]"
Added Component: Designator=J1(BK-912-TR)
Added Component: Designator=K1(HJR1-2C L-12VDC)
Added Component: Designator=L1(AXIAL-0.6)
Add component (AddParameter): Name = "Published"; Value = "20.05.2010"; VariantName = "[No Variations]"
Add component (AddParameter): Name = "Publisher"; Value = "Andrew Danich"; VariantName = "[No Variations]"
Add component (AddParameter): Name = "Type"; Value = "Дроссель"; VariantName = "[No Variations]"
Added Component: Designator=L2(INDPM4532)
Add component (AddParameter): Name = "Published"; Value = "20.05.2010"; VariantName = "[No Variations]"
Add component (AddParameter): Name = "Publisher"; Value = "Andrew Danich"; VariantName = "[No Variations]"
Add component (AddParameter): Name = "Type"; Value = "Дроссель"; VariantName = "[No Variations]"
Added Component: Designator=R1(C0805R)
Add component (AddParameter): Name = "Published"; Value = "24.03.2010"; VariantName = "[No Variations]"
Add component (AddParameter): Name = "Publisher"; Value = "Andrew Danich"; VariantName = "[No Variations]"
Add component (AddParameter): Name = "Type"; Value = "Резистор"; VariantName = "[No Variations]"
Added Component: Designator=R2(C0805R)
Add component (AddParameter): Name = "Published"; Value = "24.03.2010"; VariantName = "[No Variations]"
Add component (AddParameter): Name = "Publisher"; Value = "Andrew Danich"; VariantName = "[No Variations]"
Add component (AddParameter): Name = "Type"; Value = "Резистор"; VariantName = "[No Variations]"
Added Component: Designator=R3(C0805R)
Add component (AddParameter): Name = "Published"; Value = "24.03.2010"; VariantName = "[No Variations]"
Add component (AddParameter): Name = "Publisher"; Value = "Andrew Danich"; VariantName = "[No Variations]"
Add component (AddParameter): Name = "Type"; Value = "Резистор"; VariantName = "[No Variations]"
Added Component: Designator=R4(C0805R)
Add component (AddParameter): Name = "Published"; Value = "24.03.2010"; VariantName = "[No Variations]"
Add component (AddParameter): Name = "Publisher"; Value = "Andrew Danich"; VariantName = "[No Variations]"
Add component (AddParameter): Name = "Type"; Value = "Резистор"; VariantName = "[No Variations]"
Added Component: Designator=R5(C0805R)
Add component (AddParameter): Name = "Published"; Value = "24.03.2010"; VariantName = "[No Variations]"
Add component (AddParameter): Name = "Publisher"; Value = "Andrew Danich"; VariantName = "[No Variations]"
Add component (AddParameter): Name = "Type"; Value = "Резистор"; VariantName = "[No Variations]"
Added Component: Designator=R6(C0805R)
Add component (AddParameter): Name = "Published"; Value = "24.03.2010"; VariantName = "[No Variations]"
Add component (AddParameter): Name = "Publisher"; Value = "Andrew Danich"; VariantName = "[No Variations]"
Add component (AddParameter): Name = "Type"; Value = "Резистор"; VariantName = "[No Variations]"
Added Component: Designator=R7(C0805R)
Add component (AddParameter): Name = "Published"; Value = "24.03.2010"; VariantName = "[No Variations]"
Add component (AddParameter): Name = "Publisher"; Value = "Andrew Danich"; VariantName = "[No Variations]"
Add component (AddParameter): Name = "Type"; Value = "Резистор"; VariantName = "[No Variations]"
Added Component: Designator=R8(C0805R)
Add component (AddParameter): Name = "Published"; Value = "24.03.2010"; VariantName = "[No Variations]"
Add component (AddParameter): Name = "Publisher"; Value = "Andrew Danich"; VariantName = "[No Variations]"
Add component (AddParameter): Name = "Type"; Value = "Резистор"; VariantName = "[No Variations]"
Added Component: Designator=R10(C0805R)
Add component (AddParameter): Name = "Published"; Value = "24.03.2010"; VariantName = "[No Variations]"
Add component (AddParameter): Name = "Publisher"; Value = "Andrew Danich"; VariantName = "[No Variations]"
Add component (AddParameter): Name = "Type"; Value = "Резистор"; VariantName = "[No Variations]"
Added Component: Designator=R11(C0805R)
Add component (AddParameter): Name = "Published"; Value = "24.03.2010"; VariantName = "[No Variations]"
Add component (AddParameter): Name = "Publisher"; Value = "Andrew Danich"; VariantName = "[No Variations]"
Add component (AddParameter): Name = "Type"; Value = "Резистор"; VariantName = "[No Variations]"
Added Component: Designator=R12(C0805R)
Add component (AddParameter): Name = "Published"; Value = "24.03.2010"; VariantName = "[No Variations]"
Add component (AddParameter): Name = "Publisher"; Value = "Andrew Danich"; VariantName = "[No Variations]"
Add component (AddParameter): Name = "Type"; Value = "Резистор"; VariantName = "[No Variations]"
Added Component: Designator=R13(C0805R)
Add component (AddParameter): Name = "Published"; Value = "24.03.2010"; VariantName = "[No Variations]"
Add component (AddParameter): Name = "Publisher"; Value = "Andrew Danich"; VariantName = "[No Variations]"
Add component (AddParameter): Name = "Type"; Value = "Резистор"; VariantName = "[No Variations]"
Added Component: Designator=R15(C0805R)
Add component (AddParameter): Name = "Published"; Value = "24.03.2010"; VariantName = "[No Variations]"
Add component (AddParameter): Name = "Publisher"; Value = "Andrew Danich"; VariantName = "[No Variations]"
Add component (AddParameter): Name = "Type"; Value = "Резистор"; VariantName = "[No Variations]"
Added Component: Designator=R16(C0805R)
Add component (AddParameter): Name = "Published"; Value = "24.03.2010"; VariantName = "[No Variations]"
Add component (AddParameter): Name = "Publisher"; Value = "Andrew Danich"; VariantName = "[No Variations]"
Add component (AddParameter): Name = "Type"; Value = "Резистор"; VariantName = "[No Variations]"
Added Component: Designator=R17(TRIM_3296W-1-254LF)
Add component (AddParameter): Name = "Published"; Value = "27.07.2015"; VariantName = "[No Variations]"
Add component (AddParameter): Name = "Publisher"; Value = "Andrew Danich"; VariantName = "[No Variations]"
Add component (AddParameter): Name = "Type"; Value = "Подстроечный резистор"; VariantName = "[No Variations]"
Added Component: Designator=R18(C0805R)
Add component (AddParameter): Name = "Published"; Value = "24.03.2010"; VariantName = "[No Variations]"
Add component (AddParameter): Name = "Publisher"; Value = "Andrew Danich"; VariantName = "[No Variations]"
Add component (AddParameter): Name = "Type"; Value = "Резистор"; VariantName = "[No Variations]"
Added Component: Designator=R19(C0805R)
Add component (AddParameter): Name = "Published"; Value = "24.03.2010"; VariantName = "[No Variations]"
Add component (AddParameter): Name = "Publisher"; Value = "Andrew Danich"; VariantName = "[No Variations]"
Add component (AddParameter): Name = "Type"; Value = "Резистор"; VariantName = "[No Variations]"
Added Component: Designator=R20(C0805R)
Add component (AddParameter): Name = "Published"; Value = "24.03.2010"; VariantName = "[No Variations]"
Add component (AddParameter): Name = "Publisher"; Value = "Andrew Danich"; VariantName = "[No Variations]"
Add component (AddParameter): Name = "Type"; Value = "Резистор"; VariantName = "[No Variations]"
Added Component: Designator=R21(C0805R)
Add component (AddParameter): Name = "Published"; Value = "24.03.2010"; VariantName = "[No Variations]"
Add component (AddParameter): Name = "Publisher"; Value = "Andrew Danich"; VariantName = "[No Variations]"
Add component (AddParameter): Name = "Type"; Value = "Резистор"; VariantName = "[No Variations]"
Added Component: Designator=R22(C0805R)
Add component (AddParameter): Name = "Published"; Value = "24.03.2010"; VariantName = "[No Variations]"
Add component (AddParameter): Name = "Publisher"; Value = "Andrew Danich"; VariantName = "[No Variations]"
Add component (AddParameter): Name = "Type"; Value = "Резистор"; VariantName = "[No Variations]"
Added Component: Designator=R23(C0805R)
Add component (AddParameter): Name = "Published"; Value = "24.03.2010"; VariantName = "[No Variations]"
Add component (AddParameter): Name = "Publisher"; Value = "Andrew Danich"; VariantName = "[No Variations]"
Add component (AddParameter): Name = "Type"; Value = "Резистор"; VariantName = "[No Variations]"
Added Component: Designator=R24(C0805R)
Add component (AddParameter): Name = "Published"; Value = "24.03.2010"; VariantName = "[No Variations]"
Add component (AddParameter): Name = "Publisher"; Value = "Andrew Danich"; VariantName = "[No Variations]"
Add component (AddParameter): Name = "Type"; Value = "Резистор"; VariantName = "[No Variations]"
Added Component: Designator=R25(C0805R)
Add component (AddParameter): Name = "Published"; Value = "24.03.2010"; VariantName = "[No Variations]"
Add component (AddParameter): Name = "Publisher"; Value = "Andrew Danich"; VariantName = "[No Variations]"
Add component (AddParameter): Name = "Type"; Value = "Резистор"; VariantName = "[No Variations]"
Added Component: Designator=R26(C0805R)
Add component (AddParameter): Name = "Published"; Value = "24.03.2010"; VariantName = "[No Variations]"
Add component (AddParameter): Name = "Publisher"; Value = "Andrew Danich"; VariantName = "[No Variations]"
Add component (AddParameter): Name = "Type"; Value = "Резистор"; VariantName = "[No Variations]"
Added Component: Designator=R27(C0805R)
Add component (AddParameter): Name = "Published"; Value = "24.03.2010"; VariantName = "[No Variations]"
Add component (AddParameter): Name = "Publisher"; Value = "Andrew Danich"; VariantName = "[No Variations]"
Add component (AddParameter): Name = "Type"; Value = "Резистор"; VariantName = "[No Variations]"
Added Component: Designator=R28(AXIAL-0.6)
Add component (AddParameter): Name = "Published"; Value = "24.03.2010"; VariantName = "[No Variations]"
Add component (AddParameter): Name = "Publisher"; Value = "Andrew Danich"; VariantName = "[No Variations]"
Add component (AddParameter): Name = "Type"; Value = "Резистор"; VariantName = "[No Variations]"
Added Component: Designator=R29(AXIAL-0.6)
Add component (AddParameter): Name = "Published"; Value = "24.03.2010"; VariantName = "[No Variations]"
Add component (AddParameter): Name = "Publisher"; Value = "Andrew Danich"; VariantName = "[No Variations]"
Add component (AddParameter): Name = "Type"; Value = "Резистор"; VariantName = "[No Variations]"
Added Component: Designator=R30(AXIAL-0.6)
Add component (AddParameter): Name = "Published"; Value = "24.03.2010"; VariantName = "[No Variations]"
Add component (AddParameter): Name = "Publisher"; Value = "Andrew Danich"; VariantName = "[No Variations]"
Add component (AddParameter): Name = "Type"; Value = "Резистор"; VariantName = "[No Variations]"
Added Component: Designator=R31(AXIAL-0.6)
Add component (AddParameter): Name = "Published"; Value = "24.03.2010"; VariantName = "[No Variations]"
Add component (AddParameter): Name = "Publisher"; Value = "Andrew Danich"; VariantName = "[No Variations]"
Add component (AddParameter): Name = "Type"; Value = "Резистор"; VariantName = "[No Variations]"
Added Component: Designator=R32(AXIAL-0.6)
Add component (AddParameter): Name = "Published"; Value = "24.03.2010"; VariantName = "[No Variations]"
Add component (AddParameter): Name = "Publisher"; Value = "Andrew Danich"; VariantName = "[No Variations]"
Add component (AddParameter): Name = "Type"; Value = "Резистор"; VariantName = "[No Variations]"
Added Component: Designator=R33(AXIAL-0.6)
Add component (AddParameter): Name = "Published"; Value = "24.03.2010"; VariantName = "[No Variations]"
Add component (AddParameter): Name = "Publisher"; Value = "Andrew Danich"; VariantName = "[No Variations]"
Add component (AddParameter): Name = "Type"; Value = "Резистор"; VariantName = "[No Variations]"
Added Component: Designator=R34(AXIAL-0.6)
Add component (AddParameter): Name = "Published"; Value = "24.03.2010"; VariantName = "[No Variations]"
Add component (AddParameter): Name = "Publisher"; Value = "Andrew Danich"; VariantName = "[No Variations]"
Add component (AddParameter): Name = "Type"; Value = "Резистор"; VariantName = "[No Variations]"
Added Component: Designator=R35(AXIAL-0.6)
Add component (AddParameter): Name = "Published"; Value = "24.03.2010"; VariantName = "[No Variations]"
Add component (AddParameter): Name = "Publisher"; Value = "Andrew Danich"; VariantName = "[No Variations]"
Add component (AddParameter): Name = "Type"; Value = "Резистор"; VariantName = "[No Variations]"
Added Component: Designator=R36(AXIAL-0.6)
Add component (AddParameter): Name = "Published"; Value = "24.03.2010"; VariantName = "[No Variations]"
Add component (AddParameter): Name = "Publisher"; Value = "Andrew Danich"; VariantName = "[No Variations]"
Add component (AddParameter): Name = "Type"; Value = "Резистор"; VariantName = "[No Variations]"
Added Component: Designator=R37(C0805R)
Add component (AddParameter): Name = "Published"; Value = "24.03.2010"; VariantName = "[No Variations]"
Add component (AddParameter): Name = "Publisher"; Value = "Andrew Danich"; VariantName = "[No Variations]"
Add component (AddParameter): Name = "Type"; Value = "Резистор"; VariantName = "[No Variations]"
Added Component: Designator=R38(C0805R)
Add component (AddParameter): Name = "Published"; Value = "24.03.2010"; VariantName = "[No Variations]"
Add component (AddParameter): Name = "Publisher"; Value = "Andrew Danich"; VariantName = "[No Variations]"
Add component (AddParameter): Name = "Type"; Value = "Резистор"; VariantName = "[No Variations]"
Added Component: Designator=R39(C0805R)
Add component (AddParameter): Name = "Published"; Value = "24.03.2010"; VariantName = "[No Variations]"
Add component (AddParameter): Name = "Publisher"; Value = "Andrew Danich"; VariantName = "[No Variations]"
Add component (AddParameter): Name = "Type"; Value = "Резистор"; VariantName = "[No Variations]"
Added Component: Designator=R40(C0805R)
Add component (AddParameter): Name = "Published"; Value = "24.03.2010"; VariantName = "[No Variations]"
Add component (AddParameter): Name = "Publisher"; Value = "Andrew Danich"; VariantName = "[No Variations]"
Add component (AddParameter): Name = "Type"; Value = "Резистор"; VariantName = "[No Variations]"
Added Component: Designator=R41(C0805R)
Add component (AddParameter): Name = "Published"; Value = "24.03.2010"; VariantName = "[No Variations]"
Add component (AddParameter): Name = "Publisher"; Value = "Andrew Danich"; VariantName = "[No Variations]"
Add component (AddParameter): Name = "Type"; Value = "Резистор"; VariantName = "[No Variations]"
Added Component: Designator=R42(C0805R)
Add component (AddParameter): Name = "Published"; Value = "24.03.2010"; VariantName = "[No Variations]"
Add component (AddParameter): Name = "Publisher"; Value = "Andrew Danich"; VariantName = "[No Variations]"
Add component (AddParameter): Name = "Type"; Value = "Резистор"; VariantName = "[No Variations]"
Added Component: Designator=R43(C0805R)
Add component (AddParameter): Name = "Published"; Value = "24.03.2010"; VariantName = "[No Variations]"
Add component (AddParameter): Name = "Publisher"; Value = "Andrew Danich"; VariantName = "[No Variations]"
Add component (AddParameter): Name = "Type"; Value = "Резистор"; VariantName = "[No Variations]"
Added Component: Designator=R44(C0805R)
Add component (AddParameter): Name = "Published"; Value = "24.03.2010"; VariantName = "[No Variations]"
Add component (AddParameter): Name = "Publisher"; Value = "Andrew Danich"; VariantName = "[No Variations]"
Add component (AddParameter): Name = "Type"; Value = "Резистор"; VariantName = "[No Variations]"
Added Component: Designator=R45(C0805R)
Add component (AddParameter): Name = "Published"; Value = "24.03.2010"; VariantName = "[No Variations]"
Add component (AddParameter): Name = "Publisher"; Value = "Andrew Danich"; VariantName = "[No Variations]"
Add component (AddParameter): Name = "Type"; Value = "Резистор"; VariantName = "[No Variations]"
Added Component: Designator=R46(C0805R)
Add component (AddParameter): Name = "Published"; Value = "24.03.2010"; VariantName = "[No Variations]"
Add component (AddParameter): Name = "Publisher"; Value = "Andrew Danich"; VariantName = "[No Variations]"
Add component (AddParameter): Name = "Type"; Value = "Резистор"; VariantName = "[No Variations]"
Added Component: Designator=R47(C0805R)
Add component (AddParameter): Name = "Published"; Value = "24.03.2010"; VariantName = "[No Variations]"
Add component (AddParameter): Name = "Publisher"; Value = "Andrew Danich"; VariantName = "[No Variations]"
Add component (AddParameter): Name = "Type"; Value = "Резистор"; VariantName = "[No Variations]"
Added Component: Designator=R48(C0805R)
Add component (AddParameter): Name = "Published"; Value = "24.03.2010"; VariantName = "[No Variations]"
Add component (AddParameter): Name = "Publisher"; Value = "Andrew Danich"; VariantName = "[No Variations]"
Add component (AddParameter): Name = "Type"; Value = "Резистор"; VariantName = "[No Variations]"
Added Component: Designator=R49(C0805R)
Add component (AddParameter): Name = "Published"; Value = "24.03.2010"; VariantName = "[No Variations]"
Add component (AddParameter): Name = "Publisher"; Value = "Andrew Danich"; VariantName = "[No Variations]"
Add component (AddParameter): Name = "Type"; Value = "Резистор"; VariantName = "[No Variations]"
Added Component: Designator=R50(C0805R)
Add component (AddParameter): Name = "Published"; Value = "24.03.2010"; VariantName = "[No Variations]"
Add component (AddParameter): Name = "Publisher"; Value = "Andrew Danich"; VariantName = "[No Variations]"
Add component (AddParameter): Name = "Type"; Value = "Резистор"; VariantName = "[No Variations]"
Added Component: Designator=R51(C0805R)
Add component (AddParameter): Name = "Published"; Value = "24.03.2010"; VariantName = "[No Variations]"
Add component (AddParameter): Name = "Publisher"; Value = "Andrew Danich"; VariantName = "[No Variations]"
Add component (AddParameter): Name = "Type"; Value = "Резистор"; VariantName = "[No Variations]"
Added Component: Designator=R52(C0805R)
Add component (AddParameter): Name = "Published"; Value = "24.03.2010"; VariantName = "[No Variations]"
Add component (AddParameter): Name = "Publisher"; Value = "Andrew Danich"; VariantName = "[No Variations]"
Add component (AddParameter): Name = "Type"; Value = "Резистор"; VariantName = "[No Variations]"
Added Component: Designator=R53(C0805R)
Add component (AddParameter): Name = "Published"; Value = "24.03.2010"; VariantName = "[No Variations]"
Add component (AddParameter): Name = "Publisher"; Value = "Andrew Danich"; VariantName = "[No Variations]"
Add component (AddParameter): Name = "Type"; Value = "Резистор"; VariantName = "[No Variations]"
Added Component: Designator=R54(C0805R)
Add component (AddParameter): Name = "Published"; Value = "24.03.2010"; VariantName = "[No Variations]"
Add component (AddParameter): Name = "Publisher"; Value = "Andrew Danich"; VariantName = "[No Variations]"
Add component (AddParameter): Name = "Type"; Value = "Резистор"; VariantName = "[No Variations]"
Added Component: Designator=R55(C0805R)
Add component (AddParameter): Name = "Published"; Value = "24.03.2010"; VariantName = "[No Variations]"
Add component (AddParameter): Name = "Publisher"; Value = "Andrew Danich"; VariantName = "[No Variations]"
Add component (AddParameter): Name = "Type"; Value = "Резистор"; VariantName = "[No Variations]"
Added Component: Designator=R56(C0805R)
Add component (AddParameter): Name = "Published"; Value = "24.03.2010"; VariantName = "[No Variations]"
Add component (AddParameter): Name = "Publisher"; Value = "Andrew Danich"; VariantName = "[No Variations]"
Add component (AddParameter): Name = "Type"; Value = "Резистор"; VariantName = "[No Variations]"
Added Component: Designator=R57(C0805R)
Add component (AddParameter): Name = "Published"; Value = "24.03.2010"; VariantName = "[No Variations]"
Add component (AddParameter): Name = "Publisher"; Value = "Andrew Danich"; VariantName = "[No Variations]"
Add component (AddParameter): Name = "Type"; Value = "Резистор"; VariantName = "[No Variations]"
Added Component: Designator=R58(C1210R)
Add component (AddParameter): Name = "Published"; Value = "24.03.2010"; VariantName = "[No Variations]"
Add component (AddParameter): Name = "Publisher"; Value = "Andrew Danich"; VariantName = "[No Variations]"
Add component (AddParameter): Name = "Type"; Value = "Резистор"; VariantName = "[No Variations]"
Added Component: Designator=R59(C0805R)
Add component (AddParameter): Name = "Published"; Value = "24.03.2010"; VariantName = "[No Variations]"
Add component (AddParameter): Name = "Publisher"; Value = "Andrew Danich"; VariantName = "[No Variations]"
Add component (AddParameter): Name = "Type"; Value = "Резистор"; VariantName = "[No Variations]"
Added Component: Designator=R60(C0805R)
Add component (AddParameter): Name = "Published"; Value = "24.03.2010"; VariantName = "[No Variations]"
Add component (AddParameter): Name = "Publisher"; Value = "Andrew Danich"; VariantName = "[No Variations]"
Add component (AddParameter): Name = "Type"; Value = "Резистор"; VariantName = "[No Variations]"
Added Component: Designator=R61(C0805R)
Add component (AddParameter): Name = "Published"; Value = "24.03.2010"; VariantName = "[No Variations]"
Add component (AddParameter): Name = "Publisher"; Value = "Andrew Danich"; VariantName = "[No Variations]"
Add component (AddParameter): Name = "Type"; Value = "Резистор"; VariantName = "[No Variations]"
Added Component: Designator=R62(C0805R)
Add component (AddParameter): Name = "Published"; Value = "24.03.2010"; VariantName = "[No Variations]"
Add component (AddParameter): Name = "Publisher"; Value = "Andrew Danich"; VariantName = "[No Variations]"
Add component (AddParameter): Name = "Type"; Value = "Резистор"; VariantName = "[No Variations]"
Added Component: Designator=R63(C0805R)
Add component (AddParameter): Name = "Published"; Value = "24.03.2010"; VariantName = "[No Variations]"
Add component (AddParameter): Name = "Publisher"; Value = "Andrew Danich"; VariantName = "[No Variations]"
Add component (AddParameter): Name = "Type"; Value = "Резистор"; VariantName = "[No Variations]"
Added Component: Designator=R64(C0805R)
Add component (AddParameter): Name = "Published"; Value = "24.03.2010"; VariantName = "[No Variations]"
Add component (AddParameter): Name = "Publisher"; Value = "Andrew Danich"; VariantName = "[No Variations]"
Add component (AddParameter): Name = "Type"; Value = "Резистор"; VariantName = "[No Variations]"
Added Component: Designator=R65(C0805R)
Add component (AddParameter): Name = "Published"; Value = "24.03.2010"; VariantName = "[No Variations]"
Add component (AddParameter): Name = "Publisher"; Value = "Andrew Danich"; VariantName = "[No Variations]"
Add component (AddParameter): Name = "Type"; Value = "Резистор"; VariantName = "[No Variations]"
Added Component: Designator=R66(C0805R)
Add component (AddParameter): Name = "Published"; Value = "24.03.2010"; VariantName = "[No Variations]"
Add component (AddParameter): Name = "Publisher"; Value = "Andrew Danich"; VariantName = "[No Variations]"
Add component (AddParameter): Name = "Type"; Value = "Резистор"; VariantName = "[No Variations]"
Added Component: Designator=R67(C0805R)
Add component (AddParameter): Name = "Published"; Value = "24.03.2010"; VariantName = "[No Variations]"
Add component (AddParameter): Name = "Publisher"; Value = "Andrew Danich"; VariantName = "[No Variations]"
Add component (AddParameter): Name = "Type"; Value = "Резистор"; VariantName = "[No Variations]"
Added Component: Designator=R68(C0805R)
Add component (AddParameter): Name = "Published"; Value = "24.03.2010"; VariantName = "[No Variations]"
Add component (AddParameter): Name = "Publisher"; Value = "Andrew Danich"; VariantName = "[No Variations]"
Add component (AddParameter): Name = "Type"; Value = "Резистор"; VariantName = "[No Variations]"
Added Component: Designator=R69(C0805R)
Add component (AddParameter): Name = "Published"; Value = "24.03.2010"; VariantName = "[No Variations]"
Add component (AddParameter): Name = "Publisher"; Value = "Andrew Danich"; VariantName = "[No Variations]"
Add component (AddParameter): Name = "Type"; Value = "Резистор"; VariantName = "[No Variations]"
Added Component: Designator=R70(C0805R)
Add component (AddParameter): Name = "Published"; Value = "24.03.2010"; VariantName = "[No Variations]"
Add component (AddParameter): Name = "Publisher"; Value = "Andrew Danich"; VariantName = "[No Variations]"
Add component (AddParameter): Name = "Type"; Value = "Резистор"; VariantName = "[No Variations]"
Added Component: Designator=R71(C0805R)
Add component (AddParameter): Name = "Published"; Value = "24.03.2010"; VariantName = "[No Variations]"
Add component (AddParameter): Name = "Publisher"; Value = "Andrew Danich"; VariantName = "[No Variations]"
Add component (AddParameter): Name = "Type"; Value = "Резистор"; VariantName = "[No Variations]"
Added Component: Designator=SB1(1437566-3)
Add component (AddParameter): Name = "Published"; Value = "17.04.2014"; VariantName = "[No Variations]"
Add component (AddParameter): Name = "Publisher"; Value = "Andrew Danich"; VariantName = "[No Variations]"
Add component (AddParameter): Name = "Type"; Value = "Переключатель"; VariantName = "[No Variations]"
Added Component: Designator=VD2(BAT54C_SOT23-3)
Added Component: Designator=VD4(DO-41)
Add component (AddParameter): Name = "Published"; Value = "20.05.2013"; VariantName = "[No Variations]"
Add component (AddParameter): Name = "Publisher"; Value = "Andrew Danich"; VariantName = "[No Variations]"
Add component (AddParameter): Name = "Type"; Value = "Стабилитрон"; VariantName = "[No Variations]"
Added Component: Designator=VD5(DO-41)
Add component (AddParameter): Name = "Published"; Value = "20.05.2013"; VariantName = "[No Variations]"
Add component (AddParameter): Name = "Publisher"; Value = "Andrew Danich"; VariantName = "[No Variations]"
Add component (AddParameter): Name = "Type"; Value = "Стабилитрон"; VariantName = "[No Variations]"
Added Component: Designator=VD7(DO-41)
Add component (AddParameter): Name = "Published"; Value = "20.05.2013"; VariantName = "[No Variations]"
Add component (AddParameter): Name = "Publisher"; Value = "Andrew Danich"; VariantName = "[No Variations]"
Add component (AddParameter): Name = "Type"; Value = "Стабилитрон"; VariantName = "[No Variations]"
Added Component: Designator=VD8(DO-41)
Add component (AddParameter): Name = "Published"; Value = "18.05.2010"; VariantName = "[No Variations]"
Add component (AddParameter): Name = "Publisher"; Value = "Andrew Danich"; VariantName = "[No Variations]"
Add component (AddParameter): Name = "Type"; Value = "Диод"; VariantName = "[No Variations]"
Added Component: Designator=VD9(BAT54C_SOT23-3)
Added Component: Designator=VT1(TO-92-A)
Add component (AddParameter): Name = "Published"; Value = "07.05.2013"; VariantName = "[No Variations]"
Add component (AddParameter): Name = "Publisher"; Value = "Andrew Danich"; VariantName = "[No Variations]"
Add component (AddParameter): Name = "Type"; Value = "Транзистор"; VariantName = "[No Variations]"
Added Component: Designator=VT2(TO-92-A)
Add component (AddParameter): Name = "Published"; Value = "07.05.2013"; VariantName = "[No Variations]"
Add component (AddParameter): Name = "Publisher"; Value = "Andrew Danich"; VariantName = "[No Variations]"
Add component (AddParameter): Name = "Type"; Value = "Транзистор"; VariantName = "[No Variations]"
Added Component: Designator=VT3(TO-92-A)
Add component (AddParameter): Name = "Published"; Value = "07.05.2013"; VariantName = "[No Variations]"
Add component (AddParameter): Name = "Publisher"; Value = "Andrew Danich"; VariantName = "[No Variations]"
Add component (AddParameter): Name = "Type"; Value = "Транзистор"; VariantName = "[No Variations]"
Added Component: Designator=XS1(DG25C-B-02P-13)
Add component (AddParameter): Name = "Published"; Value = "07.03.2013"; VariantName = "[No Variations]"
Add component (AddParameter): Name = "Publisher"; Value = "Andrew Danich"; VariantName = "[No Variations]"
Add component (AddParameter): Name = "Specification"; Value = ""; VariantName = "[No Variations]"
Add component (AddParameter): Name = "Type"; Value = "Розетка"; VariantName = "[No Variations]"
Add component (AddParameter): Name = "Value"; Value = "Connector"; VariantName = "[No Variations]"
Added Component: Designator=XS2(YX-XH-3)
Add component (AddParameter): Name = "Published"; Value = "07.03.2013"; VariantName = "[No Variations]"
Add component (AddParameter): Name = "Publisher"; Value = "Andrew Danich"; VariantName = "[No Variations]"
Add component (AddParameter): Name = "Type"; Value = "Розетка"; VariantName = "[No Variations]"
Added Component: Designator=XS3(PLD2)
Add component (AddParameter): Name = "Published"; Value = "07.03.2013"; VariantName = "[No Variations]"
Add component (AddParameter): Name = "Publisher"; Value = "Andrew Danich"; VariantName = "[No Variations]"
Add component (AddParameter): Name = "Specification"; Value = ""; VariantName = "[No Variations]"
Add component (AddParameter): Name = "Type"; Value = "Розетка"; VariantName = "[No Variations]"
Add component (AddParameter): Name = "Value"; Value = "Connector"; VariantName = "[No Variations]"
Added Component: Designator=XS4(YX-XH-3)
Add component (AddParameter): Name = "Published"; Value = "07.03.2013"; VariantName = "[No Variations]"
Add component (AddParameter): Name = "Publisher"; Value = "Andrew Danich"; VariantName = "[No Variations]"
Add component (AddParameter): Name = "Type"; Value = "Розетка"; VariantName = "[No Variations]"
Added Component: Designator=XS5(PLD2)
Add component (AddParameter): Name = "Published"; Value = "07.03.2013"; VariantName = "[No Variations]"
Add component (AddParameter): Name = "Publisher"; Value = "Andrew Danich"; VariantName = "[No Variations]"
Add component (AddParameter): Name = "Specification"; Value = ""; VariantName = "[No Variations]"
Add component (AddParameter): Name = "Type"; Value = "Розетка"; VariantName = "[No Variations]"
Add component (AddParameter): Name = "Value"; Value = "Connector"; VariantName = "[No Variations]"
Added Component: Designator=XS6(YX-XH-3)
Add component (AddParameter): Name = "Published"; Value = "07.03.2013"; VariantName = "[No Variations]"
Add component (AddParameter): Name = "Publisher"; Value = "Andrew Danich"; VariantName = "[No Variations]"
Add component (AddParameter): Name = "Type"; Value = "Розетка"; VariantName = "[No Variations]"
Added Component: Designator=XS7(YX-XH-3)
Add component (AddParameter): Name = "Published"; Value = "07.03.2013"; VariantName = "[No Variations]"
Add component (AddParameter): Name = "Publisher"; Value = "Andrew Danich"; VariantName = "[No Variations]"
Add component (AddParameter): Name = "Type"; Value = "Розетка"; VariantName = "[No Variations]"
Added Component: Designator=XS8(YX-XH-3)
Add component (AddParameter): Name = "Published"; Value = "07.03.2013"; VariantName = "[No Variations]"
Add component (AddParameter): Name = "Publisher"; Value = "Andrew Danich"; VariantName = "[No Variations]"
Add component (AddParameter): Name = "Type"; Value = "Розетка"; VariantName = "[No Variations]"
Added Component: Designator=XS9(YX-XH-3)
Add component (AddParameter): Name = "Published"; Value = "07.03.2013"; VariantName = "[No Variations]"
Add component (AddParameter): Name = "Publisher"; Value = "Andrew Danich"; VariantName = "[No Variations]"
Add component (AddParameter): Name = "Type"; Value = "Розетка"; VariantName = "[No Variations]"
Add Component: Footprint Not Found PLD1X4
Add Component: Footprint Not Found PLD1X4
Added Component: Designator=XS13(WF-2)
Add component (AddParameter): Name = "Published"; Value = "07.03.2013"; VariantName = "[No Variations]"
Add component (AddParameter): Name = "Publisher"; Value = "Andrew Danich"; VariantName = "[No Variations]"
Add component (AddParameter): Name = "Specification"; Value = ""; VariantName = "[No Variations]"
Add component (AddParameter): Name = "Type"; Value = "Розетка"; VariantName = "[No Variations]"
Add component (AddParameter): Name = "Value"; Value = "Connector"; VariantName = "[No Variations]"
Added Component: Designator=XS14(IDC-20)
Add component (AddParameter): Name = "Published"; Value = "07.03.2013"; VariantName = "[No Variations]"
Add component (AddParameter): Name = "Publisher"; Value = "Andrew Danich"; VariantName = "[No Variations]"
Add component (AddParameter): Name = "Specification"; Value = ""; VariantName = "[No Variations]"
Add component (AddParameter): Name = "Type"; Value = "Розетка"; VariantName = "[No Variations]"
Add component (AddParameter): Name = "Value"; Value = "Connector"; VariantName = "[No Variations]"
Added Component: Designator=XS15(IDC-20)
Add component (AddParameter): Name = "Published"; Value = "07.03.2013"; VariantName = "[No Variations]"
Add component (AddParameter): Name = "Publisher"; Value = "Andrew Danich"; VariantName = "[No Variations]"
Add component (AddParameter): Name = "Specification"; Value = ""; VariantName = "[No Variations]"
Add component (AddParameter): Name = "Type"; Value = "Розетка"; VariantName = "[No Variations]"
Add component (AddParameter): Name = "Value"; Value = "Connector"; VariantName = "[No Variations]"
Added Component: Designator=XS16(WF-5)
Add component (AddParameter): Name = "Published"; Value = "07.03.2013"; VariantName = "[No Variations]"
Add component (AddParameter): Name = "Publisher"; Value = "Andrew Danich"; VariantName = "[No Variations]"
Add component (AddParameter): Name = "Specification"; Value = ""; VariantName = "[No Variations]"
Add component (AddParameter): Name = "Type"; Value = "Розетка"; VariantName = "[No Variations]"
Add component (AddParameter): Name = "Value"; Value = "Connector"; VariantName = "[No Variations]"
Added Component: Designator=XS17(J0011D018)
Add component (AddParameter): Name = "Published"; Value = "07.03.2013"; VariantName = "[No Variations]"
Add component (AddParameter): Name = "Publisher"; Value = "Andrew Danich"; VariantName = "[No Variations]"
Add component (AddParameter): Name = "Specification"; Value = ""; VariantName = "[No Variations]"
Add component (AddParameter): Name = "Type"; Value = "Розетка"; VariantName = "[No Variations]"
Add component (AddParameter): Name = "Value"; Value = "Connector"; VariantName = "[No Variations]"
Added Component: Designator=Z1(HCM1206X)
Added Component: Designator=ZQ1(HC49SM)
Add component (AddParameter): Name = "Published"; Value = "08.03.2013"; VariantName = "[No Variations]"
Add component (AddParameter): Name = "Publisher"; Value = "Andrew Danich"; VariantName = "[No Variations]"
Add component (AddParameter): Name = "Type"; Value = "Резонатор"; VariantName = "[No Variations]"
Added Component: Designator=ZQ2(FC-135)
Add component (AddParameter): Name = "Published"; Value = "08.03.2013"; VariantName = "[No Variations]"
Add component (AddParameter): Name = "Publisher"; Value = "Andrew Danich"; VariantName = "[No Variations]"
Add component (AddParameter): Name = "Type"; Value = "Резонатор"; VariantName = "[No Variations]"
Add Pin To Net: Unknown Pin: Pin C1-1
Add Pin To Net: Unknown Pin: Pin C1-2
Added Pin To Net: NetName=GND Pin=C2-1
Added Pin To Net: NetName=+12V Pin=C2-2
Added Pin To Net: NetName=GND Pin=C3-1
Added Pin To Net: NetName=3V3 Pin=C3-2
Add Pin To Net: Unknown Pin: Pin C4-1
Add Pin To Net: Unknown Pin: Pin C4-2
Added Pin To Net: NetName=GND Pin=C5-1
Added Pin To Net: NetName=3V3 Pin=C5-2
Added Pin To Net: NetName=GND Pin=C6-1
Added Pin To Net: NetName=3V3 Pin=C6-2
Added Pin To Net: NetName=GND Pin=C7-1
Added Pin To Net: NetName=GND Pin=C8-1
Added Pin To Net: NetName=+8V Pin=C8-2
Added Pin To Net: NetName=GND Pin=C9-1
Added Pin To Net: NetName=3V3 Pin=C9-2
Added Pin To Net: NetName=GND Pin=C10-1
Added Pin To Net: NetName=3V3 Pin=C10-2
Added Pin To Net: NetName=GND Pin=C11-1
Added Pin To Net: NetName=3V3 Pin=C11-2
Added Pin To Net: NetName=GND Pin=C12-1
Added Pin To Net: NetName=NetC12_2 Pin=C12-2
Added Pin To Net: NetName=GND Pin=C13-1
Added Pin To Net: NetName=NetC13_2 Pin=C13-2
Added Pin To Net: NetName=NetC13_2 Pin=C14-1
Added Pin To Net: NetName=NetC14_2 Pin=C14-2
Added Pin To Net: NetName=GND Pin=C15-1
Added Pin To Net: NetName=NetC15_2 Pin=C15-2
Added Pin To Net: NetName=GND Pin=C16-1
Added Pin To Net: NetName=NetC16_2 Pin=C16-2
Added Pin To Net: NetName=NetC16_2 Pin=C17-1
Added Pin To Net: NetName=NetC17_2 Pin=C17-2
Added Pin To Net: NetName=+12V Pin=C18-1
Added Pin To Net: NetName=GND Pin=C18-2
Added Pin To Net: NetName=NetC19_1 Pin=C19-1
Added Pin To Net: NetName=GND Pin=C19-2
Added Pin To Net: NetName=GND Pin=C20-1
Added Pin To Net: NetName=3V3 Pin=C20-2
Added Pin To Net: NetName=GND Pin=C21-1
Added Pin To Net: NetName=3V3 Pin=C21-2
Added Pin To Net: NetName=GND Pin=C22-1
Added Pin To Net: NetName=3V3 Pin=C22-2
Added Pin To Net: NetName=GND Pin=C23-1
Added Pin To Net: NetName=3V3 Pin=C23-2
Added Pin To Net: NetName=GND Pin=C24-1
Added Pin To Net: NetName=3V3 Pin=C24-2
Added Pin To Net: NetName=GND Pin=C25-1
Added Pin To Net: NetName=3V3 Pin=C25-2
Added Pin To Net: NetName=GND Pin=C26-1
Added Pin To Net: NetName=3V3 Pin=C26-2
Added Pin To Net: NetName=GND Pin=C27-1
Added Pin To Net: NetName=3V3 Pin=C27-2
Added Pin To Net: NetName=GND Pin=C28-1
Added Pin To Net: NetName=3V3 Pin=C28-2
Added Pin To Net: NetName=GND Pin=C29-1
Added Pin To Net: NetName=PFB Pin=C29-2
Add Pin To Net: Unknown Pin: Pin C30-1
Add Pin To Net: Unknown Pin: Pin C30-2
Added Pin To Net: NetName=PFB Pin=C31-1
Added Pin To Net: NetName=GND Pin=C31-2
Added Pin To Net: NetName=PFB Pin=C32-1
Added Pin To Net: NetName=GND Pin=C32-2
Added Pin To Net: NetName=GND Pin=C33-1
Added Pin To Net: NetName=NetC33_2 Pin=C33-2
Added Pin To Net: NetName=GND Pin=C34-1
Added Pin To Net: NetName=NetC34_2 Pin=C34-2
Added Pin To Net: NetName=GND Pin=C35-1
Added Pin To Net: NetName=NetC35_2 Pin=C35-2
Added Pin To Net: NetName=GND Pin=C36-1
Added Pin To Net: NetName=NetC36_2 Pin=C36-2
Added Pin To Net: NetName=GND Pin=C37-1
Added Pin To Net: NetName=NetC37_2 Pin=C37-2
Added Pin To Net: NetName=GND Pin=C38-1
Added Pin To Net: NetName=NetC38_2 Pin=C38-2
Added Pin To Net: NetName=GND Pin=C39-1
Added Pin To Net: NetName=NetC39_2 Pin=C39-2
Added Pin To Net: NetName=GND Pin=C40-1
Added Pin To Net: NetName=NetC40_2 Pin=C40-2
Added Pin To Net: NetName=GND Pin=C41-1
Added Pin To Net: NetName=3V3 Pin=C41-2
Added Pin To Net: NetName=GND Pin=C42-1
Added Pin To Net: NetName=3V3 Pin=C42-2
Added Pin To Net: NetName=GND Pin=C43-1
Added Pin To Net: NetName=3V3 Pin=C43-2
Added Pin To Net: NetName=GND Pin=C44-1
Added Pin To Net: NetName=3V3 Pin=C44-2
Added Pin To Net: NetName=GND Pin=C45-1
Added Pin To Net: NetName=3V3 Pin=C45-2
Added Pin To Net: NetName=GND Pin=C46-1
Added Pin To Net: NetName=3V3 Pin=C46-2
Added Pin To Net: NetName=GND Pin=C47-1
Added Pin To Net: NetName=NetC47_2 Pin=C47-2
Add Pin To Net: Unknown Pin: Pin C48-1
Add Pin To Net: Unknown Pin: Pin C48-2
Added Pin To Net: NetName=GND Pin=C49-1
Added Pin To Net: NetName=NetC49_2 Pin=C49-2
Added Pin To Net: NetName=NetC50_1 Pin=C50-1
Added Pin To Net: NetName=GND Pin=C50-2
Add Pin To Net: Unknown Pin: Pin C51-1
Add Pin To Net: Unknown Pin: Pin C51-2
Added Pin To Net: NetName=GND Pin=C52-1
Added Pin To Net: NetName=3V3 Pin=C52-2
Added Pin To Net: NetName=GND Pin=DA1-1
Added Pin To Net: NetName=3V3 Pin=DA1-2
Added Pin To Net: NetName=+12V Pin=DA1-3
Added Pin To Net: NetName=3V3 Pin=DA1-4
Added Pin To Net: NetName=+12V Pin=DA2-1
Added Pin To Net: NetName=GND Pin=DA2-2
Added Pin To Net: NetName=+8V Pin=DA2-3
Added Pin To Net: NetName=NetC14_2 Pin=DA3-1
Added Pin To Net: NetName=NetC13_2 Pin=DA3-2
Added Pin To Net: NetName=NetDA3_3 Pin=DA3-3
Added Pin To Net: NetName=NetC13_2 Pin=DA3-5
Added Pin To Net: NetName=NetDA3_6 Pin=DA3-6
Added Pin To Net: NetName=NetDA3_6 Pin=DA3-7
Added Pin To Net: NetName=NetDA3_8 Pin=DA3-8
Added Pin To Net: NetName=NetDA3_8 Pin=DA3-9
Added Pin To Net: NetName=NetC16_2 Pin=DA3-10
Added Pin To Net: NetName=NetDA3_12 Pin=DA3-12
Added Pin To Net: NetName=NetC16_2 Pin=DA3-13
Added Pin To Net: NetName=NetC17_2 Pin=DA3-14
Added Pin To Net: NetName=NetDA4_1 Pin=DA4-1
Added Pin To Net: NetName=GND Pin=DA4-2
Added Pin To Net: NetName=GND Pin=DA4-3
Added Pin To Net: NetName=NetDA4_4 Pin=DA4-4
Added Pin To Net: NetName=NetDA5_1 Pin=DA5-1
Added Pin To Net: NetName=NetDA5_2 Pin=DA5-2
Added Pin To Net: NetName=GND Pin=DA5-3
Added Pin To Net: NetName=NetDA5_4 Pin=DA5-4
Added Pin To Net: NetName=NetDA6_1 Pin=DA6-1
Added Pin To Net: NetName=GND Pin=DA6-2
Added Pin To Net: NetName=GND Pin=DA6-3
Added Pin To Net: NetName=NetDA6_4 Pin=DA6-4
Added Pin To Net: NetName=NetDA7_1 Pin=DA7-1
Added Pin To Net: NetName=GND Pin=DA7-2
Added Pin To Net: NetName=GND Pin=DA7-3
Added Pin To Net: NetName=NetDA7_4 Pin=DA7-4
Added Pin To Net: NetName=GND Pin=DA8-2
Added Pin To Net: NetName=50MHz Pin=DA8-3
Added Pin To Net: NetName=3V3 Pin=DA8-4
Added Pin To Net: NetName=NetDD1_1 Pin=DD1-1
Added Pin To Net: NetName=GND Pin=DD1-2
Added Pin To Net: NetName=3V3 Pin=DD1-3
Added Pin To Net: NetName=NetDD1_4 Pin=DD1-4
Added Pin To Net: NetName=NetDD1_6 Pin=DD1-6
Added Pin To Net: NetName=NetDD1_7 Pin=DD1-7
Added Pin To Net: NetName=NetDD1_8 Pin=DD1-8
Added Pin To Net: NetName=NetDD2_1 Pin=DD2-1
Added Pin To Net: NetName=GND Pin=DD2-2
Added Pin To Net: NetName=3V3 Pin=DD2-3
Added Pin To Net: NetName=NetDD2_4 Pin=DD2-4
Added Pin To Net: NetName=NetDD2_6 Pin=DD2-6
Added Pin To Net: NetName=NetDD2_7 Pin=DD2-7
Added Pin To Net: NetName=NetDD2_8 Pin=DD2-8
Added Pin To Net: NetName=NetDD3_1 Pin=DD3-1
Added Pin To Net: NetName=NetDD3_2 Pin=DD3-2
Added Pin To Net: NetName=3V3 Pin=DD3-3
Added Pin To Net: NetName=GND Pin=DD3-4
Added Pin To Net: NetName=NetDD3_5 Pin=DD3-5
Added Pin To Net: NetName=NetDD3_6 Pin=DD3-6
Added Pin To Net: NetName=3V3 Pin=DD3-7
Added Pin To Net: NetName=3V3 Pin=DD3-8
Added Pin To Net: NetName=E_TXEN Pin=DD4-2
Added Pin To Net: NetName=E_TXD0 Pin=DD4-3
Added Pin To Net: NetName=E_TXD1 Pin=DD4-4
Added Pin To Net: NetName=PWR_DOWN Pin=DD4-7
Added Pin To Net: NetName=RD_N Pin=DD4-13
Added Pin To Net: NetName=RD_P Pin=DD4-14
Added Pin To Net: NetName=GND Pin=DD4-15
Added Pin To Net: NetName=TD_N Pin=DD4-16
Added Pin To Net: NetName=TD_P Pin=DD4-17
Added Pin To Net: NetName=PFB Pin=DD4-18
Added Pin To Net: NetName=GND Pin=DD4-19
Added Pin To Net: NetName=NetDD4_20 Pin=DD4-20
Added Pin To Net: NetName=NetDD4_21 Pin=DD4-21
Added Pin To Net: NetName=3V3 Pin=DD4-22
Added Pin To Net: NetName=PFB Pin=DD4-23
Added Pin To Net: NetName=NetDD4_24 Pin=DD4-24
Added Pin To Net: NetName=LED_ACT Pin=DD4-26
Added Pin To Net: NetName=LED_SPEED Pin=DD4-27
Added Pin To Net: NetName=LED_LINK Pin=DD4-28
Added Pin To Net: NetName=E_NRST Pin=DD4-29
Added Pin To Net: NetName=E_MDIO Pin=DD4-30
Added Pin To Net: NetName=E_MDC Pin=DD4-31
Added Pin To Net: NetName=3V3 Pin=DD4-32
Added Pin To Net: NetName=50MHz Pin=DD4-34
Added Pin To Net: NetName=GND Pin=DD4-35
Added Pin To Net: NetName=GND Pin=DD4-36
Added Pin To Net: NetName=PFB Pin=DD4-37
Added Pin To Net: NetName=RX_DV Pin=DD4-39
Added Pin To Net: NetName=E_RMII_CRSDV Pin=DD4-40
Added Pin To Net: NetName=PHYAD0 Pin=DD4-42
Added Pin To Net: NetName=NetDD4_43 Pin=DD4-43
Added Pin To Net: NetName=NetDD4_44 Pin=DD4-44
Added Pin To Net: NetName=GND Pin=DD4-47
Added Pin To Net: NetName=3V3 Pin=DD4-48
Added Pin To Net: NetName=GND Pin=DD4-49
Added Pin To Net: NetName=NetC49_2 Pin=DD5-6
Added Pin To Net: NetName=NetC36_2 Pin=DD5-8
Added Pin To Net: NetName=NetC37_2 Pin=DD5-9
Added Pin To Net: NetName=GND Pin=DD5-10
Added Pin To Net: NetName=3V3 Pin=DD5-11
Added Pin To Net: NetName=NetC34_2 Pin=DD5-12
Added Pin To Net: NetName=NetC35_2 Pin=DD5-13
Added Pin To Net: NetName=NetC38_2 Pin=DD5-14
Added Pin To Net: NetName=E_MDC Pin=DD5-16
Added Pin To Net: NetName=3V3 Pin=DD5-19
Added Pin To Net: NetName=GND Pin=DD5-20
Added Pin To Net: NetName=NetC47_2 Pin=DD5-21
Added Pin To Net: NetName=NetC50_1 Pin=DD5-22
Added Pin To Net: NetName=50MHz Pin=DD5-24
Added Pin To Net: NetName=E_MDIO Pin=DD5-25
Added Pin To Net: NetName=GND Pin=DD5-27
Added Pin To Net: NetName=3V3 Pin=DD5-28
Added Pin To Net: NetName=NetDD5_30 Pin=DD5-30
Added Pin To Net: NetName=NetDD5_31 Pin=DD5-31
Added Pin To Net: NetName=E_RMII_CRSDV Pin=DD5-32
Added Pin To Net: NetName=NetDD5_33 Pin=DD5-33
Added Pin To Net: NetName=NetDD5_34 Pin=DD5-34
Added Pin To Net: NetName=NetDD5_37 Pin=DD5-37
Added Pin To Net: NetName=E_NRST Pin=DD5-47
Added Pin To Net: NetName=NetDD5_48 Pin=DD5-48
Added Pin To Net: NetName=NetC40_2 Pin=DD5-49
Added Pin To Net: NetName=3V3 Pin=DD5-50
Added Pin To Net: NetName=NetDD5_51 Pin=DD5-51
Added Pin To Net: NetName=NetDD5_52 Pin=DD5-52
Added Pin To Net: NetName=NetDD5_68 Pin=DD5-68
Added Pin To Net: NetName=NetDD5_69 Pin=DD5-69
Added Pin To Net: NetName=NetDD1_4 Pin=DD5-70
Added Pin To Net: NetName=NetDD1_1 Pin=DD5-71
Added Pin To Net: NetName=NetDD5_72 Pin=DD5-72
Added Pin To Net: NetName=NetC39_2 Pin=DD5-73
Added Pin To Net: NetName=GND Pin=DD5-74
Added Pin To Net: NetName=3V3 Pin=DD5-75
Added Pin To Net: NetName=NetDD5_76 Pin=DD5-76
Added Pin To Net: NetName=NetDD5_77 Pin=DD5-77
Added Pin To Net: NetName=NetDD5_89 Pin=DD5-89
Added Pin To Net: NetName=NetDD5_90 Pin=DD5-90
Added Pin To Net: NetName=NetDD2_4 Pin=DD5-91
Added Pin To Net: NetName=NetDD2_1 Pin=DD5-92
Added Pin To Net: NetName=NetDD5_94 Pin=DD5-94
Added Pin To Net: NetName=NetDD5_95 Pin=DD5-95
Added Pin To Net: NetName=NetDD5_96 Pin=DD5-96
Added Pin To Net: NetName=GND Pin=DD5-99
Added Pin To Net: NetName=3V3 Pin=DD5-100
Added Pin To Net: NetName=GND Pin=DD6-8
Added Pin To Net: NetName=3V3 Pin=DD6-16
Added Pin To Net: NetName=NetJ1_1 Pin=J1-1
Added Pin To Net: NetName=GND Pin=J1-2
Added Pin To Net: NetName=+12V Pin=K1-1
Added Pin To Net: NetName=GND Pin=K1-4
Added Pin To Net: NetName=NetK1_6 Pin=K1-6
Added Pin To Net: NetName=NetK1_8 Pin=K1-8
Added Pin To Net: NetName=GND Pin=K1-13
Added Pin To Net: NetName=NetDA6_4 Pin=K1-16
Added Pin To Net: NetName=NetC19_1 Pin=L1-1
Added Pin To Net: NetName=NetL1_2 Pin=L1-2
Added Pin To Net: NetName=NetC50_1 Pin=L2-1
Added Pin To Net: NetName=3V3 Pin=L2-2
Added Pin To Net: NetName=NetDD1_8 Pin=R1-1
Added Pin To Net: NetName=GND Pin=R1-2
Added Pin To Net: NetName=NetR2_1 Pin=R2-1
Added Pin To Net: NetName=NetDD1_6 Pin=R2-2
Added Pin To Net: NetName=NetDD2_8 Pin=R3-1
Added Pin To Net: NetName=GND Pin=R3-2
Added Pin To Net: NetName=NetR4_1 Pin=R4-1
Added Pin To Net: NetName=NetDD2_6 Pin=R4-2
Added Pin To Net: NetName=NetDD3_1 Pin=R5-1
Added Pin To Net: NetName=3V3 Pin=R5-2
Added Pin To Net: NetName=3V3 Pin=R6-1
Added Pin To Net: NetName=NetR6_2 Pin=R6-2
Added Pin To Net: NetName=NetR7_1 Pin=R7-1
Added Pin To Net: NetName=NetC12_2 Pin=R7-2
Added Pin To Net: NetName=NetR8_1 Pin=R8-1
Added Pin To Net: NetName=NetDA3_6 Pin=R8-2
Add Pin To Net: Unknown Pin: Pin R9-1
Add Pin To Net: Unknown Pin: Pin R9-2
Add Pin To Net: Unknown Pin: Pin R9-3
Added Pin To Net: NetName=NetC13_2 Pin=R10-1
Added Pin To Net: NetName=GND Pin=R10-2
Added Pin To Net: NetName=GND Pin=R11-1
Added Pin To Net: NetName=NetR9_3 Pin=R11-2
Added Pin To Net: NetName=NetR12_1 Pin=R12-1
Added Pin To Net: NetName=NetC15_2 Pin=R12-2
Added Pin To Net: NetName=NetDA3_8 Pin=R13-2
Add Pin To Net: Unknown Pin: Pin R14-1
Add Pin To Net: Unknown Pin: Pin R14-2
Add Pin To Net: Unknown Pin: Pin R14-3
Added Pin To Net: NetName=GND Pin=R15-1
Added Pin To Net: NetName=NetC16_2 Pin=R15-2
Added Pin To Net: NetName=GND Pin=R16-1
Added Pin To Net: NetName=NetR14_3 Pin=R16-2
Added Pin To Net: NetName=3V3 Pin=R17-1
Added Pin To Net: NetName=GND Pin=R17-3
Added Pin To Net: NetName=NetR18_1 Pin=R18-1
Added Pin To Net: NetName=+12V Pin=R18-2
Added Pin To Net: NetName=NetR19_1 Pin=R19-1
Added Pin To Net: NetName=+12V Pin=R19-2
Added Pin To Net: NetName=NetR20_1 Pin=R20-1
Added Pin To Net: NetName=NetR20_2 Pin=R20-2
Added Pin To Net: NetName=NetR21_1 Pin=R21-1
Added Pin To Net: NetName=NetR21_2 Pin=R21-2
Added Pin To Net: NetName=3V3 Pin=R22-2
Added Pin To Net: NetName=NetDD5_90 Pin=R23-1
Added Pin To Net: NetName=+3V3 Pin=R23-2
Added Pin To Net: NetName=NetDD5_77 Pin=R24-1
Added Pin To Net: NetName=+3V3 Pin=R24-2
Added Pin To Net: NetName=NetDD5_72 Pin=R25-1
Added Pin To Net: NetName=+3V3 Pin=R25-2
Added Pin To Net: NetName=NetDD5_89 Pin=R26-1
Added Pin To Net: NetName=+3V3 Pin=R26-2
Added Pin To Net: NetName=GND Pin=R27-1
Added Pin To Net: NetName=NetDD5_76 Pin=R27-2
Added Pin To Net: NetName=+12V Pin=R28-1
Added Pin To Net: NetName=NetR28_2 Pin=R28-2
Added Pin To Net: NetName=NetDA4_1 Pin=R29-1
Added Pin To Net: NetName=NetR29_2 Pin=R29-2
Added Pin To Net: NetName=NetR28_2 Pin=R30-1
Added Pin To Net: NetName=NetDA4_4 Pin=R30-2
Added Pin To Net: NetName=NetR31_1 Pin=R31-1
Added Pin To Net: NetName=+12V Pin=R31-2
Added Pin To Net: NetName=NetDA5_1 Pin=R32-1
Added Pin To Net: NetName=+12V Pin=R32-2
Added Pin To Net: NetName=NetR33_1 Pin=R33-1
Added Pin To Net: NetName=NetDA5_2 Pin=R33-2
Added Pin To Net: NetName=NetDA6_1 Pin=R34-1
Added Pin To Net: NetName=NetR34_2 Pin=R34-2
Added Pin To Net: NetName=NetDA7_1 Pin=R35-1
Added Pin To Net: NetName=NetR35_2 Pin=R35-2
Added Pin To Net: NetName=NetR36_1 Pin=R36-1
Added Pin To Net: NetName=NetDA7_4 Pin=R36-2
Added Pin To Net: NetName=E_MDIO Pin=R37-1
Added Pin To Net: NetName=3V3 Pin=R37-2
Added Pin To Net: NetName=TD_P Pin=R38-1
Added Pin To Net: NetName=3V3 Pin=R38-2
Added Pin To Net: NetName=TD_N Pin=R39-1
Added Pin To Net: NetName=3V3 Pin=R39-2
Added Pin To Net: NetName=RD_P Pin=R40-1
Added Pin To Net: NetName=3V3 Pin=R40-2
Added Pin To Net: NetName=RD_N Pin=R41-1
Added Pin To Net: NetName=3V3 Pin=R41-2
Added Pin To Net: NetName=NetR42_1 Pin=R42-1
Added Pin To Net: NetName=3V3 Pin=R42-2
Added Pin To Net: NetName=NetR43_1 Pin=R43-1
Added Pin To Net: NetName=3V3 Pin=R43-2
Added Pin To Net: NetName=NetDD5_33 Pin=R44-1
Added Pin To Net: NetName=NetDD4_43 Pin=R44-2
Added Pin To Net: NetName=E_TXD0 Pin=R45-1
Added Pin To Net: NetName=NetDD5_51 Pin=R45-2
Added Pin To Net: NetName=NetDD5_34 Pin=R46-1
Added Pin To Net: NetName=NetDD4_44 Pin=R46-2
Added Pin To Net: NetName=E_TXD1 Pin=R47-1
Added Pin To Net: NetName=NetDD5_52 Pin=R47-2
Added Pin To Net: NetName=3V3 Pin=R48-1
Added Pin To Net: NetName=NetDD4_21 Pin=R48-2
Added Pin To Net: NetName=E_TXEN Pin=R49-1
Added Pin To Net: NetName=NetDD5_48 Pin=R49-2
Added Pin To Net: NetName=3V3 Pin=R50-1
Added Pin To Net: NetName=NetDD4_20 Pin=R50-2
Added Pin To Net: NetName=NetR51_1 Pin=R51-1
Added Pin To Net: NetName=NetDD4_24 Pin=R51-2
Added Pin To Net: NetName=NetR52_1 Pin=R52-1
Added Pin To Net: NetName=NetR51_1 Pin=R52-2
Added Pin To Net: NetName=GND Pin=R53-1
Added Pin To Net: NetName=NetR52_1 Pin=R53-2
Added Pin To Net: NetName=PHYAD0 Pin=R54-1
Added Pin To Net: NetName=3V3 Pin=R54-2
Added Pin To Net: NetName=LED_ACT Pin=R55-1
Added Pin To Net: NetName=3V3 Pin=R55-2
Added Pin To Net: NetName=E_RMII_CRSDV Pin=R56-1
Added Pin To Net: NetName=3V3 Pin=R56-2
Added Pin To Net: NetName=LED_LINK Pin=R57-1
Added Pin To Net: NetName=3V3 Pin=R57-2
Added Pin To Net: NetName=GND Pin=R58-1
Added Pin To Net: NetName=NetC33_2 Pin=R58-2
Added Pin To Net: NetName=LED_SPEED Pin=R59-1
Added Pin To Net: NetName=3V3 Pin=R59-2
Added Pin To Net: NetName=PWR_DOWN Pin=R60-1
Added Pin To Net: NetName=3V3 Pin=R60-2
Added Pin To Net: NetName=RX_DV Pin=R61-1
Added Pin To Net: NetName=3V3 Pin=R61-2
Added Pin To Net: NetName=GND Pin=R62-1
Added Pin To Net: NetName=NetDD5_37 Pin=R62-2
Added Pin To Net: NetName=NetC34_2 Pin=R63-1
Added Pin To Net: NetName=NetC35_2 Pin=R63-2
Added Pin To Net: NetName=GND Pin=R64-1
Added Pin To Net: NetName=NetDD5_94 Pin=R64-2
Added Pin To Net: NetName=3V3 Pin=R65-1
Added Pin To Net: NetName=NetC38_2 Pin=R65-2
Added Pin To Net: NetName=NetC50_1 Pin=R66-1
Added Pin To Net: NetName=NetC47_2 Pin=R66-2
Added Pin To Net: NetName=3V3 Pin=R67-2
Added Pin To Net: NetName=3V3 Pin=R68-2
Added Pin To Net: NetName=3V3 Pin=R69-2
Added Pin To Net: NetName=3V3 Pin=R70-2
Added Pin To Net: NetName=3V3 Pin=R71-2
Added Pin To Net: NetName=NetC38_2 Pin=SB1-1
Added Pin To Net: NetName=GND Pin=SB1-2
Add Pin To Net: Unknown Pin: Pin VD1-A
Add Pin To Net: Unknown Pin: Pin VD1-C
Added Pin To Net: NetName=NetR8_1 Pin=VD2-1
Added Pin To Net: NetName=NetVD2_2 Pin=VD2-2
Added Pin To Net: NetName=3V3 Pin=VD2-3
Add Pin To Net: Unknown Pin: Pin VD3-A
Add Pin To Net: Unknown Pin: Pin VD3-C
Added Pin To Net: NetName=GND Pin=VD4-1
Added Pin To Net: NetName=NetR20_2 Pin=VD4-2
Added Pin To Net: NetName=GND Pin=VD5-1
Added Pin To Net: NetName=NetR21_2 Pin=VD5-2
Added Pin To Net: NetName=GND Pin=VD7-1
Added Pin To Net: NetName=NetC19_1 Pin=VD7-2
Added Pin To Net: NetName=NetDA5_1 Pin=VD8-1
Added Pin To Net: NetName=NetVD8_2 Pin=VD8-2
Added Pin To Net: NetName=NetJ1_1 Pin=VD9-1
Added Pin To Net: NetName=3V3 Pin=VD9-2
Added Pin To Net: NetName=NetC49_2 Pin=VD9-3
Added Pin To Net: NetName=NetR28_2 Pin=VT1-1
Added Pin To Net: NetName=NetC19_1 Pin=VT1-2
Added Pin To Net: NetName=+12V Pin=VT1-3
Added Pin To Net: NetName=NetR31_1 Pin=VT2-1
Added Pin To Net: NetName=NetVD8_2 Pin=VT2-2
Added Pin To Net: NetName=GND Pin=VT2-3
Added Pin To Net: NetName=GND Pin=VT3-3
Added Pin To Net: NetName=GND Pin=XS1-1
Added Pin To Net: NetName=+12V Pin=XS1-2
Added Pin To Net: NetName=NetDD1_7 Pin=XS2-1
Added Pin To Net: NetName=NetDD1_6 Pin=XS2-2
Added Pin To Net: NetName=GND Pin=XS2-3
Added Pin To Net: NetName=NetDD1_7 Pin=XS3-1
Added Pin To Net: NetName=NetR2_1 Pin=XS3-2
Added Pin To Net: NetName=NetDD2_7 Pin=XS4-1
Added Pin To Net: NetName=NetDD2_6 Pin=XS4-2
Added Pin To Net: NetName=GND Pin=XS4-3
Added Pin To Net: NetName=NetDD2_7 Pin=XS5-1
Added Pin To Net: NetName=NetR4_1 Pin=XS5-2
Added Pin To Net: NetName=3V3 Pin=XS6-1
Added Pin To Net: NetName=NetR6_2 Pin=XS6-2
Added Pin To Net: NetName=GND Pin=XS6-3
Added Pin To Net: NetName=3V3 Pin=XS7-1
Added Pin To Net: NetName=NetR6_2 Pin=XS7-2
Added Pin To Net: NetName=GND Pin=XS7-3
Added Pin To Net: NetName=3V3 Pin=XS8-1
Added Pin To Net: NetName=NetR6_2 Pin=XS8-2
Added Pin To Net: NetName=GND Pin=XS8-3
Added Pin To Net: NetName=3V3 Pin=XS9-1
Added Pin To Net: NetName=NetR6_2 Pin=XS9-2
Added Pin To Net: NetName=GND Pin=XS9-3
Add Pin To Net: Unknown Pin: Pin XS10-1
Add Pin To Net: Unknown Pin: Pin XS10-2
Add Pin To Net: Unknown Pin: Pin XS10-3
Add Pin To Net: Unknown Pin: Pin XS11-1
Add Pin To Net: Unknown Pin: Pin XS11-2
Add Pin To Net: Unknown Pin: Pin XS11-3
Add Pin To Net: Unknown Pin: Pin XS11-4
Add Pin To Net: Unknown Pin: Pin XS12-1
Add Pin To Net: Unknown Pin: Pin XS12-2
Add Pin To Net: Unknown Pin: Pin XS12-3
Add Pin To Net: Unknown Pin: Pin XS12-4
Added Pin To Net: NetName=NetR31_1 Pin=XS13-1
Added Pin To Net: NetName=GND Pin=XS13-2
Added Pin To Net: NetName=GND Pin=XS14-1
Added Pin To Net: NetName=3V3 Pin=XS14-2
Added Pin To Net: NetName=3V3 Pin=XS14-15
Added Pin To Net: NetName=GND Pin=XS14-17
Added Pin To Net: NetName=GND Pin=XS14-18
Added Pin To Net: NetName=GND Pin=XS14-19
Added Pin To Net: NetName=GND Pin=XS14-20
Added Pin To Net: NetName=+3V3 Pin=XS15-1
Added Pin To Net: NetName=+3V3 Pin=XS15-2
Added Pin To Net: NetName=NetDD5_90 Pin=XS15-3
Added Pin To Net: NetName=GND Pin=XS15-4
Added Pin To Net: NetName=NetDD5_77 Pin=XS15-5
Added Pin To Net: NetName=GND Pin=XS15-6
Added Pin To Net: NetName=NetDD5_72 Pin=XS15-7
Added Pin To Net: NetName=GND Pin=XS15-8
Added Pin To Net: NetName=NetDD5_76 Pin=XS15-9
Added Pin To Net: NetName=GND Pin=XS15-10
Added Pin To Net: NetName=GND Pin=XS15-12
Added Pin To Net: NetName=NetDD5_89 Pin=XS15-13
Added Pin To Net: NetName=GND Pin=XS15-14
Added Pin To Net: NetName=NetXS15_15 Pin=XS15-15
Added Pin To Net: NetName=GND Pin=XS15-16
Added Pin To Net: NetName=GND Pin=XS15-18
Added Pin To Net: NetName=GND Pin=XS15-20
Added Pin To Net: NetName=NetL1_2 Pin=XS16-1
Added Pin To Net: NetName=NetK1_6 Pin=XS16-2
Added Pin To Net: NetName=NetK1_8 Pin=XS16-3
Added Pin To Net: NetName=NetR33_1 Pin=XS16-4
Added Pin To Net: NetName=NetR36_1 Pin=XS16-5
Added Pin To Net: NetName=TD_P Pin=XS17-1
Added Pin To Net: NetName=TD_N Pin=XS17-2
Added Pin To Net: NetName=RD_P Pin=XS17-3
Added Pin To Net: NetName=RD_N Pin=XS17-6
Added Pin To Net: NetName=NetR43_1 Pin=XS17-9
Added Pin To Net: NetName=LED_LINK Pin=XS17-10
Added Pin To Net: NetName=LED_ACT Pin=XS17-11
Added Pin To Net: NetName=NetR42_1 Pin=XS17-12
Added Pin To Net: NetName=NetC33_2 Pin=XS17-S1
Added Pin To Net: NetName=NetC33_2 Pin=XS17-S2
Added Pin To Net: NetName=NetVD8_2 Pin=Z1-1
Added Pin To Net: NetName=+12V Pin=Z1-2
Added Pin To Net: NetName=NetC35_2 Pin=ZQ1-1
Add Pin To Net: Unknown Pin: Pin ZQ1-3
Added Pin To Net: NetName=NetC37_2 Pin=ZQ2-1
Add Pin To Net: Unknown Pin: Pin ZQ2-3
Added Pin To Net: NetName=NetDD6_1 Pin=DD6-1
Added Pin To Net: NetName=NetDD6_1 Pin=R68-1
Added Net: Name=NetDD6_1
Added Pin To Net: NetName=NetDD6_2 Pin=DD6-2
Added Pin To Net: NetName=NetDD6_2 Pin=R67-1
Added Net: Name=NetDD6_2
Added Pin To Net: NetName=NetDD6_3 Pin=DD6-3
Added Pin To Net: NetName=NetDD6_3 Pin=R22-1
Added Net: Name=NetDD6_3
Added Pin To Net: NetName=NetDD6_4 Pin=DD6-4
Added Pin To Net: NetName=NetDD6_4 Pin=XS14-4
Added Net: Name=NetDD6_4
Added Pin To Net: NetName=NetDD6_5 Pin=DD6-5
Added Pin To Net: NetName=NetDD6_5 Pin=XS14-5
Added Net: Name=NetDD6_5
Added Pin To Net: NetName=NetDD6_6 Pin=DD6-6
Added Pin To Net: NetName=NetDD6_6 Pin=XS14-6
Added Net: Name=NetDD6_6
Added Pin To Net: NetName=NetDD6_7 Pin=DD6-7
Added Pin To Net: NetName=NetDD6_7 Pin=R71-1
Added Pin To Net: NetName=NetDD6_7 Pin=VT3-1
Added Net: Name=NetDD6_7
Added Pin To Net: NetName=NetDD6_9 Pin=DD6-9
Added Pin To Net: NetName=NetDD6_9 Pin=XS14-11
Added Net: Name=NetDD6_9
Added Pin To Net: NetName=NetDD6_10 Pin=DD6-10
Added Pin To Net: NetName=NetDD6_10 Pin=XS14-12
Added Net: Name=NetDD6_10
Added Pin To Net: NetName=NetDD6_11 Pin=DD6-11
Added Pin To Net: NetName=NetDD6_11 Pin=XS14-13
Added Net: Name=NetDD6_11
Added Pin To Net: NetName=NetDD6_12 Pin=DD6-12
Added Pin To Net: NetName=NetDD6_12 Pin=XS14-14
Added Net: Name=NetDD6_12
Added Pin To Net: NetName=NetDD6_14 Pin=DD6-14
Added Pin To Net: NetName=NetDD6_14 Pin=R70-1
Added Net: Name=NetDD6_14
Added Pin To Net: NetName=NetDD6_15 Pin=DD6-15
Added Pin To Net: NetName=NetDD6_15 Pin=R69-1
Added Net: Name=NetDD6_15
Added Pin To Net: NetName=NetR17_2 Pin=R17-2
Added Pin To Net: NetName=NetR17_2 Pin=XS14-3
Added Net: Name=NetR17_2
Added Pin To Net: NetName=NetVT3_2 Pin=VT3-2
Added Pin To Net: NetName=NetVT3_2 Pin=XS14-16
Added Net: Name=NetVT3_2
Add Class Member: Failed to add class member : Component C1 10uFx10V
Added Member To Class: ClassName=POWER_SUPPLY Member=Component C2 0.1 uF
Added Member To Class: ClassName=POWER_SUPPLY Member=Component C3 0.1 uF
Add Class Member: Failed to add class member : Component C4 10uFx10V
Added Member To Class: ClassName=POWER_SUPPLY Member=Component C5 0.1 uF
Added Member To Class: ClassName=POWER_SUPPLY Member=Component C6 0.1 uF
Added Member To Class: ClassName=POWER_SUPPLY Member=Component C7 0.33 uF
Added Member To Class: ClassName=POWER_SUPPLY Member=Component C8 0.1 uF
Added Member To Class: ClassName=CAN Member=Component C9 0.1uF
Added Member To Class: ClassName=CAN Member=Component C10 0.1uF
Added Member To Class: ClassName=FLASH Member=Component C11 0.1uF
Added Member To Class: ClassName=DIRECTIONAL_COUPLER Member=Component C12 10n
Added Member To Class: ClassName=DIRECTIONAL_COUPLER Member=Component C13 1uF
Added Member To Class: ClassName=DIRECTIONAL_COUPLER Member=Component C14 10n
Added Member To Class: ClassName=DIRECTIONAL_COUPLER Member=Component C15 10n
Added Member To Class: ClassName=DIRECTIONAL_COUPLER Member=Component C16 1uF
Added Member To Class: ClassName=DIRECTIONAL_COUPLER Member=Component C17 10n
Added Member To Class: ClassName=SEQUENCER Member=Component C18 10uFx25V
Added Member To Class: ClassName=SEQUENCER Member=Component C19 0.1uF
Added Member To Class: ClassName=ETH_PHY Member=Component C20 15pF
Added Member To Class: ClassName=ETH_PHY Member=Component C21 0.1uF
Added Member To Class: ClassName=ETH_PHY Member=Component C22 0.1uF
Added Member To Class: ClassName=ETH_PHY Member=Component C23 0.1uF
Added Member To Class: ClassName=ETH_PHY Member=Component C24 0.1uF
Added Member To Class: ClassName=ETH_PHY Member=Component C25 0.1uF
Added Member To Class: ClassName=ETH_PHY Member=Component C26 0.1uF
Added Member To Class: ClassName=ETH_PHY Member=Component C27 0.1uF
Added Member To Class: ClassName=ETH_PHY Member=Component C28 0.1uF
Added Member To Class: ClassName=ETH_PHY Member=Component C29 0.1uF
Add Class Member: Failed to add class member : Component C30 10uFx10V
Added Member To Class: ClassName=ETH_PHY Member=Component C31 0.1uF
Added Member To Class: ClassName=ETH_PHY Member=Component C32 0.1uF
Added Member To Class: ClassName=ETH_PHY Member=Component C33 100pFx1000V
Added Member To Class: ClassName=MCU_CORE Member=Component C34 22pF
Added Member To Class: ClassName=MCU_CORE Member=Component C35 22pF
Added Member To Class: ClassName=MCU_CORE Member=Component C36 15pF
Added Member To Class: ClassName=MCU_CORE Member=Component C37 15pF
Added Member To Class: ClassName=MCU_CORE Member=Component C38 0.1uF
Added Member To Class: ClassName=MCU_CORE Member=Component C39 2.2uF
Added Member To Class: ClassName=MCU_CORE Member=Component C40 2.2uF
Added Member To Class: ClassName=MCU_CORE Member=Component C41 0.1uF
Added Member To Class: ClassName=MCU_CORE Member=Component C42 0.1uF
Added Member To Class: ClassName=MCU_CORE Member=Component C43 0.1uF
Added Member To Class: ClassName=MCU_CORE Member=Component C44 0.1uF
Added Member To Class: ClassName=MCU_CORE Member=Component C45 0.1uF
Added Member To Class: ClassName=MCU_CORE Member=Component C46 0.1uF
Added Member To Class: ClassName=MCU_CORE Member=Component C47 0.1uF
Add Class Member: Failed to add class member : Component C48 1uF
Added Member To Class: ClassName=MCU_CORE Member=Component C49 0.1uF
Added Member To Class: ClassName=MCU_CORE Member=Component C50 0.1uF
Add Class Member: Failed to add class member : Component C51 1uF
Added Member To Class: ClassName=IIC_LCD Member=Component C52 0.1 uF
Added Member To Class: ClassName=POWER_SUPPLY Member=Component DA1 LM1085ISX-3.3
Added Member To Class: ClassName=POWER_SUPPLY Member=Component DA2 78M08CDT
Added Member To Class: ClassName=DIRECTIONAL_COUPLER Member=Component DA3 LM224
Added Member To Class: ClassName=SEQUENCER Member=Component DA4 TLP627
Added Member To Class: ClassName=SEQUENCER Member=Component DA5 TLP781
Added Member To Class: ClassName=SEQUENCER Member=Component DA6 TLP627
Added Member To Class: ClassName=SEQUENCER Member=Component DA7 TLP627
Added Member To Class: ClassName=ETH_PHY Member=Component DA8 CFPS-73
Added Member To Class: ClassName=CAN Member=Component DD1 SN65HVD230
Added Member To Class: ClassName=CAN Member=Component DD2 SN65HVD230
Added Member To Class: ClassName=FLASH Member=Component DD3 W25Q128
Added Member To Class: ClassName=ETH_PHY Member=Component DD4 DP83848CVVNOPB
Added Member To Class: ClassName=MCU_CORE Member=Component DD5 STM32F407VET6
Added Member To Class: ClassName=IIC_LCD Member=Component DD6 PCF8574ADW
Added Member To Class: ClassName=MCU_CORE Member=Component J1 BK-912-TR
Added Member To Class: ClassName=SEQUENCER Member=Component K1 HJR1-2CL-12VDC
Added Member To Class: ClassName=SEQUENCER Member=Component L1 EC24-151K
Added Member To Class: ClassName=MCU_CORE Member=Component L2 CM453232-471KL
Added Member To Class: ClassName=CAN Member=Component R1 R0805
Added Member To Class: ClassName=CAN Member=Component R2 120
Added Member To Class: ClassName=CAN Member=Component R3 R0805
Added Member To Class: ClassName=CAN Member=Component R4 120
Added Member To Class: ClassName=FLASH Member=Component R5 10k
Added Member To Class: ClassName=DS18B20 Member=Component R6 4k7
Added Member To Class: ClassName=DIRECTIONAL_COUPLER Member=Component R7 10k
Added Member To Class: ClassName=DIRECTIONAL_COUPLER Member=Component R8 1k
Add Class Member: Failed to add class member : Component R9 20k
Added Member To Class: ClassName=DIRECTIONAL_COUPLER Member=Component R10 120k
Added Member To Class: ClassName=DIRECTIONAL_COUPLER Member=Component R11 4k7
Added Member To Class: ClassName=DIRECTIONAL_COUPLER Member=Component R12 10k
Added Member To Class: ClassName=DIRECTIONAL_COUPLER Member=Component R13 1k
Add Class Member: Failed to add class member : Component R14 20k
Added Member To Class: ClassName=DIRECTIONAL_COUPLER Member=Component R15 120k
Added Member To Class: ClassName=DIRECTIONAL_COUPLER Member=Component R16 4k7
Added Member To Class: ClassName=IIC_LCD Member=Component R17 RES_VAR
Added Member To Class: ClassName=FAN_CTRL Member=Component R18 4k7
Added Member To Class: ClassName=FAN_CTRL Member=Component R19 4k7
Added Member To Class: ClassName=FAN_CTRL Member=Component R20 120
Added Member To Class: ClassName=FAN_CTRL Member=Component R21 120
Added Member To Class: ClassName=IIC_LCD Member=Component R22 10k
Added Member To Class: ClassName=JTAG_MCU Member=Component R23 10k
Added Member To Class: ClassName=JTAG_MCU Member=Component R24 10k
Added Member To Class: ClassName=JTAG_MCU Member=Component R25 10k
Added Member To Class: ClassName=JTAG_MCU Member=Component R26 10k
Added Member To Class: ClassName=JTAG_MCU Member=Component R27 10k
Added Member To Class: ClassName=SEQUENCER Member=Component R28 100k
Added Member To Class: ClassName=SEQUENCER Member=Component R29 2k
Added Member To Class: ClassName=SEQUENCER Member=Component R30 2k
Added Member To Class: ClassName=SEQUENCER Member=Component R31 100k
Added Member To Class: ClassName=SEQUENCER Member=Component R32 470
Added Member To Class: ClassName=SEQUENCER Member=Component R33 2k
Added Member To Class: ClassName=SEQUENCER Member=Component R34 2k
Added Member To Class: ClassName=SEQUENCER Member=Component R35 2k
Added Member To Class: ClassName=SEQUENCER Member=Component R36 2k
Added Member To Class: ClassName=ETH_PHY Member=Component R37 1k5
Added Member To Class: ClassName=ETH_PHY Member=Component R38 49R9
Added Member To Class: ClassName=ETH_PHY Member=Component R39 49R9
Added Member To Class: ClassName=ETH_PHY Member=Component R40 49R9
Added Member To Class: ClassName=ETH_PHY Member=Component R41 49R9
Added Member To Class: ClassName=ETH_PHY Member=Component R42 240
Added Member To Class: ClassName=ETH_PHY Member=Component R43 240
Added Member To Class: ClassName=ETH_PHY Member=Component R44 33
Added Member To Class: ClassName=ETH_PHY Member=Component R45 33
Added Member To Class: ClassName=ETH_PHY Member=Component R46 33
Added Member To Class: ClassName=ETH_PHY Member=Component R47 33
Added Member To Class: ClassName=ETH_PHY Member=Component R48 2k
Added Member To Class: ClassName=ETH_PHY Member=Component R49 33
Added Member To Class: ClassName=ETH_PHY Member=Component R50 2k
Added Member To Class: ClassName=ETH_PHY Member=Component R51 4k7
Added Member To Class: ClassName=ETH_PHY Member=Component R52 150
Added Member To Class: ClassName=ETH_PHY Member=Component R53 18
Added Member To Class: ClassName=ETH_PHY Member=Component R54 2k
Added Member To Class: ClassName=ETH_PHY Member=Component R55 2k
Added Member To Class: ClassName=ETH_PHY Member=Component R56 2k
Added Member To Class: ClassName=ETH_PHY Member=Component R57 2k
Added Member To Class: ClassName=ETH_PHY Member=Component R58 1M
Added Member To Class: ClassName=ETH_PHY Member=Component R59 2k
Added Member To Class: ClassName=ETH_PHY Member=Component R60 2k
Added Member To Class: ClassName=ETH_PHY Member=Component R61 2k
Added Member To Class: ClassName=MCU_CORE Member=Component R62 10k
Added Member To Class: ClassName=MCU_CORE Member=Component R63 1M
Added Member To Class: ClassName=MCU_CORE Member=Component R64 10k
Added Member To Class: ClassName=MCU_CORE Member=Component R65 100k
Added Member To Class: ClassName=MCU_CORE Member=Component R66 47
Added Member To Class: ClassName=IIC_LCD Member=Component R67 10k
Added Member To Class: ClassName=IIC_LCD Member=Component R68 10k
Added Member To Class: ClassName=IIC_LCD Member=Component R69 4k7
Added Member To Class: ClassName=IIC_LCD Member=Component R70 4k7
Added Member To Class: ClassName=IIC_LCD Member=Component R71 4k7
Added Member To Class: ClassName=MCU_CORE Member=Component SB1 1437566-3 (FSMSM)
Add Class Member: Failed to add class member : Component VD1
Added Member To Class: ClassName=DIRECTIONAL_COUPLER Member=Component VD2 BAT54C
Add Class Member: Failed to add class member : Component VD3
Added Member To Class: ClassName=FAN_CTRL Member=Component VD4 1N4728A
Added Member To Class: ClassName=FAN_CTRL Member=Component VD5 1N4728A
Added Member To Class: ClassName=SEQUENCER Member=Component VD7 1N4744A
Added Member To Class: ClassName=SEQUENCER Member=Component VD8 1N4007
Added Member To Class: ClassName=MCU_CORE Member=Component VD9 BAT54C
Added Member To Class: ClassName=SEQUENCER Member=Component VT1 2N3906
Added Member To Class: ClassName=SEQUENCER Member=Component VT2 2SC1815
Added Member To Class: ClassName=IIC_LCD Member=Component VT3 SS8050CBU
Added Member To Class: ClassName=POWER_SUPPLY Member=Component XS1 POWER
Added Member To Class: ClassName=CAN Member=Component XS2 CAN
Added Member To Class: ClassName=CAN Member=Component XS3 Text
Added Member To Class: ClassName=CAN Member=Component XS4 CAN
Added Member To Class: ClassName=CAN Member=Component XS5 Text
Added Member To Class: ClassName=DS18B20 Member=Component XS6 DS18B20
Added Member To Class: ClassName=DS18B20 Member=Component XS7 DS18B20
Added Member To Class: ClassName=DS18B20 Member=Component XS8 DS18B20
Added Member To Class: ClassName=DS18B20 Member=Component XS9 DS18B20
Add Class Member: Failed to add class member : Component XS10 SWR
Add Class Member: Failed to add class member : Component XS11 FAN
Add Class Member: Failed to add class member : Component XS12 FAN
Added Member To Class: ClassName=SEQUENCER Member=Component XS13 KSD
Added Member To Class: ClassName=IIC_LCD Member=Component XS14 Text
Added Member To Class: ClassName=JTAG_MCU Member=Component XS15 Text
Added Member To Class: ClassName=SEQUENCER Member=Component XS16 SEQ
Added Member To Class: ClassName=ETH_PHY Member=Component XS17 TRJ0011TBNL
Added Member To Class: ClassName=SEQUENCER Member=Component Z1
Added Member To Class: ClassName=MCU_CORE Member=Component ZQ1 HC49SM
Added Member To Class: ClassName=MCU_CORE Member=Component ZQ2 FC135
Added Room: Name=CAN
Added Room: Name=DIRECTIONAL_COUPLER
Added Room: Name=DS18B20
Added Room: Name=ETH_PHY
Added Room: Name=FAN_CTRL
Added Room: Name=FLASH
Added Room: Name=IIC_LCD
Added Room: Name=JTAG_MCU
Added Room: Name=MCU_CORE
Added Room: Name=POWER_SUPPLY
Added Room: Name=SEQUENCER
