Added Component: Designator=BQ1(HC49SM)
Added Component: Designator=BQ2(FC-135)
Added Component: Designator=C1(TECAP_A)
Added Component: Designator=C2(CAP_0805)
Add component (AddParameter): Name = "Value"; Value = ""; VariantName = "[No Variations]"
Added Component: Designator=C3(CAP_0805)
Add component (AddParameter): Name = "Value"; Value = ""; VariantName = "[No Variations]"
Added Component: Designator=C4(TECAP_A)
Added Component: Designator=C5(CAP_0805)
Add component (AddParameter): Name = "Value"; Value = ""; VariantName = "[No Variations]"
Added Component: Designator=C6(CAP_0805)
Add component (AddParameter): Name = "Value"; Value = ""; VariantName = "[No Variations]"
Added Component: Designator=C9(C0805C)
Add component (AddParameter): Name = "Value"; Value = ""; VariantName = "[No Variations]"
Added Component: Designator=C10(C0805C)
Add component (AddParameter): Name = "Value"; Value = ""; VariantName = "[No Variations]"
Added Component: Designator=C11(C0805C)
Add component (AddParameter): Name = "Value"; Value = ""; VariantName = "[No Variations]"
Added Component: Designator=C12(TECAP_A)
Added Component: Designator=C13(C0805C)
Add component (AddParameter): Name = "Value"; Value = ""; VariantName = "[No Variations]"
Added Component: Designator=C14(TECAP_A)
Added Component: Designator=C15(C0805C)
Add component (AddParameter): Name = "Value"; Value = ""; VariantName = "[No Variations]"
Added Component: Designator=C16(C0805C)
Add component (AddParameter): Name = "Value"; Value = ""; VariantName = "[No Variations]"
Added Component: Designator=C17(C0805C)
Add component (AddParameter): Name = "Value"; Value = ""; VariantName = "[No Variations]"
Added Component: Designator=C18(C0805C)
Add component (AddParameter): Name = "Value"; Value = ""; VariantName = "[No Variations]"
Added Component: Designator=C19(C0805C)
Add component (AddParameter): Name = "Value"; Value = ""; VariantName = "[No Variations]"
Added Component: Designator=C20(C0805C)
Add component (AddParameter): Name = "Value"; Value = ""; VariantName = "[No Variations]"
Added Component: Designator=C21(C0805C)
Add component (AddParameter): Name = "Value"; Value = ""; VariantName = "[No Variations]"
Added Component: Designator=C22(C0805C)
Add component (AddParameter): Name = "Value"; Value = ""; VariantName = "[No Variations]"
Added Component: Designator=C23(C0805C)
Add component (AddParameter): Name = "Value"; Value = ""; VariantName = "[No Variations]"
Added Component: Designator=C24(C0805C)
Add component (AddParameter): Name = "Value"; Value = ""; VariantName = "[No Variations]"
Added Component: Designator=C25(C0805C)
Add component (AddParameter): Name = "Value"; Value = ""; VariantName = "[No Variations]"
Added Component: Designator=C26(C0805C)
Add component (AddParameter): Name = "Value"; Value = ""; VariantName = "[No Variations]"
Added Component: Designator=C27(C0805C)
Add component (AddParameter): Name = "Value"; Value = ""; VariantName = "[No Variations]"
Added Component: Designator=C28(C0805C)
Add component (AddParameter): Name = "Value"; Value = ""; VariantName = "[No Variations]"
Added Component: Designator=C29(C0805C)
Add component (AddParameter): Name = "Value"; Value = ""; VariantName = "[No Variations]"
Added Component: Designator=C30(C0805C)
Add component (AddParameter): Name = "Value"; Value = ""; VariantName = "[No Variations]"
Added Component: Designator=C31(C0805C)
Add component (AddParameter): Name = "Value"; Value = ""; VariantName = "[No Variations]"
Added Component: Designator=C32(TECAP_A)
Added Component: Designator=C33(C0805C)
Add component (AddParameter): Name = "Value"; Value = ""; VariantName = "[No Variations]"
Added Component: Designator=C34(C0805C)
Add component (AddParameter): Name = "Value"; Value = ""; VariantName = "[No Variations]"
Added Component: Designator=C35(C0805C)
Add component (AddParameter): Name = "Value"; Value = ""; VariantName = "[No Variations]"
Added Component: Designator=C36(C0805C)
Add component (AddParameter): Name = "Value"; Value = ""; VariantName = "[No Variations]"
Added Component: Designator=C37(C0805C)
Add component (AddParameter): Name = "Value"; Value = ""; VariantName = "[No Variations]"
Added Component: Designator=C38(C0805C)
Add component (AddParameter): Name = "Value"; Value = ""; VariantName = "[No Variations]"
Added Component: Designator=C39(C0805C)
Add component (AddParameter): Name = "Value"; Value = ""; VariantName = "[No Variations]"
Added Component: Designator=C40(C0805C)
Add component (AddParameter): Name = "Value"; Value = ""; VariantName = "[No Variations]"
Added Component: Designator=C41(C0805C)
Add component (AddParameter): Name = "Value"; Value = ""; VariantName = "[No Variations]"
Added Component: Designator=C42(C0805C)
Add component (AddParameter): Name = "Value"; Value = ""; VariantName = "[No Variations]"
Added Component: Designator=C43(C_SMD1206)
Added Component: Designator=D1(QFP48)
Added Component: Designator=DA1(CFPS-73)
Added Component: Designator=DD1(SOIC8 (SO-8))
Added Component: Designator=DD2(SOIC8 (SO-8))
Added Component: Designator=R1(AXIAL-0.6)
Added Component: Designator=R2(AXIAL-0.6)
Added Component: Designator=R3(AXIAL-0.6)
Added Component: Designator=R4(AXIAL-0.6)
Added Component: Designator=R5(AXIAL-0.6)
Added Component: Designator=R6(AXIAL-0.6)
Added Component: Designator=R7(AXIAL-0.6)
Added Component: Designator=R8(AXIAL-0.6)
Added Component: Designator=R9(AXIAL-0.6)
Added Component: Designator=R10(C0805R)
Add component (AddParameter): Name = "Value"; Value = ""; VariantName = "[No Variations]"
Added Component: Designator=R11(C0805R)
Add component (AddParameter): Name = "Value"; Value = ""; VariantName = "[No Variations]"
Added Component: Designator=R12(C0805R)
Add component (AddParameter): Name = "Value"; Value = ""; VariantName = "[No Variations]"
Added Component: Designator=R13(C0805R)
Add component (AddParameter): Name = "Value"; Value = ""; VariantName = "[No Variations]"
Added Component: Designator=R14(RES_0805)
Add component (AddParameter): Name = "Value"; Value = ""; VariantName = "[No Variations]"
Added Component: Designator=R15(RES_0805)
Add component (AddParameter): Name = "Value"; Value = ""; VariantName = "[No Variations]"
Added Component: Designator=R16(RES_0805)
Add component (AddParameter): Name = "Value"; Value = ""; VariantName = "[No Variations]"
Added Component: Designator=R17(RES_0805)
Add component (AddParameter): Name = "Value"; Value = ""; VariantName = "[No Variations]"
Added Component: Designator=R18(RES_0805)
Add component (AddParameter): Name = "Value"; Value = ""; VariantName = "[No Variations]"
Added Component: Designator=R19(C0805R)
Add component (AddParameter): Name = "Value"; Value = ""; VariantName = "[No Variations]"
Added Component: Designator=R20(C0805R)
Add component (AddParameter): Name = "Value"; Value = ""; VariantName = "[No Variations]"
Added Component: Designator=R21(C0805R)
Add component (AddParameter): Name = "Value"; Value = ""; VariantName = "[No Variations]"
Added Component: Designator=R22(C0805R)
Add component (AddParameter): Name = "Value"; Value = ""; VariantName = "[No Variations]"
Added Component: Designator=R23(C0805R)
Add component (AddParameter): Name = "Value"; Value = ""; VariantName = "[No Variations]"
Added Component: Designator=R24(C0805R)
Add component (AddParameter): Name = "Value"; Value = ""; VariantName = "[No Variations]"
Added Component: Designator=R25(C0805R)
Add component (AddParameter): Name = "Value"; Value = ""; VariantName = "[No Variations]"
Added Component: Designator=R26(C0805R)
Add component (AddParameter): Name = "Value"; Value = ""; VariantName = "[No Variations]"
Added Component: Designator=R27(C0805R)
Add component (AddParameter): Name = "Value"; Value = ""; VariantName = "[No Variations]"
Added Component: Designator=R28(C0805R)
Add component (AddParameter): Name = "Value"; Value = ""; VariantName = "[No Variations]"
Added Component: Designator=R29(C0805R)
Add component (AddParameter): Name = "Value"; Value = ""; VariantName = "[No Variations]"
Added Component: Designator=R30(C0805R)
Add component (AddParameter): Name = "Value"; Value = ""; VariantName = "[No Variations]"
Added Component: Designator=R31(C0805R)
Add component (AddParameter): Name = "Value"; Value = ""; VariantName = "[No Variations]"
Added Component: Designator=R32(C0805R)
Add component (AddParameter): Name = "Value"; Value = ""; VariantName = "[No Variations]"
Added Component: Designator=R33(R_SMD1206)
Added Component: Designator=R34(C0805R)
Add component (AddParameter): Name = "Value"; Value = ""; VariantName = "[No Variations]"
Added Component: Designator=R35(C0805R)
Add component (AddParameter): Name = "Value"; Value = ""; VariantName = "[No Variations]"
Added Component: Designator=R36(C0805R)
Add component (AddParameter): Name = "Value"; Value = ""; VariantName = "[No Variations]"
Added Component: Designator=R37(C0805R)
Add component (AddParameter): Name = "Value"; Value = ""; VariantName = "[No Variations]"
Added Component: Designator=R38(C0805R)
Add component (AddParameter): Name = "Value"; Value = ""; VariantName = "[No Variations]"
Added Component: Designator=R39(C0805R)
Add component (AddParameter): Name = "Value"; Value = ""; VariantName = "[No Variations]"
Added Component: Designator=R40(C0805R)
Add component (AddParameter): Name = "Value"; Value = ""; VariantName = "[No Variations]"
Added Component: Designator=R41(C0805R)
Add component (AddParameter): Name = "Value"; Value = ""; VariantName = "[No Variations]"
Added Component: Designator=R42(C0805R)
Add component (AddParameter): Name = "Value"; Value = ""; VariantName = "[No Variations]"
Added Component: Designator=R43(C0805R)
Add component (AddParameter): Name = "Value"; Value = ""; VariantName = "[No Variations]"
Added Component: Designator=R44(C0805R)
Add component (AddParameter): Name = "Value"; Value = ""; VariantName = "[No Variations]"
Added Component: Designator=R45(C0805R)
Add component (AddParameter): Name = "Value"; Value = ""; VariantName = "[No Variations]"
Added Component: Designator=R46(C0805R)
Add component (AddParameter): Name = "Value"; Value = ""; VariantName = "[No Variations]"
Added Component: Designator=R47(C0805R)
Add component (AddParameter): Name = "Value"; Value = ""; VariantName = "[No Variations]"
Added Component: Designator=R48(C0805R)
Add component (AddParameter): Name = "Value"; Value = ""; VariantName = "[No Variations]"
Added Component: Designator=R49(C0805R)
Add component (AddParameter): Name = "Value"; Value = ""; VariantName = "[No Variations]"
Added Component: Designator=R50(C0805R)
Add component (AddParameter): Name = "Value"; Value = ""; VariantName = "[No Variations]"
Added Component: Designator=R51(C0805R)
Add component (AddParameter): Name = "Value"; Value = ""; VariantName = "[No Variations]"
Added Component: Designator=R52(C0805R)
Add component (AddParameter): Name = "Value"; Value = ""; VariantName = "[No Variations]"
Added Component: Designator=S1(1437566-3)
Add component (AddParameter): Name = "Availability"; Value = "Unavailable"; VariantName = "[No Variations]"
Add component (AddParameter): Name = "Configuration_Pole-Throw"; Value = "Single Pole - Single Throw"; VariantName = "[No Variations]"
Add component (AddParameter): Name = "Contact_Current_Rating"; Value = "50 mA"; VariantName = "[No Variations]"
Add component (AddParameter): Name = "MF"; Value = "TE Connectivity"; VariantName = "[No Variations]"
Add component (AddParameter): Name = "MP"; Value = "1437566-3"; VariantName = "[No Variations]"
Add component (AddParameter): Name = "Package"; Value = "None"; VariantName = "[No Variations]"
Add component (AddParameter): Name = "Price"; Value = "None"; VariantName = "[No Variations]"
Add component (AddParameter): Name = "SnapEDA_Link"; Value = "https://www.snapeda.com/parts/1437566-3/TE%20Connectivity/view-part/?ref=snap"; VariantName = "[No Variations]"
Add component (AddParameter): Name = "Value"; Value = ""; VariantName = "[No Variations]"
Added Component: Designator=U1(LM1085ISX-3.3)
Added Component: Designator=U2(DIP-4)
Added Component: Designator=U3(DIP-4)
Added Component: Designator=U4(DIP-4)
Added Component: Designator=U5(DIP-4)
Added Component: Designator=U6(W25Q16)
Add component (AddParameter): Name = "Value"; Value = ""; VariantName = "[No Variations]"
Added Component: Designator=U7(STM-LQFP100_V)
Add component (AddParameter): Name = "ComponentLink1Description"; Value = "Manufacturer URL"; VariantName = "[No Variations]"
Add component (AddParameter): Name = "ComponentLink1URL"; Value = "http://www.st.com/web/en/home.html"; VariantName = "[No Variations]"
Add component (AddParameter): Name = "ComponentLink2Description"; Value = "Datasheet"; VariantName = "[No Variations]"
Add component (AddParameter): Name = "ComponentLink2URL"; Value = "http://www.st.com/st-web-ui/static/active/en/resource/technical/document/datasheet/DM00037051.pdf"; VariantName = "[No Variations]"
Add component (AddParameter): Name = "ComponentLink3Description"; Value = "Package Specification"; VariantName = "[No Variations]"
Add component (AddParameter): Name = "ComponentLink3URL"; Value = "http://www.st.com/st-web-ui/static/active/en/resource/technical/document/data_brief/DM00071938.pdf"; VariantName = "[No Variations]"
Add component (AddParameter): Name = "Core"; Value = "ARM Cortex-M4"; VariantName = "[No Variations]"
Add component (AddParameter): Name = "D/A Converter"; Value = "2x12-bit"; VariantName = "[No Variations]"
Add component (AddParameter): Name = "DatasheetVersion"; Value = "Rev. 4"; VariantName = "[No Variations]"
Add component (AddParameter): Name = "FLASH Size (Prog) (kB)"; Value = "512"; VariantName = "[No Variations]"
Add component (AddParameter): Name = "I/Os (High Current)"; Value = "82"; VariantName = "[No Variations]"
Add component (AddParameter): Name = "Internal RAM Size (kB)"; Value = "192"; VariantName = "[No Variations]"
Add component (AddParameter): Name = "Manufacturer"; Value = "STMicroelectronics"; VariantName = "[No Variations]"
Add component (AddParameter): Name = "Mounting Technology"; Value = "Surface Mount"; VariantName = "[No Variations]"
Add component (AddParameter): Name = "Operating Frequency(F) (Processor speed) (MHz)"; Value = "168"; VariantName = "[No Variations]"
Add component (AddParameter): Name = "PackageDescription"; Value = "100-Pin Low Profile Quad Flat Package, 14 x 14 mm Body, 0.5 mm Pitch"; VariantName = "[No Variations]"
Add component (AddParameter): Name = "PackageReference"; Value = "LQFP100"; VariantName = "[No Variations]"
Add component (AddParameter): Name = "PackageVersion"; Value = "Rev. 1, 06/2013"; VariantName = "[No Variations]"
Add component (AddParameter): Name = "Packing"; Value = "Tray"; VariantName = "[No Variations]"
Add component (AddParameter): Name = "PartNumber"; Value = "STM32F407VET6"; VariantName = "[No Variations]"
Add component (AddParameter): Name = "Supplier 1"; Value = "Digi-Key"; VariantName = "[No Variations]"
Add component (AddParameter): Name = "Supplier 2"; Value = "Farnell"; VariantName = "[No Variations]"
Add component (AddParameter): Name = "Supplier 3"; Value = "Newark"; VariantName = "[No Variations]"
Add component (AddParameter): Name = "Supplier 4"; Value = "Mouser"; VariantName = "[No Variations]"
Add component (AddParameter): Name = "Supplier Part Number 1"; Value = "497-12075-ND"; VariantName = "[No Variations]"
Add component (AddParameter): Name = "Supplier Part Number 2"; Value = "2064367"; VariantName = "[No Variations]"
Add component (AddParameter): Name = "Supplier Part Number 3"; Value = "73T2332"; VariantName = "[No Variations]"
Add component (AddParameter): Name = "Supplier Part Number 4"; Value = "511-STM32F407VET6"; VariantName = "[No Variations]"
Add component (AddParameter): Name = "Supply Voltage(Vcc) max (V)"; Value = "3.6"; VariantName = "[No Variations]"
Add component (AddParameter): Name = "Supply Voltage(Vcc) min (V)"; Value = "1.8"; VariantName = "[No Variations]"
Added Component: Designator=U8(Texas_Instruments_D0014A_IPC_A)
Added Component: Designator=VD3(BAT54C_SOT23-3)
Added Component: Designator=VT1(TO-92)
Added Component: Designator=VT2(TO-92)
Added Component: Designator=X1(PLD2)
Added Component: Designator=X2(YX-XH-3)
Added Component: Designator=X3(PLD2)
Added Component: Designator=X4(YX-XH-3)
Added Component: Designator=X5(IDC-20)
Added Component: Designator=X6(YX-XH-3)
Added Component: Designator=X7(YX-XH-3)
Added Component: Designator=X8(YX-XH-3)
Added Component: Designator=X9(YX-XH-3)
Added Component: Designator=X10(J0011D018)
Added Component: Designator=X11(PLD1X4)
Added Component: Designator=X12(PLD1X4)
Added Component: Designator=X13(PLD1X4)
Added Component: Designator=X14(PLD1X4)
Added Component: Designator=X15(PLD1X4)
Added Component: Designator=X16(PLD1X4)
Added Pin To Net: NetName=NetBQ1_1 Pin=BQ1-1
Added Pin To Net: NetName=NetBQ1_2 Pin=BQ1-2
Added Pin To Net: NetName=NetBQ2_1 Pin=BQ2-1
Added Pin To Net: NetName=NetBQ2_2 Pin=BQ2-2
Added Pin To Net: NetName=+12V Pin=C1-1
Added Pin To Net: NetName=GND Pin=C1-2
Added Pin To Net: NetName=+12V Pin=C2-1
Added Pin To Net: NetName=GND Pin=C2-2
Added Pin To Net: NetName=NetC3_1 Pin=C3-1
Added Pin To Net: NetName=GND Pin=C3-2
Added Pin To Net: NetName=NetC3_1 Pin=C4-1
Added Pin To Net: NetName=GND Pin=C4-2
Added Pin To Net: NetName=NetC3_1 Pin=C5-1
Added Pin To Net: NetName=GND Pin=C5-2
Added Pin To Net: NetName=NetC3_1 Pin=C6-1
Added Pin To Net: NetName=GND Pin=C6-2
Added Pin To Net: NetName=3V3 Pin=C9-2
Added Pin To Net: NetName=3V3 Pin=C10-2
Added Pin To Net: NetName=3V3 Pin=C11-1
Added Pin To Net: NetName=GND Pin=C11-2
Added Pin To Net: NetName=NetC12_1 Pin=C12-1
Added Pin To Net: NetName=GND Pin=C12-2
Added Pin To Net: NetName=NetC12_1 Pin=C13-1
Added Pin To Net: NetName=GND Pin=C13-2
Added Pin To Net: NetName=GND Pin=C14-1
Added Pin To Net: NetName=NetC14_2 Pin=C14-2
Added Pin To Net: NetName=GND Pin=C15-1
Added Pin To Net: NetName=NetC14_2 Pin=C15-2
Added Pin To Net: NetName=NetC16_1 Pin=C16-1
Added Pin To Net: NetName=GND Pin=C16-2
Added Pin To Net: NetName=3V3 Pin=C17-1
Added Pin To Net: NetName=GND Pin=C17-2
Added Pin To Net: NetName=3V3 Pin=C18-1
Added Pin To Net: NetName=GND Pin=C18-2
Added Pin To Net: NetName=3V3 Pin=C19-1
Added Pin To Net: NetName=GND Pin=C19-2
Added Pin To Net: NetName=3V3 Pin=C20-1
Added Pin To Net: NetName=GND Pin=C20-2
Added Pin To Net: NetName=3V3 Pin=C21-1
Added Pin To Net: NetName=GND Pin=C21-2
Added Pin To Net: NetName=3V3 Pin=C22-1
Added Pin To Net: NetName=GND Pin=C22-2
Added Pin To Net: NetName=NetBQ1_2 Pin=C23-1
Added Pin To Net: NetName=GND Pin=C23-2
Added Pin To Net: NetName=GND Pin=C24-2
Added Pin To Net: NetName=NetBQ2_2 Pin=C25-1
Added Pin To Net: NetName=GND Pin=C25-2
Added Pin To Net: NetName=NetC26_1 Pin=C26-1
Added Pin To Net: NetName=GND Pin=C26-2
Added Pin To Net: NetName=NetC27_1 Pin=C27-1
Added Pin To Net: NetName=GND Pin=C27-2
Added Pin To Net: NetName=NetC28_1 Pin=C28-1
Added Pin To Net: NetName=GND Pin=C28-2
Added Pin To Net: NetName=NetBQ2_1 Pin=C29-1
Added Pin To Net: NetName=GND Pin=C29-2
Added Pin To Net: NetName=NetC30_1 Pin=C30-1
Added Pin To Net: NetName=GND Pin=C30-2
Added Pin To Net: NetName=NetC30_1 Pin=C31-1
Added Pin To Net: NetName=GND Pin=C31-2
Added Pin To Net: NetName=NetC30_1 Pin=C32-1
Added Pin To Net: NetName=GND Pin=C32-2
Added Pin To Net: NetName=NetC30_1 Pin=C33-1
Added Pin To Net: NetName=GND Pin=C33-2
Added Pin To Net: NetName=GND Pin=C34-1
Added Pin To Net: NetName=3V3 Pin=C34-2
Added Pin To Net: NetName=3V3 Pin=C35-1
Added Pin To Net: NetName=GND Pin=C35-2
Added Pin To Net: NetName=3V3 Pin=C36-1
Added Pin To Net: NetName=GND Pin=C36-2
Added Pin To Net: NetName=3V3 Pin=C37-1
Added Pin To Net: NetName=GND Pin=C37-2
Added Pin To Net: NetName=3V3 Pin=C38-1
Added Pin To Net: NetName=GND Pin=C38-2
Added Pin To Net: NetName=3V3 Pin=C39-1
Added Pin To Net: NetName=GND Pin=C39-2
Added Pin To Net: NetName=3V3 Pin=C40-1
Added Pin To Net: NetName=GND Pin=C40-2
Added Pin To Net: NetName=3V3 Pin=C41-1
Added Pin To Net: NetName=GND Pin=C41-2
Added Pin To Net: NetName=3V3 Pin=C42-1
Added Pin To Net: NetName=GND Pin=C42-2
Added Pin To Net: NetName=NetC43_1 Pin=C43-1
Added Pin To Net: NetName=GND Pin=C43-2
Added Pin To Net: NetName=NetD1_2 Pin=D1-2
Added Pin To Net: NetName=NetD1_3 Pin=D1-3
Added Pin To Net: NetName=NetD1_4 Pin=D1-4
Added Pin To Net: NetName=NetD1_13 Pin=D1-13
Added Pin To Net: NetName=NetD1_14 Pin=D1-14
Added Pin To Net: NetName=GND Pin=D1-15
Added Pin To Net: NetName=NetD1_16 Pin=D1-16
Added Pin To Net: NetName=NetD1_17 Pin=D1-17
Added Pin To Net: NetName=NetC30_1 Pin=D1-18
Added Pin To Net: NetName=GND Pin=D1-19
Added Pin To Net: NetName=NetD1_20 Pin=D1-20
Added Pin To Net: NetName=NetD1_21 Pin=D1-21
Added Pin To Net: NetName=NetC30_1 Pin=D1-23
Added Pin To Net: NetName=50MHz Pin=D1-25
Added Pin To Net: NetName=NetD1_26 Pin=D1-26
Added Pin To Net: NetName=NetD1_27 Pin=D1-27
Added Pin To Net: NetName=NetD1_28 Pin=D1-28
Added Pin To Net: NetName=NetD1_29 Pin=D1-29
Added Pin To Net: NetName=NetD1_30 Pin=D1-30
Added Pin To Net: NetName=NetD1_31 Pin=D1-31
Added Pin To Net: NetName=3V3 Pin=D1-32
Added Pin To Net: NetName=50MHz Pin=D1-34
Added Pin To Net: NetName=GND Pin=D1-35
Added Pin To Net: NetName=GND Pin=D1-36
Added Pin To Net: NetName=NetC30_1 Pin=D1-37
Added Pin To Net: NetName=NetD1_39 Pin=D1-39
Added Pin To Net: NetName=NetD1_40 Pin=D1-40
Added Pin To Net: NetName=NetD1_42 Pin=D1-42
Added Pin To Net: NetName=NetD1_43 Pin=D1-43
Added Pin To Net: NetName=NetD1_44 Pin=D1-44
Added Pin To Net: NetName=GND Pin=D1-47
Added Pin To Net: NetName=3V3 Pin=D1-48
Added Pin To Net: NetName=GND Pin=D1-49
Added Pin To Net: NetName=GND Pin=DA1-2
Added Pin To Net: NetName=50MHz Pin=DA1-3
Added Pin To Net: NetName=3V3 Pin=DA1-4
Added Pin To Net: NetName=NetDD1_1 Pin=DD1-1
Added Pin To Net: NetName=GND Pin=DD1-2
Added Pin To Net: NetName=3V3 Pin=DD1-3
Added Pin To Net: NetName=NetDD1_4 Pin=DD1-4
Added Pin To Net: NetName=NetDD1_6 Pin=DD1-6
Added Pin To Net: NetName=NetDD1_7 Pin=DD1-7
Added Pin To Net: NetName=NetDD1_8 Pin=DD1-8
Added Pin To Net: NetName=NetDD1_1 Pin=DD2-1
Added Pin To Net: NetName=GND Pin=DD2-2
Added Pin To Net: NetName=3V3 Pin=DD2-3
Added Pin To Net: NetName=NetDD1_4 Pin=DD2-4
Added Pin To Net: NetName=NetDD2_6 Pin=DD2-6
Added Pin To Net: NetName=NetDD2_7 Pin=DD2-7
Added Pin To Net: NetName=NetDD2_8 Pin=DD2-8
Added Pin To Net: NetName=NetR1_1 Pin=R1-1
Added Pin To Net: NetName=VCC Pin=R1-2
Added Pin To Net: NetName=NetR2_1 Pin=R2-1
Added Pin To Net: NetName=NetR2_2 Pin=R2-2
Added Pin To Net: NetName=NetR3_1 Pin=R3-1
Added Pin To Net: NetName=NetR1_1 Pin=R3-2
Added Pin To Net: NetName=NetR4_1 Pin=R4-1
Added Pin To Net: NetName=VCC Pin=R4-2
Added Pin To Net: NetName=NetR5_1 Pin=R5-1
Added Pin To Net: NetName=VCC Pin=R5-2
Added Pin To Net: NetName=NetR2_1 Pin=R6-1
Added Pin To Net: NetName=NetR6_2 Pin=R6-2
Added Pin To Net: NetName=NetR2_1 Pin=R7-1
Added Pin To Net: NetName=NetR7_2 Pin=R7-2
Added Pin To Net: NetName=NetR2_1 Pin=R8-1
Added Pin To Net: NetName=NetR8_2 Pin=R8-2
Added Pin To Net: NetName=NetR9_1 Pin=R9-1
Added Pin To Net: NetName=NetDD1_8 Pin=R10-1
Added Pin To Net: NetName=GND Pin=R10-2
Added Pin To Net: NetName=NetR11_1 Pin=R11-1
Added Pin To Net: NetName=NetDD1_6 Pin=R11-2
Added Pin To Net: NetName=NetDD2_8 Pin=R12-1
Added Pin To Net: NetName=GND Pin=R12-2
Added Pin To Net: NetName=NetR13_1 Pin=R13-1
Added Pin To Net: NetName=NetDD2_6 Pin=R13-2
Added Pin To Net: NetName=+3V3 Pin=R14-1
Added Pin To Net: NetName=NetR14_2 Pin=R14-2
Added Pin To Net: NetName=NetR15_2 Pin=R15-2
Added Pin To Net: NetName=NetR16_2 Pin=R16-2
Added Pin To Net: NetName=+3V3 Pin=R17-1
Added Pin To Net: NetName=NetR17_2 Pin=R17-2
Added Pin To Net: NetName=NetR18_1 Pin=R18-1
Added Pin To Net: NetName=GND Pin=R18-2
Added Pin To Net: NetName=3V3 Pin=R19-1
Added Pin To Net: NetName=NetR19_2 Pin=R19-2
Added Pin To Net: NetName=NetC12_1 Pin=R20-1
Added Pin To Net: NetName=NetC14_2 Pin=R20-2
Added Pin To Net: NetName=NetBQ1_2 Pin=R21-1
Added Pin To Net: NetName=NetBQ1_1 Pin=R21-2
Added Pin To Net: NetName=GND Pin=R22-1
Added Pin To Net: NetName=3V3 Pin=R23-1
Added Pin To Net: NetName=NetC28_1 Pin=R23-2
Added Pin To Net: NetName=3V3 Pin=R24-1
Added Pin To Net: NetName=NetR24_2 Pin=R24-2
Added Pin To Net: NetName=3V3 Pin=R25-1
Added Pin To Net: NetName=NetD1_30 Pin=R25-2
Added Pin To Net: NetName=3V3 Pin=R26-1
Added Pin To Net: NetName=NetD1_17 Pin=R26-2
Added Pin To Net: NetName=3V3 Pin=R27-1
Added Pin To Net: NetName=NetD1_16 Pin=R27-2
Added Pin To Net: NetName=3V3 Pin=R28-1
Added Pin To Net: NetName=NetD1_14 Pin=R28-2
Added Pin To Net: NetName=3V3 Pin=R29-1
Added Pin To Net: NetName=NetD1_13 Pin=R29-2
Added Pin To Net: NetName=3V3 Pin=R30-1
Added Pin To Net: NetName=NetR30_2 Pin=R30-2
Added Pin To Net: NetName=3V3 Pin=R31-1
Added Pin To Net: NetName=NetR31_2 Pin=R31-2
Added Pin To Net: NetName=+3.3 Pin=R32-1
Added Pin To Net: NetName=NetD1_21 Pin=R32-2
Added Pin To Net: NetName=NetC43_1 Pin=R33-1
Added Pin To Net: NetName=GND Pin=R33-2
Added Pin To Net: NetName=+3.3 Pin=R34-1
Added Pin To Net: NetName=NetD1_20 Pin=R34-2
Added Pin To Net: NetName=+3.3 Pin=R35-1
Added Pin To Net: NetName=NetD1_42 Pin=R35-2
Added Pin To Net: NetName=+3.3 Pin=R36-1
Added Pin To Net: NetName=NetD1_26 Pin=R36-2
Added Pin To Net: NetName=+3.3 Pin=R37-1
Added Pin To Net: NetName=NetD1_40 Pin=R37-2
Added Pin To Net: NetName=+3.3 Pin=R38-1
Added Pin To Net: NetName=NetD1_28 Pin=R38-2
Added Pin To Net: NetName=3V3 Pin=R39-1
Added Pin To Net: NetName=NetD1_27 Pin=R39-2
Added Pin To Net: NetName=3V3 Pin=R40-1
Added Pin To Net: NetName=NetD1_39 Pin=R40-2
Added Pin To Net: NetName=+12 Pin=R41-1
Added Pin To Net: NetName=NetR41_2 Pin=R41-2
Added Pin To Net: NetName=+12 Pin=R42-1
Added Pin To Net: NetName=NetR42_2 Pin=R42-2
Added Pin To Net: NetName=+12 Pin=R43-1
Added Pin To Net: NetName=NetR43_2 Pin=R43-2
Added Pin To Net: NetName=+12 Pin=R44-1
Added Pin To Net: NetName=NetR44_2 Pin=R44-2
Added Pin To Net: NetName=+12 Pin=R45-1
Added Pin To Net: NetName=NetR45_2 Pin=R45-2
Added Pin To Net: NetName=+12 Pin=R46-1
Added Pin To Net: NetName=NetR46_2 Pin=R46-2
Added Pin To Net: NetName=NetR47_1 Pin=R47-1
Added Pin To Net: NetName=NetR47_2 Pin=R47-2
Added Pin To Net: NetName=NetR48_1 Pin=R48-1
Added Pin To Net: NetName=NetR48_2 Pin=R48-2
Added Pin To Net: NetName=NetR49_1 Pin=R49-1
Added Pin To Net: NetName=NetR49_2 Pin=R49-2
Added Pin To Net: NetName=NetR50_1 Pin=R50-1
Added Pin To Net: NetName=NetR50_2 Pin=R50-2
Added Pin To Net: NetName=NetR51_1 Pin=R51-1
Added Pin To Net: NetName=NetR51_2 Pin=R51-2
Added Pin To Net: NetName=NetR52_1 Pin=R52-1
Added Pin To Net: NetName=NetR52_2 Pin=R52-2
Added Pin To Net: NetName=NetC28_1 Pin=S1-1
Added Pin To Net: NetName=GND Pin=S1-2
Added Pin To Net: NetName=GND Pin=U1-1
Added Pin To Net: NetName=NetC3_1 Pin=U1-2
Added Pin To Net: NetName=+12V Pin=U1-3
Added Pin To Net: NetName=NetC3_1 Pin=U1-4
Added Pin To Net: NetName=NetR2_2 Pin=U2-1
Added Pin To Net: NetName=GND Pin=U2-2
Added Pin To Net: NetName=GND Pin=U2-3
Added Pin To Net: NetName=NetR3_1 Pin=U2-4
Added Pin To Net: NetName=NetR4_1 Pin=U3-1
Added Pin To Net: NetName=NetR7_2 Pin=U3-2
Added Pin To Net: NetName=GND Pin=U3-3
Added Pin To Net: NetName=NetR2_1 Pin=U3-4
Added Pin To Net: NetName=NetR6_2 Pin=U4-1
Added Pin To Net: NetName=GND Pin=U4-2
Added Pin To Net: NetName=GND Pin=U4-3
Added Pin To Net: NetName=NetK1_A2 Pin=U4-4
Added Pin To Net: NetName=NetR8_2 Pin=U5-1
Added Pin To Net: NetName=GND Pin=U5-2
Added Pin To Net: NetName=GND Pin=U5-3
Added Pin To Net: NetName=NetR9_1 Pin=U5-4
Added Pin To Net: NetName=NetR19_2 Pin=U6-1
Added Pin To Net: NetName=NetU6_2 Pin=U6-2
Added Pin To Net: NetName=3V3 Pin=U6-3
Added Pin To Net: NetName=GND Pin=U6-4
Added Pin To Net: NetName=NetU6_5 Pin=U6-5
Added Pin To Net: NetName=NetU6_6 Pin=U6-6
Added Pin To Net: NetName=3V3 Pin=U6-7
Added Pin To Net: NetName=3V3 Pin=U6-8
Added Pin To Net: NetName=NetC16_1 Pin=U7-6
Added Pin To Net: NetName=NetBQ2_2 Pin=U7-8
Added Pin To Net: NetName=NetBQ2_1 Pin=U7-9
Added Pin To Net: NetName=GND Pin=U7-10
Added Pin To Net: NetName=3V3 Pin=U7-11
Added Pin To Net: NetName=NetBQ1_2 Pin=U7-12
Added Pin To Net: NetName=NetBQ1_1 Pin=U7-13
Added Pin To Net: NetName=NetC28_1 Pin=U7-14
Added Pin To Net: NetName=3V3 Pin=U7-19
Added Pin To Net: NetName=GND Pin=U7-20
Added Pin To Net: NetName=NetC12_1 Pin=U7-21
Added Pin To Net: NetName=NetC14_2 Pin=U7-22
Added Pin To Net: NetName=GND Pin=U7-27
Added Pin To Net: NetName=3V3 Pin=U7-28
Added Pin To Net: NetName=NetU6_6 Pin=U7-30
Added Pin To Net: NetName=NetU6_2 Pin=U7-31
Added Pin To Net: NetName=NetR19_2 Pin=U7-35
Added Pin To Net: NetName=NetU7_36 Pin=U7-36
Added Pin To Net: NetName=NetC27_1 Pin=U7-49
Added Pin To Net: NetName=3V3 Pin=U7-50
Added Pin To Net: NetName=NetR16_2 Pin=U7-72
Added Pin To Net: NetName=NetC26_1 Pin=U7-73
Added Pin To Net: NetName=GND Pin=U7-74
Added Pin To Net: NetName=3V3 Pin=U7-75
Added Pin To Net: NetName=NetR18_1 Pin=U7-76
Added Pin To Net: NetName=NetR15_2 Pin=U7-77
Added Pin To Net: NetName=NetU6_5 Pin=U7-91
Added Pin To Net: NetName=GND Pin=U7-99
Added Pin To Net: NetName=3V3 Pin=U7-100
Added Pin To Net: NetName=NetU8_1 Pin=U8-1
Added Pin To Net: NetName=NetU8_7 Pin=U8-7
Added Pin To Net: NetName=NetU8_1 Pin=U8-10
Added Pin To Net: NetName=NetU8_7 Pin=U8-12
Added Pin To Net: NetName=NetJ1_1 Pin=VD3-1
Added Pin To Net: NetName=3V3 Pin=VD3-2
Added Pin To Net: NetName=NetC16_1 Pin=VD3-3
Added Pin To Net: NetName=NetDD1_7 Pin=X1-1
Added Pin To Net: NetName=NetR11_1 Pin=X1-2
Added Pin To Net: NetName=NetDD1_7 Pin=X2-1
Added Pin To Net: NetName=NetDD1_6 Pin=X2-2
Added Pin To Net: NetName=GND Pin=X2-3
Added Pin To Net: NetName=NetDD2_7 Pin=X3-1
Added Pin To Net: NetName=NetR13_1 Pin=X3-2
Added Pin To Net: NetName=NetDD2_7 Pin=X4-1
Added Pin To Net: NetName=NetDD2_6 Pin=X4-2
Added Pin To Net: NetName=GND Pin=X4-3
Added Pin To Net: NetName=+3V3 Pin=X5-1
Added Pin To Net: NetName=+3V3 Pin=X5-2
Added Pin To Net: NetName=NetR14_2 Pin=X5-3
Added Pin To Net: NetName=GND Pin=X5-4
Added Pin To Net: NetName=NetR15_2 Pin=X5-5
Added Pin To Net: NetName=GND Pin=X5-6
Added Pin To Net: NetName=NetR16_2 Pin=X5-7
Added Pin To Net: NetName=GND Pin=X5-8
Added Pin To Net: NetName=NetR18_1 Pin=X5-9
Added Pin To Net: NetName=GND Pin=X5-10
Added Pin To Net: NetName=GND Pin=X5-12
Added Pin To Net: NetName=NetR17_2 Pin=X5-13
Added Pin To Net: NetName=GND Pin=X5-14
Added Pin To Net: NetName=NetX5_15 Pin=X5-15
Added Pin To Net: NetName=GND Pin=X5-16
Added Pin To Net: NetName=GND Pin=X5-18
Added Pin To Net: NetName=GND Pin=X5-20
Added Pin To Net: NetName=3V3 Pin=X6-1
Added Pin To Net: NetName=NetR24_2 Pin=X6-2
Added Pin To Net: NetName=GND Pin=X6-3
Added Pin To Net: NetName=3V3 Pin=X7-1
Added Pin To Net: NetName=NetR24_2 Pin=X7-2
Added Pin To Net: NetName=GND Pin=X7-3
Added Pin To Net: NetName=3V3 Pin=X8-1
Added Pin To Net: NetName=NetR24_2 Pin=X8-2
Added Pin To Net: NetName=GND Pin=X8-3
Added Pin To Net: NetName=3V3 Pin=X9-1
Added Pin To Net: NetName=NetR24_2 Pin=X9-2
Added Pin To Net: NetName=GND Pin=X9-3
Added Pin To Net: NetName=NetD1_17 Pin=X10-1
Added Pin To Net: NetName=NetD1_16 Pin=X10-2
Added Pin To Net: NetName=NetD1_14 Pin=X10-3
Added Pin To Net: NetName=NetD1_13 Pin=X10-6
Added Pin To Net: NetName=GND Pin=X10-8
Added Pin To Net: NetName=NetR30_2 Pin=X10-9
Added Pin To Net: NetName=NetD1_26 Pin=X10-10
Added Pin To Net: NetName=NetD1_28 Pin=X10-11
Added Pin To Net: NetName=NetR31_2 Pin=X10-12
Added Pin To Net: NetName=NetC43_1 Pin=X10-S1
Added Pin To Net: NetName=NetC43_1 Pin=X10-S2
Added Pin To Net: NetName=GND Pin=X11-1
Added Pin To Net: NetName=+12 Pin=X11-2
Added Pin To Net: NetName=NetR42_2 Pin=X11-3
Added Pin To Net: NetName=NetR48_1 Pin=X11-4
Added Pin To Net: NetName=GND Pin=X12-1
Added Pin To Net: NetName=+12 Pin=X12-2
Added Pin To Net: NetName=NetR44_2 Pin=X12-3
Added Pin To Net: NetName=NetR49_1 Pin=X12-4
Added Pin To Net: NetName=GND Pin=X13-1
Added Pin To Net: NetName=+12 Pin=X13-2
Added Pin To Net: NetName=NetR46_2 Pin=X13-3
Added Pin To Net: NetName=NetR47_1 Pin=X13-4
Added Pin To Net: NetName=GND Pin=X14-1
Added Pin To Net: NetName=+12 Pin=X14-2
Added Pin To Net: NetName=NetR41_2 Pin=X14-3
Added Pin To Net: NetName=NetR51_1 Pin=X14-4
Added Pin To Net: NetName=GND Pin=X15-1
Added Pin To Net: NetName=+12 Pin=X15-2
Added Pin To Net: NetName=NetR43_2 Pin=X15-3
Added Pin To Net: NetName=NetR52_1 Pin=X15-4
Added Pin To Net: NetName=GND Pin=X16-1
Added Pin To Net: NetName=+12 Pin=X16-2
Added Pin To Net: NetName=NetR45_2 Pin=X16-3
Added Pin To Net: NetName=NetR50_1 Pin=X16-4
Added Member To Class: ClassName=MCU Member=Component BQ1 HC-49SM 8MHz
Added Member To Class: ClassName=MCU Member=Component BQ2 FC-135_32.768KHZ-12.5
Added Member To Class: ClassName=POWER_SUPPLY Member=Component C1 TECAP_A
Added Member To Class: ClassName=POWER_SUPPLY Member=Component C2 CAP_0805
Added Member To Class: ClassName=POWER_SUPPLY Member=Component C3 CAP_0805
Added Member To Class: ClassName=POWER_SUPPLY Member=Component C4 TECAP_A
Added Member To Class: ClassName=POWER_SUPPLY Member=Component C5 CAP_0805
Added Member To Class: ClassName=POWER_SUPPLY Member=Component C6 CAP_0805
Added Member To Class: ClassName=CAN Member=Component C9 CAP_0805
Added Member To Class: ClassName=CAN Member=Component C10 CAP_0805
Added Member To Class: ClassName=FLASH Member=Component C11 CAP_0805
Added Member To Class: ClassName=MCU Member=Component C12 1 uF
Added Member To Class: ClassName=MCU Member=Component C13 CAP_0805
Added Member To Class: ClassName=MCU Member=Component C14 1 uF
Added Member To Class: ClassName=MCU Member=Component C15 CAP_0805
Added Member To Class: ClassName=MCU Member=Component C16 CAP_0805
Added Member To Class: ClassName=MCU Member=Component C17 CAP_0805
Added Member To Class: ClassName=MCU Member=Component C18 CAP_0805
Added Member To Class: ClassName=MCU Member=Component C19 CAP_0805
Added Member To Class: ClassName=MCU Member=Component C20 CAP_0805
Added Member To Class: ClassName=MCU Member=Component C21 CAP_0805
Added Member To Class: ClassName=MCU Member=Component C22 CAP_0805
Added Member To Class: ClassName=MCU Member=Component C23 CAP_0805
Added Member To Class: ClassName=MCU Member=Component C24 CAP_0805
Added Member To Class: ClassName=MCU Member=Component C25 CAP_0805
Added Member To Class: ClassName=MCU Member=Component C26 CAP_0805
Added Member To Class: ClassName=MCU Member=Component C27 CAP_0805
Added Member To Class: ClassName=MCU Member=Component C28 CAP_0805
Added Member To Class: ClassName=MCU Member=Component C29 CAP_0805
Added Member To Class: ClassName=ETH_PHY Member=Component C30 CAP_0805
Added Member To Class: ClassName=ETH_PHY Member=Component C31 CAP_0805
Added Member To Class: ClassName=ETH_PHY Member=Component C32 TECAP_A
Added Member To Class: ClassName=ETH_PHY Member=Component C33 CAP_0805
Added Member To Class: ClassName=ETH_PHY Member=Component C34 CAP_0805
Added Member To Class: ClassName=ETH_PHY Member=Component C35 CAP_0805
Added Member To Class: ClassName=ETH_PHY Member=Component C36 CAP_0805
Added Member To Class: ClassName=ETH_PHY Member=Component C37 CAP_0805
Added Member To Class: ClassName=ETH_PHY Member=Component C38 CAP_0805
Added Member To Class: ClassName=ETH_PHY Member=Component C39 CAP_0805
Added Member To Class: ClassName=ETH_PHY Member=Component C40 CAP_0805
Added Member To Class: ClassName=ETH_PHY Member=Component C41 CAP_0805
Added Member To Class: ClassName=ETH_PHY Member=Component C42 CAP_0805
Added Member To Class: ClassName=ETH_PHY Member=Component C43 100pF 1kV
Added Member To Class: ClassName=ETH_PHY Member=Component D1 DP83848CVVNOPB
Added Member To Class: ClassName=ETH_PHY Member=Component DA1 CFPS-73
Added Member To Class: ClassName=CAN Member=Component DD1 SN65HVD230
Added Member To Class: ClassName=CAN Member=Component DD2 SN65HVD230
Added Member To Class: ClassName=Seq Member=Component R1 100Ê
Added Member To Class: ClassName=Seq Member=Component R2 2Ê
Added Member To Class: ClassName=Seq Member=Component R3 2Ê
Added Member To Class: ClassName=Seq Member=Component R4 470
Added Member To Class: ClassName=Seq Member=Component R5 100Ê
Added Member To Class: ClassName=Seq Member=Component R6 2Ê
Added Member To Class: ClassName=Seq Member=Component R7 2Ê
Added Member To Class: ClassName=Seq Member=Component R8 2Ê
Added Member To Class: ClassName=Seq Member=Component R9 2Ê
Added Member To Class: ClassName=CAN Member=Component R10 RES_0805
Added Member To Class: ClassName=CAN Member=Component R11 RES_0805
Added Member To Class: ClassName=CAN Member=Component R12 RES_0805
Added Member To Class: ClassName=CAN Member=Component R13 RES_0805
Added Member To Class: ClassName=JTAG Member=Component R14 10K
Added Member To Class: ClassName=JTAG Member=Component R15 10K
Added Member To Class: ClassName=JTAG Member=Component R16 10K
Added Member To Class: ClassName=JTAG Member=Component R17 10K
Added Member To Class: ClassName=JTAG Member=Component R18 10K
Added Member To Class: ClassName=FLASH Member=Component R19 RES_0805
Added Member To Class: ClassName=MCU Member=Component R20 RES_0805
Added Member To Class: ClassName=MCU Member=Component R21 RES_0805
Added Member To Class: ClassName=MCU Member=Component R22 RES_0805
Added Member To Class: ClassName=MCU Member=Component R23 RES_0805
Added Member To Class: ClassName=DS18B20 Member=Component R24 RES_0805
Added Member To Class: ClassName=ETH_PHY Member=Component R25 RES_0805
Added Member To Class: ClassName=ETH_PHY Member=Component R26 RES_0805
Added Member To Class: ClassName=ETH_PHY Member=Component R27 RES_0805
Added Member To Class: ClassName=ETH_PHY Member=Component R28 RES_0805
Added Member To Class: ClassName=ETH_PHY Member=Component R29 RES_0805
Added Member To Class: ClassName=ETH_PHY Member=Component R30 RES_0805
Added Member To Class: ClassName=ETH_PHY Member=Component R31 RES_0805
Added Member To Class: ClassName=ETH_PHY Member=Component R32 RES_0805
Added Member To Class: ClassName=ETH_PHY Member=Component R33 1M
Added Member To Class: ClassName=ETH_PHY Member=Component R34 RES_0805
Added Member To Class: ClassName=ETH_PHY Member=Component R35 RES_0805
Added Member To Class: ClassName=ETH_PHY Member=Component R36 RES_0805
Added Member To Class: ClassName=ETH_PHY Member=Component R37 RES_0805
Added Member To Class: ClassName=ETH_PHY Member=Component R38 RES_0805
Added Member To Class: ClassName=ETH_PHY Member=Component R39 RES_0805
Added Member To Class: ClassName=ETH_PHY Member=Component R40 RES_0805
Added Member To Class: ClassName=FAN_CTRL Member=Component R41 RES_0805
Added Member To Class: ClassName=FAN_CTRL Member=Component R42 RES_0805
Added Member To Class: ClassName=FAN_CTRL Member=Component R43 RES_0805
Added Member To Class: ClassName=FAN_CTRL Member=Component R44 RES_0805
Added Member To Class: ClassName=FAN_CTRL Member=Component R45 RES_0805
Added Member To Class: ClassName=FAN_CTRL Member=Component R46 RES_0805
Added Member To Class: ClassName=FAN_CTRL Member=Component R47 RES_0805
Added Member To Class: ClassName=FAN_CTRL Member=Component R48 RES_0805
Added Member To Class: ClassName=FAN_CTRL Member=Component R49 RES_0805
Added Member To Class: ClassName=FAN_CTRL Member=Component R50 RES_0805
Added Member To Class: ClassName=FAN_CTRL Member=Component R51 RES_0805
Added Member To Class: ClassName=FAN_CTRL Member=Component R52 RES_0805
Added Member To Class: ClassName=MCU Member=Component S1 1437566-3 (FSMSM)
Added Member To Class: ClassName=POWER_SUPPLY Member=Component U1 LM1085ISX-3.3
Added Member To Class: ClassName=Seq Member=Component U2 TLP627
Added Member To Class: ClassName=Seq Member=Component U3 TLP781
Added Member To Class: ClassName=Seq Member=Component U4 TLP627
Added Member To Class: ClassName=Seq Member=Component U5 TLP627
Added Member To Class: ClassName=FLASH Member=Component U6 W25Q128
Added Member To Class: ClassName=MCU Member=Component U7 STM32F407VET6
Added Member To Class: ClassName=DIRECTIONAL_COUPLER Member=Component U8 LM224D
Added Member To Class: ClassName=MCU Member=Component VD3 BAT54C
Added Member To Class: ClassName=Seq Member=Component VT1 2N3906
Added Member To Class: ClassName=Seq Member=Component VT2 2SC1815
Added Member To Class: ClassName=CAN Member=Component X1 DS1021_1x2
Added Member To Class: ClassName=CAN Member=Component X2 CAN_CONNECTOR
Added Member To Class: ClassName=CAN Member=Component X3 DS1021_1x2
Added Member To Class: ClassName=CAN Member=Component X4 CAN_CONNECTOR
Added Member To Class: ClassName=JTAG Member=Component X5 JTAG
Added Member To Class: ClassName=DS18B20 Member=Component X6 DS18B20
Added Member To Class: ClassName=DS18B20 Member=Component X7 DS18B20
Added Member To Class: ClassName=DS18B20 Member=Component X8 DS18B20
Added Member To Class: ClassName=DS18B20 Member=Component X9 DS18B20
Added Member To Class: ClassName=ETH_PHY Member=Component X10 TRJ0011TBNL (J0011D018)
Added Member To Class: ClassName=FAN_CTRL Member=Component X11 FAN_CONNECTOR
Added Member To Class: ClassName=FAN_CTRL Member=Component X12 FAN_CONNECTOR
Added Member To Class: ClassName=FAN_CTRL Member=Component X13 FAN_CONNECTOR
Added Member To Class: ClassName=FAN_CTRL Member=Component X14 FAN_CONNECTOR
Added Member To Class: ClassName=FAN_CTRL Member=Component X15 FAN_CONNECTOR
Added Member To Class: ClassName=FAN_CTRL Member=Component X16 FAN_CONNECTOR
Added Room: Name=CAN
Added Room: Name=DIRECTIONAL_COUPLER
Added Room: Name=DS18B20
Added Room: Name=ETH_PHY
Added Room: Name=FAN_CTRL
Added Room: Name=FLASH
Added Room: Name=JTAG
Added Room: Name=MCU
Added Room: Name=POWER_SUPPLY
Added Room: Name=Seq
