Change Component Designator: OldDesignator=DD? NewDesignator=DD2
Change Component Designator: OldDesignator=DD? NewDesignator=DD7
Change Component Designator: OldDesignator=DD? NewDesignator=DD8
Change Component Designator: OldDesignator=R? NewDesignator=R3
Change Component Designator: OldDesignator=R? NewDesignator=R4
Change Component Designator: OldDesignator=R? NewDesignator=R77
Change Component Designator: OldDesignator=R? NewDesignator=R78
Change Component Designator: OldDesignator=R? NewDesignator=R79
Change Component Designator: OldDesignator=R? NewDesignator=R80
Change Component Designator: OldDesignator=R? NewDesignator=R81
Change Component Designator: OldDesignator=R? NewDesignator=R82
Change Component Designator: OldDesignator=ZQ? NewDesignator=ZQ2
Added Component: Designator=C25(C0805C)
Add component (AddParameter): Name = "Published"; Value = "18.05.2010"; VariantName = "[No Variations]"
Add component (AddParameter): Name = "Publisher"; Value = "Andrew Danich"; VariantName = "[No Variations]"
Add component (AddParameter): Name = "Type"; Value = "Конденсатор"; VariantName = "[No Variations]"
Added Component: Designator=XS9(YX-XH-3)
Add component (AddParameter): Name = "Published"; Value = "07.03.2013"; VariantName = "[No Variations]"
Add component (AddParameter): Name = "Publisher"; Value = "Andrew Danich"; VariantName = "[No Variations]"
Add component (AddParameter): Name = "Type"; Value = "Розетка"; VariantName = "[No Variations]"
Add Pin To Net: Unknown Pin: Pin C1-1
Add Pin To Net: Unknown Pin: Pin C1-2
Add Pin To Net: Unknown Pin: Pin C4-1
Add Pin To Net: Unknown Pin: Pin C4-2
Added Pin To Net: NetName=GND Pin=C25-1
Added Pin To Net: NetName=3V3 Pin=C25-2
Add Pin To Net: Unknown Pin: Pin VD8-A
Add Pin To Net: Unknown Pin: Pin VD8-K
Add Pin To Net: Unknown Pin: Pin VD9-A
Add Pin To Net: Unknown Pin: Pin VD9-K
Added Pin To Net: NetName=3V3 Pin=XS9-1
Added Pin To Net: NetName=DS18B20 Pin=XS9-2
Added Pin To Net: NetName=GND Pin=XS9-3
Change Net Name : Old Net Name=NetDD?_1 New Net Name=NetDD7_1
Change Net Name : Old Net Name=NetDD?_2 New Net Name=NetDD7_2
Change Net Name : Old Net Name=NetDD?_3 New Net Name=NetDD7_3
Added Pin To Net: NetName=NetDD2_1 Pin=DD2-1
Added Pin To Net: NetName=NetDD2_1 Pin=R3-1
Added Net: Name=NetDD2_1
Added Pin To Net: NetName=NetDD8_1 Pin=DD8-1
Added Pin To Net: NetName=NetDD8_1 Pin=R81-1
Added Net: Name=NetDD8_1
Added Pin To Net: NetName=NetDD8_2 Pin=DD8-2
Added Pin To Net: NetName=NetDD8_2 Pin=R82-1
Added Net: Name=NetDD8_2
Add Class Member: Failed to add class member : Component C1 10uFx10V
Add Class Member: Failed to add class member : Component C4 10uFx10V
Added Member To Class: ClassName=ETH_PHY Member=Component C25 0.1uF
Added Member To Class: ClassName=EEPROM Member=Component DD2 AT24C128C-SSHM-T
Added Member To Class: ClassName=EEPROM Member=Component DD7 AT24C128C-SSHM-T
Added Member To Class: ClassName=EEPROM Member=Component R3 10k
Added Member To Class: ClassName=EEPROM Member=Component R4 4k7
Added Member To Class: ClassName=EEPROM Member=Component R77 4k7
Added Member To Class: ClassName=EEPROM Member=Component R78 10k
Added Member To Class: ClassName=EEPROM Member=Component R80 10k
Added Member To Class: ClassName=EEPROM Member=Component R81 10k
Added Member To Class: ClassName=EEPROM Member=Component R82 10k
Added Member To Class: ClassName=DS18B20 Member=Component XS9 DS18B20
Added Room: Name=CAN
Added Room: Name=DIRECTIONAL_COUPLER
Added Room: Name=DS18B20
Added Room: Name=EEPROM
Added Room: Name=ETH_PHY
Added Room: Name=FAN_CTRL
Added Room: Name=FLASH
Added Room: Name=IIC_LCD
Added Room: Name=JTAG_MCU
Added Room: Name=MCU_CORE
Added Room: Name=POWER_SUPPLY
