Added Component: Designator=C25(C0805C)
Add component (AddParameter): Name = "Published"; Value = "18.05.2010"; VariantName = "[No Variations]"
Add component (AddParameter): Name = "Publisher"; Value = "Andrew Danich"; VariantName = "[No Variations]"
Add component (AddParameter): Name = "Type"; Value = "Конденсатор"; VariantName = "[No Variations]"
Added Component: Designator=J?(SAMTEC_USB-B-S-X-X-TH)
Add component (AddParameter): Name = "Availability"; Value = "Unavailable"; VariantName = "[No Variations]"
Add component (AddParameter): Name = "MF"; Value = ""; VariantName = "[No Variations]"
Add component (AddParameter): Name = "MP"; Value = "USB-B-S-X-X-TH"; VariantName = "[No Variations]"
Add component (AddParameter): Name = "Package"; Value = "None"; VariantName = "[No Variations]"
Add component (AddParameter): Name = "Price"; Value = "None"; VariantName = "[No Variations]"
Add component (AddParameter): Name = "Value"; Value = ""; VariantName = "[No Variations]"
Added Component: Designator=XS9(YX-XH-3)
Add component (AddParameter): Name = "Published"; Value = "07.03.2013"; VariantName = "[No Variations]"
Add component (AddParameter): Name = "Publisher"; Value = "Andrew Danich"; VariantName = "[No Variations]"
Add component (AddParameter): Name = "Type"; Value = "Розетка"; VariantName = "[No Variations]"
Added Pin To Net: NetName=GND Pin=C25-1
Added Pin To Net: NetName=3V3 Pin=C25-2
Added Pin To Net: NetName=3V3 Pin=XS9-1
Added Pin To Net: NetName=DS18B20 Pin=XS9-2
Added Pin To Net: NetName=GND Pin=XS9-3
Added Net: Name=NetLD?_1
Added Net: Name=NetR?_2
Added Net: Name=NetT?_1
Added Net: Name=P3V3
Added Class: Name=USB
Added Member To Class: ClassName=ETH_PHY Member=Component C25 0.1uF
Added Member To Class: ClassName=MCU_CORE Member=Component J1 BK-912-TR
Added Member To Class: ClassName=DS18B20 Member=Component XS9 DS18B20
Added Room: Name=CAN
Added Room: Name=DIRECTIONAL_COUPLER
Added Room: Name=DS18B20
Added Room: Name=EEPROM
Added Room: Name=ETH_PHY
Added Room: Name=FAN_CTRL
Added Room: Name=FLASH
Added Room: Name=IIC_LCD
Added Room: Name=JTAG_MCU
Added Room: Name=MCU_CORE
Added Room: Name=POWER_SUPPLY
Added Room: Name=SEQUENCER
Added Room: Name=USB
